[Licensing::Module] Trying to connect to existing licensing client channel...
Built from '6000.2/respin/6000.2.8f1-e4064264ae96' branch; Version is '6000.2.8f1 (c9992ac36c34) revision 13211946'; Using compiler version '194234433'; Build Type 'Release'
[Licensing::IpcConnector] Successfully connected to: "LicenseClient-ferna" at "2025-11-13T00:47:53.1029699Z"
OS: 'Windows 11  (10.0.26200) 64bit Core' Language: 'es' Physical Memory: 15573 MB
BatchMode: 1, IsHumanControllingUs: 0, StartBugReporterOnCrash: 0, Is64bit: 1
Date: 2025-11-13T00:47:53Z

COMMAND LINE ARGUMENTS:
C:\Program Files\Unity\Hub\Editor\6000.2.8f1\Editor\Unity.exe
-adb2
-batchMode
-noUpm
-name
AssetImportWorker15
-projectPath
C:/Users/ferna/Game3D
-logFile
Logs/AssetImportWorker15.log
-srvPort
55197
-licensingIpc
LicenseClient-ferna
-job-worker-count
5
-background-job-worker-count
8
-gc-helper-count
1
-name
AssetImport
Successfully changed project path to: C:/Users/ferna/Game3D
C:/Users/ferna/Game3D
[UnityMemory] Configuration Parameters - Can be set up in boot.config
    "memorysetup-allocator-temp-initial-block-size-main=262144"
    "memorysetup-allocator-temp-initial-block-size-worker=262144"
    "memorysetup-bucket-allocator-granularity=16"
    "memorysetup-bucket-allocator-bucket-count=8"
    "memorysetup-bucket-allocator-block-size=33554432"
    "memorysetup-bucket-allocator-block-count=8"
    "memorysetup-main-allocator-block-size=16777216"
    "memorysetup-thread-allocator-block-size=16777216"
    "memorysetup-gfx-main-allocator-block-size=16777216"
    "memorysetup-gfx-thread-allocator-block-size=16777216"
    "memorysetup-cache-allocator-block-size=4194304"
    "memorysetup-typetree-allocator-block-size=2097152"
    "memorysetup-profiler-bucket-allocator-granularity=16"
    "memorysetup-profiler-bucket-allocator-bucket-count=8"
    "memorysetup-profiler-bucket-allocator-block-size=33554432"
    "memorysetup-profiler-bucket-allocator-block-count=8"
    "memorysetup-profiler-allocator-block-size=16777216"
    "memorysetup-profiler-editor-allocator-block-size=1048576"
    "memorysetup-temp-allocator-size-main=16777216"
    "memorysetup-job-temp-allocator-block-size=2097152"
    "memorysetup-job-temp-allocator-block-size-background=1048576"
    "memorysetup-job-temp-allocator-reduction-small-platforms=262144"
    "memorysetup-temp-allocator-size-background-worker=32768"
    "memorysetup-temp-allocator-size-job-worker=262144"
    "memorysetup-temp-allocator-size-preload-manager=33554432"
    "memorysetup-temp-allocator-size-nav-mesh-worker=65536"
    "memorysetup-temp-allocator-size-audio-worker=65536"
    "memorysetup-temp-allocator-size-cloud-worker=32768"
    "memorysetup-temp-allocator-size-gi-baking-worker=262144"
    "memorysetup-temp-allocator-size-gi-baking-worker=262144"
    "memorysetup-temp-allocator-size-gi-baking-worker=262144"
    "memorysetup-temp-allocator-size-gi-baking-worker=262144"
    "memorysetup-temp-allocator-size-gi-baking-worker=262144"
    "memorysetup-temp-allocator-size-gfx=262144"
Player connection [23668]  Target information:

Player connection [23668]  * "[IP] 172.24.208.1 [Port] 0 [Flags] 2 [Guid] 2994456128 [EditorId] 2994456128 [Version] 1048832 [Id] WindowsEditor(7,DESKTOP-JCKR01F) [Debug] 1 [PackageName] WindowsEditor [ProjectName] Editor" 

Player connection [23668]  * "[IP] 192.168.56.1 [Port] 0 [Flags] 2 [Guid] 2994456128 [EditorId] 2994456128 [Version] 1048832 [Id] WindowsEditor(7,DESKTOP-JCKR01F) [Debug] 1 [PackageName] WindowsEditor [ProjectName] Editor" 

Player connection [23668]  * "[IP] 192.168.1.100 [Port] 0 [Flags] 2 [Guid] 2994456128 [EditorId] 2994456128 [Version] 1048832 [Id] WindowsEditor(7,DESKTOP-JCKR01F) [Debug] 1 [PackageName] WindowsEditor [ProjectName] Editor" 

Player connection [23668] Host joined multi-casting on [225.0.0.222:54997]...
Player connection [23668] Host joined alternative multi-casting on [225.0.0.222:34997]...
JobSystem: Creating JobQueue using job-worker-count value 5
Input System module state changed to: Initialized.
[Physics::Module] Initialized fallback backend.
[Physics::Module] Id: 0xdecafbad
[Licensing::Client] Code 10 while verifying Licensing Client signature (process Id: 8076, path: "C:/Program Files/Unity Hub/UnityLicensingClient_V1/Unity.Licensing.Client.exe")
[Licensing::Module] LicensingClient has failed validation; ignoring
[Licensing::Client] Handshaking with LicensingClient:
  Version:                 1.17.3+a4e98f1
  Session Id:              422459a20a3944fbabd201a6684ff461
  Correlation Id:          4a0a0777b73ff4e269da8eff33693411
  External correlation Id: 7382159201124553628
  Machine Id:              ot0+XFDiucx5vwNg2JQWI0HOj0g=
[Licensing::Module] Successfully connected to LicensingClient on channel: "LicenseClient-ferna" (connect: 0.00s, validation: 0.00s, handshake: 0.04s)
[Licensing::IpcConnector] Successfully connected to: "LicenseClient-ferna-notifications" at "2025-11-13T00:47:53.1481686Z"
[Licensing::Module] Licensing Background thread has ended after 0.05s
Library Redirect Path: Library/
[Physics::Module] Selected backend.
[Physics::Module] Name: PhysX
[Physics::Module] Id: 0xf2b8ea05
[Physics::Module] SDK Version: 4.1.2
[Physics::Module] Integration Version: 1.0.0
[Physics::Module] Threading Mode: Multi-Threaded
Refreshing native plugins compatible for Editor in 11.80 ms, found 3 plugins.
Preloading 0 native plugins for Editor in 0.00 ms.
Initialize engine version: 6000.2.8f1 (c9992ac36c34)
[Subsystems] Discovering subsystems at path C:/Program Files/Unity/Hub/Editor/6000.2.8f1/Editor/Data/Resources/UnitySubsystems
[Subsystems] Discovering subsystems at path C:/Users/ferna/Game3D/Assets
GfxDevice: creating device client; kGfxThreadingModeNonThreaded
Direct3D:
    Version:  Direct3D 11.0 [level 11.1]
    Renderer: NVIDIA GeForce RTX 2050 (ID=0x25ad)
    Vendor:   NVIDIA
    VRAM:     3964 MB
    Driver:   32.0.15.7703
Initialize mono
Mono path[0] = 'C:/Program Files/Unity/Hub/Editor/6000.2.8f1/Editor/Data/Managed'
Mono path[1] = 'C:/Program Files/Unity/Hub/Editor/6000.2.8f1/Editor/Data/MonoBleedingEdge/lib/mono/unityjit-win32'
Mono config path = 'C:/Program Files/Unity/Hub/Editor/6000.2.8f1/Editor/Data/MonoBleedingEdge/etc'
Using monoOptions --debugger-agent=transport=dt_socket,embedding=1,server=y,suspend=n,address=127.0.0.1:56948
Begin MonoManager ReloadAssembly
Registering precompiled unity dll's ...
Register platform support module: C:/Program Files/Unity/Hub/Editor/6000.2.8f1/Editor/Data/PlaybackEngines/WindowsStandaloneSupport/UnityEditor.WindowsStandalone.Extensions.dll
[Licensing::Client] Successfully resolved entitlement details
[Licensing::Module] License group:
  Id: 4674135729462-UnityPersXXXX
  Product: Unity Personal
  Type: Assigned
  Expiration: Unlimited
Register platform support module: C:/Program Files/Unity/Hub/Editor/6000.2.8f1/Editor/Data/PlaybackEngines/MetroSupport/UnityEditor.UWP.Extensions.dll
Registered in 0.005698 seconds.
- Loaded All Assemblies, in  0.393 seconds
Native extension for UWP target not found
Native extension for WindowsStandalone target not found
Mono: successfully reloaded assembly
- Finished resetting the current domain, in  0.367 seconds
Domain Reload Profiling: 756ms
	BeginReloadAssembly (125ms)
		ExecutionOrderSort (0ms)
		DisableScriptedObjects (0ms)
		BackupInstance (0ms)
		ReleaseScriptingObjects (0ms)
		CreateAndSetChildDomain (1ms)
	RebuildCommonClasses (37ms)
	RebuildNativeTypeToScriptingClass (18ms)
	initialDomainReloadingComplete (66ms)
	LoadAllAssembliesAndSetupDomain (143ms)
		LoadAssemblies (121ms)
		RebuildTransferFunctionScriptingTraits (0ms)
		AnalyzeDomain (140ms)
			TypeCache.Refresh (138ms)
				TypeCache.ScanAssembly (127ms)
			BuildScriptInfoCaches (0ms)
			ResolveRequiredComponents (0ms)
	FinalizeReload (367ms)
		ReleaseScriptCaches (0ms)
		RebuildScriptCaches (0ms)
		SetupLoadedEditorAssemblies (311ms)
			LogAssemblyErrors (0ms)
			InitializePlatformSupportModulesInManaged (47ms)
			SetLoadedEditorAssemblies (4ms)
			BeforeProcessingInitializeOnLoad (66ms)
			ProcessInitializeOnLoadAttributes (137ms)
			ProcessInitializeOnLoadMethodAttributes (57ms)
			AfterProcessingInitializeOnLoad (0ms)
			EditorAssembliesLoaded (0ms)
		ExecutionOrderSort2 (0ms)
		AwakeInstancesAfterBackupRestoration (0ms)
Assembly reference Packages/com.unity.cinemachine/Editor/Samples/ExposeHDRPInternals/HDRP-Editor-ref.asmref has no target assembly definition
========================================================================
Worker process is ready to serve import requests
Import Worker Mode flag is 0x00
Assembly reference Packages/com.unity.cinemachine/Editor/Samples/ExposeHDRPInternals/HDRP-Editor-ref.asmref has no target assembly definition
Assembly reference Packages/com.unity.cinemachine/Editor/Samples/ExposeHDRPInternals/HDRP-Editor-ref.asmref has no target assembly definition
Begin MonoManager ReloadAssembly
[Licensing::Client] Successfully resolved entitlement details
Symbol file LoadedFromMemory is not a mono symbol file
- Loaded All Assemblies, in  1.116 seconds
Assembly reference Packages/com.unity.cinemachine/Editor/Samples/ExposeHDRPInternals/HDRP-Editor-ref.asmref has no target assembly definition
'Packages/com.unity.cinemachine/Editor/Obsolete/CinemachineVirtualCameraBaseEditor.cs' contains partial class of Unity.Object, exactly 1 of the partial classes needs to be in a file with the same filename. This is to know the one that can be referenced from ie. GameObjects
'Packages/com.unity.cinemachine/Editor/Editors/CinemachineVirtualCameraBaseEditor.cs' contains partial class of Unity.Object, exactly 1 of the partial classes needs to be in a file with the same filename. This is to know the one that can be referenced from ie. GameObjects
Refreshing native plugins compatible for Editor in 7.78 ms, found 3 plugins.
Native extension for UWP target not found
Native extension for WindowsStandalone target not found
Assembly reference Packages/com.unity.cinemachine/Editor/Samples/ExposeHDRPInternals/HDRP-Editor-ref.asmref has no target assembly definition
Package Manager log level set to [2]
[Package Manager] Failed to launch server process. Reason: Unity was launched with the -noUpm command-line argument
[Package Manager] Unable to send message (not connected to server process).
[Package Manager] Cannot connect to Unity Package Manager local server
[Package Manager] Failed to launch server process. Reason: Unity was launched with the -noUpm command-line argument
[Package Manager] Unable to send message (not connected to server process).
[Package Manager] Cannot connect to Unity Package Manager local server
Refreshing native plugins compatible for Editor in 7.63 ms, found 3 plugins.
[MODES] ModeService[none].Initialize
[MODES] ModeService[none].LoadModes
[MODES] Loading mode Default (0) for mode-current-id-Game3D
Mono: successfully reloaded assembly
- Finished resetting the current domain, in  1.219 seconds
Domain Reload Profiling: 2327ms
	BeginReloadAssembly (201ms)
		ExecutionOrderSort (0ms)
		DisableScriptedObjects (9ms)
		BackupInstance (0ms)
		ReleaseScriptingObjects (0ms)
		CreateAndSetChildDomain (37ms)
	RebuildCommonClasses (37ms)
	RebuildNativeTypeToScriptingClass (11ms)
	initialDomainReloadingComplete (51ms)
	LoadAllAssembliesAndSetupDomain (809ms)
		LoadAssemblies (514ms)
		RebuildTransferFunctionScriptingTraits (0ms)
		AnalyzeDomain (399ms)
			TypeCache.Refresh (315ms)
				TypeCache.ScanAssembly (294ms)
			BuildScriptInfoCaches (65ms)
			ResolveRequiredComponents (12ms)
	FinalizeReload (1219ms)
		ReleaseScriptCaches (0ms)
		RebuildScriptCaches (0ms)
		SetupLoadedEditorAssemblies (1022ms)
			LogAssemblyErrors (0ms)
			InitializePlatformSupportModulesInManaged (2ms)
			SetLoadedEditorAssemblies (4ms)
			BeforeProcessingInitializeOnLoad (155ms)
			ProcessInitializeOnLoadAttributes (602ms)
			ProcessInitializeOnLoadMethodAttributes (251ms)
			AfterProcessingInitializeOnLoad (8ms)
			EditorAssembliesLoaded (0ms)
		ExecutionOrderSort2 (0ms)
		AwakeInstancesAfterBackupRestoration (6ms)
Launched and connected shader compiler UnityShaderCompiler.exe after 0.01 seconds
Refreshing native plugins compatible for Editor in 15.43 ms, found 3 plugins.
Preloading 0 native plugins for Editor in 0.00 ms.
Unloading 16 Unused Serialized files (Serialized files now loaded: 0)
Unloading 8023 unused Assets / (6.4 MB). Loaded Objects now: 8744.
Memory consumption went from 173.3 MB to 166.8 MB.
Total: 33.994700 ms (FindLiveObjects: 2.219700 ms CreateObjectMapping: 2.164200 ms MarkObjects: 23.130800 ms  DeleteObjects: 6.476500 ms)

========================================================================
Received Import Request.
  Time since last request: 24517.928614 seconds.
  path: Packages/com.unity.render-pipelines.universal/Runtime/Materials/ParticlesUnlit.mat
  artifactKey: Guid(e823cd5b5d27c0f4b8256e7c12ee3e6d) Importer(815301076,1909f56bfc062723c751e8b465ee728b)
Start importing Packages/com.unity.render-pipelines.universal/Runtime/Materials/ParticlesUnlit.mat using Guid(e823cd5b5d27c0f4b8256e7c12ee3e6d) Importer(815301076,1909f56bfc062723c751e8b465ee728b) (PreviewImporter) -> (artifact id: '1c22c2ec20d711fa729fe36df4c22a0a') in 0.5510706 seconds
Number of updated asset objects reloaded before import = 0Number of asset objects unloaded after import = 0

========================================================================
Received Import Request.
  Time since last request: 62.394153 seconds.
  path: Assets/Dry_Trees/Model/Dry3333.FBX
  artifactKey: Guid(f12b0b72f2d21d64db13e1bfa8f3ec4f) Importer(815301076,1909f56bfc062723c751e8b465ee728b)
Start importing Assets/Dry_Trees/Model/Dry3333.FBX using Guid(f12b0b72f2d21d64db13e1bfa8f3ec4f) Importer(815301076,1909f56bfc062723c751e8b465ee728b) (PreviewImporter) -> (artifact id: '2d76b095a12c0d2d2e1dd66ed694b0c4') in 0.1407764 seconds
Number of updated asset objects reloaded before import = 0Number of asset objects unloaded after import = 28

========================================================================
Received Import Request.
  Time since last request: 0.000040 seconds.
  path: Assets/Dry_Trees/Model/Dry7509.FBX
  artifactKey: Guid(2a4339fd08e4a774f907817c85495b3b) Importer(815301076,1909f56bfc062723c751e8b465ee728b)
Start importing Assets/Dry_Trees/Model/Dry7509.FBX using Guid(2a4339fd08e4a774f907817c85495b3b) Importer(815301076,1909f56bfc062723c751e8b465ee728b) (PreviewImporter) -> (artifact id: 'b6e2c85fae7c07d7770443b18d111f3e') in 0.0675181 seconds
Number of updated asset objects reloaded before import = 0Number of asset objects unloaded after import = 28

========================================================================
Received Import Request.
  Time since last request: 0.000061 seconds.
  path: Assets/Dry_Trees/Model/Dry5818.FBX
  artifactKey: Guid(93f27f566ebdec1439fda34a79463ade) Importer(815301076,1909f56bfc062723c751e8b465ee728b)
Start importing Assets/Dry_Trees/Model/Dry5818.FBX using Guid(93f27f566ebdec1439fda34a79463ade) Importer(815301076,1909f56bfc062723c751e8b465ee728b) (PreviewImporter) -> (artifact id: '1053b9ed653589c834f83d29ae466731') in 0.0712465 seconds
Number of updated asset objects reloaded before import = 0Number of asset objects unloaded after import = 28

========================================================================
Received Import Request.
  Time since last request: 0.000026 seconds.
  path: Assets/Dry_Trees/Model/Dry4910.FBX
  artifactKey: Guid(392ccefdc43e68245b2b50fd1e5cd507) Importer(815301076,1909f56bfc062723c751e8b465ee728b)
Start importing Assets/Dry_Trees/Model/Dry4910.FBX using Guid(392ccefdc43e68245b2b50fd1e5cd507) Importer(815301076,1909f56bfc062723c751e8b465ee728b) (PreviewImporter) -> (artifact id: '68a9be050060bccd29a836f060bcc876') in 0.0683385 seconds
Number of updated asset objects reloaded before import = 0Number of asset objects unloaded after import = 28

========================================================================
Received Import Request.
  Time since last request: 0.000027 seconds.
  path: Assets/Dry_Trees/Model/Dry6524.FBX
  artifactKey: Guid(5736b0f1a73af4a4581db8226d31045c) Importer(815301076,1909f56bfc062723c751e8b465ee728b)
Start importing Assets/Dry_Trees/Model/Dry6524.FBX using Guid(5736b0f1a73af4a4581db8226d31045c) Importer(815301076,1909f56bfc062723c751e8b465ee728b) (PreviewImporter) -> (artifact id: '4bfb01f2b8b4987423c2253de5c70edb') in 0.0641118 seconds
Number of updated asset objects reloaded before import = 0Number of asset objects unloaded after import = 28

========================================================================
Received Import Request.
  Time since last request: 0.000096 seconds.
  path: Assets/Dry_Trees/Model/Dry8872.FBX
  artifactKey: Guid(9d9a2868cd321ba4a90fb64be4b73abd) Importer(815301076,1909f56bfc062723c751e8b465ee728b)
Start importing Assets/Dry_Trees/Model/Dry8872.FBX using Guid(9d9a2868cd321ba4a90fb64be4b73abd) Importer(815301076,1909f56bfc062723c751e8b465ee728b) (PreviewImporter) -> (artifact id: 'b1176345768d7a2f3e2c56c5b5ca5240') in 0.0776716 seconds
Number of updated asset objects reloaded before import = 0Number of asset objects unloaded after import = 28

========================================================================
Received Import Request.
  Time since last request: 19.078885 seconds.
  path: Assets/New Terrain.asset
  artifactKey: Guid(8bc23dee3b0cb004d9e1d70e084ee12c) Importer(815301076,1909f56bfc062723c751e8b465ee728b)
Start importing Assets/New Terrain.asset using Guid(8bc23dee3b0cb004d9e1d70e084ee12c) Importer(815301076,1909f56bfc062723c751e8b465ee728b) (PreviewImporter) -> (artifact id: 'ee7bdd74977f86f6b239d8a08cc40675') in 0.0299226 seconds
Number of updated asset objects reloaded before import = 0Number of asset objects unloaded after import = 3

========================================================================
Received Import Request.
  Time since last request: 12.255302 seconds.
  path: Assets/Altar_Ruins_FREE/New Terrain.asset
  artifactKey: Guid(09fad266971d86742a3fcab97fba5567) Importer(815301076,1909f56bfc062723c751e8b465ee728b)
Start importing Assets/Altar_Ruins_FREE/New Terrain.asset using Guid(09fad266971d86742a3fcab97fba5567) Importer(815301076,1909f56bfc062723c751e8b465ee728b) (PreviewImporter) -> (artifact id: 'f802f49492e23f4ea46e88316328212a') in 0.0262409 seconds
Number of updated asset objects reloaded before import = 0Number of asset objects unloaded after import = 3

========================================================================
Received Import Request.
  Time since last request: 0.000023 seconds.
  path: Assets/Altar_Ruins_FREE/Sky.mat
  artifactKey: Guid(bc6c1d5e5c5a674468468764b69b1ace) Importer(815301076,1909f56bfc062723c751e8b465ee728b)
Start importing Assets/Altar_Ruins_FREE/Sky.mat using Guid(bc6c1d5e5c5a674468468764b69b1ace) Importer(815301076,1909f56bfc062723c751e8b465ee728b) (PreviewImporter) -> (artifact id: 'c624e4f4c79a9563d7799b765779dae9') in 0.0637846 seconds
Number of updated asset objects reloaded before import = 0Number of asset objects unloaded after import = 1

========================================================================
Received Import Request.
  Time since last request: 2.087204 seconds.
  path: Assets/Altar_Ruins_FREE/Prefabs/Altar_2.prefab
  artifactKey: Guid(505bbaa8e62141a4fa45b71b546d892e) Importer(815301076,1909f56bfc062723c751e8b465ee728b)
Start importing Assets/Altar_Ruins_FREE/Prefabs/Altar_2.prefab using Guid(505bbaa8e62141a4fa45b71b546d892e) Importer(815301076,1909f56bfc062723c751e8b465ee728b) (PreviewImporter) -> (artifact id: '621dbb7c78a52eb242e41a06bbf941ee') in 0.1724333 seconds
Number of updated asset objects reloaded before import = 0Number of asset objects unloaded after import = 21

========================================================================
Received Import Request.
  Time since last request: 0.000036 seconds.
  path: Assets/Altar_Ruins_FREE/Prefabs/Rubble_8.prefab
  artifactKey: Guid(96eb4962b8f11324ea16b081db786be8) Importer(815301076,1909f56bfc062723c751e8b465ee728b)
Start importing Assets/Altar_Ruins_FREE/Prefabs/Rubble_8.prefab using Guid(96eb4962b8f11324ea16b081db786be8) Importer(815301076,1909f56bfc062723c751e8b465ee728b) (PreviewImporter) -> (artifact id: '2405b09f03de8418e2a2eaccc8ce4981') in 0.0680805 seconds
Number of updated asset objects reloaded before import = 0Number of asset objects unloaded after import = 21

========================================================================
Received Import Request.
  Time since last request: 0.000062 seconds.
  path: Assets/Altar_Ruins_FREE/Prefabs/Stone_post_2.prefab
  artifactKey: Guid(71538854011d987429170be58a02c9ca) Importer(815301076,1909f56bfc062723c751e8b465ee728b)
Start importing Assets/Altar_Ruins_FREE/Prefabs/Stone_post_2.prefab using Guid(71538854011d987429170be58a02c9ca) Importer(815301076,1909f56bfc062723c751e8b465ee728b) (PreviewImporter) -> (artifact id: 'c90e1ec1aa516cacfa252c2aff4ca696') in 0.065076 seconds
Number of updated asset objects reloaded before import = 0Number of asset objects unloaded after import = 21

========================================================================
Received Import Request.
  Time since last request: 0.000040 seconds.
  path: Assets/Altar_Ruins_FREE/Prefabs/Brick.prefab
  artifactKey: Guid(e9a8ce794eb6a86469cd3d070ac8a527) Importer(815301076,1909f56bfc062723c751e8b465ee728b)
Start importing Assets/Altar_Ruins_FREE/Prefabs/Brick.prefab using Guid(e9a8ce794eb6a86469cd3d070ac8a527) Importer(815301076,1909f56bfc062723c751e8b465ee728b) (PreviewImporter) -> (artifact id: '2303deddc12addda058daeea22626dc1') in 0.0718766 seconds
Number of updated asset objects reloaded before import = 0Number of asset objects unloaded after import = 21

========================================================================
Received Import Request.
  Time since last request: 0.000068 seconds.
  path: Assets/Altar_Ruins_FREE/Prefabs/Rubble_7.prefab
  artifactKey: Guid(e77b06465a58954489959b4e3cb2a9e7) Importer(815301076,1909f56bfc062723c751e8b465ee728b)
Start importing Assets/Altar_Ruins_FREE/Prefabs/Rubble_7.prefab using Guid(e77b06465a58954489959b4e3cb2a9e7) Importer(815301076,1909f56bfc062723c751e8b465ee728b) (PreviewImporter) -> (artifact id: '08e3ad9d1e6423859634c984e4b0eba0') in 0.0665173 seconds
Number of updated asset objects reloaded before import = 0Number of asset objects unloaded after import = 21

========================================================================
Received Import Request.
  Time since last request: 0.000046 seconds.
  path: Assets/Altar_Ruins_FREE/Prefabs/Platform_circle.prefab
  artifactKey: Guid(0ae4894d0ffc9e548a213b900985035e) Importer(815301076,1909f56bfc062723c751e8b465ee728b)
Start importing Assets/Altar_Ruins_FREE/Prefabs/Platform_circle.prefab using Guid(0ae4894d0ffc9e548a213b900985035e) Importer(815301076,1909f56bfc062723c751e8b465ee728b) (PreviewImporter) -> (artifact id: '73cc082da019f19948f7a63f6267a9f6') in 0.0681516 seconds
Number of updated asset objects reloaded before import = 0Number of asset objects unloaded after import = 21

========================================================================
Received Import Request.
  Time since last request: 0.000030 seconds.
  path: Assets/Altar_Ruins_FREE/Prefabs/Wall_round_3.prefab
  artifactKey: Guid(e9dbfcb17462e744689ddc613d59c5d8) Importer(815301076,1909f56bfc062723c751e8b465ee728b)
Start importing Assets/Altar_Ruins_FREE/Prefabs/Wall_round_3.prefab using Guid(e9dbfcb17462e744689ddc613d59c5d8) Importer(815301076,1909f56bfc062723c751e8b465ee728b) (PreviewImporter) -> (artifact id: 'ac92a76c15f9ff54c2589a652fba8604') in 0.0635487 seconds
Number of updated asset objects reloaded before import = 0Number of asset objects unloaded after import = 21

========================================================================
Received Import Request.
  Time since last request: 0.000039 seconds.
  path: Assets/Altar_Ruins_FREE/Prefabs/Column.prefab
  artifactKey: Guid(37380212a864b1945b978800a3b6ebb6) Importer(815301076,1909f56bfc062723c751e8b465ee728b)
Start importing Assets/Altar_Ruins_FREE/Prefabs/Column.prefab using Guid(37380212a864b1945b978800a3b6ebb6) Importer(815301076,1909f56bfc062723c751e8b465ee728b) (PreviewImporter) -> (artifact id: 'c23870efbeaa1da54536d26664a6d046') in 0.0653278 seconds
Number of updated asset objects reloaded before import = 0Number of asset objects unloaded after import = 21

========================================================================
Received Import Request.
  Time since last request: 0.000086 seconds.
  path: Assets/Altar_Ruins_FREE/Prefabs/Rubble_2.prefab
  artifactKey: Guid(5b46408a3c9fa59429b1cb308d1a5a03) Importer(815301076,1909f56bfc062723c751e8b465ee728b)
Start importing Assets/Altar_Ruins_FREE/Prefabs/Rubble_2.prefab using Guid(5b46408a3c9fa59429b1cb308d1a5a03) Importer(815301076,1909f56bfc062723c751e8b465ee728b) (PreviewImporter) -> (artifact id: '0b773c3a24ac441a92b08bdd84d2cb1e') in 0.0662471 seconds
Number of updated asset objects reloaded before import = 0Number of asset objects unloaded after import = 21

========================================================================
Received Import Request.
  Time since last request: 0.000037 seconds.
  path: Assets/Altar_Ruins_FREE/Prefabs/Rubble_3.prefab
  artifactKey: Guid(5566e9b6deb1d044b8dc84f9f2517b8d) Importer(815301076,1909f56bfc062723c751e8b465ee728b)
Start importing Assets/Altar_Ruins_FREE/Prefabs/Rubble_3.prefab using Guid(5566e9b6deb1d044b8dc84f9f2517b8d) Importer(815301076,1909f56bfc062723c751e8b465ee728b) (PreviewImporter) -> (artifact id: 'ef42067cc1099695322606f0431d4b48') in 0.0666838 seconds
Number of updated asset objects reloaded before import = 0Number of asset objects unloaded after import = 21

========================================================================
Received Import Request.
  Time since last request: 0.000081 seconds.
  path: Assets/Altar_Ruins_FREE/Prefabs/Stone_post_5.prefab
  artifactKey: Guid(53ccfc3469eca7d438009ba43c525c7d) Importer(815301076,1909f56bfc062723c751e8b465ee728b)
Start importing Assets/Altar_Ruins_FREE/Prefabs/Stone_post_5.prefab using Guid(53ccfc3469eca7d438009ba43c525c7d) Importer(815301076,1909f56bfc062723c751e8b465ee728b) (PreviewImporter) -> (artifact id: '8ec350099eca820d78d42d4a87fb2e0e') in 0.0761774 seconds
Number of updated asset objects reloaded before import = 0Number of asset objects unloaded after import = 21

========================================================================
Received Import Request.
  Time since last request: 0.000048 seconds.
  path: Assets/Altar_Ruins_FREE/Prefabs/Stone_slab_1.prefab
  artifactKey: Guid(369a6555e8630db42bcb7f2977a6d669) Importer(815301076,1909f56bfc062723c751e8b465ee728b)
Start importing Assets/Altar_Ruins_FREE/Prefabs/Stone_slab_1.prefab using Guid(369a6555e8630db42bcb7f2977a6d669) Importer(815301076,1909f56bfc062723c751e8b465ee728b) (PreviewImporter) -> (artifact id: 'e541fa8dd766c2d94e9c96126f07fccf') in 0.0746451 seconds
Number of updated asset objects reloaded before import = 0Number of asset objects unloaded after import = 21

========================================================================
Received Import Request.
  Time since last request: 0.000050 seconds.
  path: Assets/Altar_Ruins_FREE/Prefabs/Wall_broken_2.prefab
  artifactKey: Guid(a6d3a17eec68a114ca1109067bf7944d) Importer(815301076,1909f56bfc062723c751e8b465ee728b)
Start importing Assets/Altar_Ruins_FREE/Prefabs/Wall_broken_2.prefab using Guid(a6d3a17eec68a114ca1109067bf7944d) Importer(815301076,1909f56bfc062723c751e8b465ee728b) (PreviewImporter) -> (artifact id: '8f31c8458ed3d21839c2355ecce47cd9') in 0.0731248 seconds
Number of updated asset objects reloaded before import = 0Number of asset objects unloaded after import = 21

========================================================================
Received Import Request.
  Time since last request: 0.000053 seconds.
  path: Assets/Altar_Ruins_FREE/Prefabs/Wall_round_1.prefab
  artifactKey: Guid(f44bd2ebbc2748e48ac67d9032340953) Importer(815301076,1909f56bfc062723c751e8b465ee728b)
Start importing Assets/Altar_Ruins_FREE/Prefabs/Wall_round_1.prefab using Guid(f44bd2ebbc2748e48ac67d9032340953) Importer(815301076,1909f56bfc062723c751e8b465ee728b) (PreviewImporter) -> (artifact id: '7d686329a02b8ce0de5c0e3bb1cf211d') in 0.0737197 seconds
Number of updated asset objects reloaded before import = 0Number of asset objects unloaded after import = 21

========================================================================
Received Import Request.
  Time since last request: 12.610169 seconds.
  path: Assets/ASTROFISH_GAMES/MEDIEVAL_SERIES/MEDIEVAL_WELLS_PROPS/PREFABS/Consolidated/MVillage_Well01_Compound_01.prefab
  artifactKey: Guid(8237407b8ec923c4dbeab424fb23dbf8) Importer(815301076,1909f56bfc062723c751e8b465ee728b)
Start importing Assets/ASTROFISH_GAMES/MEDIEVAL_SERIES/MEDIEVAL_WELLS_PROPS/PREFABS/Consolidated/MVillage_Well01_Compound_01.prefab using Guid(8237407b8ec923c4dbeab424fb23dbf8) Importer(815301076,1909f56bfc062723c751e8b465ee728b) (PreviewImporter) -> (artifact id: '37fb7e302702bc0ff9a1095eac0f7edb') in 0.1662697 seconds
Number of updated asset objects reloaded before import = 0Number of asset objects unloaded after import = 6025

========================================================================
Received Import Request.
  Time since last request: 18.175637 seconds.
  path: Assets/JTS_StoneLanterns/Prefabs/Lantern_Stone_A1.prefab
  artifactKey: Guid(78619024aa8ea134aad7e42921d39694) Importer(815301076,1909f56bfc062723c751e8b465ee728b)
Start importing Assets/JTS_StoneLanterns/Prefabs/Lantern_Stone_A1.prefab using Guid(78619024aa8ea134aad7e42921d39694) Importer(815301076,1909f56bfc062723c751e8b465ee728b) (PreviewImporter) -> (artifact id: '121cc14467d87dd8d052762cda38c5eb') in 0.1085596 seconds
Number of updated asset objects reloaded before import = 0Number of asset objects unloaded after import = 14

========================================================================
Received Import Request.
  Time since last request: 0.000027 seconds.
  path: Assets/JTS_StoneLanterns/Prefabs/Lantern_Stone_B1.prefab
  artifactKey: Guid(e5bf64f86e0b4b94ebade668f953b165) Importer(815301076,1909f56bfc062723c751e8b465ee728b)
Start importing Assets/JTS_StoneLanterns/Prefabs/Lantern_Stone_B1.prefab using Guid(e5bf64f86e0b4b94ebade668f953b165) Importer(815301076,1909f56bfc062723c751e8b465ee728b) (PreviewImporter) -> (artifact id: '8d8d1943524b38b5baff2b65db26a3cb') in 0.035564 seconds
Number of updated asset objects reloaded before import = 0Number of asset objects unloaded after import = 14

========================================================================
Received Import Request.
  Time since last request: 0.000041 seconds.
  path: Assets/JTS_StoneLanterns/Prefabs/Lantern_Stone_C2.prefab
  artifactKey: Guid(77a6bbb4e632ad445906875ad8b8d28a) Importer(815301076,1909f56bfc062723c751e8b465ee728b)
Start importing Assets/JTS_StoneLanterns/Prefabs/Lantern_Stone_C2.prefab using Guid(77a6bbb4e632ad445906875ad8b8d28a) Importer(815301076,1909f56bfc062723c751e8b465ee728b) (PreviewImporter) -> (artifact id: '4e0da72688e79c0305774204483ea192') in 0.0334574 seconds
Number of updated asset objects reloaded before import = 0Number of asset objects unloaded after import = 14

========================================================================
Received Import Request.
  Time since last request: 0.000031 seconds.
  path: Assets/JTS_StoneLanterns/Prefabs/Platform_Stone_C2.prefab
  artifactKey: Guid(ad228647e8ed3ac4f8974ed220735ab5) Importer(815301076,1909f56bfc062723c751e8b465ee728b)
Start importing Assets/JTS_StoneLanterns/Prefabs/Platform_Stone_C2.prefab using Guid(ad228647e8ed3ac4f8974ed220735ab5) Importer(815301076,1909f56bfc062723c751e8b465ee728b) (PreviewImporter) -> (artifact id: '440a87d6e56195c5619ece1244941802') in 0.0312182 seconds
Number of updated asset objects reloaded before import = 0Number of asset objects unloaded after import = 14

========================================================================
Received Import Request.
  Time since last request: 0.000030 seconds.
  path: Assets/JTS_StoneLanterns/Prefabs/Lantern_Stone_C1.prefab
  artifactKey: Guid(ed1541bb1376f8441bab099090a5babc) Importer(815301076,1909f56bfc062723c751e8b465ee728b)
Start importing Assets/JTS_StoneLanterns/Prefabs/Lantern_Stone_C1.prefab using Guid(ed1541bb1376f8441bab099090a5babc) Importer(815301076,1909f56bfc062723c751e8b465ee728b) (PreviewImporter) -> (artifact id: '803f0750721404272c8b804d52499b7f') in 0.0341126 seconds
Number of updated asset objects reloaded before import = 0Number of asset objects unloaded after import = 14

========================================================================
Received Import Request.
  Time since last request: 0.000029 seconds.
  path: Assets/JTS_StoneLanterns/Prefabs/Platform_Stone_B2.prefab
  artifactKey: Guid(fc21be9a438b193448d01b9c31df3a13) Importer(815301076,1909f56bfc062723c751e8b465ee728b)
Start importing Assets/JTS_StoneLanterns/Prefabs/Platform_Stone_B2.prefab using Guid(fc21be9a438b193448d01b9c31df3a13) Importer(815301076,1909f56bfc062723c751e8b465ee728b) (PreviewImporter) -> (artifact id: '5399c5e107d9ec8a3e51167a92f0b7a9') in 0.0324308 seconds
Number of updated asset objects reloaded before import = 0Number of asset objects unloaded after import = 14

========================================================================
Received Import Request.
  Time since last request: 0.000038 seconds.
  path: Assets/JTS_StoneLanterns/Prefabs/Platform_Stone_A3.prefab
  artifactKey: Guid(4f1259e7b496e364d9ce515f4ca75f2b) Importer(815301076,1909f56bfc062723c751e8b465ee728b)
Start importing Assets/JTS_StoneLanterns/Prefabs/Platform_Stone_A3.prefab using Guid(4f1259e7b496e364d9ce515f4ca75f2b) Importer(815301076,1909f56bfc062723c751e8b465ee728b) (PreviewImporter) -> (artifact id: '3bb3f8ab20ba2ab70d8f8f00a10eadb4') in 0.0323307 seconds
Number of updated asset objects reloaded before import = 0Number of asset objects unloaded after import = 14

========================================================================
Received Import Request.
  Time since last request: 75.534752 seconds.
  path: Assets/Laterns and candles/Prefabs/Candle1.prefab
  artifactKey: Guid(86d84285ef39db64c986f37878b14861) Importer(815301076,1909f56bfc062723c751e8b465ee728b)
Start importing Assets/Laterns and candles/Prefabs/Candle1.prefab using Guid(86d84285ef39db64c986f37878b14861) Importer(815301076,1909f56bfc062723c751e8b465ee728b) (PreviewImporter) -> (artifact id: 'b69d1b2e0247e7a215c114ee1a47d714') in 0.0858534 seconds
Number of updated asset objects reloaded before import = 0Number of asset objects unloaded after import = 53

========================================================================
Received Import Request.
  Time since last request: 0.000041 seconds.
  path: Assets/Laterns and candles/Prefabs/CarvedPost2_double.prefab
  artifactKey: Guid(cd6ef13c75034bc4d820dfaf562e4a46) Importer(815301076,1909f56bfc062723c751e8b465ee728b)
Start importing Assets/Laterns and candles/Prefabs/CarvedPost2_double.prefab using Guid(cd6ef13c75034bc4d820dfaf562e4a46) Importer(815301076,1909f56bfc062723c751e8b465ee728b) (PreviewImporter) -> (artifact id: 'f0844adcbecf36d49746d806b5aa78fc') in 0.1104875 seconds
Number of updated asset objects reloaded before import = 0Number of asset objects unloaded after import = 138

========================================================================
Received Import Request.
  Time since last request: 0.000042 seconds.
  path: Assets/Laterns and candles/Prefabs/CarvedPost2.prefab
  artifactKey: Guid(94f10da449387134eb5a2276906ccdfd) Importer(815301076,1909f56bfc062723c751e8b465ee728b)
Start importing Assets/Laterns and candles/Prefabs/CarvedPost2.prefab using Guid(94f10da449387134eb5a2276906ccdfd) Importer(815301076,1909f56bfc062723c751e8b465ee728b) (PreviewImporter) -> (artifact id: 'e913000d505cac82953abdb0a0ec0e5e') in 0.0411435 seconds
Number of updated asset objects reloaded before import = 0Number of asset objects unloaded after import = 90

========================================================================
Received Import Request.
  Time since last request: 0.000030 seconds.
  path: Assets/Laterns and candles/Prefabs/Latern1.prefab
  artifactKey: Guid(56c82061e6c4de742a208837848be55a) Importer(815301076,1909f56bfc062723c751e8b465ee728b)
Start importing Assets/Laterns and candles/Prefabs/Latern1.prefab using Guid(56c82061e6c4de742a208837848be55a) Importer(815301076,1909f56bfc062723c751e8b465ee728b) (PreviewImporter) -> (artifact id: 'e2fc24066cc083316f68fef92ff5cc38') in 0.0366717 seconds
Number of updated asset objects reloaded before import = 0Number of asset objects unloaded after import = 75

========================================================================
Received Import Request.
  Time since last request: 0.000051 seconds.
  path: Assets/Laterns and candles/Prefabs/Candle3 1.prefab
  artifactKey: Guid(42612f8b6c0dce8468648f3f08db6d96) Importer(815301076,1909f56bfc062723c751e8b465ee728b)
Start importing Assets/Laterns and candles/Prefabs/Candle3 1.prefab using Guid(42612f8b6c0dce8468648f3f08db6d96) Importer(815301076,1909f56bfc062723c751e8b465ee728b) (PreviewImporter) -> (artifact id: 'f4aa2a58e5a5a5707a416f37ec27ef37') in 0.0268459 seconds
Number of updated asset objects reloaded before import = 0Number of asset objects unloaded after import = 53

========================================================================
Received Import Request.
  Time since last request: 0.000036 seconds.
  path: Assets/Laterns and candles/Prefabs/Latern4.prefab
  artifactKey: Guid(263b26f2316871f46a4bda232a61ec44) Importer(815301076,1909f56bfc062723c751e8b465ee728b)
Start importing Assets/Laterns and candles/Prefabs/Latern4.prefab using Guid(263b26f2316871f46a4bda232a61ec44) Importer(815301076,1909f56bfc062723c751e8b465ee728b) (PreviewImporter) -> (artifact id: '94d99e09c43d5597941d9f4cb398acf0') in 0.0323792 seconds
Number of updated asset objects reloaded before import = 0Number of asset objects unloaded after import = 75

========================================================================
Received Import Request.
  Time since last request: 14.224466 seconds.
  path: Assets/Laterns and candles/Prefabs/Candle3 1.prefab
  artifactKey: Guid(42612f8b6c0dce8468648f3f08db6d96) Importer(815301076,1909f56bfc062723c751e8b465ee728b)
Start importing Assets/Laterns and candles/Prefabs/Candle3 1.prefab using Guid(42612f8b6c0dce8468648f3f08db6d96) Importer(815301076,1909f56bfc062723c751e8b465ee728b) (PreviewImporter) -> (artifact id: 'e604e48775bf458b853eb06529afbf4e') in 0.0301077 seconds
Number of updated asset objects reloaded before import = 0Number of asset objects unloaded after import = 53

========================================================================
Received Import Request.
  Time since last request: 0.000035 seconds.
  path: Assets/Laterns and candles/Prefabs/Latern2.prefab
  artifactKey: Guid(68f8cf3372c588f4a94bf2c9bd255d3b) Importer(815301076,1909f56bfc062723c751e8b465ee728b)
Start importing Assets/Laterns and candles/Prefabs/Latern2.prefab using Guid(68f8cf3372c588f4a94bf2c9bd255d3b) Importer(815301076,1909f56bfc062723c751e8b465ee728b) (PreviewImporter) -> (artifact id: '9ad8354074b5f9c9f93029ffc1ffe813') in 0.0420039 seconds
Number of updated asset objects reloaded before import = 0Number of asset objects unloaded after import = 70

========================================================================
Received Import Request.
  Time since last request: 0.687295 seconds.
  path: Assets/JTS_StoneLanterns/Materials/mat_lantern_stone_C1.mat
  artifactKey: Guid(64580f0fdf0a2574db60c39303a5e126) Importer(2089858483,192608db42251d675da83286b1cce702)
Start importing Assets/JTS_StoneLanterns/Materials/mat_lantern_stone_C1.mat using Guid(64580f0fdf0a2574db60c39303a5e126) Importer(2089858483,192608db42251d675da83286b1cce702) (ScriptedImporter) -> (artifact id: '8a3224c0de8f632b00bb42b58640e7e5') in 0.4438221 seconds
Number of updated asset objects reloaded before import = 0Number of asset objects unloaded after import = 5

========================================================================
Received Import Request.
  Time since last request: 0.000069 seconds.
  path: Assets/JTS_StoneLanterns/Materials/mat_lantern_stone_B3.mat
  artifactKey: Guid(cb4eb134a1b0478469670a24e1728337) Importer(2089858483,192608db42251d675da83286b1cce702)
Start importing Assets/JTS_StoneLanterns/Materials/mat_lantern_stone_B3.mat using Guid(cb4eb134a1b0478469670a24e1728337) Importer(2089858483,192608db42251d675da83286b1cce702) (ScriptedImporter) -> (artifact id: '93179a0dd9573b38179267859e750157') in 0.0470951 seconds
Number of updated asset objects reloaded before import = 0Number of asset objects unloaded after import = 5

========================================================================
Received Import Request.
  Time since last request: 0.000055 seconds.
  path: Assets/JTS_StoneLanterns/Materials/mat_lantern_stone_D1.mat
  artifactKey: Guid(e42dc1f52eaae704ba9bc47ee3d13c8a) Importer(2089858483,192608db42251d675da83286b1cce702)
Start importing Assets/JTS_StoneLanterns/Materials/mat_lantern_stone_D1.mat using Guid(e42dc1f52eaae704ba9bc47ee3d13c8a) Importer(2089858483,192608db42251d675da83286b1cce702) (ScriptedImporter) -> (artifact id: '3fc3fe04c7927e9be69712a5df8299e2') in 0.0418496 seconds
Number of updated asset objects reloaded before import = 0Number of asset objects unloaded after import = 5

========================================================================
Received Import Request.
  Time since last request: 0.000031 seconds.
  path: Assets/JTS_StoneLanterns/Materials/mat_lantern_stone_C2.mat
  artifactKey: Guid(77de68c823426b54f9f620d66d6b1855) Importer(2089858483,192608db42251d675da83286b1cce702)
Start importing Assets/JTS_StoneLanterns/Materials/mat_lantern_stone_C2.mat using Guid(77de68c823426b54f9f620d66d6b1855) Importer(2089858483,192608db42251d675da83286b1cce702) (ScriptedImporter) -> (artifact id: '43ff954d20bf53aa89a4dbc524f6b9b2') in 0.0417369 seconds
Number of updated asset objects reloaded before import = 0Number of asset objects unloaded after import = 5

========================================================================
Received Import Request.
  Time since last request: 0.000039 seconds.
  path: Assets/JTS_StoneLanterns/Materials/mat_lantern_stone_A3.mat
  artifactKey: Guid(3330069607093ff41962fbf3d5155afb) Importer(2089858483,192608db42251d675da83286b1cce702)
Start importing Assets/JTS_StoneLanterns/Materials/mat_lantern_stone_A3.mat using Guid(3330069607093ff41962fbf3d5155afb) Importer(2089858483,192608db42251d675da83286b1cce702) (ScriptedImporter) -> (artifact id: '8c435139de845a1b97b2760d8c2634f5') in 0.0562621 seconds
Number of updated asset objects reloaded before import = 0Number of asset objects unloaded after import = 5

========================================================================
Received Import Request.
  Time since last request: 0.000046 seconds.
  path: Assets/JTS_StoneLanterns/Materials/mat_lantern_stone_B2.mat
  artifactKey: Guid(a96fd8fdaa8b2554c96a9a8e155c71fc) Importer(2089858483,192608db42251d675da83286b1cce702)
Start importing Assets/JTS_StoneLanterns/Materials/mat_lantern_stone_B2.mat using Guid(a96fd8fdaa8b2554c96a9a8e155c71fc) Importer(2089858483,192608db42251d675da83286b1cce702) (ScriptedImporter) -> (artifact id: '18a03210d9c412fed55a52f8e85c8102') in 0.0524515 seconds
Editor requested this worker to shutdown with reason: balancing worker count downwards
Number of updated asset objects reloaded before import = 0Number of asset objects unloaded after import = 5

AssetImportWorkerClient::OnTransportError - code=2 error=End of file
AssetImportWorker is now disconnected from the server
Process exiting
Exiting without the bug reporter. Application will terminate with return code 0