[Licensing::Module] Trying to connect to existing licensing client channel...
[Licensing::IpcConnector] Successfully connected to: "LicenseClient-ferna" at "2025-11-14T05:45:27.8113385Z"
Built from '6000.2/respin/6000.2.8f1-e4064264ae96' branch; Version is '6000.2.8f1 (c9992ac36c34) revision 13211946'; Using compiler version '194234433'; Build Type 'Release'
OS: 'Windows 11  (10.0.26200) 64bit Core' Language: 'es' Physical Memory: 15573 MB
BatchMode: 1, IsHumanControllingUs: 0, StartBugReporterOnCrash: 0, Is64bit: 1
Date: 2025-11-14T05:45:27Z

COMMAND LINE ARGUMENTS:
C:\Program Files\Unity\Hub\Editor\6000.2.8f1\Editor\Unity.exe
-adb2
-batchMode
-noUpm
-name
AssetImportWorker11
-projectPath
C:/Users/ferna/Game3D
-logFile
Logs/AssetImportWorker11.log
-srvPort
57508
-licensingIpc
LicenseClient-ferna
-job-worker-count
5
-background-job-worker-count
8
-gc-helper-count
1
-name
AssetImport
Successfully changed project path to: C:/Users/ferna/Game3D
C:/Users/ferna/Game3D
[UnityMemory] Configuration Parameters - Can be set up in boot.config
    "memorysetup-allocator-temp-initial-block-size-main=262144"
    "memorysetup-allocator-temp-initial-block-size-worker=262144"
    "memorysetup-bucket-allocator-granularity=16"
    "memorysetup-bucket-allocator-bucket-count=8"
    "memorysetup-bucket-allocator-block-size=33554432"
    "memorysetup-bucket-allocator-block-count=8"
    "memorysetup-main-allocator-block-size=16777216"
    "memorysetup-thread-allocator-block-size=16777216"
    "memorysetup-gfx-main-allocator-block-size=16777216"
    "memorysetup-gfx-thread-allocator-block-size=16777216"
    "memorysetup-cache-allocator-block-size=4194304"
    "memorysetup-typetree-allocator-block-size=2097152"
    "memorysetup-profiler-bucket-allocator-granularity=16"
    "memorysetup-profiler-bucket-allocator-bucket-count=8"
    "memorysetup-profiler-bucket-allocator-block-size=33554432"
    "memorysetup-profiler-bucket-allocator-block-count=8"
    "memorysetup-profiler-allocator-block-size=16777216"
    "memorysetup-profiler-editor-allocator-block-size=1048576"
    "memorysetup-temp-allocator-size-main=16777216"
    "memorysetup-job-temp-allocator-block-size=2097152"
    "memorysetup-job-temp-allocator-block-size-background=1048576"
    "memorysetup-job-temp-allocator-reduction-small-platforms=262144"
    "memorysetup-temp-allocator-size-background-worker=32768"
    "memorysetup-temp-allocator-size-job-worker=262144"
    "memorysetup-temp-allocator-size-preload-manager=33554432"
    "memorysetup-temp-allocator-size-nav-mesh-worker=65536"
    "memorysetup-temp-allocator-size-audio-worker=65536"
    "memorysetup-temp-allocator-size-cloud-worker=32768"
    "memorysetup-temp-allocator-size-gi-baking-worker=262144"
    "memorysetup-temp-allocator-size-gi-baking-worker=262144"
    "memorysetup-temp-allocator-size-gi-baking-worker=262144"
    "memorysetup-temp-allocator-size-gi-baking-worker=262144"
    "memorysetup-temp-allocator-size-gi-baking-worker=262144"
    "memorysetup-temp-allocator-size-gfx=262144"
Player connection [12812]  Target information:

Player connection [12812]  * "[IP] 192.168.56.1 [Port] 0 [Flags] 2 [Guid] 1797846181 [EditorId] 1797846181 [Version] 1048832 [Id] WindowsEditor(7,DESKTOP-JCKR01F) [Debug] 1 [PackageName] WindowsEditor [ProjectName] Editor" 

Player connection [12812]  * "[IP] 192.168.1.100 [Port] 0 [Flags] 2 [Guid] 1797846181 [EditorId] 1797846181 [Version] 1048832 [Id] WindowsEditor(7,DESKTOP-JCKR01F) [Debug] 1 [PackageName] WindowsEditor [ProjectName] Editor" 

Player connection [12812] Host joined multi-casting on [225.0.0.222:54997]...
Player connection [12812] Host joined alternative multi-casting on [225.0.0.222:34997]...
JobSystem: Creating JobQueue using job-worker-count value 5
Input System module state changed to: Initialized.
[Physics::Module] Initialized fallback backend.
[Physics::Module] Id: 0xdecafbad
[Licensing::Client] Code 10 while verifying Licensing Client signature (process Id: 12876, path: "C:/Program Files/Unity Hub/UnityLicensingClient_V1/Unity.Licensing.Client.exe")
[Licensing::Module] LicensingClient has failed validation; ignoring
[Licensing::Client] Handshaking with LicensingClient:
  Version:                 1.17.3+a4e98f1
  Session Id:              48d0da80d0514c75a3cd3897a216f5b6
  Correlation Id:          713961e0efea25da71839c613daa8e6b
  External correlation Id: 691755285967183486
  Machine Id:              ot0+XFDiucx5vwNg2JQWI0HOj0g=
[Licensing::Module] Successfully connected to LicensingClient on channel: "LicenseClient-ferna" (connect: 0.00s, validation: 0.00s, handshake: 0.10s)
[Licensing::IpcConnector] Successfully connected to: "LicenseClient-ferna-notifications" at "2025-11-14T05:45:27.9131954Z"
[Licensing::Module] Licensing Background thread has ended after 0.10s
Library Redirect Path: Library/
[Physics::Module] Selected backend.
[Physics::Module] Name: PhysX
[Physics::Module] Id: 0xf2b8ea05
[Physics::Module] SDK Version: 4.1.2
[Physics::Module] Integration Version: 1.0.0
[Physics::Module] Threading Mode: Multi-Threaded
Refreshing native plugins compatible for Editor in 15.16 ms, found 3 plugins.
Preloading 0 native plugins for Editor in 0.00 ms.
Initialize engine version: 6000.2.8f1 (c9992ac36c34)
[Subsystems] Discovering subsystems at path C:/Program Files/Unity/Hub/Editor/6000.2.8f1/Editor/Data/Resources/UnitySubsystems
[Subsystems] Discovering subsystems at path C:/Users/ferna/Game3D/Assets
GfxDevice: creating device client; kGfxThreadingModeNonThreaded
Direct3D:
    Version:  Direct3D 11.0 [level 11.1]
    Renderer: NVIDIA GeForce RTX 2050 (ID=0x25ad)
    Vendor:   NVIDIA
    VRAM:     3964 MB
    Driver:   32.0.15.7703
Initialize mono
Mono path[0] = 'C:/Program Files/Unity/Hub/Editor/6000.2.8f1/Editor/Data/Managed'
Mono path[1] = 'C:/Program Files/Unity/Hub/Editor/6000.2.8f1/Editor/Data/MonoBleedingEdge/lib/mono/unityjit-win32'
Mono config path = 'C:/Program Files/Unity/Hub/Editor/6000.2.8f1/Editor/Data/MonoBleedingEdge/etc'
Using monoOptions --debugger-agent=transport=dt_socket,embedding=1,server=y,suspend=n,address=127.0.0.1:56656
Begin MonoManager ReloadAssembly
Registering precompiled unity dll's ...
Register platform support module: C:/Program Files/Unity/Hub/Editor/6000.2.8f1/Editor/Data/PlaybackEngines/WindowsStandaloneSupport/UnityEditor.WindowsStandalone.Extensions.dll
[Licensing::Client] Successfully resolved entitlement details
[Licensing::Module] License group:
  Id: 4674135729462-UnityPersXXXX
  Product: Unity Personal
  Type: Assigned
  Expiration: Unlimited
Register platform support module: C:/Program Files/Unity/Hub/Editor/6000.2.8f1/Editor/Data/PlaybackEngines/MetroSupport/UnityEditor.UWP.Extensions.dll
Registered in 0.006330 seconds.
- Loaded All Assemblies, in  0.656 seconds
Native extension for UWP target not found
Native extension for WindowsStandalone target not found
Mono: successfully reloaded assembly
- Finished resetting the current domain, in  0.745 seconds
Domain Reload Profiling: 1396ms
	BeginReloadAssembly (223ms)
		ExecutionOrderSort (0ms)
		DisableScriptedObjects (0ms)
		BackupInstance (0ms)
		ReleaseScriptingObjects (0ms)
		CreateAndSetChildDomain (2ms)
	RebuildCommonClasses (93ms)
	RebuildNativeTypeToScriptingClass (21ms)
	initialDomainReloadingComplete (87ms)
	LoadAllAssembliesAndSetupDomain (227ms)
		LoadAssemblies (215ms)
		RebuildTransferFunctionScriptingTraits (0ms)
		AnalyzeDomain (222ms)
			TypeCache.Refresh (219ms)
				TypeCache.ScanAssembly (199ms)
			BuildScriptInfoCaches (0ms)
			ResolveRequiredComponents (1ms)
	FinalizeReload (746ms)
		ReleaseScriptCaches (0ms)
		RebuildScriptCaches (0ms)
		SetupLoadedEditorAssemblies (659ms)
			LogAssemblyErrors (0ms)
			InitializePlatformSupportModulesInManaged (83ms)
			SetLoadedEditorAssemblies (13ms)
			BeforeProcessingInitializeOnLoad (240ms)
			ProcessInitializeOnLoadAttributes (214ms)
			ProcessInitializeOnLoadMethodAttributes (109ms)
			AfterProcessingInitializeOnLoad (0ms)
			EditorAssembliesLoaded (0ms)
		ExecutionOrderSort2 (0ms)
		AwakeInstancesAfterBackupRestoration (0ms)
Assembly reference Packages/com.unity.cinemachine/Editor/Samples/ExposeHDRPInternals/HDRP-Editor-ref.asmref has no target assembly definition
========================================================================
Worker process is ready to serve import requests
Import Worker Mode flag is 0x00
Assembly reference Packages/com.unity.cinemachine/Editor/Samples/ExposeHDRPInternals/HDRP-Editor-ref.asmref has no target assembly definition
Assembly reference Packages/com.unity.cinemachine/Editor/Samples/ExposeHDRPInternals/HDRP-Editor-ref.asmref has no target assembly definition
Begin MonoManager ReloadAssembly
[Licensing::Client] Successfully resolved entitlement details
Symbol file LoadedFromMemory is not a mono symbol file
- Loaded All Assemblies, in  1.810 seconds
Assembly reference Packages/com.unity.cinemachine/Editor/Samples/ExposeHDRPInternals/HDRP-Editor-ref.asmref has no target assembly definition
'Packages/com.unity.cinemachine/Editor/Obsolete/CinemachineVirtualCameraBaseEditor.cs' contains partial class of Unity.Object, exactly 1 of the partial classes needs to be in a file with the same filename. This is to know the one that can be referenced from ie. GameObjects
'Packages/com.unity.cinemachine/Editor/Editors/CinemachineVirtualCameraBaseEditor.cs' contains partial class of Unity.Object, exactly 1 of the partial classes needs to be in a file with the same filename. This is to know the one that can be referenced from ie. GameObjects
Refreshing native plugins compatible for Editor in 29.20 ms, found 3 plugins.
Native extension for UWP target not found
Native extension for WindowsStandalone target not found
Assembly reference Packages/com.unity.cinemachine/Editor/Samples/ExposeHDRPInternals/HDRP-Editor-ref.asmref has no target assembly definition
Package Manager log level set to [2]
[Package Manager] Failed to launch server process. Reason: Unity was launched with the -noUpm command-line argument
[Package Manager] Unable to send message (not connected to server process).
[Package Manager] Cannot connect to Unity Package Manager local server
[Package Manager] Failed to launch server process. Reason: Unity was launched with the -noUpm command-line argument
[Package Manager] Unable to send message (not connected to server process).
[Package Manager] Cannot connect to Unity Package Manager local server
Refreshing native plugins compatible for Editor in 10.29 ms, found 3 plugins.
[MODES] ModeService[none].Initialize
[MODES] ModeService[none].LoadModes
[MODES] Loading mode Default (0) for mode-current-id-Game3D
Mono: successfully reloaded assembly
- Finished resetting the current domain, in  1.955 seconds
Domain Reload Profiling: 3749ms
	BeginReloadAssembly (276ms)
		ExecutionOrderSort (0ms)
		DisableScriptedObjects (8ms)
		BackupInstance (0ms)
		ReleaseScriptingObjects (0ms)
		CreateAndSetChildDomain (46ms)
	RebuildCommonClasses (48ms)
	RebuildNativeTypeToScriptingClass (16ms)
	initialDomainReloadingComplete (64ms)
	LoadAllAssembliesAndSetupDomain (1389ms)
		LoadAssemblies (1018ms)
		RebuildTransferFunctionScriptingTraits (0ms)
		AnalyzeDomain (531ms)
			TypeCache.Refresh (419ms)
				TypeCache.ScanAssembly (387ms)
			BuildScriptInfoCaches (85ms)
			ResolveRequiredComponents (18ms)
	FinalizeReload (1955ms)
		ReleaseScriptCaches (0ms)
		RebuildScriptCaches (0ms)
		SetupLoadedEditorAssemblies (1655ms)
			LogAssemblyErrors (0ms)
			InitializePlatformSupportModulesInManaged (3ms)
			SetLoadedEditorAssemblies (6ms)
			BeforeProcessingInitializeOnLoad (292ms)
			ProcessInitializeOnLoadAttributes (996ms)
			ProcessInitializeOnLoadMethodAttributes (347ms)
			AfterProcessingInitializeOnLoad (11ms)
			EditorAssembliesLoaded (1ms)
		ExecutionOrderSort2 (0ms)
		AwakeInstancesAfterBackupRestoration (10ms)
Launched and connected shader compiler UnityShaderCompiler.exe after 0.02 seconds
Refreshing native plugins compatible for Editor in 9.33 ms, found 3 plugins.
Preloading 0 native plugins for Editor in 0.00 ms.
Unloading 16 Unused Serialized files (Serialized files now loaded: 0)
Unloading 8023 unused Assets / (3.2 MB). Loaded Objects now: 8744.
Memory consumption went from 175.5 MB to 172.3 MB.
Total: 55.954100 ms (FindLiveObjects: 2.122600 ms CreateObjectMapping: 2.603900 ms MarkObjects: 45.890400 ms  DeleteObjects: 5.333500 ms)

========================================================================
Received Import Request.
  Time since last request: 90997.204421 seconds.
  path: Assets/Modular Castle/Assets/prefabs/axe.prefab
  artifactKey: Guid(16b050d469263fb4199ffa2bcf18bc6e) Importer(815301076,1909f56bfc062723c751e8b465ee728b)
Start importing Assets/Modular Castle/Assets/prefabs/axe.prefab using Guid(16b050d469263fb4199ffa2bcf18bc6e) Importer(815301076,1909f56bfc062723c751e8b465ee728b) (PreviewImporter) -> (artifact id: 'e7609dd6e8ec23b80d8057fbb56cc9d8') in 4.5741771 seconds
Number of updated asset objects reloaded before import = 0Number of asset objects unloaded after import = 10

========================================================================
Received Import Request.
  Time since last request: 0.000034 seconds.
  path: Assets/Modular Castle/Assets/prefabs/candle1.prefab
  artifactKey: Guid(54267a896609f27488a9af10dbd11557) Importer(815301076,1909f56bfc062723c751e8b465ee728b)
Start importing Assets/Modular Castle/Assets/prefabs/candle1.prefab using Guid(54267a896609f27488a9af10dbd11557) Importer(815301076,1909f56bfc062723c751e8b465ee728b) (PreviewImporter) -> (artifact id: '2846a38fa81f8145915248dd8918b819') in 0.0647671 seconds
Number of updated asset objects reloaded before import = 0Number of asset objects unloaded after import = 10

========================================================================
Received Import Request.
  Time since last request: 1.981266 seconds.
  path: Assets/Modular Castle/Assets/Materials/castle.mat
  artifactKey: Guid(72f445fef8019584a84beb496a2ac491) Importer(2089858483,192608db42251d675da83286b1cce702)
Start importing Assets/Modular Castle/Assets/Materials/castle.mat using Guid(72f445fef8019584a84beb496a2ac491) Importer(2089858483,192608db42251d675da83286b1cce702) (ScriptedImporter) -> (artifact id: '2812dd5b9c98f0eb770f5d78a5c9259b') in 0.2253536 seconds
Number of updated asset objects reloaded before import = 0Number of asset objects unloaded after import = 3

========================================================================
Received Import Request.
  Time since last request: 0.000047 seconds.
  path: Assets/Modular Castle/Assets/prefabs/box2.prefab
  artifactKey: Guid(cc099d4b9ab7d3b4287693466cb6ff9e) Importer(815301076,1909f56bfc062723c751e8b465ee728b)
Start importing Assets/Modular Castle/Assets/prefabs/box2.prefab using Guid(cc099d4b9ab7d3b4287693466cb6ff9e) Importer(815301076,1909f56bfc062723c751e8b465ee728b) (PreviewImporter) -> (artifact id: 'a7df76e931cfedbc70f0c120c6570c9f') in 0.033066 seconds
Number of updated asset objects reloaded before import = 0Number of asset objects unloaded after import = 10

========================================================================
Received Import Request.
  Time since last request: 0.000041 seconds.
  path: Assets/Modular Castle/Assets/prefabs/decoration2.prefab
  artifactKey: Guid(c7b19c08f7e17a24ba76c6017f0528ff) Importer(815301076,1909f56bfc062723c751e8b465ee728b)
Start importing Assets/Modular Castle/Assets/prefabs/decoration2.prefab using Guid(c7b19c08f7e17a24ba76c6017f0528ff) Importer(815301076,1909f56bfc062723c751e8b465ee728b) (PreviewImporter) -> (artifact id: '9434b7dbd67546c61f552ad796ac04ec') in 0.0401575 seconds
Number of updated asset objects reloaded before import = 0Number of asset objects unloaded after import = 10

========================================================================
Received Import Request.
  Time since last request: 0.000024 seconds.
  path: Assets/Modular Castle/Assets/prefabs/mannequin.prefab
  artifactKey: Guid(16d6f63f1f03dc64c8c86de4122100c6) Importer(815301076,1909f56bfc062723c751e8b465ee728b)
Start importing Assets/Modular Castle/Assets/prefabs/mannequin.prefab using Guid(16d6f63f1f03dc64c8c86de4122100c6) Importer(815301076,1909f56bfc062723c751e8b465ee728b) (PreviewImporter) -> (artifact id: '5104ab14bb45229bae83dab88ea7f9db') in 0.0402808 seconds
Number of updated asset objects reloaded before import = 0Number of asset objects unloaded after import = 10

========================================================================
Received Import Request.
  Time since last request: 0.000027 seconds.
  path: Assets/Modular Castle/Assets/prefabs/candleholder1.prefab
  artifactKey: Guid(6bae6d1df8faaf748abc9bb8d4df81c7) Importer(815301076,1909f56bfc062723c751e8b465ee728b)
Start importing Assets/Modular Castle/Assets/prefabs/candleholder1.prefab using Guid(6bae6d1df8faaf748abc9bb8d4df81c7) Importer(815301076,1909f56bfc062723c751e8b465ee728b) (PreviewImporter) -> (artifact id: '9bf1f9c8dfec95070d13387998e8da83') in 0.0344065 seconds
Number of updated asset objects reloaded before import = 0Number of asset objects unloaded after import = 10

========================================================================
Received Import Request.
  Time since last request: 0.000032 seconds.
  path: Assets/Modular Castle/Assets/prefabs/floor2.prefab
  artifactKey: Guid(cedd1289634600b4f9df04d76c4c2b4b) Importer(815301076,1909f56bfc062723c751e8b465ee728b)
Start importing Assets/Modular Castle/Assets/prefabs/floor2.prefab using Guid(cedd1289634600b4f9df04d76c4c2b4b) Importer(815301076,1909f56bfc062723c751e8b465ee728b) (PreviewImporter) -> (artifact id: 'efd8331e22f2fc68466516dbcb20aa0b') in 0.024303 seconds
Number of updated asset objects reloaded before import = 0Number of asset objects unloaded after import = 10

========================================================================
Received Import Request.
  Time since last request: 0.000078 seconds.
  path: Assets/Modular Castle/Assets/prefabs/litter2.prefab
  artifactKey: Guid(d5afe70bc0cd8744fbc4d8ca3b19957a) Importer(815301076,1909f56bfc062723c751e8b465ee728b)
Start importing Assets/Modular Castle/Assets/prefabs/litter2.prefab using Guid(d5afe70bc0cd8744fbc4d8ca3b19957a) Importer(815301076,1909f56bfc062723c751e8b465ee728b) (PreviewImporter) -> (artifact id: '6ad5e174d97e6ca96449d80fcfa9c19e') in 0.0288202 seconds
Number of updated asset objects reloaded before import = 0Number of asset objects unloaded after import = 10

========================================================================
Received Import Request.
  Time since last request: 0.731181 seconds.
  path: Assets/Modular Castle/Assets/prefabs/pillar2.prefab
  artifactKey: Guid(fb3f840c826314847ba67aaf7e4aef4e) Importer(815301076,1909f56bfc062723c751e8b465ee728b)
Start importing Assets/Modular Castle/Assets/prefabs/pillar2.prefab using Guid(fb3f840c826314847ba67aaf7e4aef4e) Importer(815301076,1909f56bfc062723c751e8b465ee728b) (PreviewImporter) -> (artifact id: '6cbb8f6e0f5d47a107aee44a7266653f') in 0.0258956 seconds
Number of updated asset objects reloaded before import = 0Number of asset objects unloaded after import = 10

========================================================================
Received Import Request.
  Time since last request: 0.000028 seconds.
  path: Assets/Modular Castle/Assets/prefabs/pillow.prefab
  artifactKey: Guid(27d3a78beda859f4e9003304f0762f53) Importer(815301076,1909f56bfc062723c751e8b465ee728b)
Start importing Assets/Modular Castle/Assets/prefabs/pillow.prefab using Guid(27d3a78beda859f4e9003304f0762f53) Importer(815301076,1909f56bfc062723c751e8b465ee728b) (PreviewImporter) -> (artifact id: '3e8a0db4164d78560f3671f8e3598ee9') in 0.0256277 seconds
Number of updated asset objects reloaded before import = 0Number of asset objects unloaded after import = 10

========================================================================
Received Import Request.
  Time since last request: 0.000023 seconds.
  path: Assets/Modular Castle/Assets/prefabs/stand for weapons.prefab
  artifactKey: Guid(43672fd8c9f63724ca03d766c52c8568) Importer(815301076,1909f56bfc062723c751e8b465ee728b)
Start importing Assets/Modular Castle/Assets/prefabs/stand for weapons.prefab using Guid(43672fd8c9f63724ca03d766c52c8568) Importer(815301076,1909f56bfc062723c751e8b465ee728b) (PreviewImporter) -> (artifact id: '830c2c3e1d8a62e4c64b02cff3dfee46') in 0.0278741 seconds
Number of updated asset objects reloaded before import = 0Number of asset objects unloaded after import = 10

========================================================================
Received Import Request.
  Time since last request: 0.112354 seconds.
  path: Assets/Modular Castle/Assets/prefabs/torch.prefab
  artifactKey: Guid(483ae661964d12e4f99b524da50200d0) Importer(815301076,1909f56bfc062723c751e8b465ee728b)
Start importing Assets/Modular Castle/Assets/prefabs/torch.prefab using Guid(483ae661964d12e4f99b524da50200d0) Importer(815301076,1909f56bfc062723c751e8b465ee728b) (PreviewImporter) -> (artifact id: 'e40d5ab8771f4e452e874283cc0a1e6a') in 0.0250152 seconds
Number of updated asset objects reloaded before import = 0Number of asset objects unloaded after import = 10

========================================================================
Received Import Request.
  Time since last request: 0.000027 seconds.
  path: Assets/Modular Castle/Assets/prefabs/wall3.prefab
  artifactKey: Guid(edf36f15892d1fb4d913feaa9b0a6dc3) Importer(815301076,1909f56bfc062723c751e8b465ee728b)
Start importing Assets/Modular Castle/Assets/prefabs/wall3.prefab using Guid(edf36f15892d1fb4d913feaa9b0a6dc3) Importer(815301076,1909f56bfc062723c751e8b465ee728b) (PreviewImporter) -> (artifact id: '25b9d9055807ceb84bab23b25d474d72') in 0.0233872 seconds
Number of updated asset objects reloaded before import = 0Number of asset objects unloaded after import = 10

========================================================================
Received Import Request.
  Time since last request: 9.364371 seconds.
  path: Assets/Modular Castle/Assets/prefabs2
  artifactKey: Guid(b36372c24b73f4b4383778b41233ea90) Importer(815301076,1909f56bfc062723c751e8b465ee728b)
Start importing Assets/Modular Castle/Assets/prefabs2 using Guid(b36372c24b73f4b4383778b41233ea90) Importer(815301076,1909f56bfc062723c751e8b465ee728b) (PreviewImporter) -> (artifact id: '2673ea278ec5d9d7b0d2e0dec4fe32e4') in 0.0006271 seconds
Number of updated asset objects reloaded before import = 0Number of asset objects unloaded after import = 0

========================================================================
Received Import Request.
  Time since last request: 0.042003 seconds.
  path: Assets/Modular Castle/Assets/prefabs2/barrel.prefab
  artifactKey: Guid(8375007ef859c184f93134dbe213e44b) Importer(815301076,1909f56bfc062723c751e8b465ee728b)
Start importing Assets/Modular Castle/Assets/prefabs2/barrel.prefab using Guid(8375007ef859c184f93134dbe213e44b) Importer(815301076,1909f56bfc062723c751e8b465ee728b) (PreviewImporter) -> (artifact id: '9356a6613a72d99a20faf30cb645f184') in 0.0647548 seconds
Number of updated asset objects reloaded before import = 0Number of asset objects unloaded after import = 32

========================================================================
Received Import Request.
  Time since last request: 0.000025 seconds.
  path: Assets/Modular Castle/Assets/prefabs2/wall3.prefab
  artifactKey: Guid(a0ffc3f89f6564d4db93360de7c64c43) Importer(815301076,1909f56bfc062723c751e8b465ee728b)
Start importing Assets/Modular Castle/Assets/prefabs2/wall3.prefab using Guid(a0ffc3f89f6564d4db93360de7c64c43) Importer(815301076,1909f56bfc062723c751e8b465ee728b) (PreviewImporter) -> (artifact id: '0cba269389e7b55f9267877d4c6986a5') in 0.0340783 seconds
Number of updated asset objects reloaded before import = 0Number of asset objects unloaded after import = 20

========================================================================
Received Import Request.
  Time since last request: 0.000032 seconds.
  path: Assets/Modular Castle/Assets/prefabs2/wall2 1.prefab
  artifactKey: Guid(b84cdff1414a1094d995361dae7b91b1) Importer(815301076,1909f56bfc062723c751e8b465ee728b)
Start importing Assets/Modular Castle/Assets/prefabs2/wall2 1.prefab using Guid(b84cdff1414a1094d995361dae7b91b1) Importer(815301076,1909f56bfc062723c751e8b465ee728b) (PreviewImporter) -> (artifact id: '705c80140cd9576e72cd1da3854251af') in 0.0253272 seconds
Number of updated asset objects reloaded before import = 0Number of asset objects unloaded after import = 37

========================================================================
Received Import Request.
  Time since last request: 0.000023 seconds.
  path: Assets/Modular Castle/Assets/prefabs2/torch.prefab
  artifactKey: Guid(2b28d52e9282f5844af4fa29dc0c1032) Importer(815301076,1909f56bfc062723c751e8b465ee728b)
Start importing Assets/Modular Castle/Assets/prefabs2/torch.prefab using Guid(2b28d52e9282f5844af4fa29dc0c1032) Importer(815301076,1909f56bfc062723c751e8b465ee728b) (PreviewImporter) -> (artifact id: '623abe0be52386055afa060fc0242be5') in 0.0268691 seconds
Number of updated asset objects reloaded before import = 0Number of asset objects unloaded after import = 19

========================================================================
Received Import Request.
  Time since last request: 0.000022 seconds.
  path: Assets/Modular Castle/Assets/prefabs2/stand for weapons.prefab
  artifactKey: Guid(ed6edd50fd477cc43bef42558dcbed7d) Importer(815301076,1909f56bfc062723c751e8b465ee728b)
Start importing Assets/Modular Castle/Assets/prefabs2/stand for weapons.prefab using Guid(ed6edd50fd477cc43bef42558dcbed7d) Importer(815301076,1909f56bfc062723c751e8b465ee728b) (PreviewImporter) -> (artifact id: '9e71b37538887fccc5e7dca649753a99') in 0.0237835 seconds
Number of updated asset objects reloaded before import = 0Number of asset objects unloaded after import = 32

========================================================================
Received Import Request.
  Time since last request: 0.000025 seconds.
  path: Assets/Modular Castle/Assets/prefabs2/decoration2.prefab
  artifactKey: Guid(0c5f6d8c494dfe849ae0d9fa17abad8d) Importer(815301076,1909f56bfc062723c751e8b465ee728b)
Start importing Assets/Modular Castle/Assets/prefabs2/decoration2.prefab using Guid(0c5f6d8c494dfe849ae0d9fa17abad8d) Importer(815301076,1909f56bfc062723c751e8b465ee728b) (PreviewImporter) -> (artifact id: 'f50ac7be33ec12b3c104dee94a611711') in 0.0265973 seconds
Number of updated asset objects reloaded before import = 0Number of asset objects unloaded after import = 15

========================================================================
Received Import Request.
  Time since last request: 0.000037 seconds.
  path: Assets/Modular Castle/Assets/prefabs2/candle1.prefab
  artifactKey: Guid(77199120630e1734e8e77e3c2f9cf50e) Importer(815301076,1909f56bfc062723c751e8b465ee728b)
Start importing Assets/Modular Castle/Assets/prefabs2/candle1.prefab using Guid(77199120630e1734e8e77e3c2f9cf50e) Importer(815301076,1909f56bfc062723c751e8b465ee728b) (PreviewImporter) -> (artifact id: 'f17fe7d8c046865f9a8bfdd0e18177c7') in 0.0307134 seconds
Number of updated asset objects reloaded before import = 0Number of asset objects unloaded after import = 19

========================================================================
Received Import Request.
  Time since last request: 0.000022 seconds.
  path: Assets/Modular Castle/Assets/prefabs2/box3 1.prefab
  artifactKey: Guid(0d4775583aca9894e9208bc487190db8) Importer(815301076,1909f56bfc062723c751e8b465ee728b)
Start importing Assets/Modular Castle/Assets/prefabs2/box3 1.prefab using Guid(0d4775583aca9894e9208bc487190db8) Importer(815301076,1909f56bfc062723c751e8b465ee728b) (PreviewImporter) -> (artifact id: 'eab55cd45508746bb6b4384389b11e13') in 0.0296588 seconds
Number of updated asset objects reloaded before import = 0Number of asset objects unloaded after import = 20

========================================================================
Received Import Request.
  Time since last request: 0.000026 seconds.
  path: Assets/Modular Castle/Assets/prefabs2/candleholder1.prefab
  artifactKey: Guid(775d4760f9d1bd4439ee44c29ee69e89) Importer(815301076,1909f56bfc062723c751e8b465ee728b)
Start importing Assets/Modular Castle/Assets/prefabs2/candleholder1.prefab using Guid(775d4760f9d1bd4439ee44c29ee69e89) Importer(815301076,1909f56bfc062723c751e8b465ee728b) (PreviewImporter) -> (artifact id: '0130708f1931783818d69db5273cf86a') in 0.0248747 seconds
Number of updated asset objects reloaded before import = 0Number of asset objects unloaded after import = 23

========================================================================
Received Import Request.
  Time since last request: 408.080108 seconds.
  path: Assets/New Terrain.asset
  artifactKey: Guid(8bc23dee3b0cb004d9e1d70e084ee12c) Importer(2089858483,192608db42251d675da83286b1cce702)
Start importing Assets/New Terrain.asset using Guid(8bc23dee3b0cb004d9e1d70e084ee12c) Importer(2089858483,192608db42251d675da83286b1cce702) (ScriptedImporter) -> (artifact id: 'd835eadade5dcebfcc18080bcace40c7') in 0.0348144 seconds
Number of updated asset objects reloaded before import = 0Number of asset objects unloaded after import = 2

========================================================================
Received Import Request.
  Time since last request: 105.077157 seconds.
  path: Assets/Scenes/Map.unity
  artifactKey: Guid(f09a5845a563e1640b583597ea5c5bdb) Importer(2089858483,192608db42251d675da83286b1cce702)
Start importing Assets/Scenes/Map.unity using Guid(f09a5845a563e1640b583597ea5c5bdb) Importer(2089858483,192608db42251d675da83286b1cce702) (ScriptedImporter) -> (artifact id: '68f9a46a19eae50340b1ec7e3330213d') in 0.0235378 seconds
Number of updated asset objects reloaded before import = 0Number of asset objects unloaded after import = 1

========================================================================
Received Import Request.
  Time since last request: 258.348281 seconds.
  path: Assets/Scenes/Map.unity
  artifactKey: Guid(f09a5845a563e1640b583597ea5c5bdb) Importer(2089858483,192608db42251d675da83286b1cce702)
Start importing Assets/Scenes/Map.unity using Guid(f09a5845a563e1640b583597ea5c5bdb) Importer(2089858483,192608db42251d675da83286b1cce702) (ScriptedImporter) -> (artifact id: 'c93e6d212f1cd9156b3c9b3fa3c514b3') in 0.0188685 seconds
Number of updated asset objects reloaded before import = 0Number of asset objects unloaded after import = 1

========================================================================
Received Import Request.
  Time since last request: 148.643730 seconds.
  path: Assets/VFXPACK_FIRE_WALLCOEUR/Prefab/VFX_BlackSmoke.prefab
  artifactKey: Guid(4b38b1b3e38ed7e499c047067beb6122) Importer(815301076,1909f56bfc062723c751e8b465ee728b)
Start importing Assets/VFXPACK_FIRE_WALLCOEUR/Prefab/VFX_BlackSmoke.prefab using Guid(4b38b1b3e38ed7e499c047067beb6122) Importer(815301076,1909f56bfc062723c751e8b465ee728b) (PreviewImporter) -> (artifact id: '0d453f0420a43105cf2249f9e3d1c763') in 0.0442622 seconds
Number of updated asset objects reloaded before import = 0Number of asset objects unloaded after import = 7

========================================================================
Received Import Request.
  Time since last request: 0.000038 seconds.
  path: Assets/VFXPACK_FIRE_WALLCOEUR/Prefab/VFX_GreenSmoke.prefab
  artifactKey: Guid(8b7d567d530f3d44c92b4d853cd6692f) Importer(815301076,1909f56bfc062723c751e8b465ee728b)
Start importing Assets/VFXPACK_FIRE_WALLCOEUR/Prefab/VFX_GreenSmoke.prefab using Guid(8b7d567d530f3d44c92b4d853cd6692f) Importer(815301076,1909f56bfc062723c751e8b465ee728b) (PreviewImporter) -> (artifact id: 'f90174715b0c285cc2f5be38a86d7583') in 0.0275282 seconds
Number of updated asset objects reloaded before import = 0Number of asset objects unloaded after import = 7

========================================================================
Received Import Request.
  Time since last request: 0.000032 seconds.
  path: Assets/VFXPACK_FIRE_WALLCOEUR/Prefab/VFX_Smoke_Green.prefab
  artifactKey: Guid(3fb85eac741a7f74ba8567ee0932efd2) Importer(815301076,1909f56bfc062723c751e8b465ee728b)
Start importing Assets/VFXPACK_FIRE_WALLCOEUR/Prefab/VFX_Smoke_Green.prefab using Guid(3fb85eac741a7f74ba8567ee0932efd2) Importer(815301076,1909f56bfc062723c751e8b465ee728b) (PreviewImporter) -> (artifact id: '01a6f0491e2943653bc5f533b594082c') in 0.0196347 seconds
Number of updated asset objects reloaded before import = 0Number of asset objects unloaded after import = 7

========================================================================
Received Import Request.
  Time since last request: 0.000025 seconds.
  path: Assets/VFXPACK_FIRE_WALLCOEUR/Prefab/VFX_Fire 1.prefab
  artifactKey: Guid(29f4c72f9a1d9d446945740c2819895b) Importer(815301076,1909f56bfc062723c751e8b465ee728b)
Start importing Assets/VFXPACK_FIRE_WALLCOEUR/Prefab/VFX_Fire 1.prefab using Guid(29f4c72f9a1d9d446945740c2819895b) Importer(815301076,1909f56bfc062723c751e8b465ee728b) (PreviewImporter) -> (artifact id: 'b8d609e12428ec7ba07262471cb551c6') in 0.0367562 seconds
Number of updated asset objects reloaded before import = 0Number of asset objects unloaded after import = 12

========================================================================
Received Import Request.
  Time since last request: 0.000028 seconds.
  path: Assets/VFXPACK_FIRE_WALLCOEUR/Prefab/VFX_Smoke.prefab
  artifactKey: Guid(0cd9e54cc4fc33042988600b5948fbdb) Importer(815301076,1909f56bfc062723c751e8b465ee728b)
Start importing Assets/VFXPACK_FIRE_WALLCOEUR/Prefab/VFX_Smoke.prefab using Guid(0cd9e54cc4fc33042988600b5948fbdb) Importer(815301076,1909f56bfc062723c751e8b465ee728b) (PreviewImporter) -> (artifact id: '0b2bc9084b331db32b6ac1d26db0e2f3') in 0.0199728 seconds
Number of updated asset objects reloaded before import = 0Number of asset objects unloaded after import = 7

========================================================================
Received Import Request.
  Time since last request: 0.000025 seconds.
  path: Assets/VFXPACK_FIRE_WALLCOEUR/Prefab/VFX_TorchLight_Green.prefab
  artifactKey: Guid(7aaee67ac71cee3409e46a097d73ccb6) Importer(815301076,1909f56bfc062723c751e8b465ee728b)
Start importing Assets/VFXPACK_FIRE_WALLCOEUR/Prefab/VFX_TorchLight_Green.prefab using Guid(7aaee67ac71cee3409e46a097d73ccb6) Importer(815301076,1909f56bfc062723c751e8b465ee728b) (PreviewImporter) -> (artifact id: 'eedc338a6950ced3b955bef1ae4a94e9') in 0.0219634 seconds
Number of updated asset objects reloaded before import = 0Number of asset objects unloaded after import = 12

========================================================================
Received Import Request.
  Time since last request: 0.000043 seconds.
  path: Assets/VFXPACK_FIRE_WALLCOEUR/Prefab/VFX_TorchLight.prefab
  artifactKey: Guid(56f02590ce7db2347803864c84dd78d3) Importer(815301076,1909f56bfc062723c751e8b465ee728b)
Start importing Assets/VFXPACK_FIRE_WALLCOEUR/Prefab/VFX_TorchLight.prefab using Guid(56f02590ce7db2347803864c84dd78d3) Importer(815301076,1909f56bfc062723c751e8b465ee728b) (PreviewImporter) -> (artifact id: 'a68786786a1e302e7085dda27eec5454') in 0.0253418 seconds
Number of updated asset objects reloaded before import = 0Number of asset objects unloaded after import = 17

========================================================================
Received Import Request.
  Time since last request: 8.089682 seconds.
  path: Assets/VFXPACK_FIRE_WALLCOEUR/Material/A_SmokeAdd.mat
  artifactKey: Guid(560ded7d466dc58429e2c0b8e8b22d45) Importer(815301076,1909f56bfc062723c751e8b465ee728b)
Start importing Assets/VFXPACK_FIRE_WALLCOEUR/Material/A_SmokeAdd.mat using Guid(560ded7d466dc58429e2c0b8e8b22d45) Importer(815301076,1909f56bfc062723c751e8b465ee728b) (PreviewImporter) -> (artifact id: 'b79418a56a804d164e075f931789632b') in 0.0479449 seconds
Number of updated asset objects reloaded before import = 0Number of asset objects unloaded after import = 1

========================================================================
Received Import Request.
  Time since last request: 172.706087 seconds.
  path: Assets/Scenes/Map.unity
  artifactKey: Guid(f09a5845a563e1640b583597ea5c5bdb) Importer(2089858483,192608db42251d675da83286b1cce702)
Start importing Assets/Scenes/Map.unity using Guid(f09a5845a563e1640b583597ea5c5bdb) Importer(2089858483,192608db42251d675da83286b1cce702) (ScriptedImporter) -> (artifact id: 'ff6f9aedbf3fa2e92a5a3e8ff3355f56') in 0.0225078 seconds
Number of updated asset objects reloaded before import = 0Number of asset objects unloaded after import = 1

========================================================================
Received Import Request.
  Time since last request: 101.222319 seconds.
  path: Assets/Scenes/Map.unity
  artifactKey: Guid(f09a5845a563e1640b583597ea5c5bdb) Importer(2089858483,192608db42251d675da83286b1cce702)
Start importing Assets/Scenes/Map.unity using Guid(f09a5845a563e1640b583597ea5c5bdb) Importer(2089858483,192608db42251d675da83286b1cce702) (ScriptedImporter) -> (artifact id: 'f3114e5c58b1fbe9446ceba90bf0245f') in 0.0342789 seconds
Number of updated asset objects reloaded before import = 0Number of asset objects unloaded after import = 1

