[Licensing::Module] Trying to connect to existing licensing client channel...
[Licensing::IpcConnector] Successfully connected to: "LicenseClient-ferna" at "2025-11-14T05:45:27.7211216Z"
Built from '6000.2/respin/6000.2.8f1-e4064264ae96' branch; Version is '6000.2.8f1 (c9992ac36c34) revision 13211946'; Using compiler version '194234433'; Build Type 'Release'
OS: 'Windows 11  (10.0.26200) 64bit Core' Language: 'es' Physical Memory: 15573 MB
BatchMode: 1, IsHumanControllingUs: 0, StartBugReporterOnCrash: 0, Is64bit: 1
Date: 2025-11-14T05:45:27Z

COMMAND LINE ARGUMENTS:
C:\Program Files\Unity\Hub\Editor\6000.2.8f1\Editor\Unity.exe
-adb2
-batchMode
-noUpm
-name
AssetImportWorker8
-projectPath
C:/Users/ferna/Game3D
-logFile
Logs/AssetImportWorker8.log
-srvPort
57508
-licensingIpc
LicenseClient-ferna
-job-worker-count
5
-background-job-worker-count
8
-gc-helper-count
1
-name
AssetImport
Successfully changed project path to: C:/Users/ferna/Game3D
C:/Users/ferna/Game3D
[UnityMemory] Configuration Parameters - Can be set up in boot.config
    "memorysetup-allocator-temp-initial-block-size-main=262144"
    "memorysetup-allocator-temp-initial-block-size-worker=262144"
    "memorysetup-bucket-allocator-granularity=16"
    "memorysetup-bucket-allocator-bucket-count=8"
    "memorysetup-bucket-allocator-block-size=33554432"
    "memorysetup-bucket-allocator-block-count=8"
    "memorysetup-main-allocator-block-size=16777216"
    "memorysetup-thread-allocator-block-size=16777216"
    "memorysetup-gfx-main-allocator-block-size=16777216"
    "memorysetup-gfx-thread-allocator-block-size=16777216"
    "memorysetup-cache-allocator-block-size=4194304"
    "memorysetup-typetree-allocator-block-size=2097152"
    "memorysetup-profiler-bucket-allocator-granularity=16"
    "memorysetup-profiler-bucket-allocator-bucket-count=8"
    "memorysetup-profiler-bucket-allocator-block-size=33554432"
    "memorysetup-profiler-bucket-allocator-block-count=8"
    "memorysetup-profiler-allocator-block-size=16777216"
    "memorysetup-profiler-editor-allocator-block-size=1048576"
    "memorysetup-temp-allocator-size-main=16777216"
    "memorysetup-job-temp-allocator-block-size=2097152"
    "memorysetup-job-temp-allocator-block-size-background=1048576"
    "memorysetup-job-temp-allocator-reduction-small-platforms=262144"
    "memorysetup-temp-allocator-size-background-worker=32768"
    "memorysetup-temp-allocator-size-job-worker=262144"
    "memorysetup-temp-allocator-size-preload-manager=33554432"
    "memorysetup-temp-allocator-size-nav-mesh-worker=65536"
    "memorysetup-temp-allocator-size-audio-worker=65536"
    "memorysetup-temp-allocator-size-cloud-worker=32768"
    "memorysetup-temp-allocator-size-gi-baking-worker=262144"
    "memorysetup-temp-allocator-size-gi-baking-worker=262144"
    "memorysetup-temp-allocator-size-gi-baking-worker=262144"
    "memorysetup-temp-allocator-size-gi-baking-worker=262144"
    "memorysetup-temp-allocator-size-gi-baking-worker=262144"
    "memorysetup-temp-allocator-size-gfx=262144"
Player connection [12512]  Target information:

Player connection [12512]  * "[IP] 192.168.56.1 [Port] 0 [Flags] 2 [Guid] 3996932101 [EditorId] 3996932101 [Version] 1048832 [Id] WindowsEditor(7,DESKTOP-JCKR01F) [Debug] 1 [PackageName] WindowsEditor [ProjectName] Editor" 

Player connection [12512]  * "[IP] 192.168.1.100 [Port] 0 [Flags] 2 [Guid] 3996932101 [EditorId] 3996932101 [Version] 1048832 [Id] WindowsEditor(7,DESKTOP-JCKR01F) [Debug] 1 [PackageName] WindowsEditor [ProjectName] Editor" 

Player connection [12512] Host joined multi-casting on [225.0.0.222:54997]...
Player connection [12512] Host joined alternative multi-casting on [225.0.0.222:34997]...
JobSystem: Creating JobQueue using job-worker-count value 5
Input System module state changed to: Initialized.
[Physics::Module] Initialized fallback backend.
[Physics::Module] Id: 0xdecafbad
[Licensing::Client] Code 10 while verifying Licensing Client signature (process Id: 12876, path: "C:/Program Files/Unity Hub/UnityLicensingClient_V1/Unity.Licensing.Client.exe")
[Licensing::Module] LicensingClient has failed validation; ignoring
[Licensing::Client] Handshaking with LicensingClient:
  Version:                 1.17.3+a4e98f1
  Session Id:              f7116bcb93ad414b98ee5974de7ddb98
  Correlation Id:          713961e0efea25da71839c613daa8e6b
  External correlation Id: 6814322696824157751
  Machine Id:              ot0+XFDiucx5vwNg2JQWI0HOj0g=
[Licensing::Module] Successfully connected to LicensingClient on channel: "LicenseClient-ferna" (connect: 0.00s, validation: 0.00s, handshake: 0.12s)
[Licensing::IpcConnector] Successfully connected to: "LicenseClient-ferna-notifications" at "2025-11-14T05:45:27.8416446Z"
[Licensing::Module] Licensing Background thread has ended after 0.12s
Library Redirect Path: Library/
[Physics::Module] Selected backend.
[Physics::Module] Name: PhysX
[Physics::Module] Id: 0xf2b8ea05
[Physics::Module] SDK Version: 4.1.2
[Physics::Module] Integration Version: 1.0.0
[Physics::Module] Threading Mode: Multi-Threaded
Refreshing native plugins compatible for Editor in 11.85 ms, found 3 plugins.
Preloading 0 native plugins for Editor in 0.00 ms.
Initialize engine version: 6000.2.8f1 (c9992ac36c34)
[Subsystems] Discovering subsystems at path C:/Program Files/Unity/Hub/Editor/6000.2.8f1/Editor/Data/Resources/UnitySubsystems
[Subsystems] Discovering subsystems at path C:/Users/ferna/Game3D/Assets
GfxDevice: creating device client; kGfxThreadingModeNonThreaded
Direct3D:
    Version:  Direct3D 11.0 [level 11.1]
    Renderer: NVIDIA GeForce RTX 2050 (ID=0x25ad)
    Vendor:   NVIDIA
    VRAM:     3964 MB
    Driver:   32.0.15.7703
Initialize mono
Mono path[0] = 'C:/Program Files/Unity/Hub/Editor/6000.2.8f1/Editor/Data/Managed'
Mono path[1] = 'C:/Program Files/Unity/Hub/Editor/6000.2.8f1/Editor/Data/MonoBleedingEdge/lib/mono/unityjit-win32'
Mono config path = 'C:/Program Files/Unity/Hub/Editor/6000.2.8f1/Editor/Data/MonoBleedingEdge/etc'
Using monoOptions --debugger-agent=transport=dt_socket,embedding=1,server=y,suspend=n,address=127.0.0.1:56460
Begin MonoManager ReloadAssembly
Registering precompiled unity dll's ...
Register platform support module: C:/Program Files/Unity/Hub/Editor/6000.2.8f1/Editor/Data/PlaybackEngines/WindowsStandaloneSupport/UnityEditor.WindowsStandalone.Extensions.dll
[Licensing::Client] Successfully resolved entitlement details
[Licensing::Module] License group:
  Id: 4674135729462-UnityPersXXXX
  Product: Unity Personal
  Type: Assigned
  Expiration: Unlimited
Register platform support module: C:/Program Files/Unity/Hub/Editor/6000.2.8f1/Editor/Data/PlaybackEngines/MetroSupport/UnityEditor.UWP.Extensions.dll
Registered in 0.013185 seconds.
- Loaded All Assemblies, in  0.694 seconds
Native extension for UWP target not found
Native extension for WindowsStandalone target not found
Mono: successfully reloaded assembly
- Finished resetting the current domain, in  0.714 seconds
Domain Reload Profiling: 1398ms
	BeginReloadAssembly (237ms)
		ExecutionOrderSort (0ms)
		DisableScriptedObjects (0ms)
		BackupInstance (0ms)
		ReleaseScriptingObjects (0ms)
		CreateAndSetChildDomain (1ms)
	RebuildCommonClasses (63ms)
	RebuildNativeTypeToScriptingClass (20ms)
	initialDomainReloadingComplete (113ms)
	LoadAllAssembliesAndSetupDomain (250ms)
		LoadAssemblies (230ms)
		RebuildTransferFunctionScriptingTraits (0ms)
		AnalyzeDomain (245ms)
			TypeCache.Refresh (242ms)
				TypeCache.ScanAssembly (222ms)
			BuildScriptInfoCaches (0ms)
			ResolveRequiredComponents (1ms)
	FinalizeReload (715ms)
		ReleaseScriptCaches (0ms)
		RebuildScriptCaches (0ms)
		SetupLoadedEditorAssemblies (621ms)
			LogAssemblyErrors (0ms)
			InitializePlatformSupportModulesInManaged (65ms)
			SetLoadedEditorAssemblies (5ms)
			BeforeProcessingInitializeOnLoad (155ms)
			ProcessInitializeOnLoadAttributes (301ms)
			ProcessInitializeOnLoadMethodAttributes (95ms)
			AfterProcessingInitializeOnLoad (0ms)
			EditorAssembliesLoaded (0ms)
		ExecutionOrderSort2 (0ms)
		AwakeInstancesAfterBackupRestoration (0ms)
Assembly reference Packages/com.unity.cinemachine/Editor/Samples/ExposeHDRPInternals/HDRP-Editor-ref.asmref has no target assembly definition
========================================================================
Worker process is ready to serve import requests
Import Worker Mode flag is 0x00
Assembly reference Packages/com.unity.cinemachine/Editor/Samples/ExposeHDRPInternals/HDRP-Editor-ref.asmref has no target assembly definition
Assembly reference Packages/com.unity.cinemachine/Editor/Samples/ExposeHDRPInternals/HDRP-Editor-ref.asmref has no target assembly definition
Begin MonoManager ReloadAssembly
[Licensing::Client] Successfully resolved entitlement details
Symbol file LoadedFromMemory is not a mono symbol file
- Loaded All Assemblies, in  1.797 seconds
Assembly reference Packages/com.unity.cinemachine/Editor/Samples/ExposeHDRPInternals/HDRP-Editor-ref.asmref has no target assembly definition
'Packages/com.unity.cinemachine/Editor/Obsolete/CinemachineVirtualCameraBaseEditor.cs' contains partial class of Unity.Object, exactly 1 of the partial classes needs to be in a file with the same filename. This is to know the one that can be referenced from ie. GameObjects
'Packages/com.unity.cinemachine/Editor/Editors/CinemachineVirtualCameraBaseEditor.cs' contains partial class of Unity.Object, exactly 1 of the partial classes needs to be in a file with the same filename. This is to know the one that can be referenced from ie. GameObjects
Refreshing native plugins compatible for Editor in 12.57 ms, found 3 plugins.
Native extension for UWP target not found
Native extension for WindowsStandalone target not found
Assembly reference Packages/com.unity.cinemachine/Editor/Samples/ExposeHDRPInternals/HDRP-Editor-ref.asmref has no target assembly definition
Package Manager log level set to [2]
[Package Manager] Failed to launch server process. Reason: Unity was launched with the -noUpm command-line argument
[Package Manager] Unable to send message (not connected to server process).
[Package Manager] Cannot connect to Unity Package Manager local server
[Package Manager] Failed to launch server process. Reason: Unity was launched with the -noUpm command-line argument
[Package Manager] Unable to send message (not connected to server process).
[Package Manager] Cannot connect to Unity Package Manager local server
Refreshing native plugins compatible for Editor in 10.86 ms, found 3 plugins.
[MODES] ModeService[none].Initialize
[MODES] ModeService[none].LoadModes
[MODES] Loading mode Default (0) for mode-current-id-Game3D
Mono: successfully reloaded assembly
- Finished resetting the current domain, in  1.933 seconds
Domain Reload Profiling: 3713ms
	BeginReloadAssembly (248ms)
		ExecutionOrderSort (0ms)
		DisableScriptedObjects (8ms)
		BackupInstance (0ms)
		ReleaseScriptingObjects (0ms)
		CreateAndSetChildDomain (50ms)
	RebuildCommonClasses (50ms)
	RebuildNativeTypeToScriptingClass (15ms)
	initialDomainReloadingComplete (67ms)
	LoadAllAssembliesAndSetupDomain (1399ms)
		LoadAssemblies (977ms)
		RebuildTransferFunctionScriptingTraits (0ms)
		AnalyzeDomain (551ms)
			TypeCache.Refresh (436ms)
				TypeCache.ScanAssembly (403ms)
			BuildScriptInfoCaches (89ms)
			ResolveRequiredComponents (18ms)
	FinalizeReload (1934ms)
		ReleaseScriptCaches (0ms)
		RebuildScriptCaches (0ms)
		SetupLoadedEditorAssemblies (1633ms)
			LogAssemblyErrors (0ms)
			InitializePlatformSupportModulesInManaged (3ms)
			SetLoadedEditorAssemblies (7ms)
			BeforeProcessingInitializeOnLoad (387ms)
			ProcessInitializeOnLoadAttributes (894ms)
			ProcessInitializeOnLoadMethodAttributes (330ms)
			AfterProcessingInitializeOnLoad (11ms)
			EditorAssembliesLoaded (0ms)
		ExecutionOrderSort2 (0ms)
		AwakeInstancesAfterBackupRestoration (8ms)
Launched and connected shader compiler UnityShaderCompiler.exe after 0.02 seconds
Refreshing native plugins compatible for Editor in 9.51 ms, found 3 plugins.
Preloading 0 native plugins for Editor in 0.00 ms.
Unloading 16 Unused Serialized files (Serialized files now loaded: 0)
Unloading 8023 unused Assets / (2.9 MB). Loaded Objects now: 8744.
Memory consumption went from 175.7 MB to 172.7 MB.
Total: 41.622800 ms (FindLiveObjects: 1.953200 ms CreateObjectMapping: 2.438400 ms MarkObjects: 31.732300 ms  DeleteObjects: 5.495100 ms)

========================================================================
Received Import Request.
  Time since last request: 90997.205072 seconds.
  path: Assets/Modular Castle/Assets/prefabs/barrel.prefab
  artifactKey: Guid(8c2b62e7246b8be418a40cb56f42685a) Importer(815301076,1909f56bfc062723c751e8b465ee728b)
Start importing Assets/Modular Castle/Assets/prefabs/barrel.prefab using Guid(8c2b62e7246b8be418a40cb56f42685a) Importer(815301076,1909f56bfc062723c751e8b465ee728b) (PreviewImporter) -> (artifact id: '882a46d26b614406631a92d89fc09a59') in 4.5746066 seconds
Number of updated asset objects reloaded before import = 0Number of asset objects unloaded after import = 10

========================================================================
Received Import Request.
  Time since last request: 0.000037 seconds.
  path: Assets/Modular Castle/Assets/prefabs/floor1.prefab
  artifactKey: Guid(64cb684f38ab4e547a77225cd823cf62) Importer(815301076,1909f56bfc062723c751e8b465ee728b)
Start importing Assets/Modular Castle/Assets/prefabs/floor1.prefab using Guid(64cb684f38ab4e547a77225cd823cf62) Importer(815301076,1909f56bfc062723c751e8b465ee728b) (PreviewImporter) -> (artifact id: 'cf342dc462b57ac7abb9559a4281b60d') in 0.0658855 seconds
Number of updated asset objects reloaded before import = 0Number of asset objects unloaded after import = 10

========================================================================
Received Import Request.
  Time since last request: 2.002919 seconds.
  path: Assets/Modular Castle/Assets/prefabs/bed2.prefab
  artifactKey: Guid(603974aa53b216142bc3b923a72e69a2) Importer(815301076,1909f56bfc062723c751e8b465ee728b)
Start importing Assets/Modular Castle/Assets/prefabs/bed2.prefab using Guid(603974aa53b216142bc3b923a72e69a2) Importer(815301076,1909f56bfc062723c751e8b465ee728b) (PreviewImporter) -> (artifact id: '30bd3cba97a929df8cf00bf98823d85e') in 0.0446976 seconds
Number of updated asset objects reloaded before import = 0Number of asset objects unloaded after import = 10

========================================================================
Received Import Request.
  Time since last request: 0.000029 seconds.
  path: Assets/Modular Castle/Assets/prefabs/pillar1.prefab
  artifactKey: Guid(7250e3ee64608cf4ebd2df16b04e2e4b) Importer(815301076,1909f56bfc062723c751e8b465ee728b)
Start importing Assets/Modular Castle/Assets/prefabs/pillar1.prefab using Guid(7250e3ee64608cf4ebd2df16b04e2e4b) Importer(815301076,1909f56bfc062723c751e8b465ee728b) (PreviewImporter) -> (artifact id: 'c88c9102883cad35e980e87a275ce1f9') in 0.0334174 seconds
Number of updated asset objects reloaded before import = 0Number of asset objects unloaded after import = 10

========================================================================
Received Import Request.
  Time since last request: 0.000042 seconds.
  path: Assets/Modular Castle/Assets/prefabs/doorway2.prefab
  artifactKey: Guid(eda319de497b2a4449c2ab39265a3ac5) Importer(815301076,1909f56bfc062723c751e8b465ee728b)
Start importing Assets/Modular Castle/Assets/prefabs/doorway2.prefab using Guid(eda319de497b2a4449c2ab39265a3ac5) Importer(815301076,1909f56bfc062723c751e8b465ee728b) (PreviewImporter) -> (artifact id: 'b1275683d86120d4cc2d21a30d7ecd87') in 0.0302215 seconds
Number of updated asset objects reloaded before import = 0Number of asset objects unloaded after import = 20

========================================================================
Received Import Request.
  Time since last request: 0.000024 seconds.
  path: Assets/Modular Castle/Assets/prefabs/mannequin_armor.prefab
  artifactKey: Guid(e6188d8b8dc4a3648b2d90a9707953dc) Importer(815301076,1909f56bfc062723c751e8b465ee728b)
Start importing Assets/Modular Castle/Assets/prefabs/mannequin_armor.prefab using Guid(e6188d8b8dc4a3648b2d90a9707953dc) Importer(815301076,1909f56bfc062723c751e8b465ee728b) (PreviewImporter) -> (artifact id: '69a5c21a125dbb83c99b8ac826fa3232') in 0.0428821 seconds
Number of updated asset objects reloaded before import = 0Number of asset objects unloaded after import = 10

========================================================================
Received Import Request.
  Time since last request: 0.000039 seconds.
  path: Assets/Modular Castle/Assets/prefabs/box1.prefab
  artifactKey: Guid(a67e15b1ca208c641a5b4e1e20844590) Importer(815301076,1909f56bfc062723c751e8b465ee728b)
Start importing Assets/Modular Castle/Assets/prefabs/box1.prefab using Guid(a67e15b1ca208c641a5b4e1e20844590) Importer(815301076,1909f56bfc062723c751e8b465ee728b) (PreviewImporter) -> (artifact id: 'f1db5ac9433a9b32dec15e43be5f9a39') in 0.0482021 seconds
Number of updated asset objects reloaded before import = 0Number of asset objects unloaded after import = 10

========================================================================
Received Import Request.
  Time since last request: 0.000026 seconds.
  path: Assets/Modular Castle/Assets/prefabs/decoration3.prefab
  artifactKey: Guid(e4c9015087da2854dbbd1ef410f75a01) Importer(815301076,1909f56bfc062723c751e8b465ee728b)
Start importing Assets/Modular Castle/Assets/prefabs/decoration3.prefab using Guid(e4c9015087da2854dbbd1ef410f75a01) Importer(815301076,1909f56bfc062723c751e8b465ee728b) (PreviewImporter) -> (artifact id: '1f54139ba726f2a004b6815878c3d12f') in 0.0423184 seconds
Number of updated asset objects reloaded before import = 0Number of asset objects unloaded after import = 10

========================================================================
Received Import Request.
  Time since last request: 0.000039 seconds.
  path: Assets/Modular Castle/Assets/prefabs/litter1.prefab
  artifactKey: Guid(d2bf29c4c2836f1439107ad7e08dd160) Importer(815301076,1909f56bfc062723c751e8b465ee728b)
Start importing Assets/Modular Castle/Assets/prefabs/litter1.prefab using Guid(d2bf29c4c2836f1439107ad7e08dd160) Importer(815301076,1909f56bfc062723c751e8b465ee728b) (PreviewImporter) -> (artifact id: '268189c338d4e46a19bf78c06810452d') in 0.0392765 seconds
Number of updated asset objects reloaded before import = 0Number of asset objects unloaded after import = 10

========================================================================
Received Import Request.
  Time since last request: 0.000028 seconds.
  path: Assets/Modular Castle/Assets/prefabs/carpet3.prefab
  artifactKey: Guid(eddf42ac28e1a0f4fb79767394e23cda) Importer(815301076,1909f56bfc062723c751e8b465ee728b)
Start importing Assets/Modular Castle/Assets/prefabs/carpet3.prefab using Guid(eddf42ac28e1a0f4fb79767394e23cda) Importer(815301076,1909f56bfc062723c751e8b465ee728b) (PreviewImporter) -> (artifact id: '37349268b6d9bf215db4d8ab9194859d') in 0.024731 seconds
Number of updated asset objects reloaded before import = 0Number of asset objects unloaded after import = 10

========================================================================
Received Import Request.
  Time since last request: 0.000095 seconds.
  path: Assets/Modular Castle/Assets/prefabs/box3.prefab
  artifactKey: Guid(40064a3eba9f8ef4db78ee0fbcd75c8c) Importer(815301076,1909f56bfc062723c751e8b465ee728b)
Start importing Assets/Modular Castle/Assets/prefabs/box3.prefab using Guid(40064a3eba9f8ef4db78ee0fbcd75c8c) Importer(815301076,1909f56bfc062723c751e8b465ee728b) (PreviewImporter) -> (artifact id: '91caef4c492da737eb5a6dbccc92c4a2') in 0.0269007 seconds
Number of updated asset objects reloaded before import = 0Number of asset objects unloaded after import = 10

========================================================================
Received Import Request.
  Time since last request: 0.700454 seconds.
  path: Assets/Modular Castle/Assets/prefabs/pillar_small1.prefab
  artifactKey: Guid(f18c80e40f3eae04a943a2e61d870d14) Importer(815301076,1909f56bfc062723c751e8b465ee728b)
Start importing Assets/Modular Castle/Assets/prefabs/pillar_small1.prefab using Guid(f18c80e40f3eae04a943a2e61d870d14) Importer(815301076,1909f56bfc062723c751e8b465ee728b) (PreviewImporter) -> (artifact id: 'bc5c3e45f4be397a30985b780a35548f') in 0.0267809 seconds
Number of updated asset objects reloaded before import = 0Number of asset objects unloaded after import = 10

========================================================================
Received Import Request.
  Time since last request: 0.000023 seconds.
  path: Assets/Modular Castle/Assets/prefabs/stand with weapons.prefab
  artifactKey: Guid(12aa655f8b99b354ead2d832d68b25d3) Importer(815301076,1909f56bfc062723c751e8b465ee728b)
Start importing Assets/Modular Castle/Assets/prefabs/stand with weapons.prefab using Guid(12aa655f8b99b354ead2d832d68b25d3) Importer(815301076,1909f56bfc062723c751e8b465ee728b) (PreviewImporter) -> (artifact id: '986bef9574d1e607ff0736ab15b8be30') in 0.0253028 seconds
Number of updated asset objects reloaded before import = 0Number of asset objects unloaded after import = 10

========================================================================
Received Import Request.
  Time since last request: 0.000026 seconds.
  path: Assets/Modular Castle/Assets/prefabs/stairs2.prefab
  artifactKey: Guid(9c11641965d5281408e69c5082c13c3f) Importer(815301076,1909f56bfc062723c751e8b465ee728b)
Start importing Assets/Modular Castle/Assets/prefabs/stairs2.prefab using Guid(9c11641965d5281408e69c5082c13c3f) Importer(815301076,1909f56bfc062723c751e8b465ee728b) (PreviewImporter) -> (artifact id: '3f7d6624368b8fa24b08268010bf91c3') in 0.0260072 seconds
Number of updated asset objects reloaded before import = 0Number of asset objects unloaded after import = 10

========================================================================
Received Import Request.
  Time since last request: 0.113603 seconds.
  path: Assets/Modular Castle/Assets/prefabs/wall1.prefab
  artifactKey: Guid(e38067ccaff52424db35c2958d80cb11) Importer(815301076,1909f56bfc062723c751e8b465ee728b)
Start importing Assets/Modular Castle/Assets/prefabs/wall1.prefab using Guid(e38067ccaff52424db35c2958d80cb11) Importer(815301076,1909f56bfc062723c751e8b465ee728b) (PreviewImporter) -> (artifact id: '8949266045d355cbd65b1d60a484cc1c') in 0.0276803 seconds
Number of updated asset objects reloaded before import = 0Number of asset objects unloaded after import = 10

========================================================================
Received Import Request.
  Time since last request: 0.000041 seconds.
  path: Assets/Modular Castle/Assets/prefabs/wall4.prefab
  artifactKey: Guid(c83073190e4a3614b9dbac2cf9c47f32) Importer(815301076,1909f56bfc062723c751e8b465ee728b)
Start importing Assets/Modular Castle/Assets/prefabs/wall4.prefab using Guid(c83073190e4a3614b9dbac2cf9c47f32) Importer(815301076,1909f56bfc062723c751e8b465ee728b) (PreviewImporter) -> (artifact id: '98474dc5efc9255f1a2a4046867122fa') in 0.0254106 seconds
Number of updated asset objects reloaded before import = 0Number of asset objects unloaded after import = 10

========================================================================
Received Import Request.
  Time since last request: 9.443850 seconds.
  path: Assets/Modular Castle/Assets/prefabs2/barrel 1.prefab
  artifactKey: Guid(5b10739b451ff7e4d8d43fe0b44921a3) Importer(815301076,1909f56bfc062723c751e8b465ee728b)
Start importing Assets/Modular Castle/Assets/prefabs2/barrel 1.prefab using Guid(5b10739b451ff7e4d8d43fe0b44921a3) Importer(815301076,1909f56bfc062723c751e8b465ee728b) (PreviewImporter) -> (artifact id: '616fa0b6a746f00745005c4659fd8e77') in 0.0595865 seconds
Number of updated asset objects reloaded before import = 0Number of asset objects unloaded after import = 24

========================================================================
Received Import Request.
  Time since last request: 0.000029 seconds.
  path: Assets/Modular Castle/Assets/prefabs2/mannequin 1.prefab
  artifactKey: Guid(48c040965861d8c40befca832709a45c) Importer(815301076,1909f56bfc062723c751e8b465ee728b)
Start importing Assets/Modular Castle/Assets/prefabs2/mannequin 1.prefab using Guid(48c040965861d8c40befca832709a45c) Importer(815301076,1909f56bfc062723c751e8b465ee728b) (PreviewImporter) -> (artifact id: '3df4dfbfcaeaa01fcbd1406145291bac') in 0.0323865 seconds
Number of updated asset objects reloaded before import = 0Number of asset objects unloaded after import = 15

========================================================================
Received Import Request.
  Time since last request: 0.000048 seconds.
  path: Assets/Modular Castle/Assets/prefabs2/decoration3.prefab
  artifactKey: Guid(31ba195dc0487cd458132f3c4f8e9e15) Importer(815301076,1909f56bfc062723c751e8b465ee728b)
Start importing Assets/Modular Castle/Assets/prefabs2/decoration3.prefab using Guid(31ba195dc0487cd458132f3c4f8e9e15) Importer(815301076,1909f56bfc062723c751e8b465ee728b) (PreviewImporter) -> (artifact id: '67fcb0ef66b15c7a5f413c918e8c3e46') in 0.0257083 seconds
Number of updated asset objects reloaded before import = 0Number of asset objects unloaded after import = 15

========================================================================
Received Import Request.
  Time since last request: 0.000024 seconds.
  path: Assets/Modular Castle/Assets/prefabs2/decoration3 1.prefab
  artifactKey: Guid(449a004ce2f286f4a9f07629d41960fe) Importer(815301076,1909f56bfc062723c751e8b465ee728b)
Start importing Assets/Modular Castle/Assets/prefabs2/decoration3 1.prefab using Guid(449a004ce2f286f4a9f07629d41960fe) Importer(815301076,1909f56bfc062723c751e8b465ee728b) (PreviewImporter) -> (artifact id: 'd9f60c02bd3abdab689b8e4595b43073') in 0.0252761 seconds
Number of updated asset objects reloaded before import = 0Number of asset objects unloaded after import = 19

========================================================================
Received Import Request.
  Time since last request: 0.000024 seconds.
  path: Assets/Modular Castle/Assets/prefabs2/box3.prefab
  artifactKey: Guid(13edd2ee365a97d4aa571acdb0a7d83f) Importer(815301076,1909f56bfc062723c751e8b465ee728b)
Start importing Assets/Modular Castle/Assets/prefabs2/box3.prefab using Guid(13edd2ee365a97d4aa571acdb0a7d83f) Importer(815301076,1909f56bfc062723c751e8b465ee728b) (PreviewImporter) -> (artifact id: 'a01921ce4b0c03feb53ea26248ae7b15') in 0.0251858 seconds
Number of updated asset objects reloaded before import = 0Number of asset objects unloaded after import = 20

========================================================================
Received Import Request.
  Time since last request: 0.000031 seconds.
  path: Assets/Modular Castle/Assets/prefabs2/wall7.prefab
  artifactKey: Guid(cfe3a621ddd7aee4cb64ee0caa431e12) Importer(815301076,1909f56bfc062723c751e8b465ee728b)
Start importing Assets/Modular Castle/Assets/prefabs2/wall7.prefab using Guid(cfe3a621ddd7aee4cb64ee0caa431e12) Importer(815301076,1909f56bfc062723c751e8b465ee728b) (PreviewImporter) -> (artifact id: 'd90522afd1f0582311344fd0e2049790') in 0.0287401 seconds
Number of updated asset objects reloaded before import = 0Number of asset objects unloaded after import = 75

========================================================================
Received Import Request.
  Time since last request: 0.000032 seconds.
  path: Assets/Modular Castle/Assets/prefabs2/candleholder2.prefab
  artifactKey: Guid(c6fda97e2f85f854388b401808f813c7) Importer(815301076,1909f56bfc062723c751e8b465ee728b)
Start importing Assets/Modular Castle/Assets/prefabs2/candleholder2.prefab using Guid(c6fda97e2f85f854388b401808f813c7) Importer(815301076,1909f56bfc062723c751e8b465ee728b) (PreviewImporter) -> (artifact id: '0625218694255380ed615bbcc1e41faf') in 0.0268977 seconds
Number of updated asset objects reloaded before import = 0Number of asset objects unloaded after import = 19

========================================================================
Received Import Request.
  Time since last request: 0.000022 seconds.
  path: Assets/Modular Castle/Assets/prefabs2/candles 1.prefab
  artifactKey: Guid(3033b6e2c5fe4a747a5918bfadbc019a) Importer(815301076,1909f56bfc062723c751e8b465ee728b)
Start importing Assets/Modular Castle/Assets/prefabs2/candles 1.prefab using Guid(3033b6e2c5fe4a747a5918bfadbc019a) Importer(815301076,1909f56bfc062723c751e8b465ee728b) (PreviewImporter) -> (artifact id: '998e4791b51b5d6c200459b36e452796') in 0.0302482 seconds
Number of updated asset objects reloaded before import = 0Number of asset objects unloaded after import = 82

========================================================================
Received Import Request.
  Time since last request: 0.000022 seconds.
  path: Assets/Modular Castle/Assets/prefabs2/candle3.prefab
  artifactKey: Guid(488fb4bf55e88e243a3d0bfaa7e42703) Importer(815301076,1909f56bfc062723c751e8b465ee728b)
Start importing Assets/Modular Castle/Assets/prefabs2/candle3.prefab using Guid(488fb4bf55e88e243a3d0bfaa7e42703) Importer(815301076,1909f56bfc062723c751e8b465ee728b) (PreviewImporter) -> (artifact id: 'f5a0c016b6fe7f00cc540cdb1fbeee22') in 0.0267024 seconds
Number of updated asset objects reloaded before import = 0Number of asset objects unloaded after import = 27

Editor requested this worker to shutdown with reason: Scaling down because of idle timeout
AssetImportWorker is now disconnected from the server
Process exiting
Exiting without the bug reporter. Application will terminate with return code 0