[Licensing::Module] Trying to connect to existing licensing client channel...
Built from '6000.2/respin/6000.2.8f1-e4064264ae96' branch; Version is '6000.2.8f1 (c9992ac36c34) revision 13211946'; Using compiler version '194234433'; Build Type 'Release'
OS: 'Windows 11  (10.0.26200) 64bit Core' Language: 'es' Physical Memory: 15573 MB
BatchMode: 1, IsHumanControllingUs: 0, StartBugReporterOnCrash: 0, Is64bit: 1
Date: 2025-11-13T00:47:54Z
[Licensing::IpcConnector] Successfully connected to: "LicenseClient-ferna" at "2025-11-13T00:47:54.6869239Z"

COMMAND LINE ARGUMENTS:
C:\Program Files\Unity\Hub\Editor\6000.2.8f1\Editor\Unity.exe
-adb2
-batchMode
-noUpm
-name
AssetImportWorker16
-projectPath
C:/Users/ferna/Game3D
-logFile
Logs/AssetImportWorker16.log
-srvPort
55197
-licensingIpc
LicenseClient-ferna
-job-worker-count
5
-background-job-worker-count
8
-gc-helper-count
1
-name
AssetImport
Successfully changed project path to: C:/Users/ferna/Game3D
C:/Users/ferna/Game3D
[UnityMemory] Configuration Parameters - Can be set up in boot.config
    "memorysetup-allocator-temp-initial-block-size-main=262144"
    "memorysetup-allocator-temp-initial-block-size-worker=262144"
    "memorysetup-bucket-allocator-granularity=16"
    "memorysetup-bucket-allocator-bucket-count=8"
    "memorysetup-bucket-allocator-block-size=33554432"
    "memorysetup-bucket-allocator-block-count=8"
    "memorysetup-main-allocator-block-size=16777216"
    "memorysetup-thread-allocator-block-size=16777216"
    "memorysetup-gfx-main-allocator-block-size=16777216"
    "memorysetup-gfx-thread-allocator-block-size=16777216"
    "memorysetup-cache-allocator-block-size=4194304"
    "memorysetup-typetree-allocator-block-size=2097152"
    "memorysetup-profiler-bucket-allocator-granularity=16"
    "memorysetup-profiler-bucket-allocator-bucket-count=8"
    "memorysetup-profiler-bucket-allocator-block-size=33554432"
    "memorysetup-profiler-bucket-allocator-block-count=8"
    "memorysetup-profiler-allocator-block-size=16777216"
    "memorysetup-profiler-editor-allocator-block-size=1048576"
    "memorysetup-temp-allocator-size-main=16777216"
    "memorysetup-job-temp-allocator-block-size=2097152"
    "memorysetup-job-temp-allocator-block-size-background=1048576"
    "memorysetup-job-temp-allocator-reduction-small-platforms=262144"
    "memorysetup-temp-allocator-size-background-worker=32768"
    "memorysetup-temp-allocator-size-job-worker=262144"
    "memorysetup-temp-allocator-size-preload-manager=33554432"
    "memorysetup-temp-allocator-size-nav-mesh-worker=65536"
    "memorysetup-temp-allocator-size-audio-worker=65536"
    "memorysetup-temp-allocator-size-cloud-worker=32768"
    "memorysetup-temp-allocator-size-gi-baking-worker=262144"
    "memorysetup-temp-allocator-size-gi-baking-worker=262144"
    "memorysetup-temp-allocator-size-gi-baking-worker=262144"
    "memorysetup-temp-allocator-size-gi-baking-worker=262144"
    "memorysetup-temp-allocator-size-gi-baking-worker=262144"
    "memorysetup-temp-allocator-size-gfx=262144"
Player connection [9220]  Target information:

Player connection [9220]  * "[IP] 172.24.208.1 [Port] 0 [Flags] 2 [Guid] 3133490236 [EditorId] 3133490236 [Version] 1048832 [Id] WindowsEditor(7,DESKTOP-JCKR01F) [Debug] 1 [PackageName] WindowsEditor [ProjectName] Editor" 

Player connection [9220]  * "[IP] 192.168.56.1 [Port] 0 [Flags] 2 [Guid] 3133490236 [EditorId] 3133490236 [Version] 1048832 [Id] WindowsEditor(7,DESKTOP-JCKR01F) [Debug] 1 [PackageName] WindowsEditor [ProjectName] Editor" 

Player connection [9220]  * "[IP] 192.168.1.100 [Port] 0 [Flags] 2 [Guid] 3133490236 [EditorId] 3133490236 [Version] 1048832 [Id] WindowsEditor(7,DESKTOP-JCKR01F) [Debug] 1 [PackageName] WindowsEditor [ProjectName] Editor" 

Player connection [9220] Host joined multi-casting on [225.0.0.222:54997]...
Player connection [9220] Host joined alternative multi-casting on [225.0.0.222:34997]...
JobSystem: Creating JobQueue using job-worker-count value 5
Input System module state changed to: Initialized.
[Physics::Module] Initialized fallback backend.
[Physics::Module] Id: 0xdecafbad
[Licensing::Client] Code 10 while verifying Licensing Client signature (process Id: 8076, path: "C:/Program Files/Unity Hub/UnityLicensingClient_V1/Unity.Licensing.Client.exe")
[Licensing::Module] LicensingClient has failed validation; ignoring
[Licensing::Client] Handshaking with LicensingClient:
  Version:                 1.17.3+a4e98f1
  Session Id:              5731d3d57e75464284bbf8e98fb357f2
  Correlation Id:          4a0a0777b73ff4e269da8eff33693411
  External correlation Id: 5567170406888170948
  Machine Id:              ot0+XFDiucx5vwNg2JQWI0HOj0g=
[Licensing::Module] Successfully connected to LicensingClient on channel: "LicenseClient-ferna" (connect: 0.00s, validation: 0.00s, handshake: 0.05s)
[Licensing::IpcConnector] Successfully connected to: "LicenseClient-ferna-notifications" at "2025-11-13T00:47:54.735018Z"
[Licensing::Module] Licensing Background thread has ended after 0.05s
Library Redirect Path: Library/
[Physics::Module] Selected backend.
[Physics::Module] Name: PhysX
[Physics::Module] Id: 0xf2b8ea05
[Physics::Module] SDK Version: 4.1.2
[Physics::Module] Integration Version: 1.0.0
[Physics::Module] Threading Mode: Multi-Threaded
Refreshing native plugins compatible for Editor in 11.14 ms, found 3 plugins.
Preloading 0 native plugins for Editor in 0.00 ms.
Initialize engine version: 6000.2.8f1 (c9992ac36c34)
[Subsystems] Discovering subsystems at path C:/Program Files/Unity/Hub/Editor/6000.2.8f1/Editor/Data/Resources/UnitySubsystems
[Subsystems] Discovering subsystems at path C:/Users/ferna/Game3D/Assets
GfxDevice: creating device client; kGfxThreadingModeNonThreaded
Direct3D:
    Version:  Direct3D 11.0 [level 11.1]
    Renderer: NVIDIA GeForce RTX 2050 (ID=0x25ad)
    Vendor:   NVIDIA
    VRAM:     3964 MB
    Driver:   32.0.15.7703
Initialize mono
Mono path[0] = 'C:/Program Files/Unity/Hub/Editor/6000.2.8f1/Editor/Data/Managed'
Mono path[1] = 'C:/Program Files/Unity/Hub/Editor/6000.2.8f1/Editor/Data/MonoBleedingEdge/lib/mono/unityjit-win32'
Mono config path = 'C:/Program Files/Unity/Hub/Editor/6000.2.8f1/Editor/Data/MonoBleedingEdge/etc'
Using monoOptions --debugger-agent=transport=dt_socket,embedding=1,server=y,suspend=n,address=127.0.0.1:56800
Begin MonoManager ReloadAssembly
Registering precompiled unity dll's ...
Register platform support module: C:/Program Files/Unity/Hub/Editor/6000.2.8f1/Editor/Data/PlaybackEngines/WindowsStandaloneSupport/UnityEditor.WindowsStandalone.Extensions.dll
[Licensing::Client] Successfully resolved entitlement details
[Licensing::Module] License group:
  Id: 4674135729462-UnityPersXXXX
  Product: Unity Personal
  Type: Assigned
  Expiration: Unlimited
Register platform support module: C:/Program Files/Unity/Hub/Editor/6000.2.8f1/Editor/Data/PlaybackEngines/MetroSupport/UnityEditor.UWP.Extensions.dll
Registered in 0.005129 seconds.
- Loaded All Assemblies, in  0.398 seconds
Native extension for UWP target not found
Native extension for WindowsStandalone target not found
Mono: successfully reloaded assembly
- Finished resetting the current domain, in  0.357 seconds
Domain Reload Profiling: 751ms
	BeginReloadAssembly (125ms)
		ExecutionOrderSort (0ms)
		DisableScriptedObjects (0ms)
		BackupInstance (0ms)
		ReleaseScriptingObjects (0ms)
		CreateAndSetChildDomain (1ms)
	RebuildCommonClasses (36ms)
	RebuildNativeTypeToScriptingClass (11ms)
	initialDomainReloadingComplete (60ms)
	LoadAllAssembliesAndSetupDomain (162ms)
		LoadAssemblies (121ms)
		RebuildTransferFunctionScriptingTraits (0ms)
		AnalyzeDomain (159ms)
			TypeCache.Refresh (157ms)
				TypeCache.ScanAssembly (143ms)
			BuildScriptInfoCaches (0ms)
			ResolveRequiredComponents (0ms)
	FinalizeReload (357ms)
		ReleaseScriptCaches (0ms)
		RebuildScriptCaches (0ms)
		SetupLoadedEditorAssemblies (304ms)
			LogAssemblyErrors (0ms)
			InitializePlatformSupportModulesInManaged (46ms)
			SetLoadedEditorAssemblies (4ms)
			BeforeProcessingInitializeOnLoad (67ms)
			ProcessInitializeOnLoadAttributes (130ms)
			ProcessInitializeOnLoadMethodAttributes (56ms)
			AfterProcessingInitializeOnLoad (0ms)
			EditorAssembliesLoaded (0ms)
		ExecutionOrderSort2 (0ms)
		AwakeInstancesAfterBackupRestoration (0ms)
Assembly reference Packages/com.unity.cinemachine/Editor/Samples/ExposeHDRPInternals/HDRP-Editor-ref.asmref has no target assembly definition
========================================================================
Worker process is ready to serve import requests
Import Worker Mode flag is 0x00
Assembly reference Packages/com.unity.cinemachine/Editor/Samples/ExposeHDRPInternals/HDRP-Editor-ref.asmref has no target assembly definition
Assembly reference Packages/com.unity.cinemachine/Editor/Samples/ExposeHDRPInternals/HDRP-Editor-ref.asmref has no target assembly definition
Begin MonoManager ReloadAssembly
[Licensing::Client] Successfully resolved entitlement details
Symbol file LoadedFromMemory is not a mono symbol file
- Loaded All Assemblies, in  1.110 seconds
Assembly reference Packages/com.unity.cinemachine/Editor/Samples/ExposeHDRPInternals/HDRP-Editor-ref.asmref has no target assembly definition
'Packages/com.unity.cinemachine/Editor/Obsolete/CinemachineVirtualCameraBaseEditor.cs' contains partial class of Unity.Object, exactly 1 of the partial classes needs to be in a file with the same filename. This is to know the one that can be referenced from ie. GameObjects
'Packages/com.unity.cinemachine/Editor/Editors/CinemachineVirtualCameraBaseEditor.cs' contains partial class of Unity.Object, exactly 1 of the partial classes needs to be in a file with the same filename. This is to know the one that can be referenced from ie. GameObjects
Refreshing native plugins compatible for Editor in 15.04 ms, found 3 plugins.
Native extension for UWP target not found
Native extension for WindowsStandalone target not found
Assembly reference Packages/com.unity.cinemachine/Editor/Samples/ExposeHDRPInternals/HDRP-Editor-ref.asmref has no target assembly definition
Package Manager log level set to [2]
[Package Manager] Failed to launch server process. Reason: Unity was launched with the -noUpm command-line argument
[Package Manager] Unable to send message (not connected to server process).
[Package Manager] Cannot connect to Unity Package Manager local server
[Package Manager] Failed to launch server process. Reason: Unity was launched with the -noUpm command-line argument
[Package Manager] Unable to send message (not connected to server process).
[Package Manager] Cannot connect to Unity Package Manager local server
Refreshing native plugins compatible for Editor in 7.42 ms, found 3 plugins.
[MODES] ModeService[none].Initialize
[MODES] ModeService[none].LoadModes
[MODES] Loading mode Default (0) for mode-current-id-Game3D
Mono: successfully reloaded assembly
- Finished resetting the current domain, in  1.480 seconds
Domain Reload Profiling: 2581ms
	BeginReloadAssembly (183ms)
		ExecutionOrderSort (0ms)
		DisableScriptedObjects (7ms)
		BackupInstance (0ms)
		ReleaseScriptingObjects (0ms)
		CreateAndSetChildDomain (35ms)
	RebuildCommonClasses (38ms)
	RebuildNativeTypeToScriptingClass (10ms)
	initialDomainReloadingComplete (50ms)
	LoadAllAssembliesAndSetupDomain (821ms)
		LoadAssemblies (504ms)
		RebuildTransferFunctionScriptingTraits (0ms)
		AnalyzeDomain (413ms)
			TypeCache.Refresh (316ms)
				TypeCache.ScanAssembly (296ms)
			BuildScriptInfoCaches (79ms)
			ResolveRequiredComponents (12ms)
	FinalizeReload (1480ms)
		ReleaseScriptCaches (0ms)
		RebuildScriptCaches (0ms)
		SetupLoadedEditorAssemblies (1115ms)
			LogAssemblyErrors (0ms)
			InitializePlatformSupportModulesInManaged (4ms)
			SetLoadedEditorAssemblies (8ms)
			BeforeProcessingInitializeOnLoad (294ms)
			ProcessInitializeOnLoadAttributes (577ms)
			ProcessInitializeOnLoadMethodAttributes (224ms)
			AfterProcessingInitializeOnLoad (8ms)
			EditorAssembliesLoaded (0ms)
		ExecutionOrderSort2 (0ms)
		AwakeInstancesAfterBackupRestoration (6ms)
Launched and connected shader compiler UnityShaderCompiler.exe after 0.01 seconds
Refreshing native plugins compatible for Editor in 13.79 ms, found 3 plugins.
Preloading 0 native plugins for Editor in 0.00 ms.
Unloading 16 Unused Serialized files (Serialized files now loaded: 0)
Unloading 8023 unused Assets / (7.2 MB). Loaded Objects now: 8744.
Memory consumption went from 173.4 MB to 166.2 MB.
Total: 31.924200 ms (FindLiveObjects: 1.791700 ms CreateObjectMapping: 2.561500 ms MarkObjects: 20.703300 ms  DeleteObjects: 6.864100 ms)

========================================================================
Received Import Request.
  Time since last request: 24580.936603 seconds.
  path: Assets/Dry_Trees/Model/Dry4195.FBX
  artifactKey: Guid(750f8f30b2708f64f86e0a9176d9d7dc) Importer(815301076,1909f56bfc062723c751e8b465ee728b)
Start importing Assets/Dry_Trees/Model/Dry4195.FBX using Guid(750f8f30b2708f64f86e0a9176d9d7dc) Importer(815301076,1909f56bfc062723c751e8b465ee728b) (PreviewImporter) -> (artifact id: '1745c55e61572015f7b07d34b727078d') in 0.8250465 seconds
Number of updated asset objects reloaded before import = 0Number of asset objects unloaded after import = 28

========================================================================
Received Import Request.
  Time since last request: 31.407295 seconds.
  path: Assets/Altar_Ruins_FREE/PostProcessing.asset
  artifactKey: Guid(9135606b1b25e65499901659a28718b6) Importer(815301076,1909f56bfc062723c751e8b465ee728b)
Start importing Assets/Altar_Ruins_FREE/PostProcessing.asset using Guid(9135606b1b25e65499901659a28718b6) Importer(815301076,1909f56bfc062723c751e8b465ee728b) (PreviewImporter) -> (artifact id: '25a107ad48223e5ff0068a9a4e61db4d') in 0.0019807 seconds
Number of updated asset objects reloaded before import = 0Number of asset objects unloaded after import = 1

========================================================================
Received Import Request.
  Time since last request: 0.000040 seconds.
  path: Assets/Altar_Ruins_FREE/PostProcessing_Old_Scene.asset
  artifactKey: Guid(6f6c47d1ec063774683aec565254d221) Importer(815301076,1909f56bfc062723c751e8b465ee728b)
Start importing Assets/Altar_Ruins_FREE/PostProcessing_Old_Scene.asset using Guid(6f6c47d1ec063774683aec565254d221) Importer(815301076,1909f56bfc062723c751e8b465ee728b) (PreviewImporter) -> (artifact id: '0c7e1fd543b22de46e1e5a74bf29089e') in 0.001426 seconds
Number of updated asset objects reloaded before import = 0Number of asset objects unloaded after import = 1

========================================================================
Received Import Request.
  Time since last request: 2.162509 seconds.
  path: Assets/Altar_Ruins_FREE/Prefabs/Arch_2.prefab
  artifactKey: Guid(0f68d36d60295994eb5fe301649fb632) Importer(815301076,1909f56bfc062723c751e8b465ee728b)
Start importing Assets/Altar_Ruins_FREE/Prefabs/Arch_2.prefab using Guid(0f68d36d60295994eb5fe301649fb632) Importer(815301076,1909f56bfc062723c751e8b465ee728b) (PreviewImporter) -> (artifact id: '8c672a98ebc8f1757c8523c89e0adcb8') in 0.1643818 seconds
Number of updated asset objects reloaded before import = 0Number of asset objects unloaded after import = 21

========================================================================
Received Import Request.
  Time since last request: 0.000031 seconds.
  path: Assets/Altar_Ruins_FREE/Prefabs/Stone_post_4.prefab
  artifactKey: Guid(f5fcddf7c557ef34b8d4c75b669162db) Importer(815301076,1909f56bfc062723c751e8b465ee728b)
Start importing Assets/Altar_Ruins_FREE/Prefabs/Stone_post_4.prefab using Guid(f5fcddf7c557ef34b8d4c75b669162db) Importer(815301076,1909f56bfc062723c751e8b465ee728b) (PreviewImporter) -> (artifact id: '2c76193badf5e5a6ebb204e20136d23b') in 0.0715692 seconds
Number of updated asset objects reloaded before import = 0Number of asset objects unloaded after import = 21

========================================================================
Received Import Request.
  Time since last request: 0.000044 seconds.
  path: Assets/Altar_Ruins_FREE/Prefabs/Rubble_6.prefab
  artifactKey: Guid(bcbee43a7e7747146b81da2df852ea09) Importer(815301076,1909f56bfc062723c751e8b465ee728b)
Start importing Assets/Altar_Ruins_FREE/Prefabs/Rubble_6.prefab using Guid(bcbee43a7e7747146b81da2df852ea09) Importer(815301076,1909f56bfc062723c751e8b465ee728b) (PreviewImporter) -> (artifact id: '4bfec4233a988473e7da5fcd2aa094b4') in 0.0654668 seconds
Number of updated asset objects reloaded before import = 0Number of asset objects unloaded after import = 21

========================================================================
Received Import Request.
  Time since last request: 0.000061 seconds.
  path: Assets/Altar_Ruins_FREE/Prefabs/Broken_column.prefab
  artifactKey: Guid(8cf645c240c282b41b38a5af46846bfe) Importer(815301076,1909f56bfc062723c751e8b465ee728b)
Start importing Assets/Altar_Ruins_FREE/Prefabs/Broken_column.prefab using Guid(8cf645c240c282b41b38a5af46846bfe) Importer(815301076,1909f56bfc062723c751e8b465ee728b) (PreviewImporter) -> (artifact id: 'eb53a4874ab2a299b4aa6d214ce4d645') in 0.0655075 seconds
Number of updated asset objects reloaded before import = 0Number of asset objects unloaded after import = 21

========================================================================
Received Import Request.
  Time since last request: 0.000039 seconds.
  path: Assets/Altar_Ruins_FREE/Prefabs/Arch_4.prefab
  artifactKey: Guid(71a6756e2d8d6684e80bace3e4b251e9) Importer(815301076,1909f56bfc062723c751e8b465ee728b)
Start importing Assets/Altar_Ruins_FREE/Prefabs/Arch_4.prefab using Guid(71a6756e2d8d6684e80bace3e4b251e9) Importer(815301076,1909f56bfc062723c751e8b465ee728b) (PreviewImporter) -> (artifact id: '82e1187f299deac172a73e0c19176b3a') in 0.068391 seconds
Number of updated asset objects reloaded before import = 0Number of asset objects unloaded after import = 21

========================================================================
Received Import Request.
  Time since last request: 0.000077 seconds.
  path: Assets/Altar_Ruins_FREE/Prefabs/Stone_post_1.prefab
  artifactKey: Guid(797c560f5c2747a47afd82f235370c16) Importer(815301076,1909f56bfc062723c751e8b465ee728b)
Start importing Assets/Altar_Ruins_FREE/Prefabs/Stone_post_1.prefab using Guid(797c560f5c2747a47afd82f235370c16) Importer(815301076,1909f56bfc062723c751e8b465ee728b) (PreviewImporter) -> (artifact id: 'b04f22de29175620e3e74a555f9d28d6') in 0.066938 seconds
Number of updated asset objects reloaded before import = 0Number of asset objects unloaded after import = 21

========================================================================
Received Import Request.
  Time since last request: 0.000037 seconds.
  path: Assets/Altar_Ruins_FREE/Prefabs/Flag_beam.prefab
  artifactKey: Guid(32a465259778a02448dc68afbb882077) Importer(815301076,1909f56bfc062723c751e8b465ee728b)
Start importing Assets/Altar_Ruins_FREE/Prefabs/Flag_beam.prefab using Guid(32a465259778a02448dc68afbb882077) Importer(815301076,1909f56bfc062723c751e8b465ee728b) (PreviewImporter) -> (artifact id: 'e9c5ae661b1263f0d17b0225a4fdfedb') in 0.0628688 seconds
Number of updated asset objects reloaded before import = 0Number of asset objects unloaded after import = 21

========================================================================
Received Import Request.
  Time since last request: 0.000104 seconds.
  path: Assets/Altar_Ruins_FREE/Prefabs/Gate.prefab
  artifactKey: Guid(d85af9727a37242438a334019cfc1760) Importer(815301076,1909f56bfc062723c751e8b465ee728b)
Start importing Assets/Altar_Ruins_FREE/Prefabs/Gate.prefab using Guid(d85af9727a37242438a334019cfc1760) Importer(815301076,1909f56bfc062723c751e8b465ee728b) (PreviewImporter) -> (artifact id: 'a16a473ba2053b91cc22b0f6b8fad665') in 0.0658671 seconds
Number of updated asset objects reloaded before import = 0Number of asset objects unloaded after import = 21

========================================================================
Received Import Request.
  Time since last request: 0.000097 seconds.
  path: Assets/Altar_Ruins_FREE/Prefabs/Rubble_1.prefab
  artifactKey: Guid(112f91b29ac9c0c429308c01cef621fc) Importer(815301076,1909f56bfc062723c751e8b465ee728b)
Start importing Assets/Altar_Ruins_FREE/Prefabs/Rubble_1.prefab using Guid(112f91b29ac9c0c429308c01cef621fc) Importer(815301076,1909f56bfc062723c751e8b465ee728b) (PreviewImporter) -> (artifact id: '4490b273231365ad63fbd2deb00354cf') in 0.0660759 seconds
Number of updated asset objects reloaded before import = 0Number of asset objects unloaded after import = 21

========================================================================
Received Import Request.
  Time since last request: 0.000057 seconds.
  path: Assets/Altar_Ruins_FREE/Prefabs/Wall_round_2.prefab
  artifactKey: Guid(5898d141033926c41b23dc8206b0b8b0) Importer(815301076,1909f56bfc062723c751e8b465ee728b)
Start importing Assets/Altar_Ruins_FREE/Prefabs/Wall_round_2.prefab using Guid(5898d141033926c41b23dc8206b0b8b0) Importer(815301076,1909f56bfc062723c751e8b465ee728b) (PreviewImporter) -> (artifact id: '884fa3294ffbc078bf1d1f5a208a42d5') in 0.0686713 seconds
Number of updated asset objects reloaded before import = 0Number of asset objects unloaded after import = 21

========================================================================
Received Import Request.
  Time since last request: 0.000038 seconds.
  path: Assets/Altar_Ruins_FREE/Prefabs/Column_broken_small.prefab
  artifactKey: Guid(a1dc1b63572edbe4a9a7a15522bdaee9) Importer(815301076,1909f56bfc062723c751e8b465ee728b)
Start importing Assets/Altar_Ruins_FREE/Prefabs/Column_broken_small.prefab using Guid(a1dc1b63572edbe4a9a7a15522bdaee9) Importer(815301076,1909f56bfc062723c751e8b465ee728b) (PreviewImporter) -> (artifact id: '7c6f91830f8e116e685582fbfd59f3bd') in 0.0711284 seconds
Number of updated asset objects reloaded before import = 0Number of asset objects unloaded after import = 21

========================================================================
Received Import Request.
  Time since last request: 0.000080 seconds.
  path: Assets/Altar_Ruins_FREE/Prefabs/Stone_slab_2.prefab
  artifactKey: Guid(e8bb06314282bce409f8204423bd58d7) Importer(815301076,1909f56bfc062723c751e8b465ee728b)
Start importing Assets/Altar_Ruins_FREE/Prefabs/Stone_slab_2.prefab using Guid(e8bb06314282bce409f8204423bd58d7) Importer(815301076,1909f56bfc062723c751e8b465ee728b) (PreviewImporter) -> (artifact id: 'e2f447ab6361315817a60b956871735e') in 0.0728572 seconds
Number of updated asset objects reloaded before import = 0Number of asset objects unloaded after import = 21

========================================================================
Received Import Request.
  Time since last request: 0.000047 seconds.
  path: Assets/Altar_Ruins_FREE/Prefabs/Wall_broken_1.prefab
  artifactKey: Guid(1b3ce48c2b359cb4dbaaebc696e0000b) Importer(815301076,1909f56bfc062723c751e8b465ee728b)
Start importing Assets/Altar_Ruins_FREE/Prefabs/Wall_broken_1.prefab using Guid(1b3ce48c2b359cb4dbaaebc696e0000b) Importer(815301076,1909f56bfc062723c751e8b465ee728b) (PreviewImporter) -> (artifact id: '21cb2cafedcd3b44f27fd96b7e9a22fb') in 0.0718506 seconds
Number of updated asset objects reloaded before import = 0Number of asset objects unloaded after import = 21

========================================================================
Received Import Request.
  Time since last request: 0.000090 seconds.
  path: Assets/Altar_Ruins_FREE/Prefabs/Stone_structure.prefab
  artifactKey: Guid(d30e344a1f7e2204183a8a78085861a0) Importer(815301076,1909f56bfc062723c751e8b465ee728b)
Start importing Assets/Altar_Ruins_FREE/Prefabs/Stone_structure.prefab using Guid(d30e344a1f7e2204183a8a78085861a0) Importer(815301076,1909f56bfc062723c751e8b465ee728b) (PreviewImporter) -> (artifact id: '38062b401049ed2ea208dacf8bba1985') in 0.0767885 seconds
Number of updated asset objects reloaded before import = 0Number of asset objects unloaded after import = 21

========================================================================
Received Import Request.
  Time since last request: 31.017335 seconds.
  path: Assets/JTS_StoneLanterns/Prefabs/Lantern_Stone_A3.prefab
  artifactKey: Guid(d07f96cf91faf594ab94f7e3fec5496e) Importer(815301076,1909f56bfc062723c751e8b465ee728b)
Start importing Assets/JTS_StoneLanterns/Prefabs/Lantern_Stone_A3.prefab using Guid(d07f96cf91faf594ab94f7e3fec5496e) Importer(815301076,1909f56bfc062723c751e8b465ee728b) (PreviewImporter) -> (artifact id: 'f42d69afdf908fec9e11edda8bda059d') in 0.1010853 seconds
Number of updated asset objects reloaded before import = 0Number of asset objects unloaded after import = 14

========================================================================
Received Import Request.
  Time since last request: 0.000025 seconds.
  path: Assets/JTS_StoneLanterns/Prefabs/Platform_Stone_A2.prefab
  artifactKey: Guid(c9e0a894e59cab94d9fecf881dc0f859) Importer(815301076,1909f56bfc062723c751e8b465ee728b)
Start importing Assets/JTS_StoneLanterns/Prefabs/Platform_Stone_A2.prefab using Guid(c9e0a894e59cab94d9fecf881dc0f859) Importer(815301076,1909f56bfc062723c751e8b465ee728b) (PreviewImporter) -> (artifact id: '24b6d5c0d5cd5005d8f10e2ddcc0ccfb') in 0.0454121 seconds
Number of updated asset objects reloaded before import = 0Number of asset objects unloaded after import = 14

========================================================================
Received Import Request.
  Time since last request: 0.000037 seconds.
  path: Assets/JTS_StoneLanterns/Prefabs/Platform_Stone_C1.prefab
  artifactKey: Guid(ecdb2215d7cacb540ac74673b911a101) Importer(815301076,1909f56bfc062723c751e8b465ee728b)
Start importing Assets/JTS_StoneLanterns/Prefabs/Platform_Stone_C1.prefab using Guid(ecdb2215d7cacb540ac74673b911a101) Importer(815301076,1909f56bfc062723c751e8b465ee728b) (PreviewImporter) -> (artifact id: 'bd5f564cb84cd4056ca304d326e5f6b4') in 0.0312737 seconds
Number of updated asset objects reloaded before import = 0Number of asset objects unloaded after import = 14

========================================================================
Received Import Request.
  Time since last request: 0.000036 seconds.
  path: Assets/JTS_StoneLanterns/Prefabs/Lantern_Stone_D3.prefab
  artifactKey: Guid(5d96e0c96892dc34c9405833e1c52e50) Importer(815301076,1909f56bfc062723c751e8b465ee728b)
Start importing Assets/JTS_StoneLanterns/Prefabs/Lantern_Stone_D3.prefab using Guid(5d96e0c96892dc34c9405833e1c52e50) Importer(815301076,1909f56bfc062723c751e8b465ee728b) (PreviewImporter) -> (artifact id: '031a3a1d33b7838307f6cb6c6b7c8801') in 0.0345554 seconds
Number of updated asset objects reloaded before import = 0Number of asset objects unloaded after import = 14

========================================================================
Received Import Request.
  Time since last request: 0.000032 seconds.
  path: Assets/JTS_StoneLanterns/Prefabs/Platform_Stone_B1.prefab
  artifactKey: Guid(c1ef5669e712c5f449d8144c08991669) Importer(815301076,1909f56bfc062723c751e8b465ee728b)
Start importing Assets/JTS_StoneLanterns/Prefabs/Platform_Stone_B1.prefab using Guid(c1ef5669e712c5f449d8144c08991669) Importer(815301076,1909f56bfc062723c751e8b465ee728b) (PreviewImporter) -> (artifact id: 'f579b04ed4334f1af13d8a8caf2e3615') in 0.0341257 seconds
Number of updated asset objects reloaded before import = 0Number of asset objects unloaded after import = 14

========================================================================
Received Import Request.
  Time since last request: 0.000033 seconds.
  path: Assets/JTS_StoneLanterns/Prefabs/Lantern_Stone_B2.prefab
  artifactKey: Guid(851422d37c5757d44a17d9feb3b6d622) Importer(815301076,1909f56bfc062723c751e8b465ee728b)
Start importing Assets/JTS_StoneLanterns/Prefabs/Lantern_Stone_B2.prefab using Guid(851422d37c5757d44a17d9feb3b6d622) Importer(815301076,1909f56bfc062723c751e8b465ee728b) (PreviewImporter) -> (artifact id: 'bec0e6d97c99d392c401a9fee74dc914') in 0.0334398 seconds
Number of updated asset objects reloaded before import = 0Number of asset objects unloaded after import = 14

Editor requested this worker to shutdown with reason: Scaling down because of idle timeout
AssetImportWorker is now disconnected from the server
Process exiting
Exiting without the bug reporter. Application will terminate with return code 0