[Licensing::Module] Trying to connect to existing licensing client channel...
[Licensing::IpcConnector] Successfully connected to: "LicenseClient-ferna" at "2025-11-12T23:29:10.751914Z"
Built from '6000.2/respin/6000.2.8f1-e4064264ae96' branch; Version is '6000.2.8f1 (c9992ac36c34) revision 13211946'; Using compiler version '194234433'; Build Type 'Release'
OS: 'Windows 11  (10.0.26200) 64bit Core' Language: 'es' Physical Memory: 15573 MB
BatchMode: 1, IsHumanControllingUs: 0, StartBugReporterOnCrash: 0, Is64bit: 1
Date: 2025-11-12T23:29:10Z

COMMAND LINE ARGUMENTS:
C:\Program Files\Unity\Hub\Editor\6000.2.8f1\Editor\Unity.exe
-adb2
-batchMode
-noUpm
-name
AssetImportWorker1
-projectPath
C:/Users/ferna/Game3D
-logFile
Logs/AssetImportWorker1.log
-srvPort
55197
-licensingIpc
LicenseClient-ferna
-job-worker-count
5
-background-job-worker-count
8
-gc-helper-count
1
-name
AssetImport
Successfully changed project path to: C:/Users/ferna/Game3D
C:/Users/ferna/Game3D
[UnityMemory] Configuration Parameters - Can be set up in boot.config
    "memorysetup-allocator-temp-initial-block-size-main=262144"
    "memorysetup-allocator-temp-initial-block-size-worker=262144"
    "memorysetup-bucket-allocator-granularity=16"
    "memorysetup-bucket-allocator-bucket-count=8"
    "memorysetup-bucket-allocator-block-size=33554432"
    "memorysetup-bucket-allocator-block-count=8"
    "memorysetup-main-allocator-block-size=16777216"
    "memorysetup-thread-allocator-block-size=16777216"
    "memorysetup-gfx-main-allocator-block-size=16777216"
    "memorysetup-gfx-thread-allocator-block-size=16777216"
    "memorysetup-cache-allocator-block-size=4194304"
    "memorysetup-typetree-allocator-block-size=2097152"
    "memorysetup-profiler-bucket-allocator-granularity=16"
    "memorysetup-profiler-bucket-allocator-bucket-count=8"
    "memorysetup-profiler-bucket-allocator-block-size=33554432"
    "memorysetup-profiler-bucket-allocator-block-count=8"
    "memorysetup-profiler-allocator-block-size=16777216"
    "memorysetup-profiler-editor-allocator-block-size=1048576"
    "memorysetup-temp-allocator-size-main=16777216"
    "memorysetup-job-temp-allocator-block-size=2097152"
    "memorysetup-job-temp-allocator-block-size-background=1048576"
    "memorysetup-job-temp-allocator-reduction-small-platforms=262144"
    "memorysetup-temp-allocator-size-background-worker=32768"
    "memorysetup-temp-allocator-size-job-worker=262144"
    "memorysetup-temp-allocator-size-preload-manager=33554432"
    "memorysetup-temp-allocator-size-nav-mesh-worker=65536"
    "memorysetup-temp-allocator-size-audio-worker=65536"
    "memorysetup-temp-allocator-size-cloud-worker=32768"
    "memorysetup-temp-allocator-size-gi-baking-worker=262144"
    "memorysetup-temp-allocator-size-gi-baking-worker=262144"
    "memorysetup-temp-allocator-size-gi-baking-worker=262144"
    "memorysetup-temp-allocator-size-gi-baking-worker=262144"
    "memorysetup-temp-allocator-size-gi-baking-worker=262144"
    "memorysetup-temp-allocator-size-gfx=262144"
Player connection [17380]  Target information:

Player connection [17380]  * "[IP] 172.24.208.1 [Port] 0 [Flags] 2 [Guid] 731220320 [EditorId] 731220320 [Version] 1048832 [Id] WindowsEditor(7,DESKTOP-JCKR01F) [Debug] 1 [PackageName] WindowsEditor [ProjectName] Editor" 

Player connection [17380]  * "[IP] 192.168.56.1 [Port] 0 [Flags] 2 [Guid] 731220320 [EditorId] 731220320 [Version] 1048832 [Id] WindowsEditor(7,DESKTOP-JCKR01F) [Debug] 1 [PackageName] WindowsEditor [ProjectName] Editor" 

Player connection [17380]  * "[IP] 192.168.1.100 [Port] 0 [Flags] 2 [Guid] 731220320 [EditorId] 731220320 [Version] 1048832 [Id] WindowsEditor(7,DESKTOP-JCKR01F) [Debug] 1 [PackageName] WindowsEditor [ProjectName] Editor" 

Player connection [17380] Host joined multi-casting on [225.0.0.222:54997]...
Player connection [17380] Host joined alternative multi-casting on [225.0.0.222:34997]...
JobSystem: Creating JobQueue using job-worker-count value 5
Input System module state changed to: Initialized.
[Physics::Module] Initialized fallback backend.
[Physics::Module] Id: 0xdecafbad
[Licensing::Client] Code 10 while verifying Licensing Client signature (process Id: 8076, path: "C:/Program Files/Unity Hub/UnityLicensingClient_V1/Unity.Licensing.Client.exe")
[Licensing::Module] LicensingClient has failed validation; ignoring
[Licensing::Client] Handshaking with LicensingClient:
  Version:                 1.17.3+a4e98f1
  Session Id:              8a5266d2148b45dc8f7df419abbfe713
  Correlation Id:          4a0a0777b73ff4e269da8eff33693411
  External correlation Id: 305744251002293709
  Machine Id:              ot0+XFDiucx5vwNg2JQWI0HOj0g=
[Licensing::Module] Successfully connected to LicensingClient on channel: "LicenseClient-ferna" (connect: 0.00s, validation: 0.00s, handshake: 0.12s)
[Licensing::IpcConnector] Successfully connected to: "LicenseClient-ferna-notifications" at "2025-11-12T23:29:10.8784203Z"
[Licensing::Module] Licensing Background thread has ended after 0.13s
Library Redirect Path: Library/
[Physics::Module] Selected backend.
[Physics::Module] Name: PhysX
[Physics::Module] Id: 0xf2b8ea05
[Physics::Module] SDK Version: 4.1.2
[Physics::Module] Integration Version: 1.0.0
[Physics::Module] Threading Mode: Multi-Threaded
Refreshing native plugins compatible for Editor in 24.55 ms, found 3 plugins.
Preloading 0 native plugins for Editor in 0.00 ms.
Initialize engine version: 6000.2.8f1 (c9992ac36c34)
[Subsystems] Discovering subsystems at path C:/Program Files/Unity/Hub/Editor/6000.2.8f1/Editor/Data/Resources/UnitySubsystems
[Subsystems] Discovering subsystems at path C:/Users/ferna/Game3D/Assets
GfxDevice: creating device client; kGfxThreadingModeNonThreaded
Direct3D:
    Version:  Direct3D 11.0 [level 11.1]
    Renderer: NVIDIA GeForce RTX 2050 (ID=0x25ad)
    Vendor:   NVIDIA
    VRAM:     3964 MB
    Driver:   32.0.15.7703
Initialize mono
Mono path[0] = 'C:/Program Files/Unity/Hub/Editor/6000.2.8f1/Editor/Data/Managed'
Mono path[1] = 'C:/Program Files/Unity/Hub/Editor/6000.2.8f1/Editor/Data/MonoBleedingEdge/lib/mono/unityjit-win32'
Mono config path = 'C:/Program Files/Unity/Hub/Editor/6000.2.8f1/Editor/Data/MonoBleedingEdge/etc'
Using monoOptions --debugger-agent=transport=dt_socket,embedding=1,server=y,suspend=n,address=127.0.0.1:56704
Begin MonoManager ReloadAssembly
Registering precompiled unity dll's ...
Register platform support module: C:/Program Files/Unity/Hub/Editor/6000.2.8f1/Editor/Data/PlaybackEngines/WindowsStandaloneSupport/UnityEditor.WindowsStandalone.Extensions.dll
[Licensing::Client] Successfully resolved entitlement details
[Licensing::Module] License group:
  Id: 4674135729462-UnityPersXXXX
  Product: Unity Personal
  Type: Assigned
  Expiration: Unlimited
Register platform support module: C:/Program Files/Unity/Hub/Editor/6000.2.8f1/Editor/Data/PlaybackEngines/MetroSupport/UnityEditor.UWP.Extensions.dll
Registered in 0.033086 seconds.
- Loaded All Assemblies, in  1.245 seconds
Native extension for UWP target not found
Native extension for WindowsStandalone target not found
Mono: successfully reloaded assembly
- Finished resetting the current domain, in  1.075 seconds
Domain Reload Profiling: 2312ms
	BeginReloadAssembly (557ms)
		ExecutionOrderSort (0ms)
		DisableScriptedObjects (0ms)
		BackupInstance (0ms)
		ReleaseScriptingObjects (0ms)
		CreateAndSetChildDomain (2ms)
	RebuildCommonClasses (108ms)
	RebuildNativeTypeToScriptingClass (30ms)
	initialDomainReloadingComplete (168ms)
	LoadAllAssembliesAndSetupDomain (372ms)
		LoadAssemblies (547ms)
		RebuildTransferFunctionScriptingTraits (0ms)
		AnalyzeDomain (366ms)
			TypeCache.Refresh (363ms)
				TypeCache.ScanAssembly (337ms)
			BuildScriptInfoCaches (0ms)
			ResolveRequiredComponents (1ms)
	FinalizeReload (1075ms)
		ReleaseScriptCaches (0ms)
		RebuildScriptCaches (0ms)
		SetupLoadedEditorAssemblies (1001ms)
			LogAssemblyErrors (0ms)
			InitializePlatformSupportModulesInManaged (145ms)
			SetLoadedEditorAssemblies (13ms)
			BeforeProcessingInitializeOnLoad (257ms)
			ProcessInitializeOnLoadAttributes (439ms)
			ProcessInitializeOnLoadMethodAttributes (147ms)
			AfterProcessingInitializeOnLoad (0ms)
			EditorAssembliesLoaded (0ms)
		ExecutionOrderSort2 (0ms)
		AwakeInstancesAfterBackupRestoration (0ms)
Assembly reference Packages/com.unity.cinemachine/Editor/Samples/ExposeHDRPInternals/HDRP-Editor-ref.asmref has no target assembly definition
========================================================================
Worker process is ready to serve import requests
Import Worker Mode flag is 0x00
Assembly reference Packages/com.unity.cinemachine/Editor/Samples/ExposeHDRPInternals/HDRP-Editor-ref.asmref has no target assembly definition
Assembly reference Packages/com.unity.cinemachine/Editor/Samples/ExposeHDRPInternals/HDRP-Editor-ref.asmref has no target assembly definition
Begin MonoManager ReloadAssembly
[Licensing::Client] Successfully resolved entitlement details
Symbol file LoadedFromMemory is not a mono symbol file
- Loaded All Assemblies, in  3.493 seconds
Assembly reference Packages/com.unity.cinemachine/Editor/Samples/ExposeHDRPInternals/HDRP-Editor-ref.asmref has no target assembly definition
'Packages/com.unity.cinemachine/Editor/Obsolete/CinemachineVirtualCameraBaseEditor.cs' contains partial class of Unity.Object, exactly 1 of the partial classes needs to be in a file with the same filename. This is to know the one that can be referenced from ie. GameObjects
'Packages/com.unity.cinemachine/Editor/Editors/CinemachineVirtualCameraBaseEditor.cs' contains partial class of Unity.Object, exactly 1 of the partial classes needs to be in a file with the same filename. This is to know the one that can be referenced from ie. GameObjects
Refreshing native plugins compatible for Editor in 27.36 ms, found 3 plugins.
Native extension for UWP target not found
Native extension for WindowsStandalone target not found
Assembly reference Packages/com.unity.cinemachine/Editor/Samples/ExposeHDRPInternals/HDRP-Editor-ref.asmref has no target assembly definition
Package Manager log level set to [2]
[Package Manager] Failed to launch server process. Reason: Unity was launched with the -noUpm command-line argument
[Package Manager] Unable to send message (not connected to server process).
[Package Manager] Cannot connect to Unity Package Manager local server
[Package Manager] Failed to launch server process. Reason: Unity was launched with the -noUpm command-line argument
[Package Manager] Unable to send message (not connected to server process).
[Package Manager] Cannot connect to Unity Package Manager local server
Refreshing native plugins compatible for Editor in 27.45 ms, found 3 plugins.
[MODES] ModeService[none].Initialize
[MODES] ModeService[none].LoadModes
[MODES] Loading mode Default (0) for mode-current-id-Game3D
Mono: successfully reloaded assembly
- Finished resetting the current domain, in  4.038 seconds
Domain Reload Profiling: 7501ms
	BeginReloadAssembly (513ms)
		ExecutionOrderSort (0ms)
		DisableScriptedObjects (21ms)
		BackupInstance (0ms)
		ReleaseScriptingObjects (0ms)
		CreateAndSetChildDomain (56ms)
	RebuildCommonClasses (103ms)
	RebuildNativeTypeToScriptingClass (34ms)
	initialDomainReloadingComplete (160ms)
	LoadAllAssembliesAndSetupDomain (2652ms)
		LoadAssemblies (1687ms)
		RebuildTransferFunctionScriptingTraits (0ms)
		AnalyzeDomain (1268ms)
			TypeCache.Refresh (937ms)
				TypeCache.ScanAssembly (882ms)
			BuildScriptInfoCaches (218ms)
			ResolveRequiredComponents (89ms)
	FinalizeReload (4039ms)
		ReleaseScriptCaches (0ms)
		RebuildScriptCaches (0ms)
		SetupLoadedEditorAssemblies (3471ms)
			LogAssemblyErrors (0ms)
			InitializePlatformSupportModulesInManaged (6ms)
			SetLoadedEditorAssemblies (16ms)
			BeforeProcessingInitializeOnLoad (657ms)
			ProcessInitializeOnLoadAttributes (1960ms)
			ProcessInitializeOnLoadMethodAttributes (803ms)
			AfterProcessingInitializeOnLoad (27ms)
			EditorAssembliesLoaded (1ms)
		ExecutionOrderSort2 (0ms)
		AwakeInstancesAfterBackupRestoration (18ms)
Launched and connected shader compiler UnityShaderCompiler.exe after 0.05 seconds
Refreshing native plugins compatible for Editor in 72.65 ms, found 3 plugins.
Preloading 0 native plugins for Editor in 0.00 ms.
Unloading 16 Unused Serialized files (Serialized files now loaded: 0)
Unloading 8019 unused Assets / (7.5 MB). Loaded Objects now: 8736.
Memory consumption went from 170.2 MB to 162.7 MB.
Total: 136.656500 ms (FindLiveObjects: 3.063800 ms CreateObjectMapping: 4.897000 ms MarkObjects: 109.179300 ms  DeleteObjects: 19.508700 ms)

========================================================================
Received Import Request.
  Time since last request: 19756.905830 seconds.
  path: Assets/DoubleL/NPC/Dialogue/Dialogue_1.fbx
  artifactKey: Guid(80677d8fb56d4c44aa8104eaf0864d8b) Importer(2089858483,192608db42251d675da83286b1cce702)
Start importing Assets/DoubleL/NPC/Dialogue/Dialogue_1.fbx using Guid(80677d8fb56d4c44aa8104eaf0864d8b) Importer(2089858483,192608db42251d675da83286b1cce702) (ScriptedImporter) -> (artifact id: 'd238dd139e9ce44bb280c603a0429a6d') in 2.3534295 seconds
Number of updated asset objects reloaded before import = 0Number of asset objects unloaded after import = 5

========================================================================
Received Import Request.
  Time since last request: 0.000067 seconds.
  path: Assets/ExplosiveLLC/Warrior Pack Bundle 1 FREE/Ninja Warrior Mecanim Animation Pack/Animations/Ninja@Jump.FBX
  artifactKey: Guid(2c09e782d3065fc44ae6b4e075d30648) Importer(2089858483,192608db42251d675da83286b1cce702)
Start importing Assets/ExplosiveLLC/Warrior Pack Bundle 1 FREE/Ninja Warrior Mecanim Animation Pack/Animations/Ninja@Jump.FBX using Guid(2c09e782d3065fc44ae6b4e075d30648) Importer(2089858483,192608db42251d675da83286b1cce702) (ScriptedImporter) -> (artifact id: '7c8471bbade3cfdc6d1ecd4dfb421095') in 0.2462968 seconds
Number of updated asset objects reloaded before import = 0Number of asset objects unloaded after import = 5

========================================================================
Received Import Request.
  Time since last request: 0.000077 seconds.
  path: Assets/DoubleL/One Hand Up/Movement/Walk/Base/OneHand_Up_Walk_F_R90_A.fbx
  artifactKey: Guid(74bf111d8d0748a4384c69e4f982f8ce) Importer(2089858483,192608db42251d675da83286b1cce702)
Start importing Assets/DoubleL/One Hand Up/Movement/Walk/Base/OneHand_Up_Walk_F_R90_A.fbx using Guid(74bf111d8d0748a4384c69e4f982f8ce) Importer(2089858483,192608db42251d675da83286b1cce702) (ScriptedImporter) -> (artifact id: '040af89f0c7f2993cc5b05224cfc6a4a') in 0.1873627 seconds
Number of updated asset objects reloaded before import = 0Number of asset objects unloaded after import = 5

========================================================================
Received Import Request.
  Time since last request: 0.000066 seconds.
  path: Assets/ExplosiveLLC/Warrior Pack Bundle 1 FREE/Karate Warrior Mecanim Animation Pack/Animations/Karate@Fall.FBX
  artifactKey: Guid(21488cec29481c642a580304b695b51b) Importer(2089858483,192608db42251d675da83286b1cce702)
Start importing Assets/ExplosiveLLC/Warrior Pack Bundle 1 FREE/Karate Warrior Mecanim Animation Pack/Animations/Karate@Fall.FBX using Guid(21488cec29481c642a580304b695b51b) Importer(2089858483,192608db42251d675da83286b1cce702) (ScriptedImporter) -> (artifact id: '6ba266a6d99848d1862351bf21edb384') in 0.2560072 seconds
Number of updated asset objects reloaded before import = 0Number of asset objects unloaded after import = 5

========================================================================
Received Import Request.
  Time since last request: 0.000088 seconds.
  path: Assets/DoubleL/One Hand Up/Movement/Run/Base/OneHand_Up_Run_F.fbx
  artifactKey: Guid(b8885549427338747849450925b4d084) Importer(2089858483,192608db42251d675da83286b1cce702)
Start importing Assets/DoubleL/One Hand Up/Movement/Run/Base/OneHand_Up_Run_F.fbx using Guid(b8885549427338747849450925b4d084) Importer(2089858483,192608db42251d675da83286b1cce702) (ScriptedImporter) -> (artifact id: '8ca1aca2aa2ccf9f0724f390eda5d406') in 0.146509 seconds
Number of updated asset objects reloaded before import = 0Number of asset objects unloaded after import = 5

========================================================================
Received Import Request.
  Time since last request: 0.000053 seconds.
  path: Assets/DoubleL/One Hand Up/Movement/Run/Base/InPlace/OneHand_Up_Run_F_L90_A_InPlace.fbx
  artifactKey: Guid(0e32d5d37d8e7b34bac10e88d2e03464) Importer(2089858483,192608db42251d675da83286b1cce702)
Start importing Assets/DoubleL/One Hand Up/Movement/Run/Base/InPlace/OneHand_Up_Run_F_L90_A_InPlace.fbx using Guid(0e32d5d37d8e7b34bac10e88d2e03464) Importer(2089858483,192608db42251d675da83286b1cce702) (ScriptedImporter) -> (artifact id: '6a129e1ebd29fc01d43443df10b8c5c2') in 0.1150938 seconds
Number of updated asset objects reloaded before import = 0Number of asset objects unloaded after import = 5

========================================================================
Received Import Request.
  Time since last request: 0.000066 seconds.
  path: Assets/Materials/PavingStones077_1K-PNG_NormalGL.png
  artifactKey: Guid(7e030b3a0a7d82949be14e3c4aeafc54) Importer(2089858483,192608db42251d675da83286b1cce702)
Start importing Assets/Materials/PavingStones077_1K-PNG_NormalGL.png using Guid(7e030b3a0a7d82949be14e3c4aeafc54) Importer(2089858483,192608db42251d675da83286b1cce702) (ScriptedImporter) -> (artifact id: '5e08551687e2843e906570117eb4b282') in 0.1476361 seconds
Number of updated asset objects reloaded before import = 0Number of asset objects unloaded after import = 1

========================================================================
Received Import Request.
  Time since last request: 0.000037 seconds.
  path: Assets/Materials/PavingStones115B.png
  artifactKey: Guid(55d6d150155ec7f47a3bfa573950ca7c) Importer(2089858483,192608db42251d675da83286b1cce702)
Start importing Assets/Materials/PavingStones115B.png using Guid(55d6d150155ec7f47a3bfa573950ca7c) Importer(2089858483,192608db42251d675da83286b1cce702) (ScriptedImporter) -> (artifact id: 'b9a486b858d991ad0f5b68f6172380ab') in 0.0678762 seconds
Number of updated asset objects reloaded before import = 0Number of asset objects unloaded after import = 1

========================================================================
Received Import Request.
  Time since last request: 0.000074 seconds.
  path: Assets/DoubleL/NPC/Dialogue/Dialogue_3.fbx
  artifactKey: Guid(4eac042e6844ba449bb6d5c9b6ffb5db) Importer(2089858483,192608db42251d675da83286b1cce702)
Start importing Assets/DoubleL/NPC/Dialogue/Dialogue_3.fbx using Guid(4eac042e6844ba449bb6d5c9b6ffb5db) Importer(2089858483,192608db42251d675da83286b1cce702) (ScriptedImporter) -> (artifact id: '11cc318edd4a369298b5f87e13325925') in 0.087683 seconds
Number of updated asset objects reloaded before import = 0Number of asset objects unloaded after import = 5

========================================================================
Received Import Request.
  Time since last request: 0.000042 seconds.
  path: Assets/Kevin Iglesias/Characters/Humanoid Giant/Materials/Giant01_Flat/Giant01_Texture04_Flat.mat
  artifactKey: Guid(b965be02b3e4f5d478d3885d40ff0979) Importer(2089858483,192608db42251d675da83286b1cce702)
Start importing Assets/Kevin Iglesias/Characters/Humanoid Giant/Materials/Giant01_Flat/Giant01_Texture04_Flat.mat using Guid(b965be02b3e4f5d478d3885d40ff0979) Importer(2089858483,192608db42251d675da83286b1cce702) (ScriptedImporter) -> (artifact id: 'bd7c19ad1b13c14b44157193f330ceca') in 0.1549482 seconds
Number of updated asset objects reloaded before import = 0Number of asset objects unloaded after import = 2

========================================================================
Received Import Request.
  Time since last request: 0.000058 seconds.
  path: Assets/ExplosiveLLC/Warrior Pack Bundle 1 FREE/Brute Warrior Mecanim Animation Pack/Animations/Brute@Run.FBX
  artifactKey: Guid(d01bc7c7263ec8d4aa3f7947c2ddf0cb) Importer(2089858483,192608db42251d675da83286b1cce702)
Start importing Assets/ExplosiveLLC/Warrior Pack Bundle 1 FREE/Brute Warrior Mecanim Animation Pack/Animations/Brute@Run.FBX using Guid(d01bc7c7263ec8d4aa3f7947c2ddf0cb) Importer(2089858483,192608db42251d675da83286b1cce702) (ScriptedImporter) -> (artifact id: '5be0441c2e8282c96060cf870ff4088b') in 0.0549182 seconds
Number of updated asset objects reloaded before import = 0Number of asset objects unloaded after import = 5

========================================================================
Received Import Request.
  Time since last request: 0.000054 seconds.
  path: Assets/DoubleL/Actions/Action_A_5_1.fbx
  artifactKey: Guid(685224dfba73f3b47a41d53e82ea6df4) Importer(2089858483,192608db42251d675da83286b1cce702)
Start importing Assets/DoubleL/Actions/Action_A_5_1.fbx using Guid(685224dfba73f3b47a41d53e82ea6df4) Importer(2089858483,192608db42251d675da83286b1cce702) (ScriptedImporter) -> (artifact id: 'b2d893fa88656026353f2f62c1a4a927') in 0.1273795 seconds
Number of updated asset objects reloaded before import = 0Number of asset objects unloaded after import = 5

========================================================================
Received Import Request.
  Time since last request: 0.000073 seconds.
  path: Assets/DoubleL/One Hand Up/Attack_B/InPlace/OneHand_Up_Attack_B_3_InPlace.fbx
  artifactKey: Guid(5bf4dbf11ba4d2f43aa8ea3638060e6c) Importer(2089858483,192608db42251d675da83286b1cce702)
Start importing Assets/DoubleL/One Hand Up/Attack_B/InPlace/OneHand_Up_Attack_B_3_InPlace.fbx using Guid(5bf4dbf11ba4d2f43aa8ea3638060e6c) Importer(2089858483,192608db42251d675da83286b1cce702) (ScriptedImporter) -> (artifact id: '26f6ed5e952b9d2138559210bbebe04b') in 0.108408 seconds
Number of updated asset objects reloaded before import = 0Number of asset objects unloaded after import = 5

========================================================================
Received Import Request.
  Time since last request: 0.000051 seconds.
  path: Assets/ExplosiveLLC/Warrior Pack Bundle 1 FREE/Karate Warrior Mecanim Animation Pack/Animations/Karate@Run.FBX
  artifactKey: Guid(651d553b4d043ea4da4acc726384732e) Importer(2089858483,192608db42251d675da83286b1cce702)
Start importing Assets/ExplosiveLLC/Warrior Pack Bundle 1 FREE/Karate Warrior Mecanim Animation Pack/Animations/Karate@Run.FBX using Guid(651d553b4d043ea4da4acc726384732e) Importer(2089858483,192608db42251d675da83286b1cce702) (ScriptedImporter) -> (artifact id: '386b2048def9ce8ad040e310da600b5c') in 0.1017991 seconds
Number of updated asset objects reloaded before import = 0Number of asset objects unloaded after import = 5

========================================================================
Received Import Request.
  Time since last request: 0.000068 seconds.
  path: Assets/DoubleL/One Hand Up/Attack_B/OneHand_Up_Attack_B_1.fbx
  artifactKey: Guid(5e40e7d75000f414792af33b63554041) Importer(2089858483,192608db42251d675da83286b1cce702)
Start importing Assets/DoubleL/One Hand Up/Attack_B/OneHand_Up_Attack_B_1.fbx using Guid(5e40e7d75000f414792af33b63554041) Importer(2089858483,192608db42251d675da83286b1cce702) (ScriptedImporter) -> (artifact id: '025ec5a2c8984ec457413b7729c73f9e') in 0.0990709 seconds
Number of updated asset objects reloaded before import = 0Number of asset objects unloaded after import = 5

========================================================================
Received Import Request.
  Time since last request: 0.000059 seconds.
  path: Assets/DoubleL/Enemy Attack/Enemy_Attack_1.fbx
  artifactKey: Guid(bfe21e03eb84778469001a81e7e6bbe9) Importer(2089858483,192608db42251d675da83286b1cce702)
Start importing Assets/DoubleL/Enemy Attack/Enemy_Attack_1.fbx using Guid(bfe21e03eb84778469001a81e7e6bbe9) Importer(2089858483,192608db42251d675da83286b1cce702) (ScriptedImporter) -> (artifact id: '24076312fd26bca559d002c8f8b881d2') in 0.0815538 seconds
Number of updated asset objects reloaded before import = 0Number of asset objects unloaded after import = 5

========================================================================
Received Import Request.
  Time since last request: 0.000056 seconds.
  path: Assets/ExplosiveLLC/Warrior Pack Bundle 1 FREE/Brute Warrior Mecanim Animation Pack/Characters/Brute.FBX
  artifactKey: Guid(e9332b82da4812a49916bf8fc87b2332) Importer(2089858483,192608db42251d675da83286b1cce702)
Start importing Assets/ExplosiveLLC/Warrior Pack Bundle 1 FREE/Brute Warrior Mecanim Animation Pack/Characters/Brute.FBX using Guid(e9332b82da4812a49916bf8fc87b2332) Importer(2089858483,192608db42251d675da83286b1cce702) (ScriptedImporter) -> (artifact id: '96aabd5ca401400f881616e2673eb873') in 0.111459 seconds
Number of updated asset objects reloaded before import = 0Number of asset objects unloaded after import = 6

========================================================================
Received Import Request.
  Time since last request: 0.000039 seconds.
  path: Assets/ExplosiveLLC/Warrior Pack Bundle 1 FREE/Brute Warrior Mecanim Animation Pack/Animations/Brute@Idle.FBX
  artifactKey: Guid(743b2f433ce9dc34fa40bbc53b94319f) Importer(2089858483,192608db42251d675da83286b1cce702)
Start importing Assets/ExplosiveLLC/Warrior Pack Bundle 1 FREE/Brute Warrior Mecanim Animation Pack/Animations/Brute@Idle.FBX using Guid(743b2f433ce9dc34fa40bbc53b94319f) Importer(2089858483,192608db42251d675da83286b1cce702) (ScriptedImporter) -> (artifact id: 'f846b2c9b008958e99fd333c071948a2') in 0.0506065 seconds
Number of updated asset objects reloaded before import = 0Number of asset objects unloaded after import = 5

========================================================================
Received Import Request.
  Time since last request: 0.000074 seconds.
  path: Assets/ExplosiveLLC/Warrior Pack Bundle 1 FREE/Sorceress Warrior Mecanim Animation Pack/Animations/Sorceress@Idle.FBX
  artifactKey: Guid(b98b7aa11e6be4046ac0b69e18d90edb) Importer(2089858483,192608db42251d675da83286b1cce702)
Start importing Assets/ExplosiveLLC/Warrior Pack Bundle 1 FREE/Sorceress Warrior Mecanim Animation Pack/Animations/Sorceress@Idle.FBX using Guid(b98b7aa11e6be4046ac0b69e18d90edb) Importer(2089858483,192608db42251d675da83286b1cce702) (ScriptedImporter) -> (artifact id: 'e8c2fc9838aeda2069d98a4d14a2b25b') in 0.1015677 seconds
Number of updated asset objects reloaded before import = 0Number of asset objects unloaded after import = 4

========================================================================
Received Import Request.
  Time since last request: 0.000047 seconds.
  path: Assets/DoubleL/One Hand Up/Jump/InPlace/OneHand_Up_Jump_B_InPlace.fbx
  artifactKey: Guid(7a1011787b04c5f4cab485319a46408c) Importer(2089858483,192608db42251d675da83286b1cce702)
Start importing Assets/DoubleL/One Hand Up/Jump/InPlace/OneHand_Up_Jump_B_InPlace.fbx using Guid(7a1011787b04c5f4cab485319a46408c) Importer(2089858483,192608db42251d675da83286b1cce702) (ScriptedImporter) -> (artifact id: '16976869a9bea57478699ebb98961447') in 0.1070311 seconds
Number of updated asset objects reloaded before import = 0Number of asset objects unloaded after import = 5

========================================================================
Received Import Request.
  Time since last request: 0.000067 seconds.
  path: Assets/Materials/PavingStones077_1K-PNG_Displacement.png
  artifactKey: Guid(d93dcc8b3dc758b418b8ad40a8678633) Importer(2089858483,192608db42251d675da83286b1cce702)
Start importing Assets/Materials/PavingStones077_1K-PNG_Displacement.png using Guid(d93dcc8b3dc758b418b8ad40a8678633) Importer(2089858483,192608db42251d675da83286b1cce702) (ScriptedImporter) -> (artifact id: '20d7f128944f889b8b3b6de8312614ad') in 0.0759501 seconds
Number of updated asset objects reloaded before import = 0Number of asset objects unloaded after import = 1

========================================================================
Received Import Request.
  Time since last request: 0.000039 seconds.
  path: Assets/Kevin Iglesias/Characters/Humanoid Giant/Materials/Giant01/Giant01_Texture02/Giant01_Texture02 Recolor04.mat
  artifactKey: Guid(5dd30f7250d12b3489bb44e354b95cd9) Importer(2089858483,192608db42251d675da83286b1cce702)
Start importing Assets/Kevin Iglesias/Characters/Humanoid Giant/Materials/Giant01/Giant01_Texture02/Giant01_Texture02 Recolor04.mat using Guid(5dd30f7250d12b3489bb44e354b95cd9) Importer(2089858483,192608db42251d675da83286b1cce702) (ScriptedImporter) -> (artifact id: '42577168fba5d051be4ad0cd44aaf9dd') in 0.1911829 seconds
Number of updated asset objects reloaded before import = 0Number of asset objects unloaded after import = 5

========================================================================
Received Import Request.
  Time since last request: 0.000070 seconds.
  path: Assets/Kevin Iglesias/Characters/Humanoid Giant/Materials/Giant01/Giant01_Texture02/Giant01_Texture02 Recolor02.mat
  artifactKey: Guid(0056fa2469c1fd548a2ba9bf040f288c) Importer(2089858483,192608db42251d675da83286b1cce702)
Start importing Assets/Kevin Iglesias/Characters/Humanoid Giant/Materials/Giant01/Giant01_Texture02/Giant01_Texture02 Recolor02.mat using Guid(0056fa2469c1fd548a2ba9bf040f288c) Importer(2089858483,192608db42251d675da83286b1cce702) (ScriptedImporter) -> (artifact id: '01397a477bd5146b7b695ec589df6498') in 0.1325133 seconds
Number of updated asset objects reloaded before import = 0Number of asset objects unloaded after import = 5

========================================================================
Received Import Request.
  Time since last request: 0.000043 seconds.
  path: Assets/Animations/Paladin Run.fbx
  artifactKey: Guid(a2eb7bdc6116c194e97eab7a5837ea40) Importer(2089858483,192608db42251d675da83286b1cce702)
Start importing Assets/Animations/Paladin Run.fbx using Guid(a2eb7bdc6116c194e97eab7a5837ea40) Importer(2089858483,192608db42251d675da83286b1cce702) (ScriptedImporter) -> (artifact id: '72d6908224e970bfbd05b47ac4b06f4b') in 0.0517392 seconds
Number of updated asset objects reloaded before import = 0Number of asset objects unloaded after import = 5

========================================================================
Received Import Request.
  Time since last request: 0.000055 seconds.
  path: Assets/DoubleL/One Hand Up/Movement/Walk/Base/InPlace/OneHand_Up_Walk_F_L90_A_InPlace.fbx
  artifactKey: Guid(7332d061d210e59479d0818b6ad31c2c) Importer(2089858483,192608db42251d675da83286b1cce702)
Start importing Assets/DoubleL/One Hand Up/Movement/Walk/Base/InPlace/OneHand_Up_Walk_F_L90_A_InPlace.fbx using Guid(7332d061d210e59479d0818b6ad31c2c) Importer(2089858483,192608db42251d675da83286b1cce702) (ScriptedImporter) -> (artifact id: '10fe7adfcfb593ff6b164c7fb03b4367') in 0.0815929 seconds
Number of updated asset objects reloaded before import = 0Number of asset objects unloaded after import = 5

========================================================================
Received Import Request.
  Time since last request: 0.000036 seconds.
  path: Assets/MobileDependencyResolver/Editor/README.md
  artifactKey: Guid(eda60a5e280441219d51748b60eaf0b7) Importer(2089858483,192608db42251d675da83286b1cce702)
Start importing Assets/MobileDependencyResolver/Editor/README.md using Guid(eda60a5e280441219d51748b60eaf0b7) Importer(2089858483,192608db42251d675da83286b1cce702) (ScriptedImporter) -> (artifact id: 'c30c19d18185fa8fc37ca1aebd09ffa3') in 0.0518454 seconds
Number of updated asset objects reloaded before import = 0Number of asset objects unloaded after import = 1

========================================================================
Received Import Request.
  Time since last request: 0.000065 seconds.
  path: Assets/DoubleL/One Hand Up/Movement/Run/Base/OneHand_Up_Run_B.fbx
  artifactKey: Guid(32abc57623ff6b0499a6b9e47bc55598) Importer(2089858483,192608db42251d675da83286b1cce702)
Start importing Assets/DoubleL/One Hand Up/Movement/Run/Base/OneHand_Up_Run_B.fbx using Guid(32abc57623ff6b0499a6b9e47bc55598) Importer(2089858483,192608db42251d675da83286b1cce702) (ScriptedImporter) -> (artifact id: 'c8150fe6f52c6d21a47331819d1a0ed1') in 0.0903333 seconds
Number of updated asset objects reloaded before import = 0Number of asset objects unloaded after import = 5

========================================================================
Received Import Request.
  Time since last request: 0.000066 seconds.
  path: Assets/MobileDependencyResolver/Editor/LICENSE
  artifactKey: Guid(a0a74f7579114ab58b46e496d4b2ba97) Importer(2089858483,192608db42251d675da83286b1cce702)
Start importing Assets/MobileDependencyResolver/Editor/LICENSE using Guid(a0a74f7579114ab58b46e496d4b2ba97) Importer(2089858483,192608db42251d675da83286b1cce702) (ScriptedImporter) -> (artifact id: 'aa5ac9f2aa610c7abad7df074ad258f5') in 0.0359024 seconds
Number of updated asset objects reloaded before import = 0Number of asset objects unloaded after import = 1

========================================================================
Received Import Request.
  Time since last request: 0.000069 seconds.
  path: Assets/DoubleL/Bow/Movement/Idle/Idle/Bow_Idle_B.fbx
  artifactKey: Guid(a78b0af770162f745bb80a71a9b814c9) Importer(2089858483,192608db42251d675da83286b1cce702)
Start importing Assets/DoubleL/Bow/Movement/Idle/Idle/Bow_Idle_B.fbx using Guid(a78b0af770162f745bb80a71a9b814c9) Importer(2089858483,192608db42251d675da83286b1cce702) (ScriptedImporter) -> (artifact id: '5dd17a3791c952578ff97f3d011200e2') in 0.0907285 seconds
Number of updated asset objects reloaded before import = 0Number of asset objects unloaded after import = 5

========================================================================
Received Import Request.
  Time since last request: 0.000038 seconds.
  path: Assets/Dry_Trees/Model/Dry4910.FBX
  artifactKey: Guid(392ccefdc43e68245b2b50fd1e5cd507) Importer(2089858483,192608db42251d675da83286b1cce702)
Start importing Assets/Dry_Trees/Model/Dry4910.FBX using Guid(392ccefdc43e68245b2b50fd1e5cd507) Importer(2089858483,192608db42251d675da83286b1cce702) (ScriptedImporter) -> (artifact id: '4307a7519d2d5268089945eca39a33f1') in 0.1369921 seconds
Number of updated asset objects reloaded before import = 0Number of asset objects unloaded after import = 24

========================================================================
Received Import Request.
  Time since last request: 0.000069 seconds.
  path: Assets/DoubleL/One Hand Up/Attack_A/InPlace/OneHand_Up_Attack_A_2_InPlace.fbx
  artifactKey: Guid(8b4a6fcdebda2c54186af86b025d0c91) Importer(2089858483,192608db42251d675da83286b1cce702)
Start importing Assets/DoubleL/One Hand Up/Attack_A/InPlace/OneHand_Up_Attack_A_2_InPlace.fbx using Guid(8b4a6fcdebda2c54186af86b025d0c91) Importer(2089858483,192608db42251d675da83286b1cce702) (ScriptedImporter) -> (artifact id: '5443bb8e540be024213bc1b586b6399c') in 0.0801678 seconds
Number of updated asset objects reloaded before import = 0Number of asset objects unloaded after import = 5

========================================================================
Received Import Request.
  Time since last request: 0.000048 seconds.
  path: Assets/ExplosiveLLC/Warrior Pack Bundle 1 FREE/Ninja Warrior Mecanim Animation Pack/Animations/Ninja@Idle.FBX
  artifactKey: Guid(a178bb221d265b9438121289a4c2f10b) Importer(2089858483,192608db42251d675da83286b1cce702)
Start importing Assets/ExplosiveLLC/Warrior Pack Bundle 1 FREE/Ninja Warrior Mecanim Animation Pack/Animations/Ninja@Idle.FBX using Guid(a178bb221d265b9438121289a4c2f10b) Importer(2089858483,192608db42251d675da83286b1cce702) (ScriptedImporter) -> (artifact id: '6eca86b65eb719942b5c9bf91ea71d1c') in 0.0795843 seconds
Number of updated asset objects reloaded before import = 0Number of asset objects unloaded after import = 5

========================================================================
Received Import Request.
  Time since last request: 0.000065 seconds.
  path: Assets/DoubleL/One Hand Up/Attack_B/InPlace/OneHand_Up_Attack_B_2_InPlace.fbx
  artifactKey: Guid(c24a6543779d8444390fea4cfc2469d9) Importer(2089858483,192608db42251d675da83286b1cce702)
Start importing Assets/DoubleL/One Hand Up/Attack_B/InPlace/OneHand_Up_Attack_B_2_InPlace.fbx using Guid(c24a6543779d8444390fea4cfc2469d9) Importer(2089858483,192608db42251d675da83286b1cce702) (ScriptedImporter) -> (artifact id: 'b93448128bc65ced56502ade93f4c65d') in 0.0754634 seconds
Number of updated asset objects reloaded before import = 0Number of asset objects unloaded after import = 5

========================================================================
Received Import Request.
  Time since last request: 0.000036 seconds.
  path: Assets/Dry_Trees/Materials
  artifactKey: Guid(b3256f7f13045594fa3b2c6d634e85ce) Importer(2089858483,192608db42251d675da83286b1cce702)
Start importing Assets/Dry_Trees/Materials using Guid(b3256f7f13045594fa3b2c6d634e85ce) Importer(2089858483,192608db42251d675da83286b1cce702) (ScriptedImporter) -> (artifact id: 'a80b955fea922447748d739b1b50f4fe') in 0.0358387 seconds
Number of updated asset objects reloaded before import = 0Number of asset objects unloaded after import = 1

========================================================================
Received Import Request.
  Time since last request: 0.000068 seconds.
  path: Assets/DoubleL/One Hand Up/Movement/Run/Base/OneHand_Up_Run_F_R90_A.fbx
  artifactKey: Guid(2bef5685f3120bd42b35cff7647822bf) Importer(2089858483,192608db42251d675da83286b1cce702)
Start importing Assets/DoubleL/One Hand Up/Movement/Run/Base/OneHand_Up_Run_F_R90_A.fbx using Guid(2bef5685f3120bd42b35cff7647822bf) Importer(2089858483,192608db42251d675da83286b1cce702) (ScriptedImporter) -> (artifact id: 'fd2dc72dae8152779d41b2c615d77241') in 0.0886924 seconds
Number of updated asset objects reloaded before import = 0Number of asset objects unloaded after import = 5

========================================================================
Received Import Request.
  Time since last request: 0.000050 seconds.
  path: Assets/DoubleL/Actions/Ladder/Ladder_Up_End_InPlace.fbx
  artifactKey: Guid(3bb5b4169522c1e44a0b116e47d31f95) Importer(2089858483,192608db42251d675da83286b1cce702)
Start importing Assets/DoubleL/Actions/Ladder/Ladder_Up_End_InPlace.fbx using Guid(3bb5b4169522c1e44a0b116e47d31f95) Importer(2089858483,192608db42251d675da83286b1cce702) (ScriptedImporter) -> (artifact id: 'f75427a076782735f2de2324b7e2a7db') in 0.0930548 seconds
Number of updated asset objects reloaded before import = 0Number of asset objects unloaded after import = 5

========================================================================
Received Import Request.
  Time since last request: 0.000051 seconds.
  path: Assets/Textures/textures/Paladin_diffuse.png
  artifactKey: Guid(bcc4d52568a6270409f288d1713f3021) Importer(2089858483,192608db42251d675da83286b1cce702)
Start importing Assets/Textures/textures/Paladin_diffuse.png using Guid(bcc4d52568a6270409f288d1713f3021) Importer(2089858483,192608db42251d675da83286b1cce702) (ScriptedImporter) -> (artifact id: 'e81dd106e2fd80cb734158bcaf0bd5e8') in 0.0728967 seconds
Number of updated asset objects reloaded before import = 0Number of asset objects unloaded after import = 1

========================================================================
Received Import Request.
  Time since last request: 0.000044 seconds.
  path: Assets/Grass And Flowers Pack 1/Example Scene/Skyboxes/Textures/Sunny1
  artifactKey: Guid(b67c2885d92f63f4a80bbaaa0c5e8967) Importer(2089858483,192608db42251d675da83286b1cce702)
Start importing Assets/Grass And Flowers Pack 1/Example Scene/Skyboxes/Textures/Sunny1 using Guid(b67c2885d92f63f4a80bbaaa0c5e8967) Importer(2089858483,192608db42251d675da83286b1cce702) (ScriptedImporter) -> (artifact id: '39c2c298adde99b2632dd27cc8024357') in 0.0480583 seconds
Number of updated asset objects reloaded before import = 0Number of asset objects unloaded after import = 1

========================================================================
Received Import Request.
  Time since last request: 0.000071 seconds.
  path: Assets/ExplosiveLLC/Warrior Pack Bundle 1 FREE/Brute Warrior Mecanim Animation Pack/Animations/Brute@WalkSlow.FBX
  artifactKey: Guid(30fa7d7448a4e8c42839ad4c2f36c6a1) Importer(2089858483,192608db42251d675da83286b1cce702)
Start importing Assets/ExplosiveLLC/Warrior Pack Bundle 1 FREE/Brute Warrior Mecanim Animation Pack/Animations/Brute@WalkSlow.FBX using Guid(30fa7d7448a4e8c42839ad4c2f36c6a1) Importer(2089858483,192608db42251d675da83286b1cce702) (ScriptedImporter) -> (artifact id: 'd184e4f03e7207c46215005b8df37bc1') in 0.0686517 seconds
Number of updated asset objects reloaded before import = 0Number of asset objects unloaded after import = 5

========================================================================
Received Import Request.
  Time since last request: 0.000050 seconds.
  path: Assets/Dry_Trees/Model/Dry4195.FBX
  artifactKey: Guid(750f8f30b2708f64f86e0a9176d9d7dc) Importer(2089858483,192608db42251d675da83286b1cce702)
Start importing Assets/Dry_Trees/Model/Dry4195.FBX using Guid(750f8f30b2708f64f86e0a9176d9d7dc) Importer(2089858483,192608db42251d675da83286b1cce702) (ScriptedImporter) -> (artifact id: 'ce042317e413755c65822f31085c07f9') in 0.0652137 seconds
Number of updated asset objects reloaded before import = 0Number of asset objects unloaded after import = 24

========================================================================
Received Import Request.
  Time since last request: 0.000069 seconds.
  path: Assets/Grass And Flowers Pack 1/Example Scene/Skyboxes/Textures
  artifactKey: Guid(54cb8e698c44bfb479411f93443af08e) Importer(2089858483,192608db42251d675da83286b1cce702)
Start importing Assets/Grass And Flowers Pack 1/Example Scene/Skyboxes/Textures using Guid(54cb8e698c44bfb479411f93443af08e) Importer(2089858483,192608db42251d675da83286b1cce702) (ScriptedImporter) -> (artifact id: 'e84395800e6a0c6f2ce8f5dec1788e2e') in 0.0326945 seconds
Number of updated asset objects reloaded before import = 0Number of asset objects unloaded after import = 1

========================================================================
Received Import Request.
  Time since last request: 0.000043 seconds.
  path: Assets/ExplosiveLLC/Warrior Pack Bundle 1 FREE/Ninja Warrior Mecanim Animation Pack/Animations/Ninja@WalkSlow.FBX
  artifactKey: Guid(a14fbd526c1216c44a00e83c8e0d467b) Importer(2089858483,192608db42251d675da83286b1cce702)
Start importing Assets/ExplosiveLLC/Warrior Pack Bundle 1 FREE/Ninja Warrior Mecanim Animation Pack/Animations/Ninja@WalkSlow.FBX using Guid(a14fbd526c1216c44a00e83c8e0d467b) Importer(2089858483,192608db42251d675da83286b1cce702) (ScriptedImporter) -> (artifact id: '12525d364d79740b314c7b58a1288847') in 0.0801242 seconds
Number of updated asset objects reloaded before import = 0Number of asset objects unloaded after import = 5

========================================================================
Received Import Request.
  Time since last request: 0.000040 seconds.
  path: Assets/Dry_Trees/Demo_Scene/Dry_Tree/VolumeProfileAsset.png
  artifactKey: Guid(4552591f1d6657a47b5fa2ffa74066ce) Importer(2089858483,192608db42251d675da83286b1cce702)
Start importing Assets/Dry_Trees/Demo_Scene/Dry_Tree/VolumeProfileAsset.png using Guid(4552591f1d6657a47b5fa2ffa74066ce) Importer(2089858483,192608db42251d675da83286b1cce702) (ScriptedImporter) -> (artifact id: '5a6806317e2d1057235315a1d29d4380') in 0.1295796 seconds
Number of updated asset objects reloaded before import = 0Number of asset objects unloaded after import = 1

========================================================================
Received Import Request.
  Time since last request: 0.000069 seconds.
  path: Assets/Materials/PavingStones077_1K-PNG_Roughness.png
  artifactKey: Guid(bcae3689ccee5f74a9061eeb76c1acf7) Importer(2089858483,192608db42251d675da83286b1cce702)
Start importing Assets/Materials/PavingStones077_1K-PNG_Roughness.png using Guid(bcae3689ccee5f74a9061eeb76c1acf7) Importer(2089858483,192608db42251d675da83286b1cce702) (ScriptedImporter) -> (artifact id: '506cd0fd1a3466490eb3eb52c281b177') in 0.0718457 seconds
Number of updated asset objects reloaded before import = 0Number of asset objects unloaded after import = 1

========================================================================
Received Import Request.
  Time since last request: 0.000048 seconds.
  path: Assets/DoubleL/Hit/Hit_F_1.fbx
  artifactKey: Guid(2b5e954bade89de47adb568eb52bb5cf) Importer(2089858483,192608db42251d675da83286b1cce702)
Start importing Assets/DoubleL/Hit/Hit_F_1.fbx using Guid(2b5e954bade89de47adb568eb52bb5cf) Importer(2089858483,192608db42251d675da83286b1cce702) (ScriptedImporter) -> (artifact id: '58a5eb1d3eed01e3ea536e54f42b0186') in 0.0877143 seconds
Number of updated asset objects reloaded before import = 0Number of asset objects unloaded after import = 5

========================================================================
Received Import Request.
  Time since last request: 0.000063 seconds.
  path: Assets/DoubleL/Actions/Ladder/Ladder_Down_End.fbx
  artifactKey: Guid(aa9ed4fee541c26498c4579da4d8a37a) Importer(2089858483,192608db42251d675da83286b1cce702)
Start importing Assets/DoubleL/Actions/Ladder/Ladder_Down_End.fbx using Guid(aa9ed4fee541c26498c4579da4d8a37a) Importer(2089858483,192608db42251d675da83286b1cce702) (ScriptedImporter) -> (artifact id: '6943a114f22c8d9963351a5b23a827da') in 0.0947931 seconds
Number of updated asset objects reloaded before import = 0Number of asset objects unloaded after import = 5

========================================================================
Received Import Request.
  Time since last request: 0.000046 seconds.
  path: Assets/DoubleL/Actions/Ladder/Ladder_Up_Start.fbx
  artifactKey: Guid(73cedb3ec21ce784fa86f60a92d82ee6) Importer(2089858483,192608db42251d675da83286b1cce702)
Start importing Assets/DoubleL/Actions/Ladder/Ladder_Up_Start.fbx using Guid(73cedb3ec21ce784fa86f60a92d82ee6) Importer(2089858483,192608db42251d675da83286b1cce702) (ScriptedImporter) -> (artifact id: '54fd0ff1f19f3ebcd85b3941930d6dd5') in 0.0981974 seconds
Number of updated asset objects reloaded before import = 0Number of asset objects unloaded after import = 5

========================================================================
Received Import Request.
  Time since last request: 0.000082 seconds.
  path: Assets/ExplosiveLLC/Warrior Pack Bundle 1 FREE/Sorceress Warrior Mecanim Animation Pack/Characters/Sorceress-Hair.FBX
  artifactKey: Guid(88d3d2dc5e25277479beadf41a139afd) Importer(2089858483,192608db42251d675da83286b1cce702)
Start importing Assets/ExplosiveLLC/Warrior Pack Bundle 1 FREE/Sorceress Warrior Mecanim Animation Pack/Characters/Sorceress-Hair.FBX using Guid(88d3d2dc5e25277479beadf41a139afd) Importer(2089858483,192608db42251d675da83286b1cce702) (ScriptedImporter) -> (artifact id: '72c14429d8ec9b0e43de42830f2ef552') in 0.0845047 seconds
Number of updated asset objects reloaded before import = 0Number of asset objects unloaded after import = 6

========================================================================
Received Import Request.
  Time since last request: 0.000045 seconds.
  path: Assets/DoubleL/Model/SM_Wep_Shield_01.fbx
  artifactKey: Guid(08aecb816b6b4194a9c2897afa4f9148) Importer(2089858483,192608db42251d675da83286b1cce702)
Start importing Assets/DoubleL/Model/SM_Wep_Shield_01.fbx using Guid(08aecb816b6b4194a9c2897afa4f9148) Importer(2089858483,192608db42251d675da83286b1cce702) (ScriptedImporter) -> (artifact id: '74c0d5088c087fb313b7e88dc796620c') in 0.0962604 seconds
Number of updated asset objects reloaded before import = 0Number of asset objects unloaded after import = 4

========================================================================
Received Import Request.
  Time since last request: 0.000055 seconds.
  path: Assets/Dry_Trees/Model/Dry5818.FBX
  artifactKey: Guid(93f27f566ebdec1439fda34a79463ade) Importer(2089858483,192608db42251d675da83286b1cce702)
Start importing Assets/Dry_Trees/Model/Dry5818.FBX using Guid(93f27f566ebdec1439fda34a79463ade) Importer(2089858483,192608db42251d675da83286b1cce702) (ScriptedImporter) -> (artifact id: '968623985190bce5548eaad3e6d285d8') in 0.0649272 seconds
Number of updated asset objects reloaded before import = 0Number of asset objects unloaded after import = 24

========================================================================
Received Import Request.
  Time since last request: 0.000051 seconds.
  path: Assets/DoubleL/One Hand Up/Movement/Walk/Base/InPlace/OneHand_Up_Walk_B_InPlace.fbx
  artifactKey: Guid(eacc42a42e4b1114690ed91a8928c836) Importer(2089858483,192608db42251d675da83286b1cce702)
Start importing Assets/DoubleL/One Hand Up/Movement/Walk/Base/InPlace/OneHand_Up_Walk_B_InPlace.fbx using Guid(eacc42a42e4b1114690ed91a8928c836) Importer(2089858483,192608db42251d675da83286b1cce702) (ScriptedImporter) -> (artifact id: '08a75c007becd0d58f36df3c09629892') in 0.0971818 seconds
Number of updated asset objects reloaded before import = 0Number of asset objects unloaded after import = 5

========================================================================
Received Import Request.
  Time since last request: 0.000061 seconds.
  path: Assets/Dry_Trees/Prefab/Dry4910.prefab
  artifactKey: Guid(5fbfb820b09a96f47a16dc79c8539ec7) Importer(2089858483,192608db42251d675da83286b1cce702)
Start importing Assets/Dry_Trees/Prefab/Dry4910.prefab using Guid(5fbfb820b09a96f47a16dc79c8539ec7) Importer(2089858483,192608db42251d675da83286b1cce702) (ScriptedImporter) -> (artifact id: 'cb1703e4cbe33d4630023d7d2e7259e6') in 0.1233775 seconds
Number of updated asset objects reloaded before import = 0Number of asset objects unloaded after import = 26

========================================================================
Received Import Request.
  Time since last request: 0.000065 seconds.
  path: Assets/Grass And Flowers Pack 1/Ground Textures
  artifactKey: Guid(bc94bbb5ef2944045aa4a914ffe345a4) Importer(2089858483,192608db42251d675da83286b1cce702)
Start importing Assets/Grass And Flowers Pack 1/Ground Textures using Guid(bc94bbb5ef2944045aa4a914ffe345a4) Importer(2089858483,192608db42251d675da83286b1cce702) (ScriptedImporter) -> (artifact id: '4f2ceae159d3c68caaca26f5918e8184') in 0.0380416 seconds
Number of updated asset objects reloaded before import = 0Number of asset objects unloaded after import = 1

========================================================================
Received Import Request.
  Time since last request: 0.000057 seconds.
  path: Assets/Kevin Iglesias/Characters/Humanoid Giant/Materials/Giant01/Giant01_Texture02/Giant01_Texture02 Recolor01.mat
  artifactKey: Guid(cbbcaaa4905fa9d4cb8a7eba4390757c) Importer(2089858483,192608db42251d675da83286b1cce702)
Start importing Assets/Kevin Iglesias/Characters/Humanoid Giant/Materials/Giant01/Giant01_Texture02/Giant01_Texture02 Recolor01.mat using Guid(cbbcaaa4905fa9d4cb8a7eba4390757c) Importer(2089858483,192608db42251d675da83286b1cce702) (ScriptedImporter) -> (artifact id: '830a57867a59285dcd62ebd100b6f669') in 0.1317985 seconds
Number of updated asset objects reloaded before import = 0Number of asset objects unloaded after import = 5

========================================================================
Received Import Request.
  Time since last request: 0.000041 seconds.
  path: Assets/DoubleL/One Hand Up/Jump/OneHand_Up_Jump_B.fbx
  artifactKey: Guid(daf1c8ef8b68a5a4c8fe488ef410c594) Importer(2089858483,192608db42251d675da83286b1cce702)
Start importing Assets/DoubleL/One Hand Up/Jump/OneHand_Up_Jump_B.fbx using Guid(daf1c8ef8b68a5a4c8fe488ef410c594) Importer(2089858483,192608db42251d675da83286b1cce702) (ScriptedImporter) -> (artifact id: 'de48b91dc007d35d87cc4e3bd0f95d3e') in 0.0960353 seconds
Number of updated asset objects reloaded before import = 0Number of asset objects unloaded after import = 5

========================================================================
Received Import Request.
  Time since last request: 0.000067 seconds.
  path: Assets/DoubleL/One Hand Up/Attack_A/OneHand_Up_Attack_A_3.fbx
  artifactKey: Guid(8b89414d7b36f3d4c8d39d8cf52cb617) Importer(2089858483,192608db42251d675da83286b1cce702)
Start importing Assets/DoubleL/One Hand Up/Attack_A/OneHand_Up_Attack_A_3.fbx using Guid(8b89414d7b36f3d4c8d39d8cf52cb617) Importer(2089858483,192608db42251d675da83286b1cce702) (ScriptedImporter) -> (artifact id: '1ce2ddc2810c6b8f07a9a400d8c0d44e') in 0.0531374 seconds
Number of updated asset objects reloaded before import = 0Number of asset objects unloaded after import = 5

========================================================================
Received Import Request.
  Time since last request: 0.000045 seconds.
  path: Assets/Dry_Trees/Demo_Scene/New Lighting Settings.lighting
  artifactKey: Guid(9cb56e5d1c7150240a5e327f29328d6b) Importer(2089858483,192608db42251d675da83286b1cce702)
Start importing Assets/Dry_Trees/Demo_Scene/New Lighting Settings.lighting using Guid(9cb56e5d1c7150240a5e327f29328d6b) Importer(2089858483,192608db42251d675da83286b1cce702) (ScriptedImporter) -> (artifact id: 'b6782df849b7f97ea30124b7f4e08edc') in 0.1152236 seconds
Number of updated asset objects reloaded before import = 0Number of asset objects unloaded after import = 1

========================================================================
Received Import Request.
  Time since last request: 0.000061 seconds.
  path: Assets/VFXPACK_FIRE_WALLCOEUR/Texture/a_VFX_flame.png
  artifactKey: Guid(082ec2bf50e5b0a47ad0fd5727419acd) Importer(2089858483,192608db42251d675da83286b1cce702)
Start importing Assets/VFXPACK_FIRE_WALLCOEUR/Texture/a_VFX_flame.png using Guid(082ec2bf50e5b0a47ad0fd5727419acd) Importer(2089858483,192608db42251d675da83286b1cce702) (ScriptedImporter) -> (artifact id: 'c97bc2bc0a2ce01ed182ca66da3795b2') in 0.048399 seconds
Number of updated asset objects reloaded before import = 0Number of asset objects unloaded after import = 1

========================================================================
Received Import Request.
  Time since last request: 0.000040 seconds.
  path: Assets/Scenes/SampleScene.unity
  artifactKey: Guid(99c9720ab356a0642a771bea13969a05) Importer(2089858483,192608db42251d675da83286b1cce702)
Start importing Assets/Scenes/SampleScene.unity using Guid(99c9720ab356a0642a771bea13969a05) Importer(2089858483,192608db42251d675da83286b1cce702) (ScriptedImporter) -> (artifact id: '1c94d427c35a67c5b458c75701896c4d') in 0.0859972 seconds
Number of updated asset objects reloaded before import = 0Number of asset objects unloaded after import = 1

========================================================================
Received Import Request.
  Time since last request: 0.000057 seconds.
  path: Assets/ExplosiveLLC/Warrior Pack Bundle 1 FREE/Karate Warrior Mecanim Animation Pack/Materials/Karate.mat
  artifactKey: Guid(4e88c250da4576e4da08a761ee2cf703) Importer(2089858483,192608db42251d675da83286b1cce702)
Start importing Assets/ExplosiveLLC/Warrior Pack Bundle 1 FREE/Karate Warrior Mecanim Animation Pack/Materials/Karate.mat using Guid(4e88c250da4576e4da08a761ee2cf703) Importer(2089858483,192608db42251d675da83286b1cce702) (ScriptedImporter) -> (artifact id: '7ed7734768394e759126f51371785877') in 0.1034843 seconds
Number of updated asset objects reloaded before import = 0Number of asset objects unloaded after import = 2

========================================================================
Received Import Request.
  Time since last request: 0.000046 seconds.
  path: Assets/Animations/Paladin T.fbx
  artifactKey: Guid(d74deca0acd3b9443a3e56c13bffe4ac) Importer(2089858483,192608db42251d675da83286b1cce702)
Start importing Assets/Animations/Paladin T.fbx using Guid(d74deca0acd3b9443a3e56c13bffe4ac) Importer(2089858483,192608db42251d675da83286b1cce702) (ScriptedImporter) -> (artifact id: '8106b3fb79316de40817548e35aaf51b') in 0.0602337 seconds
Number of updated asset objects reloaded before import = 0Number of asset objects unloaded after import = 6

========================================================================
Received Import Request.
  Time since last request: 0.000056 seconds.
  path: Assets/Animations/Paladin Idle.fbx
  artifactKey: Guid(70923665ed640464fb9ffaa3a0ecea25) Importer(2089858483,192608db42251d675da83286b1cce702)
Start importing Assets/Animations/Paladin Idle.fbx using Guid(70923665ed640464fb9ffaa3a0ecea25) Importer(2089858483,192608db42251d675da83286b1cce702) (ScriptedImporter) -> (artifact id: '35ef6dd67c784d9852bb905ac5e8beff') in 0.0515453 seconds
Number of updated asset objects reloaded before import = 0Number of asset objects unloaded after import = 5

========================================================================
Received Import Request.
  Time since last request: 0.000044 seconds.
  path: Assets/Materials/PavingStones077_1K-PNG_Color.png
  artifactKey: Guid(979ffc4e68c1e3f41bfa5497b5b840aa) Importer(2089858483,192608db42251d675da83286b1cce702)
Start importing Assets/Materials/PavingStones077_1K-PNG_Color.png using Guid(979ffc4e68c1e3f41bfa5497b5b840aa) Importer(2089858483,192608db42251d675da83286b1cce702) (ScriptedImporter) -> (artifact id: 'b54242b08859c6ae02ac48c6c23c5cfe') in 0.0709522 seconds
Number of updated asset objects reloaded before import = 0Number of asset objects unloaded after import = 1

========================================================================
Received Import Request.
  Time since last request: 0.000056 seconds.
  path: Assets/MobileDependencyResolver/Editor/1.2.185/Google.IOSResolver.pdb
  artifactKey: Guid(e776230601db4ffbbbd4e1266bdcdc23) Importer(2089858483,192608db42251d675da83286b1cce702)
Start importing Assets/MobileDependencyResolver/Editor/1.2.185/Google.IOSResolver.pdb using Guid(e776230601db4ffbbbd4e1266bdcdc23) Importer(2089858483,192608db42251d675da83286b1cce702) (ScriptedImporter) -> (artifact id: 'fe59816b54b5513415cc8cc277274e66') in 0.0534847 seconds
Number of updated asset objects reloaded before import = 0Number of asset objects unloaded after import = 1

========================================================================
Received Import Request.
  Time since last request: 0.000044 seconds.
  path: Assets/ExplosiveLLC/Warrior Pack Bundle 1 FREE/Brute Warrior Mecanim Animation Pack/Materials/Brute.mat
  artifactKey: Guid(789dda6706d910446b72fec85fbf3453) Importer(2089858483,192608db42251d675da83286b1cce702)
Start importing Assets/ExplosiveLLC/Warrior Pack Bundle 1 FREE/Brute Warrior Mecanim Animation Pack/Materials/Brute.mat using Guid(789dda6706d910446b72fec85fbf3453) Importer(2089858483,192608db42251d675da83286b1cce702) (ScriptedImporter) -> (artifact id: 'c730dec7272faa0ec10e9129199f19ea') in 0.1065342 seconds
Number of updated asset objects reloaded before import = 0Number of asset objects unloaded after import = 2

========================================================================
Received Import Request.
  Time since last request: 0.000071 seconds.
  path: Assets/DoubleL/Model/SM_Wep_Sword_03.fbx
  artifactKey: Guid(a095f798aba8f2946b3a23de742b2fb8) Importer(2089858483,192608db42251d675da83286b1cce702)
Start importing Assets/DoubleL/Model/SM_Wep_Sword_03.fbx using Guid(a095f798aba8f2946b3a23de742b2fb8) Importer(2089858483,192608db42251d675da83286b1cce702) (ScriptedImporter) -> (artifact id: 'bf7e464f9d84a435b4a2c3e4717914cf') in 0.0878564 seconds
Number of updated asset objects reloaded before import = 0Number of asset objects unloaded after import = 4

========================================================================
Received Import Request.
  Time since last request: 0.000044 seconds.
  path: Assets/Kevin Iglesias/Characters/Humanoid Giant/Materials/Giant01/Giant01_Texture01/Giant01_Texture01 Recolor03.mat
  artifactKey: Guid(fee76b9f27739264592fe452933ce504) Importer(2089858483,192608db42251d675da83286b1cce702)
Start importing Assets/Kevin Iglesias/Characters/Humanoid Giant/Materials/Giant01/Giant01_Texture01/Giant01_Texture01 Recolor03.mat using Guid(fee76b9f27739264592fe452933ce504) Importer(2089858483,192608db42251d675da83286b1cce702) (ScriptedImporter) -> (artifact id: 'cb17b8296a8726a532654472dedc6c18') in 0.1249838 seconds
Number of updated asset objects reloaded before import = 0Number of asset objects unloaded after import = 5

========================================================================
Received Import Request.
  Time since last request: 0.000062 seconds.
  path: Assets/Dry_Trees/Demo_Scene/Dry_Tree/HDAdditionalLightData.png
  artifactKey: Guid(bca5d8dbc0526a54981bc480123f208f) Importer(2089858483,192608db42251d675da83286b1cce702)
Start importing Assets/Dry_Trees/Demo_Scene/Dry_Tree/HDAdditionalLightData.png using Guid(bca5d8dbc0526a54981bc480123f208f) Importer(2089858483,192608db42251d675da83286b1cce702) (ScriptedImporter) -> (artifact id: '0b3b0171a80df27610967e0c2abeee6f') in 0.0890031 seconds
Number of updated asset objects reloaded before import = 0Number of asset objects unloaded after import = 1

========================================================================
Received Import Request.
  Time since last request: 0.000048 seconds.
  path: Assets/MobileDependencyResolver/Editor/1.2.185
  artifactKey: Guid(5a698cd41cfed4d2dbc52c7b125fc67b) Importer(2089858483,192608db42251d675da83286b1cce702)
Start importing Assets/MobileDependencyResolver/Editor/1.2.185 using Guid(5a698cd41cfed4d2dbc52c7b125fc67b) Importer(2089858483,192608db42251d675da83286b1cce702) (ScriptedImporter) -> (artifact id: '760ddb5c752325dc428763547201737b') in 0.0318973 seconds
Number of updated asset objects reloaded before import = 0Number of asset objects unloaded after import = 1

========================================================================
Received Import Request.
  Time since last request: 0.000064 seconds.
  path: Assets/Dry_Trees/Model
  artifactKey: Guid(4008d4fdb3693c345ad22667560ece9a) Importer(2089858483,192608db42251d675da83286b1cce702)
Start importing Assets/Dry_Trees/Model using Guid(4008d4fdb3693c345ad22667560ece9a) Importer(2089858483,192608db42251d675da83286b1cce702) (ScriptedImporter) -> (artifact id: '947fa38d35b4aef15e355a0366ffe60f') in 0.0325265 seconds
Number of updated asset objects reloaded before import = 0Number of asset objects unloaded after import = 1

========================================================================
Received Import Request.
  Time since last request: 0.000039 seconds.
  path: Assets/ExplosiveLLC/Warrior Pack Bundle 1 FREE/Brute Warrior Mecanim Animation Pack/Animations/Brute@Jump.FBX
  artifactKey: Guid(7d6361bc6c3a91a47a6ae4ffef381b3f) Importer(2089858483,192608db42251d675da83286b1cce702)
Start importing Assets/ExplosiveLLC/Warrior Pack Bundle 1 FREE/Brute Warrior Mecanim Animation Pack/Animations/Brute@Jump.FBX using Guid(7d6361bc6c3a91a47a6ae4ffef381b3f) Importer(2089858483,192608db42251d675da83286b1cce702) (ScriptedImporter) -> (artifact id: 'f4455f09142bb20c07d5018e9b394785') in 0.089657 seconds
Number of updated asset objects reloaded before import = 0Number of asset objects unloaded after import = 5

========================================================================
Received Import Request.
  Time since last request: 0.000065 seconds.
  path: Assets/DoubleL/One Hand Up/Movement/Run/Base/InPlace/OneHand_Up_Run_B_InPlace.fbx
  artifactKey: Guid(d4931fb85eba28c4abfddb6deee61a3e) Importer(2089858483,192608db42251d675da83286b1cce702)
Start importing Assets/DoubleL/One Hand Up/Movement/Run/Base/InPlace/OneHand_Up_Run_B_InPlace.fbx using Guid(d4931fb85eba28c4abfddb6deee61a3e) Importer(2089858483,192608db42251d675da83286b1cce702) (ScriptedImporter) -> (artifact id: '474b335a00521ddae8f4681920b02ce1') in 0.0883547 seconds
Number of updated asset objects reloaded before import = 0Number of asset objects unloaded after import = 5

========================================================================
Received Import Request.
  Time since last request: 3192.476024 seconds.
  path: Assets/GrassFlowers/Textures/Ground
  artifactKey: Guid(1778770213e6d284eafc7eaa31ef8f4c) Importer(2089858483,192608db42251d675da83286b1cce702)
Start importing Assets/GrassFlowers/Textures/Ground using Guid(1778770213e6d284eafc7eaa31ef8f4c) Importer(2089858483,192608db42251d675da83286b1cce702) (ScriptedImporter) -> (artifact id: 'c524a39d6f325bd6fa9303cf40539d15') in 0.0181478 seconds
Number of updated asset objects reloaded before import = 0Number of asset objects unloaded after import = 1

========================================================================
Received Import Request.
  Time since last request: 0.000027 seconds.
  path: Assets/GrassFlowers/Textures/GrassFlowers/grassFlower03.tga
  artifactKey: Guid(c6bde8cacfa93444fa98152cb9e36815) Importer(2089858483,192608db42251d675da83286b1cce702)
Start importing Assets/GrassFlowers/Textures/GrassFlowers/grassFlower03.tga using Guid(c6bde8cacfa93444fa98152cb9e36815) Importer(2089858483,192608db42251d675da83286b1cce702) (ScriptedImporter) -> (artifact id: 'bb5dadde36d6e10d9529499bd800ab91') in 0.0366872 seconds
Number of updated asset objects reloaded before import = 0Number of asset objects unloaded after import = 1

========================================================================
Received Import Request.
  Time since last request: 0.000035 seconds.
  path: Assets/GrassFlowers/Textures
  artifactKey: Guid(46c1725cb7280074493bd8d9d2ab7468) Importer(2089858483,192608db42251d675da83286b1cce702)
Start importing Assets/GrassFlowers/Textures using Guid(46c1725cb7280074493bd8d9d2ab7468) Importer(2089858483,192608db42251d675da83286b1cce702) (ScriptedImporter) -> (artifact id: '35e2a9dc539ef47f911905dd38a88168') in 0.0220161 seconds
Number of updated asset objects reloaded before import = 0Number of asset objects unloaded after import = 1

========================================================================
Received Import Request.
  Time since last request: 0.000023 seconds.
  path: Assets/GrassFlowers/Textures/Ground/Grass01_BigUV.png
  artifactKey: Guid(38bb15d6b378aff46b461e248592d1da) Importer(2089858483,192608db42251d675da83286b1cce702)
Start importing Assets/GrassFlowers/Textures/Ground/Grass01_BigUV.png using Guid(38bb15d6b378aff46b461e248592d1da) Importer(2089858483,192608db42251d675da83286b1cce702) (ScriptedImporter) -> (artifact id: 'ac78ba4051ade9e16c01296edf9a5d60') in 0.0335458 seconds
Number of updated asset objects reloaded before import = 0Number of asset objects unloaded after import = 1

========================================================================
Received Import Request.
  Time since last request: 0.000017 seconds.
  path: Assets/GrassFlowers
  artifactKey: Guid(42e0b58e8bfcbd0408df8f3e8c615036) Importer(2089858483,192608db42251d675da83286b1cce702)
Start importing Assets/GrassFlowers using Guid(42e0b58e8bfcbd0408df8f3e8c615036) Importer(2089858483,192608db42251d675da83286b1cce702) (ScriptedImporter) -> (artifact id: '871e8adf1206d902de8d94449ccd45ce') in 0.0188172 seconds
Number of updated asset objects reloaded before import = 0Number of asset objects unloaded after import = 1

========================================================================
Received Import Request.
  Time since last request: 0.000019 seconds.
  path: Assets/_TerrainAutoUpgrade/layer_Grass01_BigUVd261c09ae55ba1e3.terrainlayer
  artifactKey: Guid(c946516dc409bea41a2818b3b0287a3a) Importer(2089858483,192608db42251d675da83286b1cce702)
Start importing Assets/_TerrainAutoUpgrade/layer_Grass01_BigUVd261c09ae55ba1e3.terrainlayer using Guid(c946516dc409bea41a2818b3b0287a3a) Importer(2089858483,192608db42251d675da83286b1cce702) (ScriptedImporter) -> (artifact id: '497c9cc4deb77530b931543771f7fdeb') in 0.0295366 seconds
Number of updated asset objects reloaded before import = 0Number of asset objects unloaded after import = 2

========================================================================
Received Import Request.
  Time since last request: 0.000049 seconds.
  path: Assets/GrassFlowers/Textures/GrassFlowers/grassFlower09.tga
  artifactKey: Guid(d238efbd27bc5ae4ead9839995f74830) Importer(2089858483,192608db42251d675da83286b1cce702)
Start importing Assets/GrassFlowers/Textures/GrassFlowers/grassFlower09.tga using Guid(d238efbd27bc5ae4ead9839995f74830) Importer(2089858483,192608db42251d675da83286b1cce702) (ScriptedImporter) -> (artifact id: '9ebde5d0fa1c4379dd85425653485773') in 0.0275191 seconds
Number of updated asset objects reloaded before import = 0Number of asset objects unloaded after import = 1

========================================================================
Received Import Request.
  Time since last request: 0.000019 seconds.
  path: Assets/GrassFlowers/Textures/GrassFlowers/grassFlower04.tga
  artifactKey: Guid(5c744e80ad52c884c9ac4c9139b3aaae) Importer(2089858483,192608db42251d675da83286b1cce702)
Start importing Assets/GrassFlowers/Textures/GrassFlowers/grassFlower04.tga using Guid(5c744e80ad52c884c9ac4c9139b3aaae) Importer(2089858483,192608db42251d675da83286b1cce702) (ScriptedImporter) -> (artifact id: '1690285add121f9756511792820a7ad0') in 0.030026 seconds
Number of updated asset objects reloaded before import = 0Number of asset objects unloaded after import = 1

========================================================================
Received Import Request.
  Time since last request: 0.000026 seconds.
  path: Assets/GrassFlowers/Textures/GrassFlowers
  artifactKey: Guid(6c0cbfdcc9b9ae64f9ddd77c2003e193) Importer(2089858483,192608db42251d675da83286b1cce702)
Start importing Assets/GrassFlowers/Textures/GrassFlowers using Guid(6c0cbfdcc9b9ae64f9ddd77c2003e193) Importer(2089858483,192608db42251d675da83286b1cce702) (ScriptedImporter) -> (artifact id: '1fc0a05bb057c75ee28fa60a1ba29ed8') in 0.0211855 seconds
Number of updated asset objects reloaded before import = 0Number of asset objects unloaded after import = 1

========================================================================
Received Import Request.
  Time since last request: 0.000034 seconds.
  path: Assets/GrassFlowers/Textures/GrassFlowers/grass01.tga
  artifactKey: Guid(91a1945982e98be4d9fe3e3d12fdebd8) Importer(2089858483,192608db42251d675da83286b1cce702)
Start importing Assets/GrassFlowers/Textures/GrassFlowers/grass01.tga using Guid(91a1945982e98be4d9fe3e3d12fdebd8) Importer(2089858483,192608db42251d675da83286b1cce702) (ScriptedImporter) -> (artifact id: 'f71e0ea27cbc2b3bb04a3ca49ae6fb47') in 0.0310312 seconds
Number of updated asset objects reloaded before import = 0Number of asset objects unloaded after import = 1

========================================================================
Received Import Request.
  Time since last request: 0.000029 seconds.
  path: Assets/GrassFlowers/Textures/GrassFlowers/grass02.tga
  artifactKey: Guid(cf3069941001b5c46b1f13d4551d0fd9) Importer(2089858483,192608db42251d675da83286b1cce702)
Start importing Assets/GrassFlowers/Textures/GrassFlowers/grass02.tga using Guid(cf3069941001b5c46b1f13d4551d0fd9) Importer(2089858483,192608db42251d675da83286b1cce702) (ScriptedImporter) -> (artifact id: 'b87c34f9698425a4e090f886478bf081') in 0.0289459 seconds
Number of updated asset objects reloaded before import = 0Number of asset objects unloaded after import = 1

========================================================================
Received Import Request.
  Time since last request: 0.000023 seconds.
  path: Assets/GrassFlowers/Textures/GrassFlowers/grassFlower02.tga
  artifactKey: Guid(b0601839c4520064bb61d58d088810bc) Importer(2089858483,192608db42251d675da83286b1cce702)
Start importing Assets/GrassFlowers/Textures/GrassFlowers/grassFlower02.tga using Guid(b0601839c4520064bb61d58d088810bc) Importer(2089858483,192608db42251d675da83286b1cce702) (ScriptedImporter) -> (artifact id: 'a058b7798468d22a51f57c63f571a82b') in 0.0353111 seconds
Number of updated asset objects reloaded before import = 0Number of asset objects unloaded after import = 1

Editor requested this worker to shutdown with reason: Scaling down because of idle timeout
AssetImportWorker is now disconnected from the server
Process exiting
Exiting without the bug reporter. Application will terminate with return code 0