[Licensing::Module] Trying to connect to existing licensing client channel...
Built from '6000.2/respin/6000.2.8f1-e4064264ae96' branch; Version is '6000.2.8f1 (c9992ac36c34) revision 13211946'; Using compiler version '194234433'; Build Type 'Release'
OS: 'Windows 11  (10.0.26200) 64bit Core' Language: 'es' Physical Memory: 15573 MB
BatchMode: 1, IsHumanControllingUs: 0, StartBugReporterOnCrash: 0, Is64bit: 1
Date: 2025-11-14T02:04:57Z
[Licensing::IpcConnector] Successfully connected to: "LicenseClient-ferna" at "2025-11-14T02:04:57.2400262Z"

COMMAND LINE ARGUMENTS:
C:\Program Files\Unity\Hub\Editor\6000.2.8f1\Editor\Unity.exe
-adb2
-batchMode
-noUpm
-name
AssetImportWorker4
-projectPath
C:/Users/ferna/Game3D
-logFile
Logs/AssetImportWorker4.log
-srvPort
55793
-licensingIpc
LicenseClient-ferna
-job-worker-count
5
-background-job-worker-count
8
-gc-helper-count
1
-name
AssetImport
Successfully changed project path to: C:/Users/ferna/Game3D
C:/Users/ferna/Game3D
[UnityMemory] Configuration Parameters - Can be set up in boot.config
    "memorysetup-allocator-temp-initial-block-size-main=262144"
    "memorysetup-allocator-temp-initial-block-size-worker=262144"
    "memorysetup-bucket-allocator-granularity=16"
    "memorysetup-bucket-allocator-bucket-count=8"
    "memorysetup-bucket-allocator-block-size=33554432"
    "memorysetup-bucket-allocator-block-count=8"
    "memorysetup-main-allocator-block-size=16777216"
    "memorysetup-thread-allocator-block-size=16777216"
    "memorysetup-gfx-main-allocator-block-size=16777216"
    "memorysetup-gfx-thread-allocator-block-size=16777216"
    "memorysetup-cache-allocator-block-size=4194304"
    "memorysetup-typetree-allocator-block-size=2097152"
    "memorysetup-profiler-bucket-allocator-granularity=16"
    "memorysetup-profiler-bucket-allocator-bucket-count=8"
    "memorysetup-profiler-bucket-allocator-block-size=33554432"
    "memorysetup-profiler-bucket-allocator-block-count=8"
    "memorysetup-profiler-allocator-block-size=16777216"
    "memorysetup-profiler-editor-allocator-block-size=1048576"
    "memorysetup-temp-allocator-size-main=16777216"
    "memorysetup-job-temp-allocator-block-size=2097152"
    "memorysetup-job-temp-allocator-block-size-background=1048576"
    "memorysetup-job-temp-allocator-reduction-small-platforms=262144"
    "memorysetup-temp-allocator-size-background-worker=32768"
    "memorysetup-temp-allocator-size-job-worker=262144"
    "memorysetup-temp-allocator-size-preload-manager=33554432"
    "memorysetup-temp-allocator-size-nav-mesh-worker=65536"
    "memorysetup-temp-allocator-size-audio-worker=65536"
    "memorysetup-temp-allocator-size-cloud-worker=32768"
    "memorysetup-temp-allocator-size-gi-baking-worker=262144"
    "memorysetup-temp-allocator-size-gi-baking-worker=262144"
    "memorysetup-temp-allocator-size-gi-baking-worker=262144"
    "memorysetup-temp-allocator-size-gi-baking-worker=262144"
    "memorysetup-temp-allocator-size-gi-baking-worker=262144"
    "memorysetup-temp-allocator-size-gfx=262144"
Player connection [10456]  Target information:

Player connection [10456]  * "[IP] 192.168.56.1 [Port] 0 [Flags] 2 [Guid] 1114284370 [EditorId] 1114284370 [Version] 1048832 [Id] WindowsEditor(7,DESKTOP-JCKR01F) [Debug] 1 [PackageName] WindowsEditor [ProjectName] Editor" 

Player connection [10456]  * "[IP] 192.168.1.100 [Port] 0 [Flags] 2 [Guid] 1114284370 [EditorId] 1114284370 [Version] 1048832 [Id] WindowsEditor(7,DESKTOP-JCKR01F) [Debug] 1 [PackageName] WindowsEditor [ProjectName] Editor" 

Player connection [10456] Host joined multi-casting on [225.0.0.222:54997]...
Player connection [10456] Host joined alternative multi-casting on [225.0.0.222:34997]...
JobSystem: Creating JobQueue using job-worker-count value 5
Input System module state changed to: Initialized.
[Physics::Module] Initialized fallback backend.
[Physics::Module] Id: 0xdecafbad
[Licensing::Client] Code 10 while verifying Licensing Client signature (process Id: 12876, path: "C:/Program Files/Unity Hub/UnityLicensingClient_V1/Unity.Licensing.Client.exe")
[Licensing::Module] LicensingClient has failed validation; ignoring
[Licensing::Client] Handshaking with LicensingClient:
  Version:                 1.17.3+a4e98f1
  Session Id:              8cfaef4df6f040ca81b0978b18376028
  Correlation Id:          713961e0efea25da71839c613daa8e6b
  External correlation Id: 2525529123125098881
  Machine Id:              ot0+XFDiucx5vwNg2JQWI0HOj0g=
[Licensing::Module] Successfully connected to LicensingClient on channel: "LicenseClient-ferna" (connect: 0.00s, validation: 0.00s, handshake: 0.04s)
[Licensing::IpcConnector] Successfully connected to: "LicenseClient-ferna-notifications" at "2025-11-14T02:04:57.2848112Z"
[Licensing::Module] Licensing Background thread has ended after 0.05s
Library Redirect Path: Library/
[Physics::Module] Selected backend.
[Physics::Module] Name: PhysX
[Physics::Module] Id: 0xf2b8ea05
[Physics::Module] SDK Version: 4.1.2
[Physics::Module] Integration Version: 1.0.0
[Physics::Module] Threading Mode: Multi-Threaded
Refreshing native plugins compatible for Editor in 9.36 ms, found 3 plugins.
Preloading 0 native plugins for Editor in 0.00 ms.
Initialize engine version: 6000.2.8f1 (c9992ac36c34)
[Subsystems] Discovering subsystems at path C:/Program Files/Unity/Hub/Editor/6000.2.8f1/Editor/Data/Resources/UnitySubsystems
[Subsystems] Discovering subsystems at path C:/Users/ferna/Game3D/Assets
GfxDevice: creating device client; kGfxThreadingModeNonThreaded
Direct3D:
    Version:  Direct3D 11.0 [level 11.1]
    Renderer: NVIDIA GeForce RTX 2050 (ID=0x25ad)
    Vendor:   NVIDIA
    VRAM:     3964 MB
    Driver:   32.0.15.7703
Initialize mono
Mono path[0] = 'C:/Program Files/Unity/Hub/Editor/6000.2.8f1/Editor/Data/Managed'
Mono path[1] = 'C:/Program Files/Unity/Hub/Editor/6000.2.8f1/Editor/Data/MonoBleedingEdge/lib/mono/unityjit-win32'
Mono config path = 'C:/Program Files/Unity/Hub/Editor/6000.2.8f1/Editor/Data/MonoBleedingEdge/etc'
Using monoOptions --debugger-agent=transport=dt_socket,embedding=1,server=y,suspend=n,address=127.0.0.1:56816
Begin MonoManager ReloadAssembly
Registering precompiled unity dll's ...
Register platform support module: C:/Program Files/Unity/Hub/Editor/6000.2.8f1/Editor/Data/PlaybackEngines/WindowsStandaloneSupport/UnityEditor.WindowsStandalone.Extensions.dll
[Licensing::Client] Successfully resolved entitlement details
[Licensing::Module] License group:
  Id: 4674135729462-UnityPersXXXX
  Product: Unity Personal
  Type: Assigned
  Expiration: Unlimited
Register platform support module: C:/Program Files/Unity/Hub/Editor/6000.2.8f1/Editor/Data/PlaybackEngines/MetroSupport/UnityEditor.UWP.Extensions.dll
Registered in 0.006622 seconds.
- Loaded All Assemblies, in  0.529 seconds
Native extension for UWP target not found
Native extension for WindowsStandalone target not found
Mono: successfully reloaded assembly
- Finished resetting the current domain, in  0.464 seconds
Domain Reload Profiling: 990ms
	BeginReloadAssembly (169ms)
		ExecutionOrderSort (0ms)
		DisableScriptedObjects (0ms)
		BackupInstance (0ms)
		ReleaseScriptingObjects (0ms)
		CreateAndSetChildDomain (1ms)
	RebuildCommonClasses (55ms)
	RebuildNativeTypeToScriptingClass (13ms)
	initialDomainReloadingComplete (71ms)
	LoadAllAssembliesAndSetupDomain (217ms)
		LoadAssemblies (165ms)
		RebuildTransferFunctionScriptingTraits (0ms)
		AnalyzeDomain (213ms)
			TypeCache.Refresh (211ms)
				TypeCache.ScanAssembly (192ms)
			BuildScriptInfoCaches (0ms)
			ResolveRequiredComponents (1ms)
	FinalizeReload (464ms)
		ReleaseScriptCaches (0ms)
		RebuildScriptCaches (0ms)
		SetupLoadedEditorAssemblies (393ms)
			LogAssemblyErrors (0ms)
			InitializePlatformSupportModulesInManaged (55ms)
			SetLoadedEditorAssemblies (6ms)
			BeforeProcessingInitializeOnLoad (82ms)
			ProcessInitializeOnLoadAttributes (176ms)
			ProcessInitializeOnLoadMethodAttributes (74ms)
			AfterProcessingInitializeOnLoad (0ms)
			EditorAssembliesLoaded (0ms)
		ExecutionOrderSort2 (0ms)
		AwakeInstancesAfterBackupRestoration (0ms)
Assembly reference Packages/com.unity.cinemachine/Editor/Samples/ExposeHDRPInternals/HDRP-Editor-ref.asmref has no target assembly definition
========================================================================
Worker process is ready to serve import requests
Import Worker Mode flag is 0x00
Assembly reference Packages/com.unity.cinemachine/Editor/Samples/ExposeHDRPInternals/HDRP-Editor-ref.asmref has no target assembly definition
Assembly reference Packages/com.unity.cinemachine/Editor/Samples/ExposeHDRPInternals/HDRP-Editor-ref.asmref has no target assembly definition
Begin MonoManager ReloadAssembly
[Licensing::Client] Successfully resolved entitlement details
Symbol file LoadedFromMemory is not a mono symbol file
- Loaded All Assemblies, in  0.961 seconds
Assembly reference Packages/com.unity.cinemachine/Editor/Samples/ExposeHDRPInternals/HDRP-Editor-ref.asmref has no target assembly definition
'Packages/com.unity.cinemachine/Editor/Obsolete/CinemachineVirtualCameraBaseEditor.cs' contains partial class of Unity.Object, exactly 1 of the partial classes needs to be in a file with the same filename. This is to know the one that can be referenced from ie. GameObjects
'Packages/com.unity.cinemachine/Editor/Editors/CinemachineVirtualCameraBaseEditor.cs' contains partial class of Unity.Object, exactly 1 of the partial classes needs to be in a file with the same filename. This is to know the one that can be referenced from ie. GameObjects
Refreshing native plugins compatible for Editor in 5.26 ms, found 3 plugins.
Native extension for UWP target not found
Native extension for WindowsStandalone target not found
Assembly reference Packages/com.unity.cinemachine/Editor/Samples/ExposeHDRPInternals/HDRP-Editor-ref.asmref has no target assembly definition
Package Manager log level set to [2]
[Package Manager] Failed to launch server process. Reason: Unity was launched with the -noUpm command-line argument
[Package Manager] Unable to send message (not connected to server process).
[Package Manager] Cannot connect to Unity Package Manager local server
[Package Manager] Failed to launch server process. Reason: Unity was launched with the -noUpm command-line argument
[Package Manager] Unable to send message (not connected to server process).
[Package Manager] Cannot connect to Unity Package Manager local server
Refreshing native plugins compatible for Editor in 5.35 ms, found 3 plugins.
[MODES] ModeService[none].Initialize
[MODES] ModeService[none].LoadModes
[MODES] Loading mode Default (0) for mode-current-id-Game3D
Mono: successfully reloaded assembly
- Finished resetting the current domain, in  1.037 seconds
Domain Reload Profiling: 1992ms
	BeginReloadAssembly (165ms)
		ExecutionOrderSort (0ms)
		DisableScriptedObjects (6ms)
		BackupInstance (0ms)
		ReleaseScriptingObjects (0ms)
		CreateAndSetChildDomain (29ms)
	RebuildCommonClasses (31ms)
	RebuildNativeTypeToScriptingClass (10ms)
	initialDomainReloadingComplete (42ms)
	LoadAllAssembliesAndSetupDomain (706ms)
		LoadAssemblies (445ms)
		RebuildTransferFunctionScriptingTraits (0ms)
		AnalyzeDomain (349ms)
			TypeCache.Refresh (268ms)
				TypeCache.ScanAssembly (250ms)
			BuildScriptInfoCaches (64ms)
			ResolveRequiredComponents (12ms)
	FinalizeReload (1038ms)
		ReleaseScriptCaches (0ms)
		RebuildScriptCaches (0ms)
		SetupLoadedEditorAssemblies (861ms)
			LogAssemblyErrors (0ms)
			InitializePlatformSupportModulesInManaged (2ms)
			SetLoadedEditorAssemblies (4ms)
			BeforeProcessingInitializeOnLoad (136ms)
			ProcessInitializeOnLoadAttributes (502ms)
			ProcessInitializeOnLoadMethodAttributes (209ms)
			AfterProcessingInitializeOnLoad (7ms)
			EditorAssembliesLoaded (0ms)
		ExecutionOrderSort2 (0ms)
		AwakeInstancesAfterBackupRestoration (5ms)
Launched and connected shader compiler UnityShaderCompiler.exe after 0.01 seconds
Refreshing native plugins compatible for Editor in 9.38 ms, found 3 plugins.
Preloading 0 native plugins for Editor in 0.00 ms.
Unloading 16 Unused Serialized files (Serialized files now loaded: 0)
Unloading 8023 unused Assets / (6.1 MB). Loaded Objects now: 8744.
Memory consumption went from 175.5 MB to 169.4 MB.
Total: 27.415500 ms (FindLiveObjects: 1.557800 ms CreateObjectMapping: 2.049400 ms MarkObjects: 18.456400 ms  DeleteObjects: 5.347700 ms)

========================================================================
Received Import Request.
  Time since last request: 77744.526686 seconds.
  path: Assets/Medieval Castle/Prefab/Assemble
  artifactKey: Guid(8d88348be06700d4d8edee5e821683cb) Importer(815301076,1909f56bfc062723c751e8b465ee728b)
Start importing Assets/Medieval Castle/Prefab/Assemble using Guid(8d88348be06700d4d8edee5e821683cb) Importer(815301076,1909f56bfc062723c751e8b465ee728b) (PreviewImporter) -> (artifact id: 'b65d27a564ee55a3718d5e0d3182b8e9') in 0.0045977 seconds
Number of updated asset objects reloaded before import = 0Number of asset objects unloaded after import = 0

========================================================================
Received Import Request.
  Time since last request: 0.035809 seconds.
  path: Assets/Medieval Castle/Prefab/Assemble/Tower1_A.prefab
  artifactKey: Guid(f47beff3889d4744cb3bae894e8ab668) Importer(815301076,1909f56bfc062723c751e8b465ee728b)
Start importing Assets/Medieval Castle/Prefab/Assemble/Tower1_A.prefab using Guid(f47beff3889d4744cb3bae894e8ab668) Importer(815301076,1909f56bfc062723c751e8b465ee728b) (PreviewImporter) -> (artifact id: '72b150956ddc73a5279cfa84086739b5') in 0.7251252 seconds
Number of updated asset objects reloaded before import = 0Number of asset objects unloaded after import = 131

========================================================================
Received Import Request.
  Time since last request: 5.024926 seconds.
  path: Assets/Medieval Castle/Models
  artifactKey: Guid(3726879fd03c71e40988c0001768e6dd) Importer(815301076,1909f56bfc062723c751e8b465ee728b)
Start importing Assets/Medieval Castle/Models using Guid(3726879fd03c71e40988c0001768e6dd) Importer(815301076,1909f56bfc062723c751e8b465ee728b) (PreviewImporter) -> (artifact id: '833c9a4b9edebc779188b7c15949ffd6') in 0.0007738 seconds
Number of updated asset objects reloaded before import = 0Number of asset objects unloaded after import = 0

========================================================================
Received Import Request.
  Time since last request: 0.017202 seconds.
  path: Assets/Medieval Castle/Models/1.fbx
  artifactKey: Guid(11917502b49fe0249ad8f896b2b4ae59) Importer(815301076,1909f56bfc062723c751e8b465ee728b)
Start importing Assets/Medieval Castle/Models/1.fbx using Guid(11917502b49fe0249ad8f896b2b4ae59) Importer(815301076,1909f56bfc062723c751e8b465ee728b) (PreviewImporter) -> (artifact id: 'ba34ca14c8233460361fe093231cede8') in 0.0556809 seconds
Number of updated asset objects reloaded before import = 0Number of asset objects unloaded after import = 12

========================================================================
Received Import Request.
  Time since last request: 0.000029 seconds.
  path: Assets/Medieval Castle/Models/Tower2A.fbx
  artifactKey: Guid(8d68b9ee1c344254c850b9a34b2db3b5) Importer(815301076,1909f56bfc062723c751e8b465ee728b)
Start importing Assets/Medieval Castle/Models/Tower2A.fbx using Guid(8d68b9ee1c344254c850b9a34b2db3b5) Importer(815301076,1909f56bfc062723c751e8b465ee728b) (PreviewImporter) -> (artifact id: '3b6e81fedabd89911c62cb82278869cd') in 0.1369256 seconds
Number of updated asset objects reloaded before import = 0Number of asset objects unloaded after import = 45

========================================================================
Received Import Request.
  Time since last request: 0.000044 seconds.
  path: Assets/Medieval Castle/Models/Wall_Gate.fbx
  artifactKey: Guid(b5c64d4ee9a2626499b011fd21b715b5) Importer(815301076,1909f56bfc062723c751e8b465ee728b)
Start importing Assets/Medieval Castle/Models/Wall_Gate.fbx using Guid(b5c64d4ee9a2626499b011fd21b715b5) Importer(815301076,1909f56bfc062723c751e8b465ee728b) (PreviewImporter) -> (artifact id: '8ba6d79872cc2d7d8d485cb1905e8524') in 0.0779141 seconds
Number of updated asset objects reloaded before import = 0Number of asset objects unloaded after import = 35

========================================================================
Received Import Request.
  Time since last request: 0.000056 seconds.
  path: Assets/Medieval Castle/Models/Tower2_Roof.fbx
  artifactKey: Guid(ade468ef87e3108409e13f190c6ceab9) Importer(815301076,1909f56bfc062723c751e8b465ee728b)
Start importing Assets/Medieval Castle/Models/Tower2_Roof.fbx using Guid(ade468ef87e3108409e13f190c6ceab9) Importer(815301076,1909f56bfc062723c751e8b465ee728b) (PreviewImporter) -> (artifact id: '205f3eaa90c5ca9b600ca9ee4bb9ed34') in 0.1140555 seconds
Number of updated asset objects reloaded before import = 0Number of asset objects unloaded after import = 34

========================================================================
Received Import Request.
  Time since last request: 0.000034 seconds.
  path: Assets/Medieval Castle/Models/Step.fbx
  artifactKey: Guid(05f6b529cae78644e84f00ef03728924) Importer(815301076,1909f56bfc062723c751e8b465ee728b)
Start importing Assets/Medieval Castle/Models/Step.fbx using Guid(05f6b529cae78644e84f00ef03728924) Importer(815301076,1909f56bfc062723c751e8b465ee728b) (PreviewImporter) -> (artifact id: '0c9e10ec8bafb8b6875e56dd86f155a6') in 0.0508025 seconds
Number of updated asset objects reloaded before import = 0Number of asset objects unloaded after import = 19

========================================================================
Received Import Request.
  Time since last request: 0.000033 seconds.
  path: Assets/Medieval Castle/Models/TowerS_Int.fbx
  artifactKey: Guid(f48152e79cb43fa48bfabdb06b709b20) Importer(815301076,1909f56bfc062723c751e8b465ee728b)
Start importing Assets/Medieval Castle/Models/TowerS_Int.fbx using Guid(f48152e79cb43fa48bfabdb06b709b20) Importer(815301076,1909f56bfc062723c751e8b465ee728b) (PreviewImporter) -> (artifact id: 'f48e6a2a4036c459c694b40d58e8b89d') in 0.0774338 seconds
Number of updated asset objects reloaded before import = 0Number of asset objects unloaded after import = 35

========================================================================
Received Import Request.
  Time since last request: 0.000062 seconds.
  path: Assets/Medieval Castle/Models/Tower3A.fbx
  artifactKey: Guid(06ba67ce19f110b40aa2d61eedf9475e) Importer(815301076,1909f56bfc062723c751e8b465ee728b)
Start importing Assets/Medieval Castle/Models/Tower3A.fbx using Guid(06ba67ce19f110b40aa2d61eedf9475e) Importer(815301076,1909f56bfc062723c751e8b465ee728b) (PreviewImporter) -> (artifact id: '1446fae9103f9d62780aa18f78b1cb72') in 0.1170891 seconds
Number of updated asset objects reloaded before import = 0Number of asset objects unloaded after import = 50

========================================================================
Received Import Request.
  Time since last request: 22.285416 seconds.
  path: Assets/Altar_Ruins_FREE/Prefabs/Tree.prefab
  artifactKey: Guid(232a83719cab75349a86f6a56630e317) Importer(815301076,1909f56bfc062723c751e8b465ee728b)
Start importing Assets/Altar_Ruins_FREE/Prefabs/Tree.prefab using Guid(232a83719cab75349a86f6a56630e317) Importer(815301076,1909f56bfc062723c751e8b465ee728b) (PreviewImporter) -> (artifact id: 'da1d1d308101da44456d7fdeb050d12d') in 0.148859 seconds
Number of updated asset objects reloaded before import = 0Number of asset objects unloaded after import = 20

========================================================================
Received Import Request.
  Time since last request: 0.000029 seconds.
  path: Assets/Altar_Ruins_FREE/Prefabs/Wall_round_1.prefab
  artifactKey: Guid(f44bd2ebbc2748e48ac67d9032340953) Importer(815301076,1909f56bfc062723c751e8b465ee728b)
Start importing Assets/Altar_Ruins_FREE/Prefabs/Wall_round_1.prefab using Guid(f44bd2ebbc2748e48ac67d9032340953) Importer(815301076,1909f56bfc062723c751e8b465ee728b) (PreviewImporter) -> (artifact id: '42486dde48e4c434a4a5ab8054ab1671') in 0.0907382 seconds
Number of updated asset objects reloaded before import = 0Number of asset objects unloaded after import = 21

========================================================================
Received Import Request.
  Time since last request: 0.000064 seconds.
  path: Assets/Altar_Ruins_FREE/Prefabs/Wall_round_3.prefab
  artifactKey: Guid(e9dbfcb17462e744689ddc613d59c5d8) Importer(815301076,1909f56bfc062723c751e8b465ee728b)
Start importing Assets/Altar_Ruins_FREE/Prefabs/Wall_round_3.prefab using Guid(e9dbfcb17462e744689ddc613d59c5d8) Importer(815301076,1909f56bfc062723c751e8b465ee728b) (PreviewImporter) -> (artifact id: '8378dfb873aebdef8e93c2ea1f5f9525') in 0.0822175 seconds
Number of updated asset objects reloaded before import = 0Number of asset objects unloaded after import = 21

========================================================================
Received Import Request.
  Time since last request: 332.526148 seconds.
  path: Assets/Medieval Castle/Material/Rock2/Rock2.mat
  artifactKey: Guid(dd9fbe382d961ff46bd9ed06b3a43616) Importer(2089858483,192608db42251d675da83286b1cce702)
Start importing Assets/Medieval Castle/Material/Rock2/Rock2.mat using Guid(dd9fbe382d961ff46bd9ed06b3a43616) Importer(2089858483,192608db42251d675da83286b1cce702) (ScriptedImporter) -> (artifact id: '8b56ba36f3ae7036818bf24372ddfb94') in 0.3390439 seconds
Number of updated asset objects reloaded before import = 0Number of asset objects unloaded after import = 5

========================================================================
Received Import Request.
  Time since last request: 0.000086 seconds.
  path: Assets/Medieval Castle/Material/Rock/Rock.mat
  artifactKey: Guid(fb673fe1ab4b33e42b2ad0fdc15d54b7) Importer(2089858483,192608db42251d675da83286b1cce702)
Start importing Assets/Medieval Castle/Material/Rock/Rock.mat using Guid(fb673fe1ab4b33e42b2ad0fdc15d54b7) Importer(2089858483,192608db42251d675da83286b1cce702) (ScriptedImporter) -> (artifact id: '08fd16930a1c18a63fef6a9616a28579') in 0.0469367 seconds
Number of updated asset objects reloaded before import = 0Number of asset objects unloaded after import = 5

========================================================================
Received Import Request.
  Time since last request: 246.499833 seconds.
  path: Assets/Scenes/Map.unity
  artifactKey: Guid(f09a5845a563e1640b583597ea5c5bdb) Importer(2089858483,192608db42251d675da83286b1cce702)
Start importing Assets/Scenes/Map.unity using Guid(f09a5845a563e1640b583597ea5c5bdb) Importer(2089858483,192608db42251d675da83286b1cce702) (ScriptedImporter) -> (artifact id: 'e23d5cc731a50e50306c4a1ba413d97e') in 0.0446868 seconds
Number of updated asset objects reloaded before import = 0Number of asset objects unloaded after import = 1

========================================================================
Received Import Request.
  Time since last request: 34.430965 seconds.
  path: Assets/New Terrain.asset
  artifactKey: Guid(8bc23dee3b0cb004d9e1d70e084ee12c) Importer(2089858483,192608db42251d675da83286b1cce702)
Start importing Assets/New Terrain.asset using Guid(8bc23dee3b0cb004d9e1d70e084ee12c) Importer(2089858483,192608db42251d675da83286b1cce702) (ScriptedImporter) -> (artifact id: '42aa0c2c94a8c5bc85d76fe5afd6d666') in 0.0380023 seconds
Number of updated asset objects reloaded before import = 0Number of asset objects unloaded after import = 2

