[Licensing::Module] Trying to connect to existing licensing client channel...
[Licensing::IpcConnector] Successfully connected to: "LicenseClient-ferna" at "2025-11-12T23:29:10.7455923Z"
Built from '6000.2/respin/6000.2.8f1-e4064264ae96' branch; Version is '6000.2.8f1 (c9992ac36c34) revision 13211946'; Using compiler version '194234433'; Build Type 'Release'
OS: 'Windows 11  (10.0.26200) 64bit Core' Language: 'es' Physical Memory: 15573 MB
BatchMode: 1, IsHumanControllingUs: 0, StartBugReporterOnCrash: 0, Is64bit: 1
Date: 2025-11-12T23:29:10Z

COMMAND LINE ARGUMENTS:
C:\Program Files\Unity\Hub\Editor\6000.2.8f1\Editor\Unity.exe
-adb2
-batchMode
-noUpm
-name
AssetImportWorker0
-projectPath
C:/Users/ferna/Game3D
-logFile
Logs/AssetImportWorker0.log
-srvPort
55197
-licensingIpc
LicenseClient-ferna
-job-worker-count
5
-background-job-worker-count
8
-gc-helper-count
1
-name
AssetImport
Successfully changed project path to: C:/Users/ferna/Game3D
C:/Users/ferna/Game3D
[UnityMemory] Configuration Parameters - Can be set up in boot.config
    "memorysetup-allocator-temp-initial-block-size-main=262144"
    "memorysetup-allocator-temp-initial-block-size-worker=262144"
    "memorysetup-bucket-allocator-granularity=16"
    "memorysetup-bucket-allocator-bucket-count=8"
    "memorysetup-bucket-allocator-block-size=33554432"
    "memorysetup-bucket-allocator-block-count=8"
    "memorysetup-main-allocator-block-size=16777216"
    "memorysetup-thread-allocator-block-size=16777216"
    "memorysetup-gfx-main-allocator-block-size=16777216"
    "memorysetup-gfx-thread-allocator-block-size=16777216"
    "memorysetup-cache-allocator-block-size=4194304"
    "memorysetup-typetree-allocator-block-size=2097152"
    "memorysetup-profiler-bucket-allocator-granularity=16"
    "memorysetup-profiler-bucket-allocator-bucket-count=8"
    "memorysetup-profiler-bucket-allocator-block-size=33554432"
    "memorysetup-profiler-bucket-allocator-block-count=8"
    "memorysetup-profiler-allocator-block-size=16777216"
    "memorysetup-profiler-editor-allocator-block-size=1048576"
    "memorysetup-temp-allocator-size-main=16777216"
    "memorysetup-job-temp-allocator-block-size=2097152"
    "memorysetup-job-temp-allocator-block-size-background=1048576"
    "memorysetup-job-temp-allocator-reduction-small-platforms=262144"
    "memorysetup-temp-allocator-size-background-worker=32768"
    "memorysetup-temp-allocator-size-job-worker=262144"
    "memorysetup-temp-allocator-size-preload-manager=33554432"
    "memorysetup-temp-allocator-size-nav-mesh-worker=65536"
    "memorysetup-temp-allocator-size-audio-worker=65536"
    "memorysetup-temp-allocator-size-cloud-worker=32768"
    "memorysetup-temp-allocator-size-gi-baking-worker=262144"
    "memorysetup-temp-allocator-size-gi-baking-worker=262144"
    "memorysetup-temp-allocator-size-gi-baking-worker=262144"
    "memorysetup-temp-allocator-size-gi-baking-worker=262144"
    "memorysetup-temp-allocator-size-gi-baking-worker=262144"
    "memorysetup-temp-allocator-size-gfx=262144"
Player connection [20836]  Target information:

Player connection [20836]  * "[IP] 172.24.208.1 [Port] 0 [Flags] 2 [Guid] 403357302 [EditorId] 403357302 [Version] 1048832 [Id] WindowsEditor(7,DESKTOP-JCKR01F) [Debug] 1 [PackageName] WindowsEditor [ProjectName] Editor" 

Player connection [20836]  * "[IP] 192.168.56.1 [Port] 0 [Flags] 2 [Guid] 403357302 [EditorId] 403357302 [Version] 1048832 [Id] WindowsEditor(7,DESKTOP-JCKR01F) [Debug] 1 [PackageName] WindowsEditor [ProjectName] Editor" 

Player connection [20836]  * "[IP] 192.168.1.100 [Port] 0 [Flags] 2 [Guid] 403357302 [EditorId] 403357302 [Version] 1048832 [Id] WindowsEditor(7,DESKTOP-JCKR01F) [Debug] 1 [PackageName] WindowsEditor [ProjectName] Editor" 

Player connection [20836] Host joined multi-casting on [225.0.0.222:54997]...
Player connection [20836] Host joined alternative multi-casting on [225.0.0.222:34997]...
JobSystem: Creating JobQueue using job-worker-count value 5
Input System module state changed to: Initialized.
[Physics::Module] Initialized fallback backend.
[Physics::Module] Id: 0xdecafbad
[Licensing::Client] Code 10 while verifying Licensing Client signature (process Id: 8076, path: "C:/Program Files/Unity Hub/UnityLicensingClient_V1/Unity.Licensing.Client.exe")
[Licensing::Module] LicensingClient has failed validation; ignoring
[Licensing::Client] Handshaking with LicensingClient:
  Version:                 1.17.3+a4e98f1
  Session Id:              8ded82c1dbd246219da50ac8636ba9e9
  Correlation Id:          4a0a0777b73ff4e269da8eff33693411
  External correlation Id: 2344026677917186969
  Machine Id:              ot0+XFDiucx5vwNg2JQWI0HOj0g=
[Licensing::Module] Successfully connected to LicensingClient on channel: "LicenseClient-ferna" (connect: 0.00s, validation: 0.00s, handshake: 0.12s)
[Licensing::IpcConnector] Successfully connected to: "LicenseClient-ferna-notifications" at "2025-11-12T23:29:10.8682315Z"
[Licensing::Module] Licensing Background thread has ended after 0.12s
Library Redirect Path: Library/
[Physics::Module] Selected backend.
[Physics::Module] Name: PhysX
[Physics::Module] Id: 0xf2b8ea05
[Physics::Module] SDK Version: 4.1.2
[Physics::Module] Integration Version: 1.0.0
[Physics::Module] Threading Mode: Multi-Threaded
Refreshing native plugins compatible for Editor in 23.90 ms, found 3 plugins.
Preloading 0 native plugins for Editor in 0.00 ms.
Initialize engine version: 6000.2.8f1 (c9992ac36c34)
[Subsystems] Discovering subsystems at path C:/Program Files/Unity/Hub/Editor/6000.2.8f1/Editor/Data/Resources/UnitySubsystems
[Subsystems] Discovering subsystems at path C:/Users/ferna/Game3D/Assets
GfxDevice: creating device client; kGfxThreadingModeNonThreaded
Direct3D:
    Version:  Direct3D 11.0 [level 11.1]
    Renderer: NVIDIA GeForce RTX 2050 (ID=0x25ad)
    Vendor:   NVIDIA
    VRAM:     3964 MB
    Driver:   32.0.15.7703
Initialize mono
Mono path[0] = 'C:/Program Files/Unity/Hub/Editor/6000.2.8f1/Editor/Data/Managed'
Mono path[1] = 'C:/Program Files/Unity/Hub/Editor/6000.2.8f1/Editor/Data/MonoBleedingEdge/lib/mono/unityjit-win32'
Mono config path = 'C:/Program Files/Unity/Hub/Editor/6000.2.8f1/Editor/Data/MonoBleedingEdge/etc'
Using monoOptions --debugger-agent=transport=dt_socket,embedding=1,server=y,suspend=n,address=127.0.0.1:56796
Begin MonoManager ReloadAssembly
Registering precompiled unity dll's ...
Register platform support module: C:/Program Files/Unity/Hub/Editor/6000.2.8f1/Editor/Data/PlaybackEngines/WindowsStandaloneSupport/UnityEditor.WindowsStandalone.Extensions.dll
[Licensing::Client] Successfully resolved entitlement details
[Licensing::Module] License group:
  Id: 4674135729462-UnityPersXXXX
  Product: Unity Personal
  Type: Assigned
  Expiration: Unlimited
Register platform support module: C:/Program Files/Unity/Hub/Editor/6000.2.8f1/Editor/Data/PlaybackEngines/MetroSupport/UnityEditor.UWP.Extensions.dll
Registered in 0.021372 seconds.
- Loaded All Assemblies, in  1.239 seconds
Native extension for UWP target not found
Native extension for WindowsStandalone target not found
Mono: successfully reloaded assembly
- Finished resetting the current domain, in  1.090 seconds
Domain Reload Profiling: 2321ms
	BeginReloadAssembly (555ms)
		ExecutionOrderSort (0ms)
		DisableScriptedObjects (0ms)
		BackupInstance (0ms)
		ReleaseScriptingObjects (0ms)
		CreateAndSetChildDomain (2ms)
	RebuildCommonClasses (118ms)
	RebuildNativeTypeToScriptingClass (34ms)
	initialDomainReloadingComplete (159ms)
	LoadAllAssembliesAndSetupDomain (364ms)
		LoadAssemblies (545ms)
		RebuildTransferFunctionScriptingTraits (0ms)
		AnalyzeDomain (357ms)
			TypeCache.Refresh (354ms)
				TypeCache.ScanAssembly (328ms)
			BuildScriptInfoCaches (0ms)
			ResolveRequiredComponents (1ms)
	FinalizeReload (1090ms)
		ReleaseScriptCaches (0ms)
		RebuildScriptCaches (0ms)
		SetupLoadedEditorAssemblies (1007ms)
			LogAssemblyErrors (0ms)
			InitializePlatformSupportModulesInManaged (148ms)
			SetLoadedEditorAssemblies (15ms)
			BeforeProcessingInitializeOnLoad (263ms)
			ProcessInitializeOnLoadAttributes (438ms)
			ProcessInitializeOnLoadMethodAttributes (143ms)
			AfterProcessingInitializeOnLoad (0ms)
			EditorAssembliesLoaded (0ms)
		ExecutionOrderSort2 (0ms)
		AwakeInstancesAfterBackupRestoration (0ms)
Assembly reference Packages/com.unity.cinemachine/Editor/Samples/ExposeHDRPInternals/HDRP-Editor-ref.asmref has no target assembly definition
========================================================================
Worker process is ready to serve import requests
Import Worker Mode flag is 0x00
Assembly reference Packages/com.unity.cinemachine/Editor/Samples/ExposeHDRPInternals/HDRP-Editor-ref.asmref has no target assembly definition
Assembly reference Packages/com.unity.cinemachine/Editor/Samples/ExposeHDRPInternals/HDRP-Editor-ref.asmref has no target assembly definition
Begin MonoManager ReloadAssembly
[Licensing::Client] Successfully resolved entitlement details
Symbol file LoadedFromMemory is not a mono symbol file
- Loaded All Assemblies, in  3.427 seconds
Assembly reference Packages/com.unity.cinemachine/Editor/Samples/ExposeHDRPInternals/HDRP-Editor-ref.asmref has no target assembly definition
'Packages/com.unity.cinemachine/Editor/Obsolete/CinemachineVirtualCameraBaseEditor.cs' contains partial class of Unity.Object, exactly 1 of the partial classes needs to be in a file with the same filename. This is to know the one that can be referenced from ie. GameObjects
'Packages/com.unity.cinemachine/Editor/Editors/CinemachineVirtualCameraBaseEditor.cs' contains partial class of Unity.Object, exactly 1 of the partial classes needs to be in a file with the same filename. This is to know the one that can be referenced from ie. GameObjects
Refreshing native plugins compatible for Editor in 25.90 ms, found 3 plugins.
Native extension for UWP target not found
Native extension for WindowsStandalone target not found
Assembly reference Packages/com.unity.cinemachine/Editor/Samples/ExposeHDRPInternals/HDRP-Editor-ref.asmref has no target assembly definition
Package Manager log level set to [2]
[Package Manager] Failed to launch server process. Reason: Unity was launched with the -noUpm command-line argument
[Package Manager] Unable to send message (not connected to server process).
[Package Manager] Cannot connect to Unity Package Manager local server
[Package Manager] Failed to launch server process. Reason: Unity was launched with the -noUpm command-line argument
[Package Manager] Unable to send message (not connected to server process).
[Package Manager] Cannot connect to Unity Package Manager local server
Refreshing native plugins compatible for Editor in 27.51 ms, found 3 plugins.
[MODES] ModeService[none].Initialize
[MODES] ModeService[none].LoadModes
[MODES] Loading mode Default (0) for mode-current-id-Game3D
Mono: successfully reloaded assembly
- Finished resetting the current domain, in  4.073 seconds
Domain Reload Profiling: 7472ms
	BeginReloadAssembly (484ms)
		ExecutionOrderSort (0ms)
		DisableScriptedObjects (24ms)
		BackupInstance (0ms)
		ReleaseScriptingObjects (0ms)
		CreateAndSetChildDomain (55ms)
	RebuildCommonClasses (106ms)
	RebuildNativeTypeToScriptingClass (30ms)
	initialDomainReloadingComplete (161ms)
	LoadAllAssembliesAndSetupDomain (2616ms)
		LoadAssemblies (1661ms)
		RebuildTransferFunctionScriptingTraits (0ms)
		AnalyzeDomain (1254ms)
			TypeCache.Refresh (940ms)
				TypeCache.ScanAssembly (880ms)
			BuildScriptInfoCaches (225ms)
			ResolveRequiredComponents (71ms)
	FinalizeReload (4075ms)
		ReleaseScriptCaches (0ms)
		RebuildScriptCaches (0ms)
		SetupLoadedEditorAssemblies (3511ms)
			LogAssemblyErrors (0ms)
			InitializePlatformSupportModulesInManaged (7ms)
			SetLoadedEditorAssemblies (18ms)
			BeforeProcessingInitializeOnLoad (660ms)
			ProcessInitializeOnLoadAttributes (1990ms)
			ProcessInitializeOnLoadMethodAttributes (810ms)
			AfterProcessingInitializeOnLoad (26ms)
			EditorAssembliesLoaded (1ms)
		ExecutionOrderSort2 (0ms)
		AwakeInstancesAfterBackupRestoration (20ms)
Launched and connected shader compiler UnityShaderCompiler.exe after 0.05 seconds
Refreshing native plugins compatible for Editor in 82.92 ms, found 3 plugins.
Preloading 0 native plugins for Editor in 0.00 ms.
Unloading 16 Unused Serialized files (Serialized files now loaded: 0)
Unloading 8019 unused Assets / (9.8 MB). Loaded Objects now: 8736.
Memory consumption went from 168.2 MB to 158.4 MB.
Total: 135.966600 ms (FindLiveObjects: 4.639100 ms CreateObjectMapping: 8.275300 ms MarkObjects: 101.500300 ms  DeleteObjects: 21.543300 ms)

========================================================================
Received Import Request.
  Time since last request: 19756.899892 seconds.
  path: Assets/ExplosiveLLC/Warrior Pack Bundle 1 FREE/Sorceress Warrior Mecanim Animation Pack/Animations/Sorceress@Stunned.FBX
  artifactKey: Guid(e00ce95c0bff0bf41afd5b76722b72c7) Importer(2089858483,192608db42251d675da83286b1cce702)
Start importing Assets/ExplosiveLLC/Warrior Pack Bundle 1 FREE/Sorceress Warrior Mecanim Animation Pack/Animations/Sorceress@Stunned.FBX using Guid(e00ce95c0bff0bf41afd5b76722b72c7) Importer(2089858483,192608db42251d675da83286b1cce702) (ScriptedImporter) -> (artifact id: 'cdbc722b21a7a379451b1ca3e575753c') in 2.3728828 seconds
Number of updated asset objects reloaded before import = 0Number of asset objects unloaded after import = 4

========================================================================
Received Import Request.
  Time since last request: 0.000069 seconds.
  path: Assets/ExplosiveLLC/Warrior Pack Bundle 1 FREE/Ninja Warrior Mecanim Animation Pack/Animations/Ninja@Fall.FBX
  artifactKey: Guid(270e1a5a1c864ad41a8f1975302250e0) Importer(2089858483,192608db42251d675da83286b1cce702)
Start importing Assets/ExplosiveLLC/Warrior Pack Bundle 1 FREE/Ninja Warrior Mecanim Animation Pack/Animations/Ninja@Fall.FBX using Guid(270e1a5a1c864ad41a8f1975302250e0) Importer(2089858483,192608db42251d675da83286b1cce702) (ScriptedImporter) -> (artifact id: '623d0bbf3214b7fcd2679aef394f13da') in 0.2561143 seconds
Number of updated asset objects reloaded before import = 0Number of asset objects unloaded after import = 5

========================================================================
Received Import Request.
  Time since last request: 0.000067 seconds.
  path: Assets/DoubleL/One Hand Up/Movement/Crouch/Base/OneHand_Up_Crouch_F.fbx
  artifactKey: Guid(23f876bcd0155a14099ae55d2cf82f81) Importer(2089858483,192608db42251d675da83286b1cce702)
Start importing Assets/DoubleL/One Hand Up/Movement/Crouch/Base/OneHand_Up_Crouch_F.fbx using Guid(23f876bcd0155a14099ae55d2cf82f81) Importer(2089858483,192608db42251d675da83286b1cce702) (ScriptedImporter) -> (artifact id: 'b3cb8ff5962a807ad3c8dbabd3369d03') in 0.2235519 seconds
Number of updated asset objects reloaded before import = 0Number of asset objects unloaded after import = 5

========================================================================
Received Import Request.
  Time since last request: 0.000059 seconds.
  path: Assets/DoubleL/Actions/Ladder/Ladder_Up_End.fbx
  artifactKey: Guid(c90f09b87e2e31d4280e51ce981747d3) Importer(2089858483,192608db42251d675da83286b1cce702)
Start importing Assets/DoubleL/Actions/Ladder/Ladder_Up_End.fbx using Guid(c90f09b87e2e31d4280e51ce981747d3) Importer(2089858483,192608db42251d675da83286b1cce702) (ScriptedImporter) -> (artifact id: 'bd120f93aa8a227be30cbac752e00952') in 0.186295 seconds
Number of updated asset objects reloaded before import = 0Number of asset objects unloaded after import = 5

========================================================================
Received Import Request.
  Time since last request: 0.000081 seconds.
  path: Assets/DoubleL/One Hand Up/Attack_A/InPlace/OneHand_Up_Attack_A_1_InPlace.fbx
  artifactKey: Guid(25b55a8c2db78f04d9541412ee6eae08) Importer(2089858483,192608db42251d675da83286b1cce702)
Start importing Assets/DoubleL/One Hand Up/Attack_A/InPlace/OneHand_Up_Attack_A_1_InPlace.fbx using Guid(25b55a8c2db78f04d9541412ee6eae08) Importer(2089858483,192608db42251d675da83286b1cce702) (ScriptedImporter) -> (artifact id: '7c50ee545670bb3bbdd494503a289913') in 0.184198 seconds
Number of updated asset objects reloaded before import = 0Number of asset objects unloaded after import = 5

========================================================================
Received Import Request.
  Time since last request: 0.000053 seconds.
  path: Assets/DoubleL/Hit/InPlace/Hit_F_1_InPlace.fbx
  artifactKey: Guid(220ace6914f074f4c838e4e9535e2c83) Importer(2089858483,192608db42251d675da83286b1cce702)
Start importing Assets/DoubleL/Hit/InPlace/Hit_F_1_InPlace.fbx using Guid(220ace6914f074f4c838e4e9535e2c83) Importer(2089858483,192608db42251d675da83286b1cce702) (ScriptedImporter) -> (artifact id: 'd811a94641e6c2926ce0d21a1fbef20c') in 0.1017995 seconds
Number of updated asset objects reloaded before import = 0Number of asset objects unloaded after import = 5

========================================================================
Received Import Request.
  Time since last request: 0.000053 seconds.
  path: Assets/Materials/PavingStones077_1K-PNG_AmbientOcclusion.png
  artifactKey: Guid(1ec94f6ac630cae43afbf02e5ca48c9a) Importer(2089858483,192608db42251d675da83286b1cce702)
Start importing Assets/Materials/PavingStones077_1K-PNG_AmbientOcclusion.png using Guid(1ec94f6ac630cae43afbf02e5ca48c9a) Importer(2089858483,192608db42251d675da83286b1cce702) (ScriptedImporter) -> (artifact id: '05be143768d7bc3e8adf5dbc1bc99989') in 0.1341334 seconds
Number of updated asset objects reloaded before import = 0Number of asset objects unloaded after import = 1

========================================================================
Received Import Request.
  Time since last request: 0.000037 seconds.
  path: Assets/DoubleL/Actions/Ladder/Ladder_Up_Start_InPlace.fbx
  artifactKey: Guid(c328edb7a45e82144ad791f9fb4ad8a7) Importer(2089858483,192608db42251d675da83286b1cce702)
Start importing Assets/DoubleL/Actions/Ladder/Ladder_Up_Start_InPlace.fbx using Guid(c328edb7a45e82144ad791f9fb4ad8a7) Importer(2089858483,192608db42251d675da83286b1cce702) (ScriptedImporter) -> (artifact id: 'e7022e8697ab84ce05b61a794fc50a50') in 0.0882262 seconds
Number of updated asset objects reloaded before import = 0Number of asset objects unloaded after import = 5

========================================================================
Received Import Request.
  Time since last request: 0.000049 seconds.
  path: Assets/DoubleL/One Hand Up/Movement/Run/Base/InPlace/OneHand_Up_Run_F_InPlace.fbx
  artifactKey: Guid(2259e22041db7774a8736029a9284fdd) Importer(2089858483,192608db42251d675da83286b1cce702)
Start importing Assets/DoubleL/One Hand Up/Movement/Run/Base/InPlace/OneHand_Up_Run_F_InPlace.fbx using Guid(2259e22041db7774a8736029a9284fdd) Importer(2089858483,192608db42251d675da83286b1cce702) (ScriptedImporter) -> (artifact id: '7de71e4a3701cd63edcda571b6f5440b') in 0.0859735 seconds
Number of updated asset objects reloaded before import = 0Number of asset objects unloaded after import = 5

========================================================================
Received Import Request.
  Time since last request: 0.000053 seconds.
  path: Assets/DoubleL/One Hand Up/Movement/Walk/Base/OneHand_Up_Walk_B.fbx
  artifactKey: Guid(118384f015ad2234d92ffe235e9eca27) Importer(2089858483,192608db42251d675da83286b1cce702)
Start importing Assets/DoubleL/One Hand Up/Movement/Walk/Base/OneHand_Up_Walk_B.fbx using Guid(118384f015ad2234d92ffe235e9eca27) Importer(2089858483,192608db42251d675da83286b1cce702) (ScriptedImporter) -> (artifact id: 'b9cf1274fbe2fbaf53c0ea0049ec5268') in 0.10183 seconds
Number of updated asset objects reloaded before import = 0Number of asset objects unloaded after import = 5

========================================================================
Received Import Request.
  Time since last request: 0.000079 seconds.
  path: Assets/Kevin Iglesias/Characters/Humanoid Giant/Demo Scene/Materials/FloorMaterial.mat
  artifactKey: Guid(7e66d38d06f83294ca884df035c763fa) Importer(2089858483,192608db42251d675da83286b1cce702)
Start importing Assets/Kevin Iglesias/Characters/Humanoid Giant/Demo Scene/Materials/FloorMaterial.mat using Guid(7e66d38d06f83294ca884df035c763fa) Importer(2089858483,192608db42251d675da83286b1cce702) (ScriptedImporter) -> (artifact id: '6b814d38626062b6a759ea4337f15ec3') in 0.2855931 seconds
Number of updated asset objects reloaded before import = 0Number of asset objects unloaded after import = 5

========================================================================
Received Import Request.
  Time since last request: 0.000050 seconds.
  path: Assets/DoubleL/Demo/Demo.unity
  artifactKey: Guid(d9803f14cb002924c8dd9b5065d2cbaf) Importer(2089858483,192608db42251d675da83286b1cce702)
Start importing Assets/DoubleL/Demo/Demo.unity using Guid(d9803f14cb002924c8dd9b5065d2cbaf) Importer(2089858483,192608db42251d675da83286b1cce702) (ScriptedImporter) -> (artifact id: 'aa55700105b62b605df89b4d32a36c6d') in 0.1393082 seconds
Number of updated asset objects reloaded before import = 0Number of asset objects unloaded after import = 1

========================================================================
Received Import Request.
  Time since last request: 0.000058 seconds.
  path: Assets/Kevin Iglesias/Characters/Humanoid Giant/Materials/Giant01/Giant01_Texture02/Giant01_Texture02 Recolor03.mat
  artifactKey: Guid(93b3a3ff87c67ae4ead2e9f9ef244426) Importer(2089858483,192608db42251d675da83286b1cce702)
Start importing Assets/Kevin Iglesias/Characters/Humanoid Giant/Materials/Giant01/Giant01_Texture02/Giant01_Texture02 Recolor03.mat using Guid(93b3a3ff87c67ae4ead2e9f9ef244426) Importer(2089858483,192608db42251d675da83286b1cce702) (ScriptedImporter) -> (artifact id: 'c2ecdfe11b12eea677e5d34d71c26720') in 0.2178271 seconds
Number of updated asset objects reloaded before import = 0Number of asset objects unloaded after import = 5

========================================================================
Received Import Request.
  Time since last request: 0.000048 seconds.
  path: Assets/DoubleL/One Hand Up/Movement/Crouch/Idle/Idle/OneHand_Up_Crouch_Idle_1.fbx
  artifactKey: Guid(f4ba631d7ad5670429dc2454e01d748c) Importer(2089858483,192608db42251d675da83286b1cce702)
Start importing Assets/DoubleL/One Hand Up/Movement/Crouch/Idle/Idle/OneHand_Up_Crouch_Idle_1.fbx using Guid(f4ba631d7ad5670429dc2454e01d748c) Importer(2089858483,192608db42251d675da83286b1cce702) (ScriptedImporter) -> (artifact id: 'd951724cdd80acd628f1d67265e09e7c') in 0.0857757 seconds
Number of updated asset objects reloaded before import = 0Number of asset objects unloaded after import = 5

========================================================================
Received Import Request.
  Time since last request: 0.000054 seconds.
  path: Assets/DoubleL/One Hand Up/Attack_B/InPlace/OneHand_Up_Attack_B_1_InPlace.fbx
  artifactKey: Guid(8133a37c21c15234cb39eb32cd176f83) Importer(2089858483,192608db42251d675da83286b1cce702)
Start importing Assets/DoubleL/One Hand Up/Attack_B/InPlace/OneHand_Up_Attack_B_1_InPlace.fbx using Guid(8133a37c21c15234cb39eb32cd176f83) Importer(2089858483,192608db42251d675da83286b1cce702) (ScriptedImporter) -> (artifact id: 'ee53dcf43b3e3dfcbabad93f0d5711be') in 0.0807799 seconds
Number of updated asset objects reloaded before import = 0Number of asset objects unloaded after import = 5

========================================================================
Received Import Request.
  Time since last request: 0.000035 seconds.
  path: Assets/Kevin Iglesias/Characters/Humanoid Giant/Materials/Giant01_Flat/Giant01_Texture05_Flat.mat
  artifactKey: Guid(311bd363005dc254fb09c28b534a609c) Importer(2089858483,192608db42251d675da83286b1cce702)
Start importing Assets/Kevin Iglesias/Characters/Humanoid Giant/Materials/Giant01_Flat/Giant01_Texture05_Flat.mat using Guid(311bd363005dc254fb09c28b534a609c) Importer(2089858483,192608db42251d675da83286b1cce702) (ScriptedImporter) -> (artifact id: 'ae08cb191ddc1cd0e8b17f5b9bd622f8') in 0.0962803 seconds
Number of updated asset objects reloaded before import = 0Number of asset objects unloaded after import = 2

========================================================================
Received Import Request.
  Time since last request: 0.000057 seconds.
  path: Assets/DoubleL/Actions/Ladder/Ladder_Up_Play.fbx
  artifactKey: Guid(6f656b16f108aa94c85e5075cb916a59) Importer(2089858483,192608db42251d675da83286b1cce702)
Start importing Assets/DoubleL/Actions/Ladder/Ladder_Up_Play.fbx using Guid(6f656b16f108aa94c85e5075cb916a59) Importer(2089858483,192608db42251d675da83286b1cce702) (ScriptedImporter) -> (artifact id: 'b9343777972f36dbbff8a2f3fe7d157c') in 0.0785712 seconds
Number of updated asset objects reloaded before import = 0Number of asset objects unloaded after import = 5

========================================================================
Received Import Request.
  Time since last request: 0.000042 seconds.
  path: Assets/ExplosiveLLC/Warrior Pack Bundle 1 FREE/Ninja Warrior Mecanim Animation Pack/Characters/Ninja.FBX
  artifactKey: Guid(24bdb7cc7a8d8a745a84df6c531bc19d) Importer(2089858483,192608db42251d675da83286b1cce702)
Start importing Assets/ExplosiveLLC/Warrior Pack Bundle 1 FREE/Ninja Warrior Mecanim Animation Pack/Characters/Ninja.FBX using Guid(24bdb7cc7a8d8a745a84df6c531bc19d) Importer(2089858483,192608db42251d675da83286b1cce702) (ScriptedImporter) -> (artifact id: '6775b5ee2c9e9c07e472397e5a8726a5') in 0.0974659 seconds
Number of updated asset objects reloaded before import = 0Number of asset objects unloaded after import = 6

========================================================================
Received Import Request.
  Time since last request: 0.000047 seconds.
  path: Assets/Kevin Iglesias/Characters/Humanoid Giant/Materials/Giant01/Giant01_Texture01/Giant01_Texture01 Recolor04.mat
  artifactKey: Guid(f5f43ab3b8f921f45a13aa940c7b5549) Importer(2089858483,192608db42251d675da83286b1cce702)
Start importing Assets/Kevin Iglesias/Characters/Humanoid Giant/Materials/Giant01/Giant01_Texture01/Giant01_Texture01 Recolor04.mat using Guid(f5f43ab3b8f921f45a13aa940c7b5549) Importer(2089858483,192608db42251d675da83286b1cce702) (ScriptedImporter) -> (artifact id: 'bb68a03f174c8b2c7fec2386d6aa8cf1') in 0.200814 seconds
Number of updated asset objects reloaded before import = 0Number of asset objects unloaded after import = 5

========================================================================
Received Import Request.
  Time since last request: 0.000046 seconds.
  path: Assets/ExplosiveLLC/Warrior Pack Bundle 1 FREE/Karate Warrior Mecanim Animation Pack/Animations/Karate@WalkSlow.FBX
  artifactKey: Guid(3f1d8415037724c46a4d6a2f74a189f0) Importer(2089858483,192608db42251d675da83286b1cce702)
Start importing Assets/ExplosiveLLC/Warrior Pack Bundle 1 FREE/Karate Warrior Mecanim Animation Pack/Animations/Karate@WalkSlow.FBX using Guid(3f1d8415037724c46a4d6a2f74a189f0) Importer(2089858483,192608db42251d675da83286b1cce702) (ScriptedImporter) -> (artifact id: '98738307dc0f8e495e6524e9ed259533') in 0.0803598 seconds
Number of updated asset objects reloaded before import = 0Number of asset objects unloaded after import = 5

========================================================================
Received Import Request.
  Time since last request: 0.000076 seconds.
  path: Assets/DoubleL/One Hand Up/Movement/Walk/Base/OneHand_Up_Walk_F.fbx
  artifactKey: Guid(d22de05a8d1f7fb4c9750ac96596dc5e) Importer(2089858483,192608db42251d675da83286b1cce702)
Start importing Assets/DoubleL/One Hand Up/Movement/Walk/Base/OneHand_Up_Walk_F.fbx using Guid(d22de05a8d1f7fb4c9750ac96596dc5e) Importer(2089858483,192608db42251d675da83286b1cce702) (ScriptedImporter) -> (artifact id: '44b0e0c08af07b110cfa6f7c01f24478') in 0.1065212 seconds
Number of updated asset objects reloaded before import = 0Number of asset objects unloaded after import = 5

========================================================================
Received Import Request.
  Time since last request: 0.000059 seconds.
  path: Assets/Textures/textures/Paladin_normal.png
  artifactKey: Guid(937b1b90bec777e43953d47c1117c500) Importer(2089858483,192608db42251d675da83286b1cce702)
Start importing Assets/Textures/textures/Paladin_normal.png using Guid(937b1b90bec777e43953d47c1117c500) Importer(2089858483,192608db42251d675da83286b1cce702) (ScriptedImporter) -> (artifact id: 'a07fddcb01d9e6a2a4f82fd3267fdcf1') in 0.0827015 seconds
Number of updated asset objects reloaded before import = 0Number of asset objects unloaded after import = 1

========================================================================
Received Import Request.
  Time since last request: 0.000056 seconds.
  path: Assets/DoubleL/One Hand Up/Movement/Run/Base/InPlace/OneHand_Up_Run_F_R90_A_InPlace.fbx
  artifactKey: Guid(626fda66d1318d34d8de2df99d1d271f) Importer(2089858483,192608db42251d675da83286b1cce702)
Start importing Assets/DoubleL/One Hand Up/Movement/Run/Base/InPlace/OneHand_Up_Run_F_R90_A_InPlace.fbx using Guid(626fda66d1318d34d8de2df99d1d271f) Importer(2089858483,192608db42251d675da83286b1cce702) (ScriptedImporter) -> (artifact id: 'c4d1cbaea26bf729f7e9ea6ff331bc17') in 0.0870847 seconds
Number of updated asset objects reloaded before import = 0Number of asset objects unloaded after import = 5

========================================================================
Received Import Request.
  Time since last request: 0.000048 seconds.
  path: Assets/ExplosiveLLC/Warrior Pack Bundle 1 FREE/Karate Warrior Mecanim Animation Pack/Animations/Karate@Attack1.FBX
  artifactKey: Guid(ac9975871f6774c44a6c33bf8da40c0c) Importer(2089858483,192608db42251d675da83286b1cce702)
Start importing Assets/ExplosiveLLC/Warrior Pack Bundle 1 FREE/Karate Warrior Mecanim Animation Pack/Animations/Karate@Attack1.FBX using Guid(ac9975871f6774c44a6c33bf8da40c0c) Importer(2089858483,192608db42251d675da83286b1cce702) (ScriptedImporter) -> (artifact id: '27b412f6b52f15533345c1fe44149cd6') in 0.0885546 seconds
Number of updated asset objects reloaded before import = 0Number of asset objects unloaded after import = 5

========================================================================
Received Import Request.
  Time since last request: 0.000056 seconds.
  path: Assets/MobileDependencyResolver/Editor/1.2.185/Google.VersionHandlerImpl.pdb
  artifactKey: Guid(1e8744605c2b4bc8be277df27a77a368) Importer(2089858483,192608db42251d675da83286b1cce702)
Start importing Assets/MobileDependencyResolver/Editor/1.2.185/Google.VersionHandlerImpl.pdb using Guid(1e8744605c2b4bc8be277df27a77a368) Importer(2089858483,192608db42251d675da83286b1cce702) (ScriptedImporter) -> (artifact id: '510450ecbbe09e78f249725dae84420e') in 0.037672 seconds
Number of updated asset objects reloaded before import = 0Number of asset objects unloaded after import = 1

========================================================================
Received Import Request.
  Time since last request: 0.000035 seconds.
  path: Assets/Settings/DefaultVolumeProfile.asset
  artifactKey: Guid(ab09877e2e707104187f6f83e2f62510) Importer(2089858483,192608db42251d675da83286b1cce702)
Start importing Assets/Settings/DefaultVolumeProfile.asset using Guid(ab09877e2e707104187f6f83e2f62510) Importer(2089858483,192608db42251d675da83286b1cce702) (ScriptedImporter) -> (artifact id: '0ea33a5456cab9c5dacd56cef83fb5e1') in 0.0512454 seconds
Number of updated asset objects reloaded before import = 0Number of asset objects unloaded after import = 0

========================================================================
Received Import Request.
  Time since last request: 0.000048 seconds.
  path: Assets/MobileDependencyResolver/Editor/1.2.185/Google.PackageManagerResolver.pdb
  artifactKey: Guid(fe36d59fa4564be0986ad5ccdace6551) Importer(2089858483,192608db42251d675da83286b1cce702)
Start importing Assets/MobileDependencyResolver/Editor/1.2.185/Google.PackageManagerResolver.pdb using Guid(fe36d59fa4564be0986ad5ccdace6551) Importer(2089858483,192608db42251d675da83286b1cce702) (ScriptedImporter) -> (artifact id: '001eecd5fa3b5e8907af750c243eb415') in 0.0584082 seconds
Number of updated asset objects reloaded before import = 0Number of asset objects unloaded after import = 1

========================================================================
Received Import Request.
  Time since last request: 0.000058 seconds.
  path: Assets/DoubleL/One Hand Up/Movement/Sprint/Base/OneHand_Up_Sprint_F.fbx
  artifactKey: Guid(8a53179da01f5c14abec2840ac523590) Importer(2089858483,192608db42251d675da83286b1cce702)
Start importing Assets/DoubleL/One Hand Up/Movement/Sprint/Base/OneHand_Up_Sprint_F.fbx using Guid(8a53179da01f5c14abec2840ac523590) Importer(2089858483,192608db42251d675da83286b1cce702) (ScriptedImporter) -> (artifact id: 'a59a8064279c2efb12bda053b09067ea') in 0.0994268 seconds
Number of updated asset objects reloaded before import = 0Number of asset objects unloaded after import = 5

========================================================================
Received Import Request.
  Time since last request: 0.000055 seconds.
  path: Assets/Kevin Iglesias/Characters/Humanoid Giant/Materials/Giant01/Giant01_Texture01/Giant01_Texture01 Recolor02.mat
  artifactKey: Guid(bac034f735262b0469d4d47f27fb2759) Importer(2089858483,192608db42251d675da83286b1cce702)
Start importing Assets/Kevin Iglesias/Characters/Humanoid Giant/Materials/Giant01/Giant01_Texture01/Giant01_Texture01 Recolor02.mat using Guid(bac034f735262b0469d4d47f27fb2759) Importer(2089858483,192608db42251d675da83286b1cce702) (ScriptedImporter) -> (artifact id: '1fd61b77b6047026c2104ffd507ab0ef') in 0.126238 seconds
Number of updated asset objects reloaded before import = 0Number of asset objects unloaded after import = 5

========================================================================
Received Import Request.
  Time since last request: 0.000074 seconds.
  path: Assets/DoubleL/Bow/Attack B/Bow_Attack_B_1_All.fbx
  artifactKey: Guid(c6204aee13b1bc845ad8859efad28955) Importer(2089858483,192608db42251d675da83286b1cce702)
Start importing Assets/DoubleL/Bow/Attack B/Bow_Attack_B_1_All.fbx using Guid(c6204aee13b1bc845ad8859efad28955) Importer(2089858483,192608db42251d675da83286b1cce702) (ScriptedImporter) -> (artifact id: 'c57921138dc7b9a54cd4ea888e5e6e0e') in 0.0850781 seconds
Number of updated asset objects reloaded before import = 0Number of asset objects unloaded after import = 5

========================================================================
Received Import Request.
  Time since last request: 0.000053 seconds.
  path: Assets/Dry_Trees/Demo_Scene/Dry_Tree/SkyandFogSettingsProfile.asset
  artifactKey: Guid(af5ad2d3dd2bff54daab259147f6ef4a) Importer(2089858483,192608db42251d675da83286b1cce702)
Start importing Assets/Dry_Trees/Demo_Scene/Dry_Tree/SkyandFogSettingsProfile.asset using Guid(af5ad2d3dd2bff54daab259147f6ef4a) Importer(2089858483,192608db42251d675da83286b1cce702) (ScriptedImporter) -> (artifact id: '8188b098942f453d50e8bb2f1dd552e4') in 0.0847287 seconds
Number of updated asset objects reloaded before import = 0Number of asset objects unloaded after import = 6

========================================================================
Received Import Request.
  Time since last request: 0.000060 seconds.
  path: Assets/DoubleL/Enemy Attack/InPlace/Enemy_Attack_1_InPlace.fbx
  artifactKey: Guid(7eb76ba67c7c3144a86cdaca75aaa02d) Importer(2089858483,192608db42251d675da83286b1cce702)
Start importing Assets/DoubleL/Enemy Attack/InPlace/Enemy_Attack_1_InPlace.fbx using Guid(7eb76ba67c7c3144a86cdaca75aaa02d) Importer(2089858483,192608db42251d675da83286b1cce702) (ScriptedImporter) -> (artifact id: '5f1cc0417ed03524eb2aa8cb2ae33d20') in 0.0940182 seconds
Number of updated asset objects reloaded before import = 0Number of asset objects unloaded after import = 5

========================================================================
Received Import Request.
  Time since last request: 0.000040 seconds.
  path: Assets/ExplosiveLLC/Warrior Pack Bundle 1 FREE/Ninja Warrior Mecanim Animation Pack/Animations/Ninja@Run.FBX
  artifactKey: Guid(0931ee4927ebe68469e9d3c13bd8cd75) Importer(2089858483,192608db42251d675da83286b1cce702)
Start importing Assets/ExplosiveLLC/Warrior Pack Bundle 1 FREE/Ninja Warrior Mecanim Animation Pack/Animations/Ninja@Run.FBX using Guid(0931ee4927ebe68469e9d3c13bd8cd75) Importer(2089858483,192608db42251d675da83286b1cce702) (ScriptedImporter) -> (artifact id: 'ce09622dff016bf80aa9c1f8ab7a75c0') in 0.1147387 seconds
Number of updated asset objects reloaded before import = 0Number of asset objects unloaded after import = 5

========================================================================
Received Import Request.
  Time since last request: 0.000062 seconds.
  path: Assets/MobileDependencyResolver/Editor/1.2.185/Google.JarResolver.dll
  artifactKey: Guid(459f2b4255ec498caed1c0aeb1bf03a0) Importer(2089858483,192608db42251d675da83286b1cce702)
Start importing Assets/MobileDependencyResolver/Editor/1.2.185/Google.JarResolver.dll using Guid(459f2b4255ec498caed1c0aeb1bf03a0) Importer(2089858483,192608db42251d675da83286b1cce702) (ScriptedImporter) -> (artifact id: 'a23ff49cd7aba9df2ac96294a506009f') in 0.0556549 seconds
Number of updated asset objects reloaded before import = 0Number of asset objects unloaded after import = 0

========================================================================
Received Import Request.
  Time since last request: 0.000047 seconds.
  path: Assets/Dry_Trees/Prefab
  artifactKey: Guid(237f528977e4a9641a9595a1b55f5e4f) Importer(2089858483,192608db42251d675da83286b1cce702)
Start importing Assets/Dry_Trees/Prefab using Guid(237f528977e4a9641a9595a1b55f5e4f) Importer(2089858483,192608db42251d675da83286b1cce702) (ScriptedImporter) -> (artifact id: '40ae0bf50a5fcb0f6d6a851e98381b90') in 0.0333152 seconds
Number of updated asset objects reloaded before import = 0Number of asset objects unloaded after import = 1

========================================================================
Received Import Request.
  Time since last request: 0.000072 seconds.
  path: Assets/Dry_Trees/Prefab/Dry4195.prefab
  artifactKey: Guid(f2e54234007ec4543b62fd7788bcd725) Importer(2089858483,192608db42251d675da83286b1cce702)
Start importing Assets/Dry_Trees/Prefab/Dry4195.prefab using Guid(f2e54234007ec4543b62fd7788bcd725) Importer(2089858483,192608db42251d675da83286b1cce702) (ScriptedImporter) -> (artifact id: '42d95478d831c712e56b12af9884e744') in 0.151318 seconds
Number of updated asset objects reloaded before import = 0Number of asset objects unloaded after import = 26

========================================================================
Received Import Request.
  Time since last request: 0.000048 seconds.
  path: Assets/DoubleL/One Hand Up/Attack_A/OneHand_Up_Attack_A_2.fbx
  artifactKey: Guid(d69e18646eaf4d145abd292ae4ed2f5b) Importer(2089858483,192608db42251d675da83286b1cce702)
Start importing Assets/DoubleL/One Hand Up/Attack_A/OneHand_Up_Attack_A_2.fbx using Guid(d69e18646eaf4d145abd292ae4ed2f5b) Importer(2089858483,192608db42251d675da83286b1cce702) (ScriptedImporter) -> (artifact id: '1ebcd8f257a3b1f3abd22a4b0fa97c45') in 0.0601173 seconds
Number of updated asset objects reloaded before import = 0Number of asset objects unloaded after import = 5

========================================================================
Received Import Request.
  Time since last request: 0.000061 seconds.
  path: Assets/DoubleL/NPC/Dialogue/Dialogue_4.fbx
  artifactKey: Guid(6b0e4688c7afd324fab95d5194e0ab57) Importer(2089858483,192608db42251d675da83286b1cce702)
Start importing Assets/DoubleL/NPC/Dialogue/Dialogue_4.fbx using Guid(6b0e4688c7afd324fab95d5194e0ab57) Importer(2089858483,192608db42251d675da83286b1cce702) (ScriptedImporter) -> (artifact id: '7031ae120028255e221e842b2998766d') in 0.0904688 seconds
Number of updated asset objects reloaded before import = 0Number of asset objects unloaded after import = 5

========================================================================
Received Import Request.
  Time since last request: 0.000046 seconds.
  path: Assets/Materials/PavingStones077_1K-PNG_NormalDX.png
  artifactKey: Guid(d378ee5c557413d4b9c2452cd9d4cc95) Importer(2089858483,192608db42251d675da83286b1cce702)
Start importing Assets/Materials/PavingStones077_1K-PNG_NormalDX.png using Guid(d378ee5c557413d4b9c2452cd9d4cc95) Importer(2089858483,192608db42251d675da83286b1cce702) (ScriptedImporter) -> (artifact id: '26e919e319801de1b113cce6a7fc1c25') in 0.1011744 seconds
Number of updated asset objects reloaded before import = 0Number of asset objects unloaded after import = 1

========================================================================
Received Import Request.
  Time since last request: 0.000080 seconds.
  path: Assets/Grass And Flowers Pack 1/Bush
  artifactKey: Guid(bb998b1c2b798884a8a3802798e1e9e0) Importer(2089858483,192608db42251d675da83286b1cce702)
Start importing Assets/Grass And Flowers Pack 1/Bush using Guid(bb998b1c2b798884a8a3802798e1e9e0) Importer(2089858483,192608db42251d675da83286b1cce702) (ScriptedImporter) -> (artifact id: 'b5cc9cbbd42731e7f1cca63bfc55418f') in 0.0313205 seconds
Number of updated asset objects reloaded before import = 0Number of asset objects unloaded after import = 1

========================================================================
Received Import Request.
  Time since last request: 0.000045 seconds.
  path: Assets/Kevin Iglesias/Characters/Humanoid Giant/Materials/Giant01/Giant01_Texture01/Giant01_Texture01.mat
  artifactKey: Guid(07234b7ff556d604b973668cb01045f6) Importer(2089858483,192608db42251d675da83286b1cce702)
Start importing Assets/Kevin Iglesias/Characters/Humanoid Giant/Materials/Giant01/Giant01_Texture01/Giant01_Texture01.mat using Guid(07234b7ff556d604b973668cb01045f6) Importer(2089858483,192608db42251d675da83286b1cce702) (ScriptedImporter) -> (artifact id: 'c786d37be805deaa1d9b834a73749b6e') in 0.1112577 seconds
Number of updated asset objects reloaded before import = 0Number of asset objects unloaded after import = 5

========================================================================
Received Import Request.
  Time since last request: 0.000060 seconds.
  path: Assets/DoubleL/One Hand Up/Movement/Walk/Base/InPlace/OneHand_Up_Walk_F_R90_A_InPlace.fbx
  artifactKey: Guid(6f9344b73510e7740b34be37fd59c0ea) Importer(2089858483,192608db42251d675da83286b1cce702)
Start importing Assets/DoubleL/One Hand Up/Movement/Walk/Base/InPlace/OneHand_Up_Walk_F_R90_A_InPlace.fbx using Guid(6f9344b73510e7740b34be37fd59c0ea) Importer(2089858483,192608db42251d675da83286b1cce702) (ScriptedImporter) -> (artifact id: '0b7de62d33ca125d5353eaeb0f88e981') in 0.0931949 seconds
Number of updated asset objects reloaded before import = 0Number of asset objects unloaded after import = 5

========================================================================
Received Import Request.
  Time since last request: 0.000056 seconds.
  path: Assets/Animations/Paladin Walk.fbx
  artifactKey: Guid(7e6bb7293986ae04291f5937b678539e) Importer(2089858483,192608db42251d675da83286b1cce702)
Start importing Assets/Animations/Paladin Walk.fbx using Guid(7e6bb7293986ae04291f5937b678539e) Importer(2089858483,192608db42251d675da83286b1cce702) (ScriptedImporter) -> (artifact id: 'f2a8c0d4648ad54bac06a258dd847dfb') in 0.0519579 seconds
Number of updated asset objects reloaded before import = 0Number of asset objects unloaded after import = 5

========================================================================
Received Import Request.
  Time since last request: 0.000060 seconds.
  path: Assets/Dry_Trees/Prefab/Dry5818.prefab
  artifactKey: Guid(8ea6769c115c9f841a7df2e330403985) Importer(2089858483,192608db42251d675da83286b1cce702)
Start importing Assets/Dry_Trees/Prefab/Dry5818.prefab using Guid(8ea6769c115c9f841a7df2e330403985) Importer(2089858483,192608db42251d675da83286b1cce702) (ScriptedImporter) -> (artifact id: 'ec8a5d04ff8a20ba785406a72804f239') in 0.134984 seconds
Number of updated asset objects reloaded before import = 0Number of asset objects unloaded after import = 26

========================================================================
Received Import Request.
  Time since last request: 0.000061 seconds.
  path: Assets/DoubleL/Actions/Ladder/Ladder_Down_Start_InPlace.fbx
  artifactKey: Guid(7e488c7e5a1a6144b9c3807de46aa500) Importer(2089858483,192608db42251d675da83286b1cce702)
Start importing Assets/DoubleL/Actions/Ladder/Ladder_Down_Start_InPlace.fbx using Guid(7e488c7e5a1a6144b9c3807de46aa500) Importer(2089858483,192608db42251d675da83286b1cce702) (ScriptedImporter) -> (artifact id: 'cdc3daa65b1de6bd2e233d86da20f8fd') in 0.0901056 seconds
Number of updated asset objects reloaded before import = 0Number of asset objects unloaded after import = 5

========================================================================
Received Import Request.
  Time since last request: 0.000050 seconds.
  path: Assets/MobileDependencyResolver
  artifactKey: Guid(e7f679112961a0f7f11fdb3f983aed77) Importer(2089858483,192608db42251d675da83286b1cce702)
Start importing Assets/MobileDependencyResolver using Guid(e7f679112961a0f7f11fdb3f983aed77) Importer(2089858483,192608db42251d675da83286b1cce702) (ScriptedImporter) -> (artifact id: '0fcf42d7d2e135a551763134490ea7d6') in 0.0401208 seconds
Number of updated asset objects reloaded before import = 0Number of asset objects unloaded after import = 1

========================================================================
Received Import Request.
  Time since last request: 0.000071 seconds.
  path: Assets/MobileDependencyResolver/Editor/1.2.185/Google.PackageManagerResolver.dll
  artifactKey: Guid(bf27b3f704244da0af729a6737adb7f1) Importer(2089858483,192608db42251d675da83286b1cce702)
Start importing Assets/MobileDependencyResolver/Editor/1.2.185/Google.PackageManagerResolver.dll using Guid(bf27b3f704244da0af729a6737adb7f1) Importer(2089858483,192608db42251d675da83286b1cce702) (ScriptedImporter) -> (artifact id: 'cbe15a0839d0ae919d35e390d68beb19') in 0.0700798 seconds
Number of updated asset objects reloaded before import = 0Number of asset objects unloaded after import = 0

========================================================================
Received Import Request.
  Time since last request: 0.000042 seconds.
  path: Assets/DoubleL/Actions/Ladder/Ladder_Down_Play.fbx
  artifactKey: Guid(d84bc28b47068c74388dbaf597e607d6) Importer(2089858483,192608db42251d675da83286b1cce702)
Start importing Assets/DoubleL/Actions/Ladder/Ladder_Down_Play.fbx using Guid(d84bc28b47068c74388dbaf597e607d6) Importer(2089858483,192608db42251d675da83286b1cce702) (ScriptedImporter) -> (artifact id: '1a9dc16799c1ad1204f59e7c1fd753a2') in 0.0905194 seconds
Number of updated asset objects reloaded before import = 0Number of asset objects unloaded after import = 5

========================================================================
Received Import Request.
  Time since last request: 0.000067 seconds.
  path: Assets/Grass And Flowers Pack 1/Small Tree
  artifactKey: Guid(ba474929981da214cb595933daafc34e) Importer(2089858483,192608db42251d675da83286b1cce702)
Start importing Assets/Grass And Flowers Pack 1/Small Tree using Guid(ba474929981da214cb595933daafc34e) Importer(2089858483,192608db42251d675da83286b1cce702) (ScriptedImporter) -> (artifact id: '3c5e5baa7dfbed07a4c33357f9e77a2b') in 0.0378711 seconds
Number of updated asset objects reloaded before import = 0Number of asset objects unloaded after import = 1

========================================================================
Received Import Request.
  Time since last request: 0.000035 seconds.
  path: Assets/Dry_Trees/Prefab/Dry3333.prefab
  artifactKey: Guid(9046dd8040214c0458728201d824c41f) Importer(2089858483,192608db42251d675da83286b1cce702)
Start importing Assets/Dry_Trees/Prefab/Dry3333.prefab using Guid(9046dd8040214c0458728201d824c41f) Importer(2089858483,192608db42251d675da83286b1cce702) (ScriptedImporter) -> (artifact id: '66717c1417f69788516239e56edbf1d8') in 0.1219264 seconds
Number of updated asset objects reloaded before import = 0Number of asset objects unloaded after import = 26

========================================================================
Received Import Request.
  Time since last request: 0.000046 seconds.
  path: Assets/Dry_Trees/Demo_Scene/Dry_Tree/Volume.png
  artifactKey: Guid(1989a2ea1b8718044980023fb96ce3f7) Importer(2089858483,192608db42251d675da83286b1cce702)
Start importing Assets/Dry_Trees/Demo_Scene/Dry_Tree/Volume.png using Guid(1989a2ea1b8718044980023fb96ce3f7) Importer(2089858483,192608db42251d675da83286b1cce702) (ScriptedImporter) -> (artifact id: '9ed4b72542a75c5cd21da8aa41db5ff2') in 0.1294457 seconds
Number of updated asset objects reloaded before import = 0Number of asset objects unloaded after import = 1

========================================================================
Received Import Request.
  Time since last request: 0.000071 seconds.
  path: Assets/Grass And Flowers Pack 1/Flower
  artifactKey: Guid(d70ba61fa0e77f4418cd331862e95e3c) Importer(2089858483,192608db42251d675da83286b1cce702)
Start importing Assets/Grass And Flowers Pack 1/Flower using Guid(d70ba61fa0e77f4418cd331862e95e3c) Importer(2089858483,192608db42251d675da83286b1cce702) (ScriptedImporter) -> (artifact id: 'cc20dede03ba25abd11536427f9ca3c0') in 0.0358897 seconds
Number of updated asset objects reloaded before import = 0Number of asset objects unloaded after import = 1

========================================================================
Received Import Request.
  Time since last request: 0.000043 seconds.
  path: Assets/DoubleL/Bow/Attack A/Bow_Attack_A_1_All.fbx
  artifactKey: Guid(a3b3ff94a9d28c24b909c1a18fab281c) Importer(2089858483,192608db42251d675da83286b1cce702)
Start importing Assets/DoubleL/Bow/Attack A/Bow_Attack_A_1_All.fbx using Guid(a3b3ff94a9d28c24b909c1a18fab281c) Importer(2089858483,192608db42251d675da83286b1cce702) (ScriptedImporter) -> (artifact id: '474d8d2415caae481e20ced3e08da32a') in 0.0740266 seconds
Number of updated asset objects reloaded before import = 0Number of asset objects unloaded after import = 5

========================================================================
Received Import Request.
  Time since last request: 0.000072 seconds.
  path: Assets/ExplosiveLLC/Warrior Pack Bundle 1 FREE/Karate Warrior Mecanim Animation Pack/Animations/Karate@Idle.FBX
  artifactKey: Guid(1ceb86b296fd2014e9633c67c8539458) Importer(2089858483,192608db42251d675da83286b1cce702)
Start importing Assets/ExplosiveLLC/Warrior Pack Bundle 1 FREE/Karate Warrior Mecanim Animation Pack/Animations/Karate@Idle.FBX using Guid(1ceb86b296fd2014e9633c67c8539458) Importer(2089858483,192608db42251d675da83286b1cce702) (ScriptedImporter) -> (artifact id: 'f4b3ad46f2ba4a9e56d84843d85d8910') in 0.1131712 seconds
Number of updated asset objects reloaded before import = 0Number of asset objects unloaded after import = 5

========================================================================
Received Import Request.
  Time since last request: 0.000041 seconds.
  path: Assets/DoubleL/One Hand Up/Movement/Idle/Idle/OneHand_Up_Stand_Idle_A_2.fbx
  artifactKey: Guid(d2b59314a9398b04eaab661554f89a87) Importer(2089858483,192608db42251d675da83286b1cce702)
Start importing Assets/DoubleL/One Hand Up/Movement/Idle/Idle/OneHand_Up_Stand_Idle_A_2.fbx using Guid(d2b59314a9398b04eaab661554f89a87) Importer(2089858483,192608db42251d675da83286b1cce702) (ScriptedImporter) -> (artifact id: '6a8ef0e0022252bcffab5a745c8ebdaa') in 0.1039427 seconds
Number of updated asset objects reloaded before import = 0Number of asset objects unloaded after import = 5

========================================================================
Received Import Request.
  Time since last request: 0.000085 seconds.
  path: Assets/Dry_Trees/Model/Dry8872.FBX
  artifactKey: Guid(9d9a2868cd321ba4a90fb64be4b73abd) Importer(2089858483,192608db42251d675da83286b1cce702)
Start importing Assets/Dry_Trees/Model/Dry8872.FBX using Guid(9d9a2868cd321ba4a90fb64be4b73abd) Importer(2089858483,192608db42251d675da83286b1cce702) (ScriptedImporter) -> (artifact id: 'a9fbbc3cebce5eccf8a735ca17f23898') in 0.1357447 seconds
Number of updated asset objects reloaded before import = 0Number of asset objects unloaded after import = 24

========================================================================
Received Import Request.
  Time since last request: 0.000057 seconds.
  path: Assets/Textures/PavingStones115B.png
  artifactKey: Guid(ae2af7f4a4502374686d19eaf9d19966) Importer(2089858483,192608db42251d675da83286b1cce702)
Start importing Assets/Textures/PavingStones115B.png using Guid(ae2af7f4a4502374686d19eaf9d19966) Importer(2089858483,192608db42251d675da83286b1cce702) (ScriptedImporter) -> (artifact id: '21622c127d6432c3bfbecffb7df27e46') in 0.0848442 seconds
Number of updated asset objects reloaded before import = 0Number of asset objects unloaded after import = 1

========================================================================
Received Import Request.
  Time since last request: 0.000066 seconds.
  path: Assets/Scenes/New Scene.unity
  artifactKey: Guid(f09a5845a563e1640b583597ea5c5bdb) Importer(815301076,1909f56bfc062723c751e8b465ee728b)
Start importing Assets/Scenes/New Scene.unity using Guid(f09a5845a563e1640b583597ea5c5bdb) Importer(815301076,1909f56bfc062723c751e8b465ee728b) (PreviewImporter) -> (artifact id: '09f017536a6b4412baf642c2a3101930') in 0.0014772 seconds
Number of updated asset objects reloaded before import = 0Number of asset objects unloaded after import = 0

========================================================================
Received Import Request.
  Time since last request: 0.000033 seconds.
  path: Assets/Dry_Trees/Prefab/Dry7509.prefab
  artifactKey: Guid(0603828da9221ca4a9a54954ff8842ff) Importer(2089858483,192608db42251d675da83286b1cce702)
Start importing Assets/Dry_Trees/Prefab/Dry7509.prefab using Guid(0603828da9221ca4a9a54954ff8842ff) Importer(2089858483,192608db42251d675da83286b1cce702) (ScriptedImporter) -> (artifact id: '6f21dd71c5234540c4cbcc1c3ea7b563') in 0.1210756 seconds
Number of updated asset objects reloaded before import = 0Number of asset objects unloaded after import = 26

========================================================================
Received Import Request.
  Time since last request: 0.000042 seconds.
  path: Assets/DoubleL/One Hand Up/Movement/Run/Base/OneHand_Up_Run_F_L90_A.fbx
  artifactKey: Guid(f8b4c877833447d47b74a8c88926f405) Importer(2089858483,192608db42251d675da83286b1cce702)
Start importing Assets/DoubleL/One Hand Up/Movement/Run/Base/OneHand_Up_Run_F_L90_A.fbx using Guid(f8b4c877833447d47b74a8c88926f405) Importer(2089858483,192608db42251d675da83286b1cce702) (ScriptedImporter) -> (artifact id: '74b66037d87d4ff9a354021ff3eeea2e') in 0.0720632 seconds
Number of updated asset objects reloaded before import = 0Number of asset objects unloaded after import = 5

========================================================================
Received Import Request.
  Time since last request: 0.000072 seconds.
  path: Assets/Dry_Trees/Prefab/Dry8872.prefab
  artifactKey: Guid(10d8dedacc7c7804ea3893a4d74faea1) Importer(2089858483,192608db42251d675da83286b1cce702)
Start importing Assets/Dry_Trees/Prefab/Dry8872.prefab using Guid(10d8dedacc7c7804ea3893a4d74faea1) Importer(2089858483,192608db42251d675da83286b1cce702) (ScriptedImporter) -> (artifact id: '86e9e5297307f8ac9e5759a20edf76e2') in 0.0974569 seconds
Number of updated asset objects reloaded before import = 0Number of asset objects unloaded after import = 26

========================================================================
Received Import Request.
  Time since last request: 0.000042 seconds.
  path: Assets/DoubleL/Model/Grid_01_BaseMap.png
  artifactKey: Guid(aabc9b201e428084cbafce795c5ba85e) Importer(2089858483,192608db42251d675da83286b1cce702)
Start importing Assets/DoubleL/Model/Grid_01_BaseMap.png using Guid(aabc9b201e428084cbafce795c5ba85e) Importer(2089858483,192608db42251d675da83286b1cce702) (ScriptedImporter) -> (artifact id: '463ef098e677b631488678e2e411ad16') in 0.0743385 seconds
Number of updated asset objects reloaded before import = 0Number of asset objects unloaded after import = 1

========================================================================
Received Import Request.
  Time since last request: 0.000055 seconds.
  path: Assets/DoubleL/Actions/Ladder/Ladder_Down_End_InPlace.fbx
  artifactKey: Guid(5c9ede8da40fb8c4f8aac376fe66a099) Importer(2089858483,192608db42251d675da83286b1cce702)
Start importing Assets/DoubleL/Actions/Ladder/Ladder_Down_End_InPlace.fbx using Guid(5c9ede8da40fb8c4f8aac376fe66a099) Importer(2089858483,192608db42251d675da83286b1cce702) (ScriptedImporter) -> (artifact id: 'b6b94c04237c0b2023fba2873266c75d') in 0.0915519 seconds
Number of updated asset objects reloaded before import = 0Number of asset objects unloaded after import = 5

========================================================================
Received Import Request.
  Time since last request: 0.000047 seconds.
  path: Assets/Dry_Trees/Model/Dry7509.FBX
  artifactKey: Guid(2a4339fd08e4a774f907817c85495b3b) Importer(2089858483,192608db42251d675da83286b1cce702)
Start importing Assets/Dry_Trees/Model/Dry7509.FBX using Guid(2a4339fd08e4a774f907817c85495b3b) Importer(2089858483,192608db42251d675da83286b1cce702) (ScriptedImporter) -> (artifact id: '06268126fa974c898ac5a02bed2f0da9') in 0.0804128 seconds
Number of updated asset objects reloaded before import = 0Number of asset objects unloaded after import = 24

========================================================================
Received Import Request.
  Time since last request: 0.000055 seconds.
  path: Assets/DoubleL/NPC/Dialogue/Dialogue_2.fbx
  artifactKey: Guid(248a8473996db5a4e9b55accb67f4b48) Importer(2089858483,192608db42251d675da83286b1cce702)
Start importing Assets/DoubleL/NPC/Dialogue/Dialogue_2.fbx using Guid(248a8473996db5a4e9b55accb67f4b48) Importer(2089858483,192608db42251d675da83286b1cce702) (ScriptedImporter) -> (artifact id: '6fadcb2796ce94047cc96d3a3f8a1ad6') in 0.0931089 seconds
Number of updated asset objects reloaded before import = 0Number of asset objects unloaded after import = 5

========================================================================
Received Import Request.
  Time since last request: 0.000052 seconds.
  path: Assets/Grass And Flowers Pack 1/Grass
  artifactKey: Guid(0421ba7f6cad34f42859716315d3fb51) Importer(2089858483,192608db42251d675da83286b1cce702)
Start importing Assets/Grass And Flowers Pack 1/Grass using Guid(0421ba7f6cad34f42859716315d3fb51) Importer(2089858483,192608db42251d675da83286b1cce702) (ScriptedImporter) -> (artifact id: '823d9c1470677191c42bd955826ad96d') in 0.0356533 seconds
Number of updated asset objects reloaded before import = 0Number of asset objects unloaded after import = 1

========================================================================
Received Import Request.
  Time since last request: 0.000074 seconds.
  path: Assets/Kevin Iglesias/Characters/Humanoid Giant/Materials/Giant01_Flat/Giant01_Texture01_Flat.mat
  artifactKey: Guid(10d6e0dabeef53d438eb0b1034fbccf4) Importer(2089858483,192608db42251d675da83286b1cce702)
Start importing Assets/Kevin Iglesias/Characters/Humanoid Giant/Materials/Giant01_Flat/Giant01_Texture01_Flat.mat using Guid(10d6e0dabeef53d438eb0b1034fbccf4) Importer(2089858483,192608db42251d675da83286b1cce702) (ScriptedImporter) -> (artifact id: '6dd0a5b9c7ac4f215535fcfbe0396bc1') in 0.0845987 seconds
Number of updated asset objects reloaded before import = 0Number of asset objects unloaded after import = 2

========================================================================
Received Import Request.
  Time since last request: 0.000043 seconds.
  path: Assets/ExplosiveLLC/Warrior Pack Bundle 1 FREE/Brute Warrior Mecanim Animation Pack/Animations/Brute@Attack1.FBX
  artifactKey: Guid(63c447cc6fb0954459f35c43b5966da2) Importer(2089858483,192608db42251d675da83286b1cce702)
Start importing Assets/ExplosiveLLC/Warrior Pack Bundle 1 FREE/Brute Warrior Mecanim Animation Pack/Animations/Brute@Attack1.FBX using Guid(63c447cc6fb0954459f35c43b5966da2) Importer(2089858483,192608db42251d675da83286b1cce702) (ScriptedImporter) -> (artifact id: 'd26129ba1ae5b2687025e96e5e67340c') in 0.0539026 seconds
Number of updated asset objects reloaded before import = 0Number of asset objects unloaded after import = 5

========================================================================
Received Import Request.
  Time since last request: 0.000068 seconds.
  path: Assets/DoubleL/Enemy Attack/Enemy_Attack_1_Run.fbx
  artifactKey: Guid(e426ca4859cdbae4a8f8fcae979de7be) Importer(2089858483,192608db42251d675da83286b1cce702)
Start importing Assets/DoubleL/Enemy Attack/Enemy_Attack_1_Run.fbx using Guid(e426ca4859cdbae4a8f8fcae979de7be) Importer(2089858483,192608db42251d675da83286b1cce702) (ScriptedImporter) -> (artifact id: '22114ffff5629cb04d9889244aa9ace3') in 0.0794913 seconds
Number of updated asset objects reloaded before import = 0Number of asset objects unloaded after import = 5

========================================================================
Received Import Request.
  Time since last request: 0.000039 seconds.
  path: Assets/Dry_Trees/Materials/Bark.mat
  artifactKey: Guid(14f732f9f0a9e3d408764155dadf8518) Importer(2089858483,192608db42251d675da83286b1cce702)
Start importing Assets/Dry_Trees/Materials/Bark.mat using Guid(14f732f9f0a9e3d408764155dadf8518) Importer(2089858483,192608db42251d675da83286b1cce702) (ScriptedImporter) -> (artifact id: '1fd230e93bb51347f2906f1aed6ba188') in 0.0827735 seconds
Number of updated asset objects reloaded before import = 0Number of asset objects unloaded after import = 1

========================================================================
Received Import Request.
  Time since last request: 0.000061 seconds.
  path: Assets/Dry_Trees/Model/Dry6524.FBX
  artifactKey: Guid(5736b0f1a73af4a4581db8226d31045c) Importer(2089858483,192608db42251d675da83286b1cce702)
Start importing Assets/Dry_Trees/Model/Dry6524.FBX using Guid(5736b0f1a73af4a4581db8226d31045c) Importer(2089858483,192608db42251d675da83286b1cce702) (ScriptedImporter) -> (artifact id: '3670b686c8521086f32d8f7f6270b26a') in 0.0526534 seconds
Number of updated asset objects reloaded before import = 0Number of asset objects unloaded after import = 24

Editor requested this worker to shutdown with reason: Scaling down because of idle timeout
AssetImportWorker is now disconnected from the server
Process exiting
Exiting without the bug reporter. Application will terminate with return code 0