[Licensing::Module] Trying to connect to existing licensing client channel...
[Licensing::IpcConnector] Successfully connected to: "LicenseClient-ferna" at "2025-11-14T19:42:31.2562769Z"
Built from '6000.2/respin/6000.2.8f1-e4064264ae96' branch; Version is '6000.2.8f1 (c9992ac36c34) revision 13211946'; Using compiler version '194234433'; Build Type 'Release'
OS: 'Windows 11  (10.0.26200) 64bit Core' Language: 'es' Physical Memory: 15573 MB
BatchMode: 1, IsHumanControllingUs: 0, StartBugReporterOnCrash: 0, Is64bit: 1
Date: 2025-11-14T19:42:31Z

COMMAND LINE ARGUMENTS:
C:\Program Files\Unity\Hub\Editor\6000.2.8f1\Editor\Unity.exe
-adb2
-batchMode
-noUpm
-name
AssetImportWorker3
-projectPath
C:/Users/ferna/Proyecto/Game3D
-logFile
Logs/AssetImportWorker3.log
-srvPort
57752
-licensingIpc
LicenseClient-ferna
-job-worker-count
5
-background-job-worker-count
8
-gc-helper-count
1
-name
AssetImport
Successfully changed project path to: C:/Users/ferna/Proyecto/Game3D
C:/Users/ferna/Proyecto/Game3D
[UnityMemory] Configuration Parameters - Can be set up in boot.config
    "memorysetup-allocator-temp-initial-block-size-main=262144"
    "memorysetup-allocator-temp-initial-block-size-worker=262144"
    "memorysetup-bucket-allocator-granularity=16"
    "memorysetup-bucket-allocator-bucket-count=8"
    "memorysetup-bucket-allocator-block-size=33554432"
    "memorysetup-bucket-allocator-block-count=8"
    "memorysetup-main-allocator-block-size=16777216"
    "memorysetup-thread-allocator-block-size=16777216"
    "memorysetup-gfx-main-allocator-block-size=16777216"
    "memorysetup-gfx-thread-allocator-block-size=16777216"
    "memorysetup-cache-allocator-block-size=4194304"
    "memorysetup-typetree-allocator-block-size=2097152"
    "memorysetup-profiler-bucket-allocator-granularity=16"
    "memorysetup-profiler-bucket-allocator-bucket-count=8"
    "memorysetup-profiler-bucket-allocator-block-size=33554432"
    "memorysetup-profiler-bucket-allocator-block-count=8"
    "memorysetup-profiler-allocator-block-size=16777216"
    "memorysetup-profiler-editor-allocator-block-size=1048576"
    "memorysetup-temp-allocator-size-main=16777216"
    "memorysetup-job-temp-allocator-block-size=2097152"
    "memorysetup-job-temp-allocator-block-size-background=1048576"
    "memorysetup-job-temp-allocator-reduction-small-platforms=262144"
    "memorysetup-temp-allocator-size-background-worker=32768"
    "memorysetup-temp-allocator-size-job-worker=262144"
    "memorysetup-temp-allocator-size-preload-manager=33554432"
    "memorysetup-temp-allocator-size-nav-mesh-worker=65536"
    "memorysetup-temp-allocator-size-audio-worker=65536"
    "memorysetup-temp-allocator-size-cloud-worker=32768"
    "memorysetup-temp-allocator-size-gi-baking-worker=262144"
    "memorysetup-temp-allocator-size-gi-baking-worker=262144"
    "memorysetup-temp-allocator-size-gi-baking-worker=262144"
    "memorysetup-temp-allocator-size-gi-baking-worker=262144"
    "memorysetup-temp-allocator-size-gi-baking-worker=262144"
    "memorysetup-temp-allocator-size-gfx=262144"
Player connection [24892]  Target information:

Player connection [24892]  * "[IP] 192.168.56.1 [Port] 0 [Flags] 2 [Guid] 665001105 [EditorId] 665001105 [Version] 1048832 [Id] WindowsEditor(7,DESKTOP-JCKR01F) [Debug] 1 [PackageName] WindowsEditor [ProjectName] Editor" 

Player connection [24892]  * "[IP] 192.168.1.100 [Port] 0 [Flags] 2 [Guid] 665001105 [EditorId] 665001105 [Version] 1048832 [Id] WindowsEditor(7,DESKTOP-JCKR01F) [Debug] 1 [PackageName] WindowsEditor [ProjectName] Editor" 

Player connection [24892] Host joined multi-casting on [225.0.0.222:54997]...
Player connection [24892] Host joined alternative multi-casting on [225.0.0.222:34997]...
JobSystem: Creating JobQueue using job-worker-count value 5
Input System module state changed to: Initialized.
[Physics::Module] Initialized fallback backend.
[Physics::Module] Id: 0xdecafbad
[Licensing::Client] Code 10 while verifying Licensing Client signature (process Id: 23100, path: "C:/Program Files/Unity Hub/UnityLicensingClient_V1/Unity.Licensing.Client.exe")
[Licensing::Module] LicensingClient has failed validation; ignoring
[Licensing::Client] Handshaking with LicensingClient:
  Version:                 1.17.3+a4e98f1
  Session Id:              063bec817e214b3b948afbc476ccb6a8
  Correlation Id:          90b3f0bb838537e44411aa706836ba09
  External correlation Id: 9162643126949200394
  Machine Id:              ot0+XFDiucx5vwNg2JQWI0HOj0g=
[Licensing::Module] Successfully connected to LicensingClient on channel: "LicenseClient-ferna" (connect: 0.00s, validation: 0.01s, handshake: 0.09s)
[Licensing::IpcConnector] Successfully connected to: "LicenseClient-ferna-notifications" at "2025-11-14T19:42:31.359639Z"
[Licensing::Module] Licensing Background thread has ended after 0.10s
Library Redirect Path: Library/
[Physics::Module] Selected backend.
[Physics::Module] Name: PhysX
[Physics::Module] Id: 0xf2b8ea05
[Physics::Module] SDK Version: 4.1.2
[Physics::Module] Integration Version: 1.0.0
[Physics::Module] Threading Mode: Multi-Threaded
Refreshing native plugins compatible for Editor in 15.73 ms, found 3 plugins.
Preloading 0 native plugins for Editor in 0.00 ms.
Initialize engine version: 6000.2.8f1 (c9992ac36c34)
[Subsystems] Discovering subsystems at path C:/Program Files/Unity/Hub/Editor/6000.2.8f1/Editor/Data/Resources/UnitySubsystems
[Subsystems] Discovering subsystems at path C:/Users/ferna/Proyecto/Game3D/Assets
GfxDevice: creating device client; kGfxThreadingModeNonThreaded
Direct3D:
    Version:  Direct3D 11.0 [level 11.1]
    Renderer: NVIDIA GeForce RTX 2050 (ID=0x25ad)
    Vendor:   NVIDIA
    VRAM:     3964 MB
    Driver:   32.0.15.7703
Initialize mono
Mono path[0] = 'C:/Program Files/Unity/Hub/Editor/6000.2.8f1/Editor/Data/Managed'
Mono path[1] = 'C:/Program Files/Unity/Hub/Editor/6000.2.8f1/Editor/Data/MonoBleedingEdge/lib/mono/unityjit-win32'
Mono config path = 'C:/Program Files/Unity/Hub/Editor/6000.2.8f1/Editor/Data/MonoBleedingEdge/etc'
Using monoOptions --debugger-agent=transport=dt_socket,embedding=1,server=y,suspend=n,address=127.0.0.1:56688
Begin MonoManager ReloadAssembly
Registering precompiled unity dll's ...
Register platform support module: C:/Program Files/Unity/Hub/Editor/6000.2.8f1/Editor/Data/PlaybackEngines/WindowsStandaloneSupport/UnityEditor.WindowsStandalone.Extensions.dll
[Licensing::Client] Successfully resolved entitlement details
[Licensing::Module] License group:
  Id: 4674135729462-UnityPersXXXX
  Product: Unity Personal
  Type: Assigned
  Expiration: Unlimited
Register platform support module: C:/Program Files/Unity/Hub/Editor/6000.2.8f1/Editor/Data/PlaybackEngines/MetroSupport/UnityEditor.UWP.Extensions.dll
Registered in 0.028013 seconds.
- Loaded All Assemblies, in  1.101 seconds
Native extension for UWP target not found
Native extension for WindowsStandalone target not found
Mono: successfully reloaded assembly
- Finished resetting the current domain, in  1.104 seconds
Domain Reload Profiling: 2191ms
	BeginReloadAssembly (343ms)
		ExecutionOrderSort (0ms)
		DisableScriptedObjects (0ms)
		BackupInstance (0ms)
		ReleaseScriptingObjects (0ms)
		CreateAndSetChildDomain (2ms)
	RebuildCommonClasses (102ms)
	RebuildNativeTypeToScriptingClass (21ms)
	initialDomainReloadingComplete (154ms)
	LoadAllAssembliesAndSetupDomain (466ms)
		LoadAssemblies (327ms)
		RebuildTransferFunctionScriptingTraits (0ms)
		AnalyzeDomain (460ms)
			TypeCache.Refresh (454ms)
				TypeCache.ScanAssembly (422ms)
			BuildScriptInfoCaches (0ms)
			ResolveRequiredComponents (1ms)
	FinalizeReload (1105ms)
		ReleaseScriptCaches (0ms)
		RebuildScriptCaches (0ms)
		SetupLoadedEditorAssemblies (921ms)
			LogAssemblyErrors (0ms)
			InitializePlatformSupportModulesInManaged (133ms)
			SetLoadedEditorAssemblies (10ms)
			BeforeProcessingInitializeOnLoad (232ms)
			ProcessInitializeOnLoadAttributes (435ms)
			ProcessInitializeOnLoadMethodAttributes (111ms)
			AfterProcessingInitializeOnLoad (0ms)
			EditorAssembliesLoaded (0ms)
		ExecutionOrderSort2 (0ms)
		AwakeInstancesAfterBackupRestoration (0ms)
Assembly reference Packages/com.unity.cinemachine/Editor/Samples/ExposeHDRPInternals/HDRP-Editor-ref.asmref has no target assembly definition
========================================================================
Worker process is ready to serve import requests
Import Worker Mode flag is 0x00
Assembly reference Packages/com.unity.cinemachine/Editor/Samples/ExposeHDRPInternals/HDRP-Editor-ref.asmref has no target assembly definition
Assembly reference Packages/com.unity.cinemachine/Editor/Samples/ExposeHDRPInternals/HDRP-Editor-ref.asmref has no target assembly definition
Begin MonoManager ReloadAssembly
[Licensing::Client] Successfully resolved entitlement details
Symbol file LoadedFromMemory is not a mono symbol file
- Loaded All Assemblies, in  3.048 seconds
Assembly reference Packages/com.unity.cinemachine/Editor/Samples/ExposeHDRPInternals/HDRP-Editor-ref.asmref has no target assembly definition
'Packages/com.unity.cinemachine/Editor/Obsolete/CinemachineVirtualCameraBaseEditor.cs' contains partial class of Unity.Object, exactly 1 of the partial classes needs to be in a file with the same filename. This is to know the one that can be referenced from ie. GameObjects
'Packages/com.unity.cinemachine/Editor/Editors/CinemachineVirtualCameraBaseEditor.cs' contains partial class of Unity.Object, exactly 1 of the partial classes needs to be in a file with the same filename. This is to know the one that can be referenced from ie. GameObjects
Refreshing native plugins compatible for Editor in 13.48 ms, found 3 plugins.
Native extension for UWP target not found
Native extension for WindowsStandalone target not found
Assembly reference Packages/com.unity.cinemachine/Editor/Samples/ExposeHDRPInternals/HDRP-Editor-ref.asmref has no target assembly definition
Package Manager log level set to [2]
[Package Manager] Failed to launch server process. Reason: Unity was launched with the -noUpm command-line argument
[Package Manager] Unable to send message (not connected to server process).
[Package Manager] Cannot connect to Unity Package Manager local server
[Package Manager] Failed to launch server process. Reason: Unity was launched with the -noUpm command-line argument
[Package Manager] Unable to send message (not connected to server process).
[Package Manager] Cannot connect to Unity Package Manager local server
Refreshing native plugins compatible for Editor in 13.04 ms, found 3 plugins.
[MODES] ModeService[none].Initialize
[MODES] ModeService[none].LoadModes
[MODES] Loading mode Default (0) for mode-current-id-Game3D
Mono: successfully reloaded assembly
- Finished resetting the current domain, in  3.542 seconds
Domain Reload Profiling: 6572ms
	BeginReloadAssembly (417ms)
		ExecutionOrderSort (0ms)
		DisableScriptedObjects (14ms)
		BackupInstance (0ms)
		ReleaseScriptingObjects (0ms)
		CreateAndSetChildDomain (74ms)
	RebuildCommonClasses (114ms)
	RebuildNativeTypeToScriptingClass (24ms)
	initialDomainReloadingComplete (116ms)
	LoadAllAssembliesAndSetupDomain (2359ms)
		LoadAssemblies (1336ms)
		RebuildTransferFunctionScriptingTraits (0ms)
		AnalyzeDomain (1245ms)
			TypeCache.Refresh (970ms)
				TypeCache.ScanAssembly (924ms)
			BuildScriptInfoCaches (232ms)
			ResolveRequiredComponents (32ms)
	FinalizeReload (3543ms)
		ReleaseScriptCaches (0ms)
		RebuildScriptCaches (0ms)
		SetupLoadedEditorAssemblies (2974ms)
			LogAssemblyErrors (0ms)
			InitializePlatformSupportModulesInManaged (10ms)
			SetLoadedEditorAssemblies (13ms)
			BeforeProcessingInitializeOnLoad (714ms)
			ProcessInitializeOnLoadAttributes (1472ms)
			ProcessInitializeOnLoadMethodAttributes (727ms)
			AfterProcessingInitializeOnLoad (36ms)
			EditorAssembliesLoaded (2ms)
		ExecutionOrderSort2 (0ms)
		AwakeInstancesAfterBackupRestoration (24ms)
Launched and connected shader compiler UnityShaderCompiler.exe after 0.05 seconds
Refreshing native plugins compatible for Editor in 13.83 ms, found 3 plugins.
Preloading 0 native plugins for Editor in 0.00 ms.
Unloading 16 Unused Serialized files (Serialized files now loaded: 0)
Unloading 8075 unused Assets / (11.8 MB). Loaded Objects now: 8756.
Memory consumption went from 152.8 MB to 141.0 MB.
Total: 145.380800 ms (FindLiveObjects: 2.438200 ms CreateObjectMapping: 3.391000 ms MarkObjects: 97.854700 ms  DeleteObjects: 41.693200 ms)

========================================================================
Received Import Request.
  Time since last request: 44749.376342 seconds.
  path: Assets/JTS_StoneLanterns/Textures/tex_lantern_stone_A1_nrm.psd
  artifactKey: Guid(462b091aca98b5e4caa370d5527ebad3) Importer(2089858483,192608db42251d675da83286b1cce702)
Start importing Assets/JTS_StoneLanterns/Textures/tex_lantern_stone_A1_nrm.psd using Guid(462b091aca98b5e4caa370d5527ebad3) Importer(2089858483,192608db42251d675da83286b1cce702) (ScriptedImporter) -> (artifact id: '2f1e2169a14d871d352e8955d8193fe8') in 2.621761 seconds
Number of updated asset objects reloaded before import = 0Number of asset objects unloaded after import = 1

========================================================================
Received Import Request.
  Time since last request: 0.000159 seconds.
  path: Assets/DoubleL/Demo/Demo.unity
  artifactKey: Guid(d9803f14cb002924c8dd9b5065d2cbaf) Importer(2089858483,3d70f49cd1c2eb9ae422958d1c652c6b)
Start importing Assets/DoubleL/Demo/Demo.unity using Guid(d9803f14cb002924c8dd9b5065d2cbaf) Importer(2089858483,3d70f49cd1c2eb9ae422958d1c652c6b) (ScriptedImporter)Opening scene 'Assets/DoubleL/Demo/Demo.unity additively'
Loaded scene 'Assets/DoubleL/Demo/Demo.unity'
	Deserialize:            45.579 ms
	Integration:            2651.674 ms
	Integration of assets:  1.494 ms
	Thread Wait Time:       0.928 ms
	Total Operation Time:   2699.676 ms
 -> (artifact id: '09bd38b366e0f4824285e2968f8eb855') in 4.7746072 seconds
Number of updated asset objects reloaded before import = 0Number of asset objects unloaded after import = 579

========================================================================
Received Import Request.
  Time since last request: 0.000034 seconds.
  path: Assets/ASTROFISH_GAMES/MEDIEVAL_SERIES/MEDIEVAL_WELLS_PROPS/PREFABS/Singles/MVillage_Rope_03.prefab
  artifactKey: Guid(7e4754d888b4fcd4aad9cdcaf24f86b9) Importer(2089858483,3d70f49cd1c2eb9ae422958d1c652c6b)
Start importing Assets/ASTROFISH_GAMES/MEDIEVAL_SERIES/MEDIEVAL_WELLS_PROPS/PREFABS/Singles/MVillage_Rope_03.prefab using Guid(7e4754d888b4fcd4aad9cdcaf24f86b9) Importer(2089858483,3d70f49cd1c2eb9ae422958d1c652c6b) (ScriptedImporter) -> (artifact id: '0cf3eb779687c1aa5e9ffa5b797bc64b') in 0.0346202 seconds
Number of updated asset objects reloaded before import = 0Number of asset objects unloaded after import = 21

========================================================================
Received Import Request.
  Time since last request: 0.000036 seconds.
  path: Assets/StylizedCharacter/Prefabs/Item/Weapon/Bow/Bow_Newbie_02_Rd.prefab
  artifactKey: Guid(4a4eeafc4c914bb896d080dbb1182eb4) Importer(2089858483,3d70f49cd1c2eb9ae422958d1c652c6b)
Start importing Assets/StylizedCharacter/Prefabs/Item/Weapon/Bow/Bow_Newbie_02_Rd.prefab using Guid(4a4eeafc4c914bb896d080dbb1182eb4) Importer(2089858483,3d70f49cd1c2eb9ae422958d1c652c6b) (ScriptedImporter) -> (artifact id: '1259e9d4554a5dd480e14f18944b27d7') in 0.0395933 seconds
Number of updated asset objects reloaded before import = 0Number of asset objects unloaded after import = 19

========================================================================
Received Import Request.
  Time since last request: 0.000025 seconds.
  path: Assets/StylizedCharacter/Prefabs/Item/Weapon/Bow/Bow_Newbie_03_Gn.prefab
  artifactKey: Guid(cdc3c5820b774b689e7dc53e8e12d660) Importer(2089858483,3d70f49cd1c2eb9ae422958d1c652c6b)
Start importing Assets/StylizedCharacter/Prefabs/Item/Weapon/Bow/Bow_Newbie_03_Gn.prefab using Guid(cdc3c5820b774b689e7dc53e8e12d660) Importer(2089858483,3d70f49cd1c2eb9ae422958d1c652c6b) (ScriptedImporter) -> (artifact id: 'c303c61ce522cdf1e2706dbb8ffd1ae9') in 0.0293632 seconds
Number of updated asset objects reloaded before import = 0Number of asset objects unloaded after import = 19

========================================================================
Received Import Request.
  Time since last request: 0.000031 seconds.
  path: Assets/Laterns and candles/textures/Candle [Normal].png
  artifactKey: Guid(a95106e16ef6d234f81030c5607b0906) Importer(2089858483,192608db42251d675da83286b1cce702)
Start importing Assets/Laterns and candles/textures/Candle [Normal].png using Guid(a95106e16ef6d234f81030c5607b0906) Importer(2089858483,192608db42251d675da83286b1cce702) (ScriptedImporter) -> (artifact id: '3539a949fecfcaa17a03d59ce89f435e') in 0.0351546 seconds
Number of updated asset objects reloaded before import = 0Number of asset objects unloaded after import = 1

========================================================================
Received Import Request.
  Time since last request: 0.000039 seconds.
  path: Assets/Animations/Paladin Walkback.fbx
  artifactKey: Guid(9a599498ce89952499cc059fec3a11b1) Importer(2089858483,192608db42251d675da83286b1cce702)
Start importing Assets/Animations/Paladin Walkback.fbx using Guid(9a599498ce89952499cc059fec3a11b1) Importer(2089858483,192608db42251d675da83286b1cce702) (ScriptedImporter) -> (artifact id: '7aaf3b4a81981db754416ae0bda27de0') in 0.1540913 seconds
Number of updated asset objects reloaded before import = 0Number of asset objects unloaded after import = 163

========================================================================
Received Import Request.
  Time since last request: 0.000028 seconds.
  path: Assets/DoubleL/Demo/Anim/Enemy_Attack_1_Run_InPlace.anim
  artifactKey: Guid(351b99ae8ca5d1e45817d55cd75444e0) Importer(2089858483,192608db42251d675da83286b1cce702)
Start importing Assets/DoubleL/Demo/Anim/Enemy_Attack_1_Run_InPlace.anim using Guid(351b99ae8ca5d1e45817d55cd75444e0) Importer(2089858483,192608db42251d675da83286b1cce702) (ScriptedImporter) -> (artifact id: 'db0f5ab784ffa2a26159f952329be2e8') in 0.0659634 seconds
Number of updated asset objects reloaded before import = 0Number of asset objects unloaded after import = 1

========================================================================
Received Import Request.
  Time since last request: 0.000036 seconds.
  path: Assets/DoubleL/Demo/Anim/Enemy_Attack_1_InPlace.anim
  artifactKey: Guid(642ce44fd8d255240ad5ca3b6d84d5ac) Importer(2089858483,192608db42251d675da83286b1cce702)
Start importing Assets/DoubleL/Demo/Anim/Enemy_Attack_1_InPlace.anim using Guid(642ce44fd8d255240ad5ca3b6d84d5ac) Importer(2089858483,192608db42251d675da83286b1cce702) (ScriptedImporter) -> (artifact id: '495903f66e1488ec1677bb94bcad57a2') in 0.0555144 seconds
Number of updated asset objects reloaded before import = 0Number of asset objects unloaded after import = 1

========================================================================
Received Import Request.
  Time since last request: 0.000021 seconds.
  path: Assets/Modular Castle/Assets/prefabs/carpet3.prefab
  artifactKey: Guid(eddf42ac28e1a0f4fb79767394e23cda) Importer(815301076,1909f56bfc062723c751e8b465ee728b)
Start importing Assets/Modular Castle/Assets/prefabs/carpet3.prefab using Guid(eddf42ac28e1a0f4fb79767394e23cda) Importer(815301076,1909f56bfc062723c751e8b465ee728b) (PreviewImporter) -> (artifact id: 'b687baf07d7db050f384999e6f146fd7') in 1.2319604 seconds
Number of updated asset objects reloaded before import = 0Number of asset objects unloaded after import = 10

========================================================================
Received Import Request.
  Time since last request: 0.000043 seconds.
  path: Assets/StylizedCharacter/Prefabs/Item/Weapon/Sword/Sword_1H_Newbie_02_Cl.prefab
  artifactKey: Guid(4cd1f31adbb94133affb19e431e56fb2) Importer(2089858483,3d70f49cd1c2eb9ae422958d1c652c6b)
Start importing Assets/StylizedCharacter/Prefabs/Item/Weapon/Sword/Sword_1H_Newbie_02_Cl.prefab using Guid(4cd1f31adbb94133affb19e431e56fb2) Importer(2089858483,3d70f49cd1c2eb9ae422958d1c652c6b) (ScriptedImporter) -> (artifact id: 'ba9c7eb40b8744f50bc1e775909fb496') in 0.0278945 seconds
Number of updated asset objects reloaded before import = 0Number of asset objects unloaded after import = 18

========================================================================
Received Import Request.
  Time since last request: 0.000056 seconds.
  path: Assets/DoubleL/Demo/Anim/OneHand_Up_Run_L_InPlace.anim
  artifactKey: Guid(7432e0cd9c809714fa995dd2b1ec284d) Importer(2089858483,192608db42251d675da83286b1cce702)
Start importing Assets/DoubleL/Demo/Anim/OneHand_Up_Run_L_InPlace.anim using Guid(7432e0cd9c809714fa995dd2b1ec284d) Importer(2089858483,192608db42251d675da83286b1cce702) (ScriptedImporter) -> (artifact id: 'dbdcc5f3ef896cdad7e768f2bc3bd248') in 0.0387881 seconds
Number of updated asset objects reloaded before import = 0Number of asset objects unloaded after import = 1

========================================================================
Received Import Request.
  Time since last request: 0.000036 seconds.
  path: Assets/DoubleL/Demo/Anim/OneHand_Up_Idle.anim
  artifactKey: Guid(1b267cb3f5052f0498d92ccf9ed7546a) Importer(2089858483,192608db42251d675da83286b1cce702)
Start importing Assets/DoubleL/Demo/Anim/OneHand_Up_Idle.anim using Guid(1b267cb3f5052f0498d92ccf9ed7546a) Importer(2089858483,192608db42251d675da83286b1cce702) (ScriptedImporter) -> (artifact id: 'b16f62a08f4576c9c6754e3540d050bf') in 0.0358123 seconds
Number of updated asset objects reloaded before import = 0Number of asset objects unloaded after import = 1

========================================================================
Received Import Request.
  Time since last request: 0.000035 seconds.
  path: Assets/JTS_StoneLanterns/Textures/tex_lantern_stone_A1_msk.psd
  artifactKey: Guid(6386b6bd60308654c87f65f03b7e896d) Importer(2089858483,192608db42251d675da83286b1cce702)
Start importing Assets/JTS_StoneLanterns/Textures/tex_lantern_stone_A1_msk.psd using Guid(6386b6bd60308654c87f65f03b7e896d) Importer(2089858483,192608db42251d675da83286b1cce702) (ScriptedImporter) -> (artifact id: '36daf3d9b337823faed2705b279941e6') in 0.0455568 seconds
Number of updated asset objects reloaded before import = 0Number of asset objects unloaded after import = 1

========================================================================
Received Import Request.
  Time since last request: 0.000046 seconds.
  path: Assets/Modular Castle/Assets/prefabs2/box2 1.prefab
  artifactKey: Guid(e2c29ad643284ce40848a9be62cbd991) Importer(2089858483,3d70f49cd1c2eb9ae422958d1c652c6b)
Start importing Assets/Modular Castle/Assets/prefabs2/box2 1.prefab using Guid(e2c29ad643284ce40848a9be62cbd991) Importer(2089858483,3d70f49cd1c2eb9ae422958d1c652c6b) (ScriptedImporter) -> (artifact id: '203c32eb7d308d3aede227bf88565fcd') in 0.0268162 seconds
Number of updated asset objects reloaded before import = 0Number of asset objects unloaded after import = 18

========================================================================
Received Import Request.
  Time since last request: 0.000038 seconds.
  path: Assets/ASTROFISH_GAMES/MEDIEVAL_SERIES/MEDIEVAL_WELLS_PROPS/PREFABS/Consolidated/MVillage_LargeJars_Set_01.prefab
  artifactKey: Guid(d826db3f993ab0040afbb5644e5d1aa6) Importer(2089858483,3d70f49cd1c2eb9ae422958d1c652c6b)
Start importing Assets/ASTROFISH_GAMES/MEDIEVAL_SERIES/MEDIEVAL_WELLS_PROPS/PREFABS/Consolidated/MVillage_LargeJars_Set_01.prefab using Guid(d826db3f993ab0040afbb5644e5d1aa6) Importer(2089858483,3d70f49cd1c2eb9ae422958d1c652c6b) (ScriptedImporter) -> (artifact id: '7a78dc06ee8038ef08337d429b26722e') in 0.0618486 seconds
Number of updated asset objects reloaded before import = 0Number of asset objects unloaded after import = 318

========================================================================
Received Import Request.
  Time since last request: 0.000037 seconds.
  path: Assets/Modular Castle/Assets/prefabs/decoration2.prefab
  artifactKey: Guid(c7b19c08f7e17a24ba76c6017f0528ff) Importer(2089858483,3d70f49cd1c2eb9ae422958d1c652c6b)
Start importing Assets/Modular Castle/Assets/prefabs/decoration2.prefab using Guid(c7b19c08f7e17a24ba76c6017f0528ff) Importer(2089858483,3d70f49cd1c2eb9ae422958d1c652c6b) (ScriptedImporter) -> (artifact id: '5cdfc8ed7d866729763162ed15b73beb') in 0.0266199 seconds
Number of updated asset objects reloaded before import = 0Number of asset objects unloaded after import = 8

========================================================================
Received Import Request.
  Time since last request: 0.000052 seconds.
  path: Assets/Modular Castle/Assets/prefabs/wall1.prefab
  artifactKey: Guid(e38067ccaff52424db35c2958d80cb11) Importer(815301076,1909f56bfc062723c751e8b465ee728b)
Start importing Assets/Modular Castle/Assets/prefabs/wall1.prefab using Guid(e38067ccaff52424db35c2958d80cb11) Importer(815301076,1909f56bfc062723c751e8b465ee728b) (PreviewImporter) -> (artifact id: '9e2050c3a6346cd7c34cf568365699c3') in 0.0380591 seconds
Number of updated asset objects reloaded before import = 0Number of asset objects unloaded after import = 10

========================================================================
Received Import Request.
  Time since last request: 0.000038 seconds.
  path: Assets/DoubleL/Demo/Animator/Ladder_Up_Play.controller
  artifactKey: Guid(21c6155d5d774eb47a21fa146b1aac30) Importer(2089858483,192608db42251d675da83286b1cce702)
Start importing Assets/DoubleL/Demo/Animator/Ladder_Up_Play.controller using Guid(21c6155d5d774eb47a21fa146b1aac30) Importer(2089858483,192608db42251d675da83286b1cce702) (ScriptedImporter) -> (artifact id: 'c5b1b5fe052eb2f5507bf764dc5f3404') in 0.0320111 seconds
Number of updated asset objects reloaded before import = 0Number of asset objects unloaded after import = 4

========================================================================
Received Import Request.
  Time since last request: 0.000037 seconds.
  path: Assets/DoubleL/Demo/Animator/Enemy_Attack_1_InPlace.controller
  artifactKey: Guid(0096f2761f10865498663f3fd162dc5a) Importer(2089858483,192608db42251d675da83286b1cce702)
Start importing Assets/DoubleL/Demo/Animator/Enemy_Attack_1_InPlace.controller using Guid(0096f2761f10865498663f3fd162dc5a) Importer(2089858483,192608db42251d675da83286b1cce702) (ScriptedImporter) -> (artifact id: '4c66371e9c4f4c7e155b5508bfe57ba3') in 0.0459095 seconds
Number of updated asset objects reloaded before import = 0Number of asset objects unloaded after import = 4

========================================================================
Received Import Request.
  Time since last request: 0.000044 seconds.
  path: Assets/DoubleL/Demo/Animator/Hit_F_1.controller
  artifactKey: Guid(d58019f9f6dfd8f47a9bdb47a0feaec1) Importer(2089858483,192608db42251d675da83286b1cce702)
Start importing Assets/DoubleL/Demo/Animator/Hit_F_1.controller using Guid(d58019f9f6dfd8f47a9bdb47a0feaec1) Importer(2089858483,192608db42251d675da83286b1cce702) (ScriptedImporter) -> (artifact id: '3f494fadccb48e22f0dfc3f20100b99b') in 0.0467435 seconds
Number of updated asset objects reloaded before import = 0Number of asset objects unloaded after import = 4

========================================================================
Received Import Request.
  Time since last request: 0.000033 seconds.
  path: Assets/DoubleL/Demo/Anim/OneHand_Up_Walk_R_InPlace.anim
  artifactKey: Guid(7a6f84aa6bbbb6b449c8e47f74322c16) Importer(2089858483,192608db42251d675da83286b1cce702)
Start importing Assets/DoubleL/Demo/Anim/OneHand_Up_Walk_R_InPlace.anim using Guid(7a6f84aa6bbbb6b449c8e47f74322c16) Importer(2089858483,192608db42251d675da83286b1cce702) (ScriptedImporter) -> (artifact id: '5287d47969757ce63337a82e346ecc57') in 0.050994 seconds
Number of updated asset objects reloaded before import = 0Number of asset objects unloaded after import = 1

========================================================================
Received Import Request.
  Time since last request: 0.000043 seconds.
  path: Assets/Textures/PavingStones115B_1K-JPG_Color.jpg
  artifactKey: Guid(79a40a4b6dc84574eb8ff0eee377a138) Importer(2089858483,192608db42251d675da83286b1cce702)
Start importing Assets/Textures/PavingStones115B_1K-JPG_Color.jpg using Guid(79a40a4b6dc84574eb8ff0eee377a138) Importer(2089858483,192608db42251d675da83286b1cce702) (ScriptedImporter) -> (artifact id: '87825bd6f70847e440c6df3d99a02361') in 0.0429882 seconds
Number of updated asset objects reloaded before import = 0Number of asset objects unloaded after import = 1

========================================================================
Received Import Request.
  Time since last request: 0.000075 seconds.
  path: Assets/Materials/Materials/PavingStones077.mat
  artifactKey: Guid(bbbfbc22659e2c047a9e6ca94046d068) Importer(2089858483,192608db42251d675da83286b1cce702)
Start importing Assets/Materials/Materials/PavingStones077.mat using Guid(bbbfbc22659e2c047a9e6ca94046d068) Importer(2089858483,192608db42251d675da83286b1cce702) (ScriptedImporter) -> (artifact id: '058120f53f5c4e8670984329edb7c0cd') in 0.0309727 seconds
Number of updated asset objects reloaded before import = 0Number of asset objects unloaded after import = 2

========================================================================
Received Import Request.
  Time since last request: 0.000055 seconds.
  path: Assets/StylizedCharacter/Prefabs/Item/Weapon/Staff/Staff_Newbie_02_Rd.prefab
  artifactKey: Guid(4b78a8a0aeff4441afa877debbc1c320) Importer(2089858483,3d70f49cd1c2eb9ae422958d1c652c6b)
Start importing Assets/StylizedCharacter/Prefabs/Item/Weapon/Staff/Staff_Newbie_02_Rd.prefab using Guid(4b78a8a0aeff4441afa877debbc1c320) Importer(2089858483,3d70f49cd1c2eb9ae422958d1c652c6b) (ScriptedImporter) -> (artifact id: '4652833c0459646eec7570f47bbeb97d') in 0.02366 seconds
Number of updated asset objects reloaded before import = 0Number of asset objects unloaded after import = 18

========================================================================
Received Import Request.
  Time since last request: 0.000036 seconds.
  path: Assets/DoubleL/One Hand Up/Attack_B/OneHand_Up_Attack_B_1.fbx
  artifactKey: Guid(5e40e7d75000f414792af33b63554041) Importer(2089858483,192608db42251d675da83286b1cce702)
Start importing Assets/DoubleL/One Hand Up/Attack_B/OneHand_Up_Attack_B_1.fbx using Guid(5e40e7d75000f414792af33b63554041) Importer(2089858483,192608db42251d675da83286b1cce702) (ScriptedImporter) -> (artifact id: '87845c07b8ad3e4228557278d2e63cb8') in 0.0394158 seconds
Number of updated asset objects reloaded before import = 0Number of asset objects unloaded after import = 146

========================================================================
Received Import Request.
  Time since last request: 0.000097 seconds.
  path: Assets/DungeonModularPack/Scenes/DemoScene/Lightmap-0_comp_dir.png
  artifactKey: Guid(b85d77b8ef1874b4b879fd6f773033ed) Importer(2089858483,192608db42251d675da83286b1cce702)
Start importing Assets/DungeonModularPack/Scenes/DemoScene/Lightmap-0_comp_dir.png using Guid(b85d77b8ef1874b4b879fd6f773033ed) Importer(2089858483,192608db42251d675da83286b1cce702) (ScriptedImporter) -> (artifact id: '4d4e81fe749351fda481d372f036ac7f') in 0.0444407 seconds
Number of updated asset objects reloaded before import = 0Number of asset objects unloaded after import = 1

========================================================================
Received Import Request.
  Time since last request: 0.000030 seconds.
  path: Assets/DoubleL/Demo/Animator/OneHand_Up_Attack_1_InPlace.controller
  artifactKey: Guid(6693fd45bef8fac46b05f31d6758e88b) Importer(2089858483,192608db42251d675da83286b1cce702)
Start importing Assets/DoubleL/Demo/Animator/OneHand_Up_Attack_1_InPlace.controller using Guid(6693fd45bef8fac46b05f31d6758e88b) Importer(2089858483,192608db42251d675da83286b1cce702) (ScriptedImporter) -> (artifact id: 'a11ac68c7d329e5aed49d796a8f0fb04') in 0.0485916 seconds
Number of updated asset objects reloaded before import = 0Number of asset objects unloaded after import = 4

========================================================================
Received Import Request.
  Time since last request: 0.000036 seconds.
  path: Assets/DoubleL/Demo/Animator/OneHand_Up_Walk_F.controller
  artifactKey: Guid(b3b2b0fb3235fb242b88711f56b88ac6) Importer(2089858483,192608db42251d675da83286b1cce702)
Start importing Assets/DoubleL/Demo/Animator/OneHand_Up_Walk_F.controller using Guid(b3b2b0fb3235fb242b88711f56b88ac6) Importer(2089858483,192608db42251d675da83286b1cce702) (ScriptedImporter) -> (artifact id: 'f957031708b653b86e9ffb0a4399ba71') in 0.0375159 seconds
Number of updated asset objects reloaded before import = 0Number of asset objects unloaded after import = 4

========================================================================
Received Import Request.
  Time since last request: 0.000049 seconds.
  path: Assets/DoubleL/Demo/Animator/OneHand_Up_Shield_Block_Idle.controller
  artifactKey: Guid(a4d0fe7d2a5b7cf4f99e104ace9be4c3) Importer(2089858483,192608db42251d675da83286b1cce702)
Start importing Assets/DoubleL/Demo/Animator/OneHand_Up_Shield_Block_Idle.controller using Guid(a4d0fe7d2a5b7cf4f99e104ace9be4c3) Importer(2089858483,192608db42251d675da83286b1cce702) (ScriptedImporter) -> (artifact id: 'a459ac7ae45c552dae00de0d351061cd') in 0.0298702 seconds
Number of updated asset objects reloaded before import = 0Number of asset objects unloaded after import = 4

========================================================================
Received Import Request.
  Time since last request: 0.000036 seconds.
  path: Assets/DoubleL/Demo/Animator/OneHand_Up_Shield_Block_Hit_1_InPlace.controller
  artifactKey: Guid(a17d942bf60b91144b09b517534ac31d) Importer(2089858483,192608db42251d675da83286b1cce702)
Start importing Assets/DoubleL/Demo/Animator/OneHand_Up_Shield_Block_Hit_1_InPlace.controller using Guid(a17d942bf60b91144b09b517534ac31d) Importer(2089858483,192608db42251d675da83286b1cce702) (ScriptedImporter) -> (artifact id: '0bd8010cb7f56b94d2012779f61fb441') in 0.0331616 seconds
Number of updated asset objects reloaded before import = 0Number of asset objects unloaded after import = 4

========================================================================
Received Import Request.
  Time since last request: 0.000040 seconds.
  path: Assets/Laterns and candles/Sprites/red_flame_0.controller
  artifactKey: Guid(afdc6e8bcd57e9e42a64978e5ea081e9) Importer(2089858483,192608db42251d675da83286b1cce702)
Start importing Assets/Laterns and candles/Sprites/red_flame_0.controller using Guid(afdc6e8bcd57e9e42a64978e5ea081e9) Importer(2089858483,192608db42251d675da83286b1cce702) (ScriptedImporter) -> (artifact id: '322fffe9396da32d7204d0b693633634') in 0.0291007 seconds
Number of updated asset objects reloaded before import = 0Number of asset objects unloaded after import = 4

========================================================================
Received Import Request.
  Time since last request: 0.000047 seconds.
  path: Assets/Medieval Castle/Material/wood/wood_Albedo.png
  artifactKey: Guid(df07ec0c5af9caa40b19f644d5daa3e3) Importer(2089858483,192608db42251d675da83286b1cce702)
Start importing Assets/Medieval Castle/Material/wood/wood_Albedo.png using Guid(df07ec0c5af9caa40b19f644d5daa3e3) Importer(2089858483,192608db42251d675da83286b1cce702) (ScriptedImporter) -> (artifact id: '56fde719efaab9fda99fa71aeeab9fd6') in 0.0418 seconds
Number of updated asset objects reloaded before import = 0Number of asset objects unloaded after import = 1

========================================================================
Received Import Request.
  Time since last request: 0.000037 seconds.
  path: Assets/Medieval Castle/Material/Rock2/Rock012_2K_NormalDX.png
  artifactKey: Guid(68e6d7e8ac133ff4894e9c2f0d7f0fb3) Importer(2089858483,192608db42251d675da83286b1cce702)
Start importing Assets/Medieval Castle/Material/Rock2/Rock012_2K_NormalDX.png using Guid(68e6d7e8ac133ff4894e9c2f0d7f0fb3) Importer(2089858483,192608db42251d675da83286b1cce702) (ScriptedImporter) -> (artifact id: 'a447ef365f6b14400e6af55f21b55911') in 0.0429823 seconds
Number of updated asset objects reloaded before import = 0Number of asset objects unloaded after import = 1

========================================================================
Received Import Request.
  Time since last request: 0.000047 seconds.
  path: Assets/Medieval Castle/Material/Metal/Metal024_4K_Color.png
  artifactKey: Guid(368cee9aa09820447acfd889318eaff7) Importer(2089858483,192608db42251d675da83286b1cce702)
Start importing Assets/Medieval Castle/Material/Metal/Metal024_4K_Color.png using Guid(368cee9aa09820447acfd889318eaff7) Importer(2089858483,192608db42251d675da83286b1cce702) (ScriptedImporter) -> (artifact id: '42796f64c4b6891df2e6e9265a814cf3') in 0.0390967 seconds
Number of updated asset objects reloaded before import = 0Number of asset objects unloaded after import = 1

========================================================================
Received Import Request.
  Time since last request: 0.000051 seconds.
  path: Assets/Modular Castle/Assets/prefabs/candle1.prefab
  artifactKey: Guid(54267a896609f27488a9af10dbd11557) Importer(2089858483,192608db42251d675da83286b1cce702)
Start importing Assets/Modular Castle/Assets/prefabs/candle1.prefab using Guid(54267a896609f27488a9af10dbd11557) Importer(2089858483,192608db42251d675da83286b1cce702) (ScriptedImporter) -> (artifact id: 'f844fb93e316b01e2f74592805836d78') in 0.0916863 seconds
Number of updated asset objects reloaded before import = 0Number of asset objects unloaded after import = 8

========================================================================
Received Import Request.
  Time since last request: 0.000055 seconds.
  path: Assets/Modular Castle/Assets/prefabs/mannequin.prefab
  artifactKey: Guid(16d6f63f1f03dc64c8c86de4122100c6) Importer(2089858483,192608db42251d675da83286b1cce702)
Start importing Assets/Modular Castle/Assets/prefabs/mannequin.prefab using Guid(16d6f63f1f03dc64c8c86de4122100c6) Importer(2089858483,192608db42251d675da83286b1cce702) (ScriptedImporter) -> (artifact id: '2018903b6b0350b524d9e3907b7b5438') in 0.0322168 seconds
Number of updated asset objects reloaded before import = 0Number of asset objects unloaded after import = 8

========================================================================
Received Import Request.
  Time since last request: 0.000063 seconds.
  path: Assets/Modular Castle/Assets/prefabs2/mannequin.prefab
  artifactKey: Guid(4ac7440a8935c0c4294d324e56d64987) Importer(2089858483,192608db42251d675da83286b1cce702)
Start importing Assets/Modular Castle/Assets/prefabs2/mannequin.prefab using Guid(4ac7440a8935c0c4294d324e56d64987) Importer(2089858483,192608db42251d675da83286b1cce702) (ScriptedImporter) -> (artifact id: 'b4686a7a2a930f06264921f2d5f09974') in 0.0307749 seconds
Number of updated asset objects reloaded before import = 0Number of asset objects unloaded after import = 13

========================================================================
Received Import Request.
  Time since last request: 0.000078 seconds.
  path: Assets/Modular Castle/Assets/prefabs2/wall2 1.prefab
  artifactKey: Guid(b84cdff1414a1094d995361dae7b91b1) Importer(2089858483,192608db42251d675da83286b1cce702)
Start importing Assets/Modular Castle/Assets/prefabs2/wall2 1.prefab using Guid(b84cdff1414a1094d995361dae7b91b1) Importer(2089858483,192608db42251d675da83286b1cce702) (ScriptedImporter) -> (artifact id: 'f586ef84a9d26fa242868a1b8bb5c9ba') in 0.0449851 seconds
Number of updated asset objects reloaded before import = 0Number of asset objects unloaded after import = 33

========================================================================
Received Import Request.
  Time since last request: 0.000036 seconds.
  path: Assets/Modular Castle/Assets/prefabs2/torch.prefab
  artifactKey: Guid(2b28d52e9282f5844af4fa29dc0c1032) Importer(2089858483,192608db42251d675da83286b1cce702)
Start importing Assets/Modular Castle/Assets/prefabs2/torch.prefab using Guid(2b28d52e9282f5844af4fa29dc0c1032) Importer(2089858483,192608db42251d675da83286b1cce702) (ScriptedImporter) -> (artifact id: '23d4d940faf6a8cc3893a65521fde1ae') in 0.0322139 seconds
Number of updated asset objects reloaded before import = 0Number of asset objects unloaded after import = 15

========================================================================
Received Import Request.
  Time since last request: 0.000039 seconds.
  path: Assets/Modular Castle/Assets/prefabs2/candleholder1.prefab
  artifactKey: Guid(775d4760f9d1bd4439ee44c29ee69e89) Importer(2089858483,192608db42251d675da83286b1cce702)
Start importing Assets/Modular Castle/Assets/prefabs2/candleholder1.prefab using Guid(775d4760f9d1bd4439ee44c29ee69e89) Importer(2089858483,192608db42251d675da83286b1cce702) (ScriptedImporter) -> (artifact id: 'ff06a84639bb594f52f02ffffe19bd37') in 0.0371383 seconds
Number of updated asset objects reloaded before import = 0Number of asset objects unloaded after import = 19

========================================================================
Received Import Request.
  Time since last request: 0.000050 seconds.
  path: Assets/Medieval Castle/Material/Rock2/Rock2.mat
  artifactKey: Guid(dd9fbe382d961ff46bd9ed06b3a43616) Importer(2089858483,192608db42251d675da83286b1cce702)
Start importing Assets/Medieval Castle/Material/Rock2/Rock2.mat using Guid(dd9fbe382d961ff46bd9ed06b3a43616) Importer(2089858483,192608db42251d675da83286b1cce702) (ScriptedImporter) -> (artifact id: '9838f6fbb9fdd66b3a1ba12e0b17ee9c') in 0.0439787 seconds
Number of updated asset objects reloaded before import = 0Number of asset objects unloaded after import = 5

========================================================================
Received Import Request.
  Time since last request: 0.000040 seconds.
  path: Assets/StylizedCharacter/Scripts/Attributes/ItemTypeAttribute.cs
  artifactKey: Guid(759d9aecd36f4785a7f31c8ea09b123f) Importer(2089858483,192608db42251d675da83286b1cce702)
Start importing Assets/StylizedCharacter/Scripts/Attributes/ItemTypeAttribute.cs using Guid(759d9aecd36f4785a7f31c8ea09b123f) Importer(2089858483,192608db42251d675da83286b1cce702) (ScriptedImporter) -> (artifact id: '5c3ddbc7869d3e86a3c9b5d53bac838c') in 0.0252544 seconds
Number of updated asset objects reloaded before import = 0Number of asset objects unloaded after import = 0

========================================================================
Received Import Request.
  Time since last request: 0.000035 seconds.
  path: Assets/StylizedCharacter/Scripts/Attributes/BodyPartNameAttribute.cs
  artifactKey: Guid(29464e01b7794a48a29a2c70526bcea3) Importer(2089858483,192608db42251d675da83286b1cce702)
Start importing Assets/StylizedCharacter/Scripts/Attributes/BodyPartNameAttribute.cs using Guid(29464e01b7794a48a29a2c70526bcea3) Importer(2089858483,192608db42251d675da83286b1cce702) (ScriptedImporter) -> (artifact id: '7f8671d9fe4f63737f2f9cb334316fd4') in 0.0237455 seconds
Number of updated asset objects reloaded before import = 0Number of asset objects unloaded after import = 0

========================================================================
Received Import Request.
  Time since last request: 0.000074 seconds.
  path: Assets/StylizedCharacter/Scripts/Utils/UtilsAssets.cs
  artifactKey: Guid(8ba5218f6609435fa1ca54abcfe31bc1) Importer(2089858483,192608db42251d675da83286b1cce702)
Start importing Assets/StylizedCharacter/Scripts/Utils/UtilsAssets.cs using Guid(8ba5218f6609435fa1ca54abcfe31bc1) Importer(2089858483,192608db42251d675da83286b1cce702) (ScriptedImporter) -> (artifact id: '34f2bf71977aca51f608525712f9abe9') in 0.0253573 seconds
Number of updated asset objects reloaded before import = 0Number of asset objects unloaded after import = 0

========================================================================
Received Import Request.
  Time since last request: 0.000036 seconds.
  path: Assets/StylizedCharacter/Scripts/Editor/GUIUtils.cs
  artifactKey: Guid(9f2cd1689fa54a81bab25a9a0c366081) Importer(2089858483,192608db42251d675da83286b1cce702)
Start importing Assets/StylizedCharacter/Scripts/Editor/GUIUtils.cs using Guid(9f2cd1689fa54a81bab25a9a0c366081) Importer(2089858483,192608db42251d675da83286b1cce702) (ScriptedImporter) -> (artifact id: '536b4d4ac7cde835dc5e5b31a146127b') in 0.0231031 seconds
Number of updated asset objects reloaded before import = 0Number of asset objects unloaded after import = 0

========================================================================
Received Import Request.
  Time since last request: 0.000037 seconds.
  path: Assets/Modular Castle/Assets/textures/fire.png
  artifactKey: Guid(0e0936a7d0d9eb040a63d45328770354) Importer(2089858483,192608db42251d675da83286b1cce702)
Start importing Assets/Modular Castle/Assets/textures/fire.png using Guid(0e0936a7d0d9eb040a63d45328770354) Importer(2089858483,192608db42251d675da83286b1cce702) (ScriptedImporter) -> (artifact id: 'eef77b6d0d5ab9194942cc558acf9896') in 0.0367803 seconds
Number of updated asset objects reloaded before import = 0Number of asset objects unloaded after import = 1

========================================================================
Received Import Request.
  Time since last request: 0.000041 seconds.
  path: Assets/ASTROFISH_GAMES/MEDIEVAL_SERIES/MEDIEVAL_WELLS_PROPS/MODELS/MVillage_PlatformStone_SemiCircle.FBX
  artifactKey: Guid(39c09c7aa82f8e847b39c30146e8be16) Importer(2089858483,192608db42251d675da83286b1cce702)
Start importing Assets/ASTROFISH_GAMES/MEDIEVAL_SERIES/MEDIEVAL_WELLS_PROPS/MODELS/MVillage_PlatformStone_SemiCircle.FBX using Guid(39c09c7aa82f8e847b39c30146e8be16) Importer(2089858483,192608db42251d675da83286b1cce702) (ScriptedImporter) -> (artifact id: 'e4efde8896cde5baec09bc487b9e294f') in 0.0769722 seconds
Number of updated asset objects reloaded before import = 0Number of asset objects unloaded after import = 21

========================================================================
Received Import Request.
  Time since last request: 0.000041 seconds.
  path: Assets/Altar_Ruins_FREE/Art/Textures/Tree/Tree_Normal.png
  artifactKey: Guid(a694cf25dd1d8d142ac8bdaabe51dfd5) Importer(2089858483,192608db42251d675da83286b1cce702)
Start importing Assets/Altar_Ruins_FREE/Art/Textures/Tree/Tree_Normal.png using Guid(a694cf25dd1d8d142ac8bdaabe51dfd5) Importer(2089858483,192608db42251d675da83286b1cce702) (ScriptedImporter) -> (artifact id: '7f578c82f444ee4dcf6c18fe86bb922a') in 0.0731368 seconds
Number of updated asset objects reloaded before import = 0Number of asset objects unloaded after import = 1

========================================================================
Received Import Request.
  Time since last request: 0.000108 seconds.
  path: Assets/Altar_Ruins_FREE/Art/Meshes/New/Gate.fbx
  artifactKey: Guid(aee38e96c4782504d9ed367518bc8ad6) Importer(2089858483,192608db42251d675da83286b1cce702)
Start importing Assets/Altar_Ruins_FREE/Art/Meshes/New/Gate.fbx using Guid(aee38e96c4782504d9ed367518bc8ad6) Importer(2089858483,192608db42251d675da83286b1cce702) (ScriptedImporter) -> (artifact id: 'cde5fd5657faab6d86c726a7e7772e66') in 0.0537526 seconds
Number of updated asset objects reloaded before import = 0Number of asset objects unloaded after import = 7

========================================================================
Received Import Request.
  Time since last request: 0.000047 seconds.
  path: Assets/ASTROFISH_GAMES/MEDIEVAL_SERIES/MEDIEVAL_WELLS_PROPS/MODELS/MVillage_CoinGroup_Sml.FBX
  artifactKey: Guid(c4976e91a19ed3b468422043b365f31a) Importer(2089858483,192608db42251d675da83286b1cce702)
Start importing Assets/ASTROFISH_GAMES/MEDIEVAL_SERIES/MEDIEVAL_WELLS_PROPS/MODELS/MVillage_CoinGroup_Sml.FBX using Guid(c4976e91a19ed3b468422043b365f31a) Importer(2089858483,192608db42251d675da83286b1cce702) (ScriptedImporter) -> (artifact id: '53d22a57b64aa1f3c7fba0f7bc4ac630') in 0.0510615 seconds
Number of updated asset objects reloaded before import = 0Number of asset objects unloaded after import = 21

========================================================================
Received Import Request.
  Time since last request: 0.000060 seconds.
  path: Assets/ExplosiveLLC/Warrior Pack Bundle 1 FREE/Brute Warrior Mecanim Animation Pack/Animations/Brute@Walk.FBX
  artifactKey: Guid(979c23f9f029cca4d9f7d7abe96e3e69) Importer(2089858483,192608db42251d675da83286b1cce702)
Start importing Assets/ExplosiveLLC/Warrior Pack Bundle 1 FREE/Brute Warrior Mecanim Animation Pack/Animations/Brute@Walk.FBX using Guid(979c23f9f029cca4d9f7d7abe96e3e69) Importer(2089858483,192608db42251d675da83286b1cce702) (ScriptedImporter) -> (artifact id: 'd6cd08b1a7018bd5eca29fce00a79fbf') in 0.0555556 seconds
Number of updated asset objects reloaded before import = 0Number of asset objects unloaded after import = 112

========================================================================
Received Import Request.
  Time since last request: 0.000040 seconds.
  path: Assets/DoubleL/One Hand Up/Attack_A/InPlace/OneHand_Up_Attack_A_3_InPlace.fbx
  artifactKey: Guid(8f34d34aacdf0cf48ba37afc6c8b552d) Importer(2089858483,192608db42251d675da83286b1cce702)
Start importing Assets/DoubleL/One Hand Up/Attack_A/InPlace/OneHand_Up_Attack_A_3_InPlace.fbx using Guid(8f34d34aacdf0cf48ba37afc6c8b552d) Importer(2089858483,192608db42251d675da83286b1cce702) (ScriptedImporter) -> (artifact id: '7dcbf508b8d49b9f1a1274c0a87eb7ec') in 0.0448621 seconds
Number of updated asset objects reloaded before import = 0Number of asset objects unloaded after import = 146

========================================================================
Received Import Request.
  Time since last request: 0.000053 seconds.
  path: Assets/ASTROFISH_GAMES/MEDIEVAL_SERIES/MEDIEVAL_WELLS_PROPS/MODELS/MVillage_PortchRoof_01.FBX
  artifactKey: Guid(2548fcf78af94fc47bc94c9eaeaee55f) Importer(2089858483,192608db42251d675da83286b1cce702)
Start importing Assets/ASTROFISH_GAMES/MEDIEVAL_SERIES/MEDIEVAL_WELLS_PROPS/MODELS/MVillage_PortchRoof_01.FBX using Guid(2548fcf78af94fc47bc94c9eaeaee55f) Importer(2089858483,192608db42251d675da83286b1cce702) (ScriptedImporter) -> (artifact id: 'fb48c58e757c3e7a07167712ae25e7d3') in 0.0637127 seconds
Number of updated asset objects reloaded before import = 0Number of asset objects unloaded after import = 21

========================================================================
Received Import Request.
  Time since last request: 0.000048 seconds.
  path: Assets/ASTROFISH_GAMES/MEDIEVAL_SERIES/MEDIEVAL_WELLS_PROPS/MODELS/MVillage_CoinGround_Lrg.FBX
  artifactKey: Guid(1dd2ad8bb44a5614ea368345dead4bf8) Importer(2089858483,192608db42251d675da83286b1cce702)
Start importing Assets/ASTROFISH_GAMES/MEDIEVAL_SERIES/MEDIEVAL_WELLS_PROPS/MODELS/MVillage_CoinGround_Lrg.FBX using Guid(1dd2ad8bb44a5614ea368345dead4bf8) Importer(2089858483,192608db42251d675da83286b1cce702) (ScriptedImporter) -> (artifact id: 'e0a969486e1f677bf0e94e2af1cc7aaf') in 0.0629838 seconds
Number of updated asset objects reloaded before import = 0Number of asset objects unloaded after import = 21

========================================================================
Received Import Request.
  Time since last request: 0.000038 seconds.
  path: Assets/ExplosiveLLC/Warrior Pack Bundle 1 FREE/Brute Warrior Mecanim Animation Pack/Scenes/Brute Warrior.unity
  artifactKey: Guid(779725a2f3a93ea41b020bab6a484a07) Importer(2089858483,192608db42251d675da83286b1cce702)
Start importing Assets/ExplosiveLLC/Warrior Pack Bundle 1 FREE/Brute Warrior Mecanim Animation Pack/Scenes/Brute Warrior.unity using Guid(779725a2f3a93ea41b020bab6a484a07) Importer(2089858483,192608db42251d675da83286b1cce702) (ScriptedImporter) -> (artifact id: '34f013e051f00d4f8ab98acc2116b76d') in 0.0280409 seconds
Number of updated asset objects reloaded before import = 0Number of asset objects unloaded after import = 1

========================================================================
Received Import Request.
  Time since last request: 0.000055 seconds.
  path: Assets/ExplosiveLLC/Warrior Pack Bundle 1 FREE/Brute Warrior Mecanim Animation Pack/Textures/Brute.psd
  artifactKey: Guid(afed4e45cf3825844a9f9c4ddd1547d0) Importer(2089858483,192608db42251d675da83286b1cce702)
Start importing Assets/ExplosiveLLC/Warrior Pack Bundle 1 FREE/Brute Warrior Mecanim Animation Pack/Textures/Brute.psd using Guid(afed4e45cf3825844a9f9c4ddd1547d0) Importer(2089858483,192608db42251d675da83286b1cce702) (ScriptedImporter) -> (artifact id: '9981b9f5cabd081e6414ba50dbb321a8') in 0.0532477 seconds
Number of updated asset objects reloaded before import = 0Number of asset objects unloaded after import = 1

========================================================================
Received Import Request.
  Time since last request: 0.000040 seconds.
  path: Assets/ExplosiveLLC/Warrior Pack Bundle 1 FREE/Ninja Warrior Mecanim Animation Pack/Scenes/Ninja Warrior.unity
  artifactKey: Guid(4cd1124d1c6def3498fc661f9186c120) Importer(2089858483,192608db42251d675da83286b1cce702)
Start importing Assets/ExplosiveLLC/Warrior Pack Bundle 1 FREE/Ninja Warrior Mecanim Animation Pack/Scenes/Ninja Warrior.unity using Guid(4cd1124d1c6def3498fc661f9186c120) Importer(2089858483,192608db42251d675da83286b1cce702) (ScriptedImporter) -> (artifact id: '2f75bbd0547cb035c610190250259bfb') in 0.0248838 seconds
Number of updated asset objects reloaded before import = 0Number of asset objects unloaded after import = 1

========================================================================
Received Import Request.
  Time since last request: 0.000034 seconds.
  path: Assets/Realistic Tree/Prefabs/URP/Ash/Ash 7.prefab
  artifactKey: Guid(9e065bacc309f8a4c877f23b4b5eebf8) Importer(2089858483,192608db42251d675da83286b1cce702)
Start importing Assets/Realistic Tree/Prefabs/URP/Ash/Ash 7.prefab using Guid(9e065bacc309f8a4c877f23b4b5eebf8) Importer(2089858483,192608db42251d675da83286b1cce702) (ScriptedImporter) -> (artifact id: 'bb6620d5ca4a8b4942060f463eba1884') in 0.2780736 seconds
Number of updated asset objects reloaded before import = 0Number of asset objects unloaded after import = 70

========================================================================
Received Import Request.
  Time since last request: 0.000048 seconds.
  path: Assets/Realistic Tree/Source/Models/Ash/Ash_4.fbx
  artifactKey: Guid(0c659ee1da62aec498924a350ab501f5) Importer(2089858483,192608db42251d675da83286b1cce702)
Start importing Assets/Realistic Tree/Source/Models/Ash/Ash_4.fbx using Guid(0c659ee1da62aec498924a350ab501f5) Importer(2089858483,192608db42251d675da83286b1cce702) (ScriptedImporter) -> (artifact id: '8475fb3efec466dbfdddc0132f3c8ce8') in 0.0692221 seconds
Number of updated asset objects reloaded before import = 0Number of asset objects unloaded after import = 65

========================================================================
Received Import Request.
  Time since last request: 0.000037 seconds.
  path: Assets/Realistic Tree/Source/Textures/Ash/Leaf_2.png
  artifactKey: Guid(30c74cc02a33ca243a2f565aac7c77d0) Importer(2089858483,192608db42251d675da83286b1cce702)
Start importing Assets/Realistic Tree/Source/Textures/Ash/Leaf_2.png using Guid(30c74cc02a33ca243a2f565aac7c77d0) Importer(2089858483,192608db42251d675da83286b1cce702) (ScriptedImporter) -> (artifact id: 'b8f39ee6b0eca55bdbf1607d2858b379') in 0.046224 seconds
Number of updated asset objects reloaded before import = 0Number of asset objects unloaded after import = 1

========================================================================
Received Import Request.
  Time since last request: 0.000039 seconds.
  path: Assets/StylizedCharacter/Materials/Item/Weapon/M_Dagger_Newbie_Gn.mat
  artifactKey: Guid(5ece975dac5649109b7ce57698737f31) Importer(2089858483,192608db42251d675da83286b1cce702)
Start importing Assets/StylizedCharacter/Materials/Item/Weapon/M_Dagger_Newbie_Gn.mat using Guid(5ece975dac5649109b7ce57698737f31) Importer(2089858483,192608db42251d675da83286b1cce702) (ScriptedImporter) -> (artifact id: '6b2680edf6b13aedd6a9f796194df1ee') in 0.0655872 seconds
Number of updated asset objects reloaded before import = 0Number of asset objects unloaded after import = 4

========================================================================
Received Import Request.
  Time since last request: 0.000062 seconds.
  path: Assets/StylizedCharacter/Scripts/Wrappers/ItemWrapperHandler.cs
  artifactKey: Guid(9adfbd82042d4be699978ff86f0efbb5) Importer(2089858483,192608db42251d675da83286b1cce702)
Start importing Assets/StylizedCharacter/Scripts/Wrappers/ItemWrapperHandler.cs using Guid(9adfbd82042d4be699978ff86f0efbb5) Importer(2089858483,192608db42251d675da83286b1cce702) (ScriptedImporter) -> (artifact id: 'd52485636f09a2089073fcd6eee06eb0') in 0.0239402 seconds
Number of updated asset objects reloaded before import = 0Number of asset objects unloaded after import = 0

========================================================================
Received Import Request.
  Time since last request: 0.000044 seconds.
  path: Assets/StylizedCharacter/Materials/Item/Weapon/M_Dagger_Newbie_Cl.mat
  artifactKey: Guid(1f9e6cacbb0f44eead07233c699d6442) Importer(2089858483,192608db42251d675da83286b1cce702)
Start importing Assets/StylizedCharacter/Materials/Item/Weapon/M_Dagger_Newbie_Cl.mat using Guid(1f9e6cacbb0f44eead07233c699d6442) Importer(2089858483,192608db42251d675da83286b1cce702) (ScriptedImporter) -> (artifact id: 'f6e243f940db997b29688a6692afced1') in 0.0607017 seconds
Number of updated asset objects reloaded before import = 0Number of asset objects unloaded after import = 4

========================================================================
Received Import Request.
  Time since last request: 0.000040 seconds.
  path: Assets/StylizedCharacter/Scripts/Editor/Windows/SelectionWindowAbstract.cs
  artifactKey: Guid(21e30fe195074a19a4dc329bcf461980) Importer(2089858483,192608db42251d675da83286b1cce702)
Start importing Assets/StylizedCharacter/Scripts/Editor/Windows/SelectionWindowAbstract.cs using Guid(21e30fe195074a19a4dc329bcf461980) Importer(2089858483,192608db42251d675da83286b1cce702) (ScriptedImporter) -> (artifact id: 'b9db844a363305855096c5c9d57c39b4') in 0.0239094 seconds
Number of updated asset objects reloaded before import = 0Number of asset objects unloaded after import = 0

========================================================================
Received Import Request.
  Time since last request: 0.000046 seconds.
  path: Assets/StylizedCharacter/Scripts/Editor/Windows/SelectorWindow.cs
  artifactKey: Guid(111c519fe166449e9d3b32d174cd5062) Importer(2089858483,192608db42251d675da83286b1cce702)
Start importing Assets/StylizedCharacter/Scripts/Editor/Windows/SelectorWindow.cs using Guid(111c519fe166449e9d3b32d174cd5062) Importer(2089858483,192608db42251d675da83286b1cce702) (ScriptedImporter) -> (artifact id: '26f035ff41666f5b5859b8b08ea49e07') in 0.0311118 seconds
Number of updated asset objects reloaded before import = 0Number of asset objects unloaded after import = 0

========================================================================
Received Import Request.
  Time since last request: 0.000037 seconds.
  path: Assets/StylizedCharacter/Textures/Item/Weapon/T_Bow_Newbie_01_Gn_D.tga
  artifactKey: Guid(68a4bce726ad4b7b8f6786282925177f) Importer(2089858483,192608db42251d675da83286b1cce702)
Start importing Assets/StylizedCharacter/Textures/Item/Weapon/T_Bow_Newbie_01_Gn_D.tga using Guid(68a4bce726ad4b7b8f6786282925177f) Importer(2089858483,192608db42251d675da83286b1cce702) (ScriptedImporter) -> (artifact id: 'ae4214718abb2182e33173a890b24a86') in 0.0501806 seconds
Number of updated asset objects reloaded before import = 0Number of asset objects unloaded after import = 1

========================================================================
Received Import Request.
  Time since last request: 0.000039 seconds.
  path: Assets/StylizedCharacter/Textures/Item/Weapon/T_Staff_Newbie_01_N.tga
  artifactKey: Guid(321f04b58e264ea381fab578beec5fa1) Importer(2089858483,192608db42251d675da83286b1cce702)
Start importing Assets/StylizedCharacter/Textures/Item/Weapon/T_Staff_Newbie_01_N.tga using Guid(321f04b58e264ea381fab578beec5fa1) Importer(2089858483,192608db42251d675da83286b1cce702) (ScriptedImporter) -> (artifact id: 'bda480b7b55b1f65996a4300e2898d22') in 0.0390157 seconds
Number of updated asset objects reloaded before import = 0Number of asset objects unloaded after import = 1

========================================================================
Received Import Request.
  Time since last request: 0.000051 seconds.
  path: Assets/Advance Studios/Medieval Castle/Art/Model/Materials/CasaBTextura.mat
  artifactKey: Guid(181cebfd5be393846848e4410aae15bc) Importer(2089858483,192608db42251d675da83286b1cce702)
Start importing Assets/Advance Studios/Medieval Castle/Art/Model/Materials/CasaBTextura.mat using Guid(181cebfd5be393846848e4410aae15bc) Importer(2089858483,192608db42251d675da83286b1cce702) (ScriptedImporter) -> (artifact id: 'a6b8f7e0def1c7e0f375184b60d66e3b') in 0.0306958 seconds
Number of updated asset objects reloaded before import = 0Number of asset objects unloaded after import = 2

========================================================================
Received Import Request.
  Time since last request: 0.000052 seconds.
  path: Assets/StylizedCharacter/Textures/Item/Weapon/T_Dagger_Newbie_01_N.tga
  artifactKey: Guid(a3af2aa6027d4408996db09a2aa5ac68) Importer(2089858483,192608db42251d675da83286b1cce702)
Start importing Assets/StylizedCharacter/Textures/Item/Weapon/T_Dagger_Newbie_01_N.tga using Guid(a3af2aa6027d4408996db09a2aa5ac68) Importer(2089858483,192608db42251d675da83286b1cce702) (ScriptedImporter) -> (artifact id: 'a86f480372afaf13d98923ccabce80ff') in 0.0387349 seconds
Number of updated asset objects reloaded before import = 0Number of asset objects unloaded after import = 1

========================================================================
Received Import Request.
  Time since last request: 0.000035 seconds.
  path: Assets/Advance Studios/Medieval Castle/Art/Model/Materials/DoorsWindowsTexture.mat
  artifactKey: Guid(236df0a5ee228a642849d2fb6276bb84) Importer(2089858483,192608db42251d675da83286b1cce702)
Start importing Assets/Advance Studios/Medieval Castle/Art/Model/Materials/DoorsWindowsTexture.mat using Guid(236df0a5ee228a642849d2fb6276bb84) Importer(2089858483,192608db42251d675da83286b1cce702) (ScriptedImporter) -> (artifact id: '80235fff1d667a735589a9de55d36a8a') in 0.0303172 seconds
Number of updated asset objects reloaded before import = 0Number of asset objects unloaded after import = 2

========================================================================
Received Import Request.
  Time since last request: 0.000047 seconds.
  path: Assets/StylizedCharacter/Materials/Item/Weapon/M_Staff_Newbie_Rd.mat
  artifactKey: Guid(c0c7a1507b4248c4b7238b203c1571ce) Importer(2089858483,192608db42251d675da83286b1cce702)
Start importing Assets/StylizedCharacter/Materials/Item/Weapon/M_Staff_Newbie_Rd.mat using Guid(c0c7a1507b4248c4b7238b203c1571ce) Importer(2089858483,192608db42251d675da83286b1cce702) (ScriptedImporter) -> (artifact id: '657661c6dc03cf8b3b178e1933f69b0d') in 0.038922 seconds
Number of updated asset objects reloaded before import = 0Number of asset objects unloaded after import = 4

========================================================================
Received Import Request.
  Time since last request: 0.000043 seconds.
  path: Assets/ASTROFISH_GAMES/MEDIEVAL_SERIES/MEDIEVAL_WELLS_PROPS/PREFABS/Singles/MVillage_CoinGroup_Med.prefab
  artifactKey: Guid(c01390c399539884ebe4b195b2228f37) Importer(2089858483,192608db42251d675da83286b1cce702)
Start importing Assets/ASTROFISH_GAMES/MEDIEVAL_SERIES/MEDIEVAL_WELLS_PROPS/PREFABS/Singles/MVillage_CoinGroup_Med.prefab using Guid(c01390c399539884ebe4b195b2228f37) Importer(2089858483,192608db42251d675da83286b1cce702) (ScriptedImporter) -> (artifact id: 'b201dc4cb580819d689b7a4a133ae37b') in 0.0300575 seconds
Number of updated asset objects reloaded before import = 0Number of asset objects unloaded after import = 20

========================================================================
Received Import Request.
  Time since last request: 0.000083 seconds.
  path: Assets/ASTROFISH_GAMES/MEDIEVAL_SERIES/MEDIEVAL_WELLS_PROPS/PREFABS/Singles/MVillage_PlatformStone_Part_Sml.prefab
  artifactKey: Guid(03447c877b6056b4aa65a332279e3195) Importer(2089858483,192608db42251d675da83286b1cce702)
Start importing Assets/ASTROFISH_GAMES/MEDIEVAL_SERIES/MEDIEVAL_WELLS_PROPS/PREFABS/Singles/MVillage_PlatformStone_Part_Sml.prefab using Guid(03447c877b6056b4aa65a332279e3195) Importer(2089858483,192608db42251d675da83286b1cce702) (ScriptedImporter) -> (artifact id: 'a406784805afd9b9382610ae6b681260') in 0.0294461 seconds
Number of updated asset objects reloaded before import = 0Number of asset objects unloaded after import = 25

========================================================================
Received Import Request.
  Time since last request: 0.000049 seconds.
  path: Assets/ASTROFISH_GAMES/MEDIEVAL_SERIES/MEDIEVAL_WELLS_PROPS/PREFABS/Singles/MVillage_Rope_02.prefab
  artifactKey: Guid(d594baa151af66e429698ef698d55980) Importer(2089858483,192608db42251d675da83286b1cce702)
Start importing Assets/ASTROFISH_GAMES/MEDIEVAL_SERIES/MEDIEVAL_WELLS_PROPS/PREFABS/Singles/MVillage_Rope_02.prefab using Guid(d594baa151af66e429698ef698d55980) Importer(2089858483,192608db42251d675da83286b1cce702) (ScriptedImporter) -> (artifact id: 'f6477c5b612763e40d6a6cb460dd6054') in 0.0275463 seconds
Number of updated asset objects reloaded before import = 0Number of asset objects unloaded after import = 20

========================================================================
Received Import Request.
  Time since last request: 0.000037 seconds.
  path: Assets/StylizedCharacter/Textures/Item/Weapon/T_Shield_Newbie_01_Cl_D.tga
  artifactKey: Guid(fe0274b483b046d3bf77bd22cd72b685) Importer(2089858483,192608db42251d675da83286b1cce702)
Start importing Assets/StylizedCharacter/Textures/Item/Weapon/T_Shield_Newbie_01_Cl_D.tga using Guid(fe0274b483b046d3bf77bd22cd72b685) Importer(2089858483,192608db42251d675da83286b1cce702) (ScriptedImporter) -> (artifact id: '461ce1436da52bd698066e8d922f559f') in 0.0548646 seconds
Number of updated asset objects reloaded before import = 0Number of asset objects unloaded after import = 1

========================================================================
Received Import Request.
  Time since last request: 0.000041 seconds.
  path: Assets/Kevin Iglesias/Characters/Humanoid Giant/Demo Scene/Models/ThrowingRockExample.fbx
  artifactKey: Guid(3aea19d119561984e9d6a457a2075a37) Importer(2089858483,192608db42251d675da83286b1cce702)
Start importing Assets/Kevin Iglesias/Characters/Humanoid Giant/Demo Scene/Models/ThrowingRockExample.fbx using Guid(3aea19d119561984e9d6a457a2075a37) Importer(2089858483,192608db42251d675da83286b1cce702) (ScriptedImporter) -> (artifact id: '78a495b3b7f8d5e08ffedf45923a243e') in 0.0383956 seconds
Number of updated asset objects reloaded before import = 0Number of asset objects unloaded after import = 7

========================================================================
Received Import Request.
  Time since last request: 0.000056 seconds.
  path: Assets/Kevin Iglesias/Characters/Humanoid Giant/Textures/Giant01_Flat/Giant01-Texture03_Flat.png
  artifactKey: Guid(7ef3356b31a285e4584999dd469ed81d) Importer(2089858483,192608db42251d675da83286b1cce702)
Start importing Assets/Kevin Iglesias/Characters/Humanoid Giant/Textures/Giant01_Flat/Giant01-Texture03_Flat.png using Guid(7ef3356b31a285e4584999dd469ed81d) Importer(2089858483,192608db42251d675da83286b1cce702) (ScriptedImporter) -> (artifact id: '75414c3e8229834b9ae91d331a8df775') in 0.0394459 seconds
Number of updated asset objects reloaded before import = 0Number of asset objects unloaded after import = 1

========================================================================
Received Import Request.
  Time since last request: 0.000032 seconds.
  path: Assets/DoubleL/One Hand Up/Movement/Walk/Base/OneHand_Up_Walk_F.fbx
  artifactKey: Guid(d22de05a8d1f7fb4c9750ac96596dc5e) Importer(2089858483,192608db42251d675da83286b1cce702)
Start importing Assets/DoubleL/One Hand Up/Movement/Walk/Base/OneHand_Up_Walk_F.fbx using Guid(d22de05a8d1f7fb4c9750ac96596dc5e) Importer(2089858483,192608db42251d675da83286b1cce702) (ScriptedImporter) -> (artifact id: '362c0d5b3b3aa501d5e3c3e89da1b0b1') in 0.06763 seconds
Number of updated asset objects reloaded before import = 0Number of asset objects unloaded after import = 146

========================================================================
Received Import Request.
  Time since last request: 0.000038 seconds.
  path: Assets/StylizedCharacter/Prefabs/Item/Weapon/Axe/Axe_1H_Newbie_01_Cl.prefab
  artifactKey: Guid(c3cba6e7ebd44afdb4da99bea79a2b18) Importer(2089858483,192608db42251d675da83286b1cce702)
Start importing Assets/StylizedCharacter/Prefabs/Item/Weapon/Axe/Axe_1H_Newbie_01_Cl.prefab using Guid(c3cba6e7ebd44afdb4da99bea79a2b18) Importer(2089858483,192608db42251d675da83286b1cce702) (ScriptedImporter) -> (artifact id: 'f6a5c08e90c673a38215d58511d1cafa') in 0.0721246 seconds
Number of updated asset objects reloaded before import = 0Number of asset objects unloaded after import = 17

========================================================================
Received Import Request.
  Time since last request: 0.000045 seconds.
  path: Assets/StylizedCharacter/Meshes/Item/Weapons/Dagger/SK_Dagger_1H_Newbie_02.fbx
  artifactKey: Guid(fc87cbc32666453aab31e4ab5c8e12d4) Importer(2089858483,192608db42251d675da83286b1cce702)
Start importing Assets/StylizedCharacter/Meshes/Item/Weapons/Dagger/SK_Dagger_1H_Newbie_02.fbx using Guid(fc87cbc32666453aab31e4ab5c8e12d4) Importer(2089858483,192608db42251d675da83286b1cce702) (ScriptedImporter) -> (artifact id: 'ab7ccf0b89906a11514d3ccddaa39589') in 0.0453392 seconds
Number of updated asset objects reloaded before import = 0Number of asset objects unloaded after import = 16

========================================================================
Received Import Request.
  Time since last request: 0.000034 seconds.
  path: Assets/StylizedCharacter/Prefabs/Item/Weapon/Bow/Bow_Newbie_01_Cl.prefab
  artifactKey: Guid(8a6e0fd9184f4a78b27e92ef5ef5bbe1) Importer(2089858483,192608db42251d675da83286b1cce702)
Start importing Assets/StylizedCharacter/Prefabs/Item/Weapon/Bow/Bow_Newbie_01_Cl.prefab using Guid(8a6e0fd9184f4a78b27e92ef5ef5bbe1) Importer(2089858483,192608db42251d675da83286b1cce702) (ScriptedImporter) -> (artifact id: 'ca81bac8d84777fe4e0a041ab935daee') in 0.0356545 seconds
Number of updated asset objects reloaded before import = 0Number of asset objects unloaded after import = 33

========================================================================
Received Import Request.
  Time since last request: 0.000034 seconds.
  path: Assets/StylizedCharacter/Meshes/Item/Weapons/Staff/SK_Staff_Newbie_03.fbx
  artifactKey: Guid(13f15d97bd864c2d9c471d9146f94629) Importer(2089858483,192608db42251d675da83286b1cce702)
Start importing Assets/StylizedCharacter/Meshes/Item/Weapons/Staff/SK_Staff_Newbie_03.fbx using Guid(13f15d97bd864c2d9c471d9146f94629) Importer(2089858483,192608db42251d675da83286b1cce702) (ScriptedImporter) -> (artifact id: '991329b0c7b6287b2450775a224cfbd5') in 0.0394586 seconds
Number of updated asset objects reloaded before import = 0Number of asset objects unloaded after import = 16

========================================================================
Received Import Request.
  Time since last request: 0.000044 seconds.
  path: Assets/StylizedCharacter/Prefabs/Item/Weapon/Bow/Bow_Newbie_03_Rd.prefab
  artifactKey: Guid(f7364d4663a34aa79fc145ad1ab2de38) Importer(2089858483,192608db42251d675da83286b1cce702)
Start importing Assets/StylizedCharacter/Prefabs/Item/Weapon/Bow/Bow_Newbie_03_Rd.prefab using Guid(f7364d4663a34aa79fc145ad1ab2de38) Importer(2089858483,192608db42251d675da83286b1cce702) (ScriptedImporter) -> (artifact id: '857b639bc221d4119d37b5cf7f32a306') in 0.0402143 seconds
Number of updated asset objects reloaded before import = 0Number of asset objects unloaded after import = 33

========================================================================
Received Import Request.
  Time since last request: 0.000062 seconds.
  path: Assets/StylizedCharacter/Prefabs/Item/Weapon/Shield/Shield_Newbie_02_Gn.prefab
  artifactKey: Guid(f92cdb6a1ccc4182afe3bf3ba1d1cf5a) Importer(2089858483,192608db42251d675da83286b1cce702)
Start importing Assets/StylizedCharacter/Prefabs/Item/Weapon/Shield/Shield_Newbie_02_Gn.prefab using Guid(f92cdb6a1ccc4182afe3bf3ba1d1cf5a) Importer(2089858483,192608db42251d675da83286b1cce702) (ScriptedImporter) -> (artifact id: 'aa12422de06c5c3216c15c2dde203034') in 0.0323314 seconds
Number of updated asset objects reloaded before import = 0Number of asset objects unloaded after import = 17

========================================================================
Received Import Request.
  Time since last request: 0.000035 seconds.
  path: Assets/StylizedCharacter/Prefabs/Item/Weapon/Shield/Shield_Newbie_02_Cl.prefab
  artifactKey: Guid(61ed8b78d5fd4f949606d93735288135) Importer(2089858483,192608db42251d675da83286b1cce702)
Start importing Assets/StylizedCharacter/Prefabs/Item/Weapon/Shield/Shield_Newbie_02_Cl.prefab using Guid(61ed8b78d5fd4f949606d93735288135) Importer(2089858483,192608db42251d675da83286b1cce702) (ScriptedImporter) -> (artifact id: 'b5b5dcf02a6b20997b1417bd1ecd0a87') in 0.0290197 seconds
Number of updated asset objects reloaded before import = 0Number of asset objects unloaded after import = 17

========================================================================
Received Import Request.
  Time since last request: 0.000045 seconds.
  path: Assets/StylizedCharacter/Prefabs/Item/Weapon/Dagger/Dagger_1H_Newbie_03_Bl.prefab
  artifactKey: Guid(66d8c89c378442a197fd0d2e00234cb0) Importer(2089858483,192608db42251d675da83286b1cce702)
Start importing Assets/StylizedCharacter/Prefabs/Item/Weapon/Dagger/Dagger_1H_Newbie_03_Bl.prefab using Guid(66d8c89c378442a197fd0d2e00234cb0) Importer(2089858483,192608db42251d675da83286b1cce702) (ScriptedImporter) -> (artifact id: '440034e861b51a5a63af525bc22e46a9') in 0.0258716 seconds
Number of updated asset objects reloaded before import = 0Number of asset objects unloaded after import = 17

========================================================================
Received Import Request.
  Time since last request: 0.000042 seconds.
  path: Assets/DoubleL/One Hand Up/Movement/Run/Base/InPlace/OneHand_Up_Run_B_InPlace.fbx
  artifactKey: Guid(d4931fb85eba28c4abfddb6deee61a3e) Importer(2089858483,192608db42251d675da83286b1cce702)
Start importing Assets/DoubleL/One Hand Up/Movement/Run/Base/InPlace/OneHand_Up_Run_B_InPlace.fbx using Guid(d4931fb85eba28c4abfddb6deee61a3e) Importer(2089858483,192608db42251d675da83286b1cce702) (ScriptedImporter) -> (artifact id: 'f6f1dd9cc50ef504fcc5066dbe886662') in 0.0536281 seconds
Number of updated asset objects reloaded before import = 0Number of asset objects unloaded after import = 146

========================================================================
Received Import Request.
  Time since last request: 0.000042 seconds.
  path: Assets/ASTROFISH_GAMES/MEDIEVAL_SERIES/MEDIEVAL_WELLS_PROPS/MVILLAGE_LEGACY/Foliage/Prfbs/Medieval_Foliage_Fern_SideSml_B.prefab
  artifactKey: Guid(b905c3c04fd22b644b88b35619703e88) Importer(2089858483,192608db42251d675da83286b1cce702)
Start importing Assets/ASTROFISH_GAMES/MEDIEVAL_SERIES/MEDIEVAL_WELLS_PROPS/MVILLAGE_LEGACY/Foliage/Prfbs/Medieval_Foliage_Fern_SideSml_B.prefab using Guid(b905c3c04fd22b644b88b35619703e88) Importer(2089858483,192608db42251d675da83286b1cce702) (ScriptedImporter) -> (artifact id: 'be80de58b40c4c6c01e94cf31b4d0ece') in 0.0335029 seconds
Number of updated asset objects reloaded before import = 0Number of asset objects unloaded after import = 6

========================================================================
Received Import Request.
  Time since last request: 0.000055 seconds.
  path: Assets/StylizedCharacter/Prefabs/Item/Weapon/Sword/Sword_1H_Newbie_01_Bl.prefab
  artifactKey: Guid(3b63dba4844d46ddb3fe826aa36be89d) Importer(2089858483,192608db42251d675da83286b1cce702)
Start importing Assets/StylizedCharacter/Prefabs/Item/Weapon/Sword/Sword_1H_Newbie_01_Bl.prefab using Guid(3b63dba4844d46ddb3fe826aa36be89d) Importer(2089858483,192608db42251d675da83286b1cce702) (ScriptedImporter) -> (artifact id: '75d6a999306778d1741b58c0719dfff3') in 0.0298197 seconds
Number of updated asset objects reloaded before import = 0Number of asset objects unloaded after import = 17

========================================================================
Received Import Request.
  Time since last request: 0.000110 seconds.
  path: Assets/StylizedCharacter/Prefabs/Item/Weapon/Staff/Staff_Newbie_04_Rd.prefab
  artifactKey: Guid(0b9fd383b2994246b77d4b9138b46089) Importer(2089858483,192608db42251d675da83286b1cce702)
Start importing Assets/StylizedCharacter/Prefabs/Item/Weapon/Staff/Staff_Newbie_04_Rd.prefab using Guid(0b9fd383b2994246b77d4b9138b46089) Importer(2089858483,192608db42251d675da83286b1cce702) (ScriptedImporter) -> (artifact id: 'b55f5ddaf6b76298b607767e06452af3') in 0.0263909 seconds
Number of updated asset objects reloaded before import = 0Number of asset objects unloaded after import = 17

========================================================================
Received Import Request.
  Time since last request: 0.000044 seconds.
  path: Assets/Kevin Iglesias/Characters/Humanoid Giant/Textures/Giant01/Texture02/Giant01_Texture02-AmbientOcclusion.png
  artifactKey: Guid(99c7292a74ad80c459e3fac7d8c00fd3) Importer(2089858483,192608db42251d675da83286b1cce702)
Start importing Assets/Kevin Iglesias/Characters/Humanoid Giant/Textures/Giant01/Texture02/Giant01_Texture02-AmbientOcclusion.png using Guid(99c7292a74ad80c459e3fac7d8c00fd3) Importer(2089858483,192608db42251d675da83286b1cce702) (ScriptedImporter) -> (artifact id: 'a28ed46174eccc3463ace2f05d07fa2b') in 0.0533757 seconds
Number of updated asset objects reloaded before import = 0Number of asset objects unloaded after import = 1

========================================================================
Received Import Request.
  Time since last request: 0.000062 seconds.
  path: Assets/DoubleL/One Hand Up/Movement/Run/Base/InPlace/OneHand_Up_Run_F_R90_A_InPlace.fbx
  artifactKey: Guid(626fda66d1318d34d8de2df99d1d271f) Importer(2089858483,192608db42251d675da83286b1cce702)
Start importing Assets/DoubleL/One Hand Up/Movement/Run/Base/InPlace/OneHand_Up_Run_F_R90_A_InPlace.fbx using Guid(626fda66d1318d34d8de2df99d1d271f) Importer(2089858483,192608db42251d675da83286b1cce702) (ScriptedImporter) -> (artifact id: 'd9c89625f76a367d43ba41894bd59eb8') in 0.0490923 seconds
Number of updated asset objects reloaded before import = 0Number of asset objects unloaded after import = 146

========================================================================
Received Import Request.
  Time since last request: 0.000034 seconds.
  path: Assets/DoubleL/One Hand Up/Movement/Walk/Base/InPlace/OneHand_Up_Walk_B_InPlace.fbx
  artifactKey: Guid(eacc42a42e4b1114690ed91a8928c836) Importer(2089858483,192608db42251d675da83286b1cce702)
Start importing Assets/DoubleL/One Hand Up/Movement/Walk/Base/InPlace/OneHand_Up_Walk_B_InPlace.fbx using Guid(eacc42a42e4b1114690ed91a8928c836) Importer(2089858483,192608db42251d675da83286b1cce702) (ScriptedImporter) -> (artifact id: 'c0241a9f444f5f81d2cfdd2dafad0097') in 0.0409957 seconds
Number of updated asset objects reloaded before import = 0Number of asset objects unloaded after import = 146

========================================================================
Received Import Request.
  Time since last request: 0.000041 seconds.
  path: Assets/Kevin Iglesias/Characters/Humanoid Giant/Materials/Giant01/Giant01_Texture01/Giant01_Texture01 Recolor02.mat
  artifactKey: Guid(bac034f735262b0469d4d47f27fb2759) Importer(2089858483,192608db42251d675da83286b1cce702)
Start importing Assets/Kevin Iglesias/Characters/Humanoid Giant/Materials/Giant01/Giant01_Texture01/Giant01_Texture01 Recolor02.mat using Guid(bac034f735262b0469d4d47f27fb2759) Importer(2089858483,192608db42251d675da83286b1cce702) (ScriptedImporter) -> (artifact id: '0d349ef3098edf214d7c5d63fa982ede') in 0.0808776 seconds
Number of updated asset objects reloaded before import = 0Number of asset objects unloaded after import = 5

========================================================================
Received Import Request.
  Time since last request: 0.000048 seconds.
  path: Assets/Kevin Iglesias/Characters/Humanoid Giant/Textures/Giant01/Texture02/Recolor/Giant01_Texture02-Recolor02.png
  artifactKey: Guid(a1151b6da60bf844c831f132ca19d951) Importer(2089858483,192608db42251d675da83286b1cce702)
Start importing Assets/Kevin Iglesias/Characters/Humanoid Giant/Textures/Giant01/Texture02/Recolor/Giant01_Texture02-Recolor02.png using Guid(a1151b6da60bf844c831f132ca19d951) Importer(2089858483,192608db42251d675da83286b1cce702) (ScriptedImporter) -> (artifact id: '415babc8e4ece8cb7714d55ca3d74bac') in 0.054238 seconds
Number of updated asset objects reloaded before import = 0Number of asset objects unloaded after import = 1

========================================================================
Received Import Request.
  Time since last request: 0.000045 seconds.
  path: Assets/Realistic Tree/Source/Materials/URP/Leaves/Ash/Ash_Leaves_1.mat
  artifactKey: Guid(4477e1a4280ef5448920085148e2bfc3) Importer(2089858483,192608db42251d675da83286b1cce702)
Start importing Assets/Realistic Tree/Source/Materials/URP/Leaves/Ash/Ash_Leaves_1.mat using Guid(4477e1a4280ef5448920085148e2bfc3) Importer(2089858483,192608db42251d675da83286b1cce702) (ScriptedImporter) -> (artifact id: 'df89e0e1f710806f187af5253b797f04') in 0.0450235 seconds
Number of updated asset objects reloaded before import = 0Number of asset objects unloaded after import = 7

========================================================================
Received Import Request.
  Time since last request: 0.000038 seconds.
  path: Assets/StylizedCharacter/Textures/Item/Weapon/T_Axe_Newbie_01_N.tga
  artifactKey: Guid(4896923d51f4464bbb2e2e830b1a3fde) Importer(2089858483,192608db42251d675da83286b1cce702)
Start importing Assets/StylizedCharacter/Textures/Item/Weapon/T_Axe_Newbie_01_N.tga using Guid(4896923d51f4464bbb2e2e830b1a3fde) Importer(2089858483,192608db42251d675da83286b1cce702) (ScriptedImporter) -> (artifact id: 'c26d1c332102ef137ef685ef1225a410') in 0.0447622 seconds
Number of updated asset objects reloaded before import = 0Number of asset objects unloaded after import = 1

========================================================================
Received Import Request.
  Time since last request: 0.000054 seconds.
  path: Assets/StylizedCharacter/Materials/Item/Weapon/M_Shield_Newbie_Cl.mat
  artifactKey: Guid(a63a5770e396448fb95134646966610a) Importer(2089858483,192608db42251d675da83286b1cce702)
Start importing Assets/StylizedCharacter/Materials/Item/Weapon/M_Shield_Newbie_Cl.mat using Guid(a63a5770e396448fb95134646966610a) Importer(2089858483,192608db42251d675da83286b1cce702) (ScriptedImporter) -> (artifact id: '06fb529b59eadc2650bb2b91962818dd') in 0.0405326 seconds
Number of updated asset objects reloaded before import = 0Number of asset objects unloaded after import = 4

========================================================================
Received Import Request.
  Time since last request: 0.000033 seconds.
  path: Assets/DoubleL/Demo/Anim/Ladder_Down_Start_InPlace.anim
  artifactKey: Guid(927a40d6e05a64348a7bc7899a8f9c69) Importer(2089858483,192608db42251d675da83286b1cce702)
Start importing Assets/DoubleL/Demo/Anim/Ladder_Down_Start_InPlace.anim using Guid(927a40d6e05a64348a7bc7899a8f9c69) Importer(2089858483,192608db42251d675da83286b1cce702) (ScriptedImporter) -> (artifact id: '215baaa7e093fdec468cdf8bf95596e0') in 0.0762295 seconds
Number of updated asset objects reloaded before import = 0Number of asset objects unloaded after import = 1

========================================================================
Received Import Request.
  Time since last request: 0.000040 seconds.
  path: Assets/DoubleL/Demo/Anim/Action_A_5_1.anim
  artifactKey: Guid(33ad7d7e32db77445ab263a99512d4a5) Importer(2089858483,192608db42251d675da83286b1cce702)
Start importing Assets/DoubleL/Demo/Anim/Action_A_5_1.anim using Guid(33ad7d7e32db77445ab263a99512d4a5) Importer(2089858483,192608db42251d675da83286b1cce702) (ScriptedImporter) -> (artifact id: '82316cf1ac34ae6a60579a3ce87b7851') in 0.0536329 seconds
Number of updated asset objects reloaded before import = 0Number of asset objects unloaded after import = 1

========================================================================
Received Import Request.
  Time since last request: 0.000051 seconds.
  path: Assets/ASTROFISH_GAMES/MEDIEVAL_SERIES/MEDIEVAL_WELLS_PROPS/PREFABS/Singles/MVillage_PortchRoof_01.prefab
  artifactKey: Guid(5f094bd35d35b334e8e53da4a4123e52) Importer(2089858483,3d70f49cd1c2eb9ae422958d1c652c6b)
Start importing Assets/ASTROFISH_GAMES/MEDIEVAL_SERIES/MEDIEVAL_WELLS_PROPS/PREFABS/Singles/MVillage_PortchRoof_01.prefab using Guid(5f094bd35d35b334e8e53da4a4123e52) Importer(2089858483,3d70f49cd1c2eb9ae422958d1c652c6b) (ScriptedImporter) -> (artifact id: '8b8b2c79370d408ee935fb2885cb485d') in 0.0311402 seconds
Number of updated asset objects reloaded before import = 0Number of asset objects unloaded after import = 47

========================================================================
Received Import Request.
  Time since last request: 0.000033 seconds.
  path: Assets/DoubleL/Demo/Anim/OneHand_Up_Attack_3.anim
  artifactKey: Guid(22da0a64774213d4b882630e6a68395f) Importer(2089858483,192608db42251d675da83286b1cce702)
Start importing Assets/DoubleL/Demo/Anim/OneHand_Up_Attack_3.anim using Guid(22da0a64774213d4b882630e6a68395f) Importer(2089858483,192608db42251d675da83286b1cce702) (ScriptedImporter) -> (artifact id: '8e2150ca00e3dc76c56e4f9cb675588d') in 0.0641663 seconds
Number of updated asset objects reloaded before import = 0Number of asset objects unloaded after import = 1

========================================================================
Received Import Request.
  Time since last request: 0.000041 seconds.
  path: Assets/DungeonModularPack/Meshes/Pillar_B.fbx
  artifactKey: Guid(f443bfdfeff987d4db7fceabcac33075) Importer(2089858483,192608db42251d675da83286b1cce702)
Start importing Assets/DungeonModularPack/Meshes/Pillar_B.fbx using Guid(f443bfdfeff987d4db7fceabcac33075) Importer(2089858483,192608db42251d675da83286b1cce702) (ScriptedImporter) -> (artifact id: 'e48a18deb19d0548efedea69f4fdd00b') in 0.0454865 seconds
Number of updated asset objects reloaded before import = 0Number of asset objects unloaded after import = 7

Editor requested this worker to shutdown with reason: balancing worker count downwards
AssetImportWorkerClient::OnTransportError - code=2 error=End of file
AssetImportWorker is now disconnected from the server
Process exiting
Exiting without the bug reporter. Application will terminate with return code 0